C127006031 4952521025 4999689849 C127016026 4952521025 4999689849 19-11-19 01:53:40 5 3 16
C127006031 9169127885 4996585960 C127016027 9169127885 4996585960 19-11-19 01:53:57 25 9 16
C127016018 4959818408 9025336802 C127004025 4959818408 9025336802 19-11-19 01:55:48 60 46 16
C127010015 9260620410 4994000400 C127021013 9260620410 4994000400 19-11-19 01:56:53 34 30 16
C127006031 9162799602 4996585960 C127016028 9162799602 4996585960 19-11-19 01:58:26 22 11 16
C127006031 9169131152 4996585960 C127016029 9169131152 4996585960 19-11-19 02:00:23 18 9 16
C127016019 4996580100 9858533882 C127004026 4996580100 9858533882 19-11-19 01:51:18 579 564 16
C127007031 9031988827 4957274233 C127019029 9031988827 4957274233 19-11-19 01:24:23 2221 2217 16
C127006031 9853433480 4957274233 C127016030 9853433480 4957274233 19-11-19 02:00:51 108 107 16
C127006031 4999516865 4996585960 C127016031 4999516865 4996585960 19-11-19 02:04:00 19 11 16
C127006031 4952521025 4999689849 C127016001 4952521025 4999689849 19-11-19 02:06:40 5 3 16
C127006031 9169750036 4957274233 C127016002 9169750036 4957274233 19-11-19 02:08:40 44 42 16
C127006031 4956600660 4996585960 C127016003 4956600660 4996585960 19-11-19 02:10:13 63 49 16
C127002013 9267217397 4957274233 C127012017 9267217397 4957274233 19-11-19 02:06:57 294 289 16
C127009015 9775692186 4994000400 C127021014 9775692186 4994000400 19-11-19 02:12:42 101 96 16
C127003017 9263548484 4957274233 C127012018 9263548484 4957274233 19-11-19 02:17:21 49 48 16
C127006031 4952521025 4999689849 C127016004 4952521025 4999689849 19-11-19 02:19:40 5 3 16
C127007030 9604021476 4957274233 C127019006 9604021476 4957274233 19-11-19 02:19:47 84 84 16
C127009029 4954553266 4994000400 C127021015 4954553266 4994000400 19-11-19 02:20:39 55 52 16
C127016017 4996580100 9248510867 C127004024 4996580100 9248510867 19-11-19 02:16:18 403 378 16
C127016015 4996580100 9145817545 C127004023 4996580100 9145817545 19-11-19 02:26:28 5 0 20
C127016014 4996580100 9145817545 C127004022 4996580100 9145817545 19-11-19 02:26:38 5 0 20
C127016012 4996580100 9991665600 C127004020 4996580100 9991665600 19-11-19 02:28:03 21 0 27
C127016011 4996580100 9991665600 C127004019 4996580100 9991665600 19-11-19 02:28:28 19 0 27
C127016013 4996580100 9858533882 C127004021 4996580100 9858533882 19-11-19 02:27:13 113 97 16
C127006031 9778784708 4957274233 C127016005 9778784708 4957274233 19-11-19 02:25:56 216 215 16
C127007031 9031988827 4957274233 C127019005 9031988827 4957274233 19-11-19 02:02:24 1732 1729 16
C127003015 9265813798 4957274233 C127012019 9265813798 4957274233 19-11-19 02:31:35 49 47 16
C127006031 4952521025 4999689849 C127016006 4952521025 4999689849 19-11-19 02:32:40 5 3 16
C127001018 4957516890 4957274233 C127012020 4957516890 4957274233 19-11-19 02:38:54 45 42 16
C127006031 4956600660 4996585960 C127016007 4956600660 4996585960 19-11-19 02:40:31 16 11 16
C127007030 9653458309 4999689191 C127019008 9653458309 4999689191 19-11-19 02:39:37 138 133 16
C127002024 4957530319 4957274233 C127012021 4957530319 4957274233 19-11-19 02:45:20 10 8 16
C127006030 4952521025 4999689849 C127016009 4952521025 4999689849 19-11-19 02:45:40 5 3 16
C127006031 9148516349 4996580010 C127016008 9148516349 4996580010 19-11-19 02:41:29 346 335 16
C127007031 9067497235 4957274233 C127019007 9067497235 4957274233 19-11-19 02:35:03 1084 1080 16
