C127006031 4952521025 4999689849 C127016030 4952521025 4999689849 19-11-19 04:53:40 5 3 16
C127006031 9858929511 4957274233 C127016031 9858929511 4957274233 19-11-19 04:56:33 23 18 16
C127006030 9162799602 4996585960 C127016001 9162799602 4996585960 19-11-19 04:56:57 28 7 16
C127006031 9162799602 4996585960 C127016002 9162799602 4996585960 19-11-19 04:57:31 27 12 16
C127006031 4952521025 4999689849 C127016003 4952521025 4999689849 19-11-19 05:06:40 5 3 16
C127003009 4955891722 4996585960 C127012026 4955891722 4996585960 19-11-19 05:09:03 19 9 16
C127007031 9637110705 4957274233 C127019014 9637110705 4957274233 19-11-19 05:07:12 168 163 16
C127006031 4952521025 4999689849 C127016004 4952521025 4999689849 19-11-19 05:19:40 5 3 16
C127007030 9629154897 4957274233 C127019017 9629154897 4957274233 19-11-19 05:17:18 260 256 16
C127020019 4999689423 84951622517 C127008022 4999689423 84951622517 19-11-19 05:21:44 20 14 16
C127009005 9250221420 4956004213 C127021019 9250221420 4956004213 19-11-19 05:23:02 68 38 16
C127006031 4999516865 4996585960 C127016005 4999516865 4996585960 19-11-19 05:24:08 26 14 16
C127006031 9854150188 4996585960 C127016007 9854150188 4996585960 19-11-19 05:24:35 13 9 16
C127007030 9261724099 4957274233 C127019018 9261724099 4957274233 19-11-19 05:23:29 125 122 16
C127007031 9652340155 4957274233 C127019015 9652340155 4957274233 19-11-19 05:16:10 575 573 16
C127006029 9169127885 4996585960 C127016009 9169127885 4996585960 19-11-19 05:29:07 17 9 16
C127006031 9771169007 4957274233 C127016008 9771169007 4957274233 19-11-19 05:28:00 120 118 16
C127006030 9143174945 4996580100 C127016006 9143174945 4996580100 19-11-19 05:24:23 337 332 16
C127006031 4952521025 4999689849 C127016010 4952521025 4999689849 19-11-19 05:32:40 5 3 16
C127006031 4952521025 4999689849 C127016011 4952521025 4999689849 19-11-19 05:45:40 5 3 16
C127001014 4956744076 4957274233 C127012027 4956744076 4957274233 19-11-19 05:43:07 161 156 16
C127016002 4999689519 9142817886 C127004009 4999689519 9142817886 19-11-19 05:47:23 5 0 20
C127016001 4999689519 9142817886 C127004008 4999689519 9142817886 19-11-19 05:47:33 5 0 20
