C127006030 4952521025 4999689849 C127016008 4952521025 4999689849 19-11-19 07:53:40 5 3 16
C127006031 9152531986 4996585960 C127016007 9152531986 4996585960 19-11-19 07:53:33 27 8 16
C127006031 9175712447 4996585960 C127016009 9175712447 4996585960 19-11-19 07:54:02 22 13 16
C127006030 9152531986 4996585960 C127016010 9152531986 4996585960 19-11-19 07:54:21 3 0 21
C127006031 9152531986 4996585960 C127016011 9152531986 4996585960 19-11-19 07:54:30 17 12 16
C127012031 4999689423 4959247500 C127000031 4999689423 4959247500 19-11-19 07:54:20 74 71 16
C127003031 4958703063 4996585960 C127012004 4958703063 4996585960 19-11-19 07:55:57 7 0 21
C127001024 4991286665 4996585960 C127012003 4991286665 4996585960 19-11-19 07:55:54 21 11 16
C127002007 4958703063 4996585960 C127012005 4958703063 4996585960 19-11-19 07:56:17 23 7 16
C127021028 4956004245 4959932020 C127009029 4956004245 4959932020 19-11-19 07:55:55 51 45 16
C127009019 9161866931 4956004245 C127021029 9161866931 4956004245 19-11-19 07:55:51 55 44 16
C127000007 4959533994 4996585960 C127012008 4959533994 4996585960 19-11-19 07:57:00 4 0 21
C127002020 4958703063 4996585960 C127012007 4958703063 4996585960 19-11-19 07:56:51 18 15 16
C127016018 4959818408 1077213931288 C127004026 4959818408 1077213931288 19-11-19 07:56:27 44 0 16
C127016019 4996580010 9148658448 C127004027 4996580010 9148658448 19-11-19 07:54:28 169 152 16
C127021030 4956004248 4957301555 C127009030 4956004248 4957301555 19-11-19 07:55:38 100 99 16
C127021031 4957274242 9166608711 C127009031 4957274242 9166608711 19-11-19 07:53:53 229 204 16
C127021030 4956004400 9267206358 C127009030 4956004400 9267206358 19-11-19 07:57:18 31 12 16
C127002026 4959532894 4996585960 C127012009 4959532894 4996585960 19-11-19 07:57:53 6 0 21
C127006031 9104121423 4996585960 C127016012 9104121423 4996585960 19-11-19 07:57:53 20 4 16
C127021031 4956004400 9267847051 C127009031 4956004400 9267847051 19-11-19 07:58:08 23 0 16
C127006031 9104121423 4996585960 C127016013 9104121423 4996585960 19-11-19 07:58:17 14 12 16
C127007031 9037482230 4996585873 C127019024 9037482230 4996585873 19-11-19 07:58:54 2 0 21
C127021029 4995047866 9096350259 C127009029 4995047866 9096350259 19-11-19 07:56:48 134 107 16
C127006031 9169269721 4996585960 C127016014 9169269721 4996585960 19-11-19 07:58:40 27 12 16
C127007031 9037482230 4996585873 C127019025 9037482230 4996585873 19-11-19 07:59:06 3 0 21
C127002023 4991292759 4996585960 C127012010 4991292759 4996585960 19-11-19 07:59:22 15 12 16
C127012031 4999689668 4999728499 C127000031 4999689668 4999728499 19-11-19 07:57:30 143 141 16
C127006029 9012216842 4957274282 C127016018 9012216842 4957274282 19-11-19 07:59:48 5 0 21
C127010029 9031306303 4995599881 C127021031 9031306303 4995599881 19-11-19 07:59:37 21 11 16
C127006031 9163528491 4996585960 C127016017 9163528491 4996585960 19-11-19 07:59:48 16 13 16
C127021030 4956004400 1077172488252 C127009030 4956004400 1077172488252 19-11-19 07:58:12 120 106 16
C127006031 9152528872 4996585960 C127016019 9152528872 4996585960 19-11-19 08:00:10 26 12 16
C127006030 9852006834 4957274233 C127016015 9852006834 4957274233 19-11-19 07:58:54 110 106 16
C127001016 4959533994 4996585960 C127012011 4959533994 4996585960 19-11-19 08:01:01 16 11 16
C127006030 9154912962 4996585960 C127016021 9154912962 4996585960 19-11-19 08:01:35 3 0 21
C127006030 9154912962 4996585960 C127016023 9154912962 4996585960 19-11-19 08:01:44 5 0 21
C127021031 4999689933 9055991828 C127009031 4999689933 9055991828 19-11-19 08:00:33 83 75 16
C127021030 4999689933 9057848916 C127009030 4999689933 9057848916 19-11-19 08:00:53 64 38 16
C127006030 9154912962 4996585960 C127016024 9154912962 4996585960 19-11-19 08:01:55 4 0 21
C127006031 9160954514 4996585960 C127016020 9160954514 4996585960 19-11-19 08:01:35 38 24 16
C127020018 4999689668 84999728499 C127008021 4999689668 84999728499 19-11-19 08:02:05 42 41 16
C127006031 9104103365 4996585960 C127016025 9104103365 4996585960 19-11-19 08:02:35 22 14 16
C127009003 9774989741 4956004348 C127021001 9774989741 4956004348 19-11-19 08:02:54 4 0 21
C127010027 9774989741 4956004348 C127021002 9774989741 4956004348 19-11-19 08:02:59 5 0 21
C127007031 9037482230 4996585873 C127019026 9037482230 4996585873 19-11-19 08:03:25 4 0 21
C127001023 4132639244 4996580010 C127012012 4132639244 4996580010 19-11-19 08:02:55 97 87 16
C127016013 4999689668 4953336250 C127004024 4999689668 4953336250 19-11-19 08:03:47 59 43 16
C127016012 4999689668 4953660011 C127004023 4999689668 4953660011 19-11-19 08:05:14 36 26 16
C127001009 9268053343 4957274233 C127012006 9268053343 4957274233 19-11-19 07:56:40 554 551 16
C127010031 7723476546 4956004253 C127021003 7723476546 4956004253 19-11-19 08:03:45 138 135 16
C127006031 4952521025 4999689849 C127016026 4952521025 4999689849 19-11-19 08:06:40 5 3 16
C127016011 4999689668 4953214588 C127004022 4999689668 4953214588 19-11-19 08:06:15 37 29 16
C127001017 4954251811 4996585960 C127012013 4954251811 4996585960 19-11-19 08:06:45 21 16 16
C127010011 9031605456 4956004381 C127021005 9031605456 4956004381 19-11-19 08:08:13 8 0 16
C127006031 9154912962 4996585960 C127016027 9154912962 4996585960 19-11-19 08:08:05 22 11 16
C127021031 4956004381 9637729707 C127009031 4956004381 9637729707 19-11-19 08:08:48 8 0 17
C127003030 4951236363 4957274242 C127012015 4951236363 4957274242 19-11-19 08:09:25 31 29 16
C127016014 4996580100 9206673144 C127004025 4996580100 9206673144 19-11-19 07:59:53 633 609 16
C127012031 4959818424 4955879609 C127000031 4959818424 4955879609 19-11-19 08:10:19 40 37 16
C127002027 9265301516 4957274233 C127012014 9265301516 4957274233 19-11-19 08:08:32 173 167 16
C127006031 9167584638 4996585960 C127016028 9167584638 4996585960 19-11-19 08:11:14 28 13 16
C127006030 9150923570 4996585960 C127016030 9150923570 4996585960 19-11-19 08:11:58 5 0 21
C127006028 9859154164 4996585960 C127016031 9859154164 4996585960 19-11-19 08:12:00 4 0 21
C127006031 4999516865 4996585960 C127016029 4999516865 4996585960 19-11-19 08:11:51 26 22 16
C127006030 9859154164 4996585960 C127016001 9859154164 4996585960 19-11-19 08:12:13 6 0 21
C127016010 4999689423 9266534868 C127004021 4999689423 9266534868 19-11-19 08:09:58 149 128 16
C127006030 9150923570 4996585960 C127016003 9150923570 4996585960 19-11-19 08:12:41 3 0 21
C127006031 9859154164 4996585960 C127016002 9859154164 4996585960 19-11-19 08:12:27 21 14 16
C127010025 4952254044 4996585960 C127021006 4952254044 4996585960 19-11-19 08:12:43 6 0 21
C127009013 4959952206 4956004333 C127021007 4959952206 4956004333 19-11-19 08:12:47 16 9 16
C127021030 4956004333 4997531364 C127009030 4956004333 4997531364 19-11-19 08:12:52 12 11 16
C127006030 9175712493 4996585960 C127016005 9175712493 4996585960 19-11-19 08:12:59 5 0 21
C127002029 4957593046 4957274233 C127012017 4957593046 4957274233 19-11-19 08:09:51 194 192 16
C127006031 9169137553 4996585960 C127016004 9169137553 4996585960 19-11-19 08:12:51 20 13 16
C127006031 9150923570 4996585960 C127016006 9150923570 4996585960 19-11-19 08:13:19 5 0 21
C127006031 9162971408 4996587609 C127016007 9162971408 4996587609 19-11-19 08:13:27 7 0 21
C127002022 4991287752 4996585960 C127012018 4991287752 4996585960 19-11-19 08:13:11 29 15 16
C127006030 9150923570 4996585960 C127016010 9150923570 4996585960 19-11-19 08:13:58 4 0 21
C127009001 4952254044 4996585960 C127021008 4952254044 4996585960 19-11-19 08:13:59 4 0 21
C127006028 9162971408 4996587609 C127016011 9162971408 4996587609 19-11-19 08:14:00 3 0 21
C127006031 9175712493 4996585960 C127016008 9175712493 4996585960 19-11-19 08:13:49 20 14 16
C127006031 9150923570 4996585960 C127016012 9150923570 4996585960 19-11-19 08:14:10 25 15 16
C127021030 4957835701 9265769030 C127009030 4957835701 9265769030 19-11-19 08:14:03 40 29 16
C127021031 4996580058 9859564071 C127009031 4996580058 9859564071 19-11-19 08:12:13 159 139 16
C127010007 9031306303 4995599881 C127021009 9031306303 4995599881 19-11-19 08:14:39 22 11 16
C127008021 89025672289 4959818484 C127020024 89025672289 4959818484 19-11-19 08:15:17 18 13 16
C127009023 9055991643 4995044065 C127021010 9055991643 4995044065 19-11-19 08:14:45 67 65 16
C127006030 9169372844 4996585960 C127016014 9169372844 4996585960 19-11-19 08:16:13 25 18 16
C127009009 9631890141 4995599999 C127021011 9631890141 4995599999 19-11-19 08:16:27 26 23 16
C127006031 9856832515 4959842141 C127016013 9856832515 4959842141 19-11-19 08:15:56 62 0 19
C127010021 4959952206 4956004333 C127021012 4959952206 4956004333 19-11-19 08:17:01 6 0 16
C127020017 4999689423 84997774103 C127008020 4999689423 84997774103 19-11-19 08:17:35 5 0 1
C127008009 89293097646 4999689423 C127020025 89293097646 4999689423 19-11-19 08:16:28 73 69 16
C127009017 4956180117 4956004400 C127021004 4956180117 4956004400 19-11-19 08:07:34 616 596 16
C127006029 4954076556 4999689101 C127016022 4954076556 4999689101 19-11-19 08:01:35 1036 1030 16
C127016009 4999689423 9950921767 C127004020 4999689423 9950921767 19-11-19 08:12:28 384 371 16
C127016006 4999689174 9031544132 C127004017 4999689174 9031544132 19-11-19 08:18:33 43 32 16
C127016008 4999689423 4957774103 C127004019 4999689423 4957774103 19-11-19 08:17:55 83 82 16
C127009025 4959952206 4956004333 C127021013 4959952206 4956004333 19-11-19 08:18:42 38 26 16
C127021031 4956004333 4997531364 C127009031 4956004333 4997531364 19-11-19 08:18:53 28 27 16
C127010003 4952254044 4996585960 C127021014 4952254044 4996585960 19-11-19 08:19:04 31 13 16
C127016007 4999689423 9539103813 C127004018 4999689423 9539103813 19-11-19 08:18:13 91 73 16
C127006031 4952521025 4999689849 C127016015 4952521025 4999689849 19-11-19 08:19:39 6 2 16
C127007031 9067905600 4996582563 C127019027 9067905600 4996582563 19-11-19 08:20:20 4 0 21
C127007031 9067905600 4996582563 C127019028 9067905600 4996582563 19-11-19 08:20:26 3 0 21
C127007031 9067905600 4996582563 C127019029 9067905600 4996582563 19-11-19 08:20:31 3 0 21
C127007031 79067905447 4996582563 C127019030 79067905447 4996582563 19-11-19 08:20:36 3 0 21
C127007031 79067905465 4996582563 C127019031 79067905465 4996582563 19-11-19 08:20:48 2 0 31
C127006031 9637167839 4957863652 C127016017 9637167839 4957863652 19-11-19 08:21:48 6 0 21
C127006031 9637167839 4957863652 C127016018 9637167839 4957863652 19-11-19 08:21:56 3 0 21
C127000018 9017314083 4957863652 C127012020 9017314083 4957863652 19-11-19 08:22:01 3 0 21
C127006031 9850527202 4957396201 C127016019 9850527202 4957396201 19-11-19 08:22:06 16 15 16
C127012031 4959818484 4959143053 C127000031 4959818484 4959143053 19-11-19 08:23:00 1 0 16
C127007031 9643406956 4996585577 C127019001 9643406956 4996585577 19-11-19 08:23:37 6 0 28
C127006030 9222321505 4957396201 C127016021 9222321505 4957396201 19-11-19 08:23:46 3 1 16
C127006031 9152528797 4996585960 C127016020 9152528797 4996585960 19-11-19 08:23:27 25 4 16
C127021030 4956004400 9031610288 C127009030 4956004400 9031610288 19-11-19 08:23:28 42 24 16
C127010015 9998293948 4956004400 C127021015 9998293948 4956004400 19-11-19 08:22:13 118 103 16
C127002011 4991649519 4999689102 C127012019 4991649519 4999689102 19-11-19 08:16:55 481 470 16
C127009015 9264346804 4956004211 C127021017 9264346804 4956004211 19-11-19 08:23:00 117 110 16
C127006029 9152528797 4996585960 C127016024 9152528797 4996585960 19-11-19 08:25:38 6 0 21
C127016005 4959818408 10380995288597 C127004015 4959818408 10380995288597 19-11-19 08:20:17 329 307 16
C127006030 9168000513 4996585960 C127016023 9168000513 4996585960 19-11-19 08:25:36 18 14 16
C127003026 4992020928 4957274233 C127012021 4992020928 4957274233 19-11-19 08:24:38 90 88 16
C127010017 9631890141 4995599999 C127021019 9631890141 4995599999 19-11-19 08:26:07 9 1 16
C127016004 4959818484 4959143053 C127004014 4959818484 4959143053 19-11-19 08:23:15 201 195 16
C127007031 4952367276 4999689191 C127019002 4952367276 4999689191 19-11-19 08:25:56 46 45 16
C127006030 9857946361 4996585960 C127016025 9857946361 4996585960 19-11-19 08:26:22 24 15 16
C127006030 9167592124 4996585960 C127016027 9167592124 4996585960 19-11-19 08:27:00 2 0 16
C127021030 4956004381 4957029449 C127009030 4956004381 4957029449 19-11-19 08:24:43 144 138 16
C127020015 4956004404 84957872997 C127008019 4956004404 84957872997 19-11-19 08:25:35 97 96 16
C127008020 89266551681 4959842106 C127020026 89266551681 4959842106 19-11-19 08:27:06 37 36 16
C127009011 9263951260 4956004211 C127021018 9263951260 4956004211 19-11-19 08:24:37 212 208 16
C127021030 4957396201 9055990996 C127009030 4957396201 9055990996 19-11-19 08:27:58 36 14 16
C127006029 4993710565 4996582440 C127016026 4993710565 4996582440 19-11-19 08:26:40 119 109 16
C127006030 9996744775 4999689338 C127016028 9996744775 4999689338 19-11-19 08:27:40 75 73 16
C127007031 4952367276 4999689191 C127019003 4952367276 4999689191 19-11-19 08:27:09 118 115 16
C127006029 9152539177 4996585960 C127016029 9152539177 4996585960 19-11-19 08:28:53 20 13 16
C127006031 9779909252 4957274233 C127016022 9779909252 4957274233 19-11-19 08:24:12 304 298 16
C127003010 9299758428 4957274233 C127012022 9299758428 4957274233 19-11-19 08:29:55 45 42 16
C127006031 9167592124 4996585960 C127016030 9167592124 4996585960 19-11-19 08:30:13 28 8 16
C127006030 9152539718 4996585960 C127016001 9152539718 4996585960 19-11-19 08:30:55 4 0 21
C127006030 9152536769 4996585960 C127016002 9152536769 4996585960 19-11-19 08:31:02 7 0 21
C127006030 9152536769 4996585960 C127016003 9152536769 4996585960 19-11-19 08:31:15 4 0 21
C127006029 9152539718 4996585960 C127016004 9152539718 4996585960 19-11-19 08:31:17 7 0 16
C127006031 9167592124 4996585960 C127016031 9167592124 4996585960 19-11-19 08:30:50 50 46 16
C127009005 9055991643 4995044065 C127021020 9055991643 4995044065 19-11-19 08:30:45 93 90 16
C127006031 4952521025 4999689849 C127016005 4952521025 4999689849 19-11-19 08:32:40 5 2 16
C127006030 9167579195 4996585960 C127016006 9167579195 4996585960 19-11-19 08:32:46 16 12 16
C127021031 4995047807 9096350259 C127009031 4995047807 9096350259 19-11-19 08:20:08 843 832 16
C127006031 9168205705 4957274233 C127016007 9168205705 4957274233 19-11-19 08:34:19 29 25 16
C127021031 4999689933 9265441787 C127009031 4999689933 9265441787 19-11-19 08:34:28 32 0 31
C127002004 4999728499 4999689668 C127012023 4999728499 4999689668 19-11-19 08:33:25 145 142 16
C127021030 4956004400 4957772345 C127009030 4956004400 4957772345 19-11-19 08:35:13 42 39 16
C127006031 9199594010 4957274205 C127016008 9199594010 4957274205 19-11-19 08:35:28 43 0 16
C127006031 4996812866 4996585148 C127016009 4996812866 4996585148 19-11-19 08:36:15 4 0 21
C127007030 4996812866 4996585148 C127019005 4996812866 4996585148 19-11-19 08:36:21 3 0 21
C127007031 9651815358 4959818484 C127019004 9651815358 4959818484 19-11-19 08:35:30 58 55 16
C127016003 4959818484 4959565555 C127004013 4959818484 4959565555 19-11-19 08:34:27 137 135 16
C127021029 4999689933 9255058325 C127009029 4999689933 9255058325 19-11-19 08:35:28 94 82 16
C127021031 4999689933 9265441787 C127009031 4999689933 9265441787 19-11-19 08:35:03 120 109 16
C127007031 3412949856 4959818484 C127019006 3412949856 4959818484 19-11-19 08:36:50 40 38 16
C127003028 77272735494 4959818484 C127012024 77272735494 4959818484 19-11-19 08:36:48 48 45 16
C127006031 9152528797 4996585960 C127016010 9152528797 4996585960 19-11-19 08:37:24 23 13 16
C127010001 9035030500 4995599910 C127021021 9035030500 4995599910 19-11-19 08:33:28 270 265 16
C127006031 4996813160 4996585148 C127016011 4996813160 4996585148 19-11-19 08:38:55 4 0 21
C127007031 4996813160 4996585148 C127019007 4996813160 4996585148 19-11-19 08:39:00 3 0 21
C127006030 9263306828 4959842112 C127016012 9263306828 4959842112 19-11-19 08:38:56 19 0 16
C127021031 4957396201 9035991086 C127009031 4957396201 9035991086 19-11-19 08:40:38 29 18 16
C127008019 89584973577 4959818484 C127020027 89584973577 4959818484 19-11-19 08:41:12 5 5 16
C127021030 4957274242 4963177328 C127009030 4957274242 4963177328 19-11-19 08:40:58 21 0 16
C127009021 9035030500 4995599910 C127021022 9035030500 4995599910 19-11-19 08:39:48 107 103 16
C127021031 4999689933 9265441787 C127009031 4999689933 9265441787 19-11-19 08:41:13 43 0 31
C127000006 4991831956 4999689102 C127012025 4991831956 4999689102 19-11-19 08:38:58 185 176 16
C127006029 3463238643 4959818484 C127016015 3463238643 4959818484 19-11-19 08:41:56 11 9 16
C127006030 9150743227 4996585960 C127016014 9150743227 4996585960 19-11-19 08:41:39 30 13 16
C127021031 4999689933 9265441787 C127009031 4999689933 9265441787 19-11-19 08:42:03 7 0 16
C127016002 4957274242 4983177328 C127004012 4957274242 4983177328 19-11-19 08:41:59 31 24 16
C127012031 4999689174 4956965283 C127000031 4999689174 4956965283 19-11-19 08:42:20 22 0 16
C127010019 9035030500 4995599910 C127021024 9035030500 4995599910 19-11-19 08:41:47 89 83 16
C127020014 4999689174 84956965205 C127008018 4999689174 84956965205 19-11-19 08:43:00 31 0 16
C127006030 9152536769 4996585960 C127016017 9152536769 4996585960 19-11-19 08:43:32 26 7 16
C127020013 4957274242 84983164686 C127008017 4957274242 84983164686 19-11-19 08:43:30 42 27 16
C127010009 9323231310 4996582919 C127021025 9323231310 4996582919 19-11-19 08:42:31 111 105 16
C127006030 9152536769 4996585960 C127016018 9152536769 4996585960 19-11-19 08:44:03 25 5 16
C127007031 9055006031 4957274233 C127019008 9055006031 4957274233 19-11-19 08:42:21 132 130 16
C127021031 4995599985 4953846703 C127009031 4995599985 4953846703 19-11-19 08:43:38 58 45 16
C127007030 9265292113 4959818525 C127019009 9265292113 4959818525 19-11-19 08:43:32 67 33 16
C127001012 77272735494 4959818484 C127012026 77272735494 4959818484 19-11-19 08:39:47 298 297 16
C127021030 4999689933 9015816248 C127009030 4999689933 9015816248 19-11-19 08:43:43 76 66 16
C127021029 4999689933 9511593058 C127009029 4999689933 9511593058 19-11-19 08:44:03 56 0 16
C127006029 4952521025 4999689849 C127016020 4952521025 4999689849 19-11-19 08:45:39 4 3 16
C127007031 9104128995 4999689757 C127019010 9104128995 4999689757 19-11-19 08:45:30 16 13 16
C127021027 4957274242 9295607491 C127009027 4957274242 9295607491 19-11-19 08:44:28 84 76 16
C127000021 77272735494 4959818484 C127012027 77272735494 4959818484 19-11-19 08:45:03 53 50 16
C127021031 4999689668 9266394403 C127009031 4999689668 9266394403 19-11-19 08:45:23 34 0 16
C127021026 4999689933 9160701838 C127009026 4999689933 9160701838 19-11-19 08:44:33 100 0 19
C127006029 9999200690 4999689423 C127016021 9999200690 4999689423 19-11-19 08:46:11 6 4 16
C127021028 4999689933 9265441787 C127009028 4999689933 9265441787 19-11-19 08:44:13 127 117 16
C127021029 4999689933 9160701838 C127009029 4999689933 9160701838 19-11-19 08:46:16 4 0 16
C127006030 9375628070 4957394772 C127016019 9375628070 4957394772 19-11-19 08:45:06 77 0 16
C127007031 9266394403 4999689668 C127019011 9266394403 4999689668 19-11-19 08:46:19 6 2 16
C127006028 9152539403 4996585960 C127016022 9152539403 4996585960 19-11-19 08:46:15 27 9 16
C127012030 4999689210 4957887930 C127000030 4999689210 4957887930 19-11-19 08:46:14 32 0 19
C127012031 4959818484 4959565555 C127000031 4959818484 4959565555 19-11-19 08:44:25 147 144 16
C127012029 4999689174 4956965776 C127000029 4999689174 4956965776 19-11-19 08:46:34 35 0 16
C127001003 9250680259 4957274233 C127012028 9250680259 4957274233 19-11-19 08:47:17 11 10 16
C127009007 4997952582 4994009903 C127021026 4997952582 4994009903 19-11-19 08:47:17 13 8 16
C127021030 4999689933 9015816248 C127009030 4999689933 9015816248 19-11-19 08:45:43 127 116 16
C127021031 4999689933 9065326798 C127009031 4999689933 9065326798 19-11-19 08:46:03 107 87 16
C127006029 9859124492 4996585960 C127016024 9859124492 4996585960 19-11-19 08:47:23 31 23 16
C127021027 4959842101 9163411258 C127009027 4959842101 9163411258 19-11-19 08:47:18 44 0 16
C127016001 4996585858 9885392828 C127004011 4996585858 9885392828 19-11-19 08:47:38 30 0 16
C127021028 4999689933 9037234595 C127009028 4999689933 9037234595 19-11-19 08:46:58 79 51 16
C127021029 4999689933 9067219767 C127009029 4999689933 9067219767 19-11-19 08:46:31 107 91 16
C127006031 9165492953 4957274233 C127016013 9165492953 4957274233 19-11-19 08:39:52 522 521 16
C127006030 9199594010 4957274280 C127016023 9199594010 4957274280 19-11-19 08:47:22 75 74 16
C127006029 9152539403 4996585960 C127016025 9152539403 4996585960 19-11-19 08:48:26 22 5 16
C127012031 4999689210 4957887930 C127000031 4999689210 4957887930 19-11-19 08:47:05 113 104 16
C127021031 4956004400 4957772345 C127009031 4956004400 4957772345 19-11-19 08:48:38 23 20 16
C127016030 4996585858 9246263113 C127004009 4996585858 9246263113 19-11-19 08:49:03 23 12 16
C127006031 9154911805 4996585960 C127016026 9154911805 4996585960 19-11-19 08:49:51 17 13 16
C127016029 4959842101 4953463385 C127004008 4959842101 4953463385 19-11-19 08:49:20 82 75 16
C127006030 8314206193 4996580050 C127016030 8314206193 4996580050 19-11-19 08:50:06 45 0 16
C127021031 4956004213 4992627944 C127009031 4956004213 4992627944 19-11-19 08:50:18 35 0 16
C127016031 4999689423 9991659619 C127004010 4999689423 9991659619 19-11-19 08:48:38 141 128 16
C127006028 9152536769 4996585960 C127016003 9152536769 4996585960 19-11-19 08:51:30 25 7 16
C127001031 4956372649 4996585960 C127012002 4956372649 4996585960 19-11-19 08:52:03 2 0 21
C127016026 4999689423 9037750327 C127004005 4999689423 9037750327 19-11-19 08:51:08 60 46 16
C127006027 9152539718 4996585960 C127016005 9152539718 4996585960 19-11-19 08:52:10 4 0 21
C127006028 9152539403 4996585960 C127016004 9152539403 4996585960 19-11-19 08:51:59 26 16 16
C127021029 4957396201 9055991006 C127009029 4957396201 9055991006 19-11-19 08:52:05 34 16 16
C127016025 4996585858 9622046979 C127004004 4996585858 9622046979 19-11-19 08:52:01 39 0 16
C127001005 4956372649 4996585960 C127012003 4956372649 4996585960 19-11-19 08:52:33 30 17 16
C127010023 9031050823 4994000400 C127021023 9031050823 4994000400 19-11-19 08:41:00 731 728 16
C127002012 4999728499 4999689668 C127012001 4999728499 4999689668 19-11-19 08:51:58 77 76 16
C127006028 3832091666 4959818484 C127016006 3832091666 4959818484 19-11-19 08:53:04 12 8 16
C127021030 4999689933 9015816248 C127009030 4999689933 9015816248 19-11-19 08:50:43 159 150 16
C127006031 9101622727 4957274233 C127016031 9101622727 4957274233 19-11-19 08:51:16 127 125 16
C127021031 4999689933 9104502027 C127009031 4999689933 9104502027 19-11-19 08:51:03 140 122 16
C127016023 4996585858 9622046979 C127004002 4996585858 9622046979 19-11-19 08:52:58 31 0 16
C127002003 9100019400 4957274233 C127012031 9100019400 4957274233 19-11-19 08:50:49 164 160 16
