C127007030 9031988827 4957274233 C127019026 9031988827 4957274233 19-11-19 00:48:16 338 337 16
C127006030 9858428300 4957274233 C127016009 9858428300 4957274233 19-11-19 00:53:19 48 45 16
C127006029 4952521025 4999689849 C127016010 4952521025 4999689849 19-11-19 00:53:40 35 33 21
C127009001 9252377017 4994000400 C127021006 9252377017 4994000400 19-11-19 00:55:31 50 49 16
C127010007 9777178283 4994000400 C127021009 9777178283 4994000400 19-11-19 00:56:53 37 36 16
C127006030 9166238977 4957274233 C127016011 9166238977 4957274233 19-11-19 00:56:54 43 40 16
C127009023 4957148531 4994009903 C127021008 4957148531 4994009903 19-11-19 00:56:15 143 141 16
C127009009 9251317781 4956004213 C127021007 9251317781 4956004213 19-11-19 00:56:10 155 146 16
C127007029 9254606929 4999689423 C127019028 9254606929 4999689423 19-11-19 00:59:25 0 0 16
C127006031 9152892511 4957274233 C127016006 9152892511 4957274233 19-11-19 00:37:57 1292 1287 16
C127007031 9642390639 4959842113 C127019023 9642390639 4959842113 19-11-19 00:39:06 1225 1219 16
C127010021 9295121636 4994000400 C127021010 9295121636 4994000400 19-11-19 00:59:57 55 50 16
C127006031 4952521025 4999689849 C127016012 4952521025 4999689849 19-11-19 01:03:40 5 3 16
C127006031 9772592509 4957274233 C127016013 9772592509 4957274233 19-11-19 01:05:20 39 37 16
C127007030 9031887836 4957274233 C127019027 9031887836 4957274233 19-11-19 00:57:55 512 510 16
C127006031 4952521025 4999689849 C127016014 4952521025 4999689849 19-11-19 01:06:40 5 3 16
C127003023 9250535253 4957274233 C127012010 9250535253 4957274233 19-11-19 01:03:59 200 197 16
C127000028 9263223256 4957274233 C127012011 9263223256 4957274233 19-11-19 01:09:20 14 12 16
C127006031 9775433523 4957274243 C127016015 9775433523 4957274243 19-11-19 01:09:34 25 22 16
C127002019 9263223256 4957274233 C127012012 9263223256 4957274233 19-11-19 01:09:57 51 46 16
C127003020 4955626141 4957274233 C127012013 4955626141 4957274233 19-11-19 01:13:16 49 48 16
C127009025 9857462522 4994000400 C127021011 9857462522 4994000400 19-11-19 01:11:06 505 504 16
C127006031 4952521025 4999689849 C127016017 4952521025 4999689849 19-11-19 01:19:40 5 3 16
C127016027 4996580100 9243423224 C127004003 4996580100 9243423224 19-11-19 01:22:18 91 0 16
C127000019 4955891722 4996585960 C127012014 4955891722 4996585960 19-11-19 01:24:48 22 8 16
C127006031 9775433523 4957274233 C127016018 9775433523 4957274233 19-11-19 01:20:51 299 298 16
C127016026 4996580100 9143812702 C127004002 4996580100 9143812702 19-11-19 01:24:23 214 187 16
C127006031 4952521025 4999689849 C127016019 4952521025 4999689849 19-11-19 01:32:40 5 3 16
C127006031 9856690142 4957274242 C127016020 9856690142 4957274242 19-11-19 01:33:38 118 114 16
C127007030 9671821818 4957274233 C127019030 9671821818 4957274233 19-11-19 01:33:46 154 153 16
C127006031 9857492149 4957274215 C127016021 9857492149 4957274215 19-11-19 01:36:41 34 33 16
C127007030 9091585555 4957274233 C127019031 9091585555 4957274233 19-11-19 01:36:37 43 39 16
C127016025 4996580100 9146191683 C127004001 4996580100 9146191683 19-11-19 01:28:43 579 566 16
C127006031 9119530590 4999689423 C127016022 9119530590 4999689423 19-11-19 01:41:13 15 11 16
C127006031 9119530590 4999689423 C127016023 9119530590 4999689423 19-11-19 01:41:42 99 94 16
C127016023 4996580100 9148689598 C127004030 4996580100 9148689598 19-11-19 01:45:03 5 0 20
C127001013 9267121297 4957274233 C127012015 9267121297 4957274233 19-11-19 01:43:12 117 112 16
C127016022 4996580100 9148689598 C127004029 4996580100 9148689598 19-11-19 01:45:13 5 0 20
C127006031 4952521025 4999689849 C127016025 4952521025 4999689849 19-11-19 01:45:40 5 3 16
C127016021 4996580100 9148689598 C127004028 4996580100 9148689598 19-11-19 01:46:03 5 0 20
C127016020 4996580100 9148689598 C127004027 4996580100 9148689598 19-11-19 01:46:13 5 0 20
C127010003 9256663652 4956004211 C127021012 9256663652 4956004211 19-11-19 01:46:30 47 39 16
C127016024 4996580100 9146191683 C127004031 4996580100 9146191683 19-11-19 01:39:08 620 606 16
C127007030 9677189318 4959818408 C127019001 9677189318 4959818408 19-11-19 01:52:26 6 0 41
C127007030 9677189318 4959818408 C127019002 9677189318 4959818408 19-11-19 01:52:33 9 0 41
C127007030 9677189318 4959818408 C127019003 9677189318 4959818408 19-11-19 01:52:43 9 0 41
C127007030 9677189318 4959818408 C127019004 9677189318 4959818408 19-11-19 01:52:54 0 0 102
