C127006031 4952521025 4999689849 C127016012 4952521025 4999689849 19-11-19 05:53:39 6 2 16
C127006031 4959256833 4999689518 C127016013 4959256833 4999689518 19-11-19 05:55:06 23 19 16
C127021031 4995599985 9629027247 C127009031 4995599985 9629027247 19-11-19 05:57:23 20 4 16
C127016031 4996580100 9644589523 C127004007 4996580100 9644589523 19-11-19 05:56:53 379 361 16
C127006031 4952521025 4999689849 C127016014 4952521025 4999689849 19-11-19 06:06:39 6 2 16
C127021031 4957274256 9257033903 C127009031 4957274256 9257033903 19-11-19 06:14:33 46 36 16
C127006031 4952521025 4999689849 C127016015 4952521025 4999689849 19-11-19 06:19:40 5 3 16
C127016030 4996580010 9246913515 C127004006 4996580010 9246913515 19-11-19 06:17:28 251 230 16
C127016029 4999689423 4959247500 C127004005 4999689423 4959247500 19-11-19 06:21:55 20 18 16
C127006031 9236033353 4996585868 C127016017 9236033353 4996585868 19-11-19 06:26:43 29 25 16
C127006031 9236033353 4996585868 C127016018 9236033353 4996585868 19-11-19 06:27:21 36 35 16
C127006030 4952521025 4999689849 C127016020 4952521025 4999689849 19-11-19 06:32:40 5 3 16
C127016028 4996580100 9246903240 C127004004 4996580100 9246903240 19-11-19 06:29:23 228 216 16
C127006031 4951270581 4999689423 C127016019 4951270581 4999689423 19-11-19 06:32:12 114 109 16
C127021031 4957274256 9774972597 C127009031 4957274256 9774972597 19-11-19 06:34:33 23 9 16
C127016027 4957394772 4956600188 C127004003 4957394772 4956600188 19-11-19 06:35:49 56 52 16
C127000010 4954837623 4952329633 C127012028 4954837623 4952329633 19-11-19 06:38:38 124 92 16
C127006031 4952521025 4999689849 C127016021 4952521025 4999689849 19-11-19 06:45:40 5 3 16
C127010001 9889884141 4956004248 C127021020 9889884141 4956004248 19-11-19 06:47:34 16 0 41
C127006031 9859154524 4996585960 C127016022 9859154524 4996585960 19-11-19 06:51:00 35 21 16
C127009021 9689469848 4956004213 C127021021 9689469848 4956004213 19-11-19 06:51:12 66 0 16
C127007031 9607528641 4999689519 C127019019 9607528641 4999689519 19-11-19 06:51:44 41 37 16
C127021031 4957274256 9165890909 C127009031 4957274256 9165890909 19-11-19 06:52:48 8 0 16
C127006030 9152529395 4996585960 C127016024 9152529395 4996585960 19-11-19 06:53:12 7 0 21
C127006029 9152531235 4996585960 C127016025 9152531235 4996585960 19-11-19 06:53:17 7 0 21
C127006030 9152529395 4996585960 C127016026 9152529395 4996585960 19-11-19 06:53:25 4 0 21
C127006031 9160131991 4996585960 C127016023 9160131991 4996585960 19-11-19 06:53:07 25 4 16
C127006029 9152531235 4996585960 C127016027 9152531235 4996585960 19-11-19 06:53:29 5 0 21
