C127006030 4952521025 4999689849 C127016002 4952521025 4999689849 18-11-19 22:53:41 4 3 16
C127002027 9999867967 4957274233 C127012011 9999867967 4957274233 18-11-19 22:51:49 124 121 16
C127006031 9856977060 4957274233 C127016001 9856977060 4957274233 18-11-19 22:53:28 45 41 16
C127003030 9257770744 4957274233 C127012013 9257770744 4957274233 18-11-19 22:53:53 45 41 16
C127002029 9857686215 4957274233 C127012015 9857686215 4957274233 18-11-19 22:54:11 48 47 16
C127010005 9253408827 4994000400 C127021025 9253408827 4994000400 18-11-19 22:54:52 39 34 16
C127007030 9060883519 4957274233 C127019005 9060883519 4957274233 18-11-19 22:54:42 51 46 16
C127007028 9035951737 4957274215 C127019007 9035951737 4957274215 18-11-19 22:55:07 39 36 16
C127010013 9166835452 4994000400 C127021026 9166835452 4994000400 18-11-19 22:55:09 42 39 16
C127007029 9055777335 4957274233 C127019006 9055777335 4957274233 18-11-19 22:54:51 77 76 16
C127006031 9161155618 4957274215 C127016003 9161155618 4957274215 18-11-19 22:55:39 52 49 16
C127002022 9266298407 4957274233 C127012014 9266298407 4957274233 18-11-19 22:53:56 166 160 16
C127007030 9096782599 4957274233 C127019008 9096782599 4957274233 18-11-19 22:56:00 52 50 16
C127006030 9164426165 4957274233 C127016004 9164426165 4957274233 18-11-19 22:56:16 47 46 16
C127002011 9268236050 4957274233 C127012017 9268236050 4957274233 18-11-19 22:54:21 211 205 16
C127006031 9164889641 4957274233 C127016005 9164889641 4957274233 18-11-19 22:57:15 48 46 16
C127007031 9645174140 4957274233 C127019003 9645174140 4957274233 18-11-19 22:51:19 405 402 16
C127007029 9686348379 4957274233 C127019010 9686348379 4957274233 18-11-19 22:57:24 41 38 16
C127000018 4957520225 4957274233 C127012018 4957520225 4957274233 18-11-19 22:57:31 41 40 16
C127003026 9299156164 4957274233 C127012019 9299156164 4957274233 18-11-19 22:57:49 25 23 16
C127007030 9096782599 4957274233 C127019009 9096782599 4957274233 18-11-19 22:57:11 103 102 16
C127007030 9055680920 4957274215 C127019012 9055680920 4957274215 18-11-19 22:59:26 39 38 16
C127007031 9652535559 4957274215 C127019011 9652535559 4957274215 18-11-19 22:59:19 47 44 16
C127003010 9654446315 4957274233 C127012020 9654446315 4957274233 18-11-19 23:00:08 44 40 16
C127006031 9772923780 4957274233 C127016007 9772923780 4957274233 18-11-19 23:00:14 54 51 16
C127002004 4957943151 4957274233 C127012021 4957943151 4957274233 18-11-19 23:00:47 45 40 16
C127006029 9152568370 4957274233 C127016008 9152568370 4957274233 18-11-19 23:00:44 48 45 16
C127003028 9262211683 4957274233 C127012022 9262211683 4957274233 18-11-19 23:01:15 54 52 16
C127006030 9153758253 4957274215 C127016006 9153758253 4957274215 18-11-19 22:57:51 327 326 16
C127000006 9299340191 4957274215 C127012023 9299340191 4957274215 18-11-19 23:02:46 33 27 16
C127007031 9031135775 4957274233 C127019013 9031135775 4957274233 18-11-19 23:02:39 46 43 16
C127007031 9629156443 4957274256 C127019014 9629156443 4957274256 18-11-19 23:03:35 29 22 16
C127009027 9651960173 4994000400 C127021027 9651960173 4994000400 18-11-19 23:04:01 26 25 16
C127010029 4959122866 4994000400 C127021028 4959122866 4994000400 18-11-19 23:04:14 27 24 16
C127006031 9771946516 4957274233 C127016009 9771946516 4957274233 18-11-19 23:02:05 181 179 16
C127009003 9166291100 4994000400 C127021020 9166291100 4994000400 18-11-19 22:43:19 1347 1344 16
C127009019 9163158304 4994009903 C127021029 9163158304 4994009903 18-11-19 23:05:22 41 36 16
C127006031 9639604844 4957274233 C127016011 9639604844 4957274233 18-11-19 23:05:37 53 48 16
C127006029 4952521025 4999689849 C127016013 4952521025 4999689849 18-11-19 23:06:41 4 3 16
C127010027 9175426882 4994000400 C127021030 9175426882 4994000400 18-11-19 23:06:02 51 46 16
C127010011 9163392395 4994000400 C127021031 9163392395 4994000400 18-11-19 23:07:44 38 35 16
C127006031 9639604844 4957274233 C127016012 9639604844 4957274233 18-11-19 23:06:38 110 107 16
C127006029 9859704866 4957274233 C127016014 9859704866 4957274233 18-11-19 23:08:18 27 23 16
C127006030 9175152851 4957274215 C127016010 9175152851 4957274215 18-11-19 23:04:12 274 272 16
C127006029 9859704866 4957274233 C127016018 9859704866 4957274233 18-11-19 23:08:56 34 33 16
C127006030 9150039939 4957274233 C127016017 9150039939 4957274233 18-11-19 23:08:48 47 43 16
C127006029 9152214532 4957274233 C127016020 9152214532 4957274233 18-11-19 23:09:35 8 6 16
C127006028 9858428300 4957274233 C127016019 9858428300 4957274233 18-11-19 23:09:10 47 45 16
C127001012 4955651462 4957274233 C127012025 4955651462 4957274233 18-11-19 23:08:52 124 119 16
C127009017 9776507914 4994000400 C127021001 9776507914 4994000400 18-11-19 23:10:41 27 23 16
C127010031 9267584588 4994000400 C127021002 9267584588 4994000400 18-11-19 23:10:44 30 27 16
C127000021 9262282994 4957274233 C127012026 9262282994 4957274233 18-11-19 23:11:03 31 27 16
C127007031 9688628508 4957274233 C127019015 9688628508 4957274233 18-11-19 23:10:38 112 108 16
C127001003 4955647739 4957274233 C127012028 4955647739 4957274233 18-11-19 23:12:20 50 48 16
C127001004 4997372672 4957274233 C127012024 4997372672 4957274233 18-11-19 23:04:18 552 548 16
C127003022 4957597431 4957274233 C127012029 4957597431 4957274233 18-11-19 23:13:22 41 37 16
C127016002 4999689919 9852717440 C127004009 4999689919 9852717440 18-11-19 23:13:38 38 5 16
C127006029 9169628142 4957274233 C127016022 9169628142 4957274233 18-11-19 23:13:42 39 34 16
C127006030 9684227244 4957274233 C127016021 9684227244 4957274233 18-11-19 23:13:25 98 96 16
C127006029 9015128730 4957274233 C127016024 9015128730 4957274233 18-11-19 23:14:24 45 42 16
C127007030 9688220911 4957274233 C127019018 9688220911 4957274233 18-11-19 23:14:21 48 47 16
C127006030 9852207743 4995043189 C127016026 9852207743 4995043189 18-11-19 23:15:07 10 0 17
C127002003 9250534990 4957274233 C127012031 9250534990 4957274233 18-11-19 23:14:44 41 38 16
C127006030 9852207743 4995047831 C127016027 9852207743 4995047831 18-11-19 23:15:35 6 0 17
C127000031 4955627452 4957274233 C127012003 4955627452 4957274233 18-11-19 23:15:35 8 6 16
C127002012 4957531838 4957274233 C127012027 4957531838 4957274233 18-11-19 23:12:13 231 227 16
C127006031 9150032476 4957274242 C127016015 9150032476 4957274242 18-11-19 23:08:38 458 454 16
C127001031 9853650770 4957274233 C127012004 9853650770 4957274233 18-11-19 23:15:39 43 40 16
C127010025 9671928365 4994000400 C127021003 9671928365 4994000400 18-11-19 23:15:23 72 68 16
C127001005 9265813798 4957274233 C127012005 9265813798 4957274233 18-11-19 23:15:57 54 49 16
C127003013 9262282994 4957274240 C127012030 9262282994 4957274240 18-11-19 23:14:26 153 147 16
C127003005 4955627452 4957274233 C127012006 4955627452 4957274233 18-11-19 23:16:09 52 49 16
C127007030 9036144770 4957274233 C127019020 9036144770 4957274233 18-11-19 23:15:54 73 70 16
C127003004 9116453825 4957274233 C127012001 9116453825 4957274233 18-11-19 23:15:15 115 113 16
C127007028 9036144770 4957274233 C127019022 9036144770 4957274233 18-11-19 23:17:21 1 0 16
C127007030 9036144770 4957274233 C127019021 9036144770 4957274233 18-11-19 23:17:16 6 5 16
C127007029 9647058766 4957274233 C127019019 9647058766 4957274233 18-11-19 23:14:52 151 146 16
C127006027 9850127626 4957274233 C127016025 9850127626 4957274233 18-11-19 23:14:50 154 152 16
C127006031 9852207743 4995043189 C127016028 9852207743 4995043189 18-11-19 23:17:16 10 0 17
C127009013 9851297532 4994000400 C127021004 9851297532 4994000400 18-11-19 23:16:52 36 31 16
C127001002 4957532294 4957274233 C127012002 4957532294 4957274233 18-11-19 23:15:35 140 139 16
C127007029 9647864498 4957274233 C127019024 9647864498 4957274233 18-11-19 23:18:03 4 0 16
C127007030 9031609480 4957274233 C127019023 9031609480 4957274233 18-11-19 23:17:25 49 47 16
C127007031 9653327570 4957274233 C127019017 9653327570 4957274233 18-11-19 23:13:07 312 307 16
C127009001 9164580549 4994009903 C127021006 9164580549 4994009903 18-11-19 23:18:50 28 26 16
C127006031 4952521025 4999689849 C127016029 4952521025 4999689849 18-11-19 23:19:40 5 3 16
C127007030 9647864498 4957274233 C127019026 9647864498 4957274233 18-11-19 23:18:34 82 79 127
C127007031 9057029205 4957274233 C127019025 9057029205 4957274233 18-11-19 23:18:20 111 109 16
C127006028 9152214532 4957274233 C127016023 9152214532 4957274233 18-11-19 23:14:13 359 355 16
C127001007 9116453825 4957274233 C127012007 9116453825 4957274233 18-11-19 23:17:24 241 239 16
C127021031 4957274256 9859987823 C127009031 4957274256 9859987823 18-11-19 23:21:08 35 0 16
C127021031 4957274256 9859987823 C127009031 4957274256 9859987823 18-11-19 23:22:13 3 0 17
C127006031 9859987823 4957274256 C127016030 9859987823 4957274256 18-11-19 23:22:15 7 0 17
C127007031 9647864498 4957274233 C127019027 9647864498 4957274233 18-11-19 23:20:20 136 134 16
C127009009 9253723853 4994000400 C127021005 9253723853 4994000400 18-11-19 23:17:52 304 299 16
C127003014 9258780921 4957274215 C127012009 9258780921 4957274215 18-11-19 23:23:00 23 21 16
C127006031 9856107616 4957274233 C127016031 9856107616 4957274233 18-11-19 23:23:09 40 37 16
C127002025 9299156164 4957274233 C127012008 9299156164 4957274233 18-11-19 23:21:44 143 140 16
C127006031 9263506054 4957274233 C127016001 9263506054 4957274233 18-11-19 23:25:09 50 47 16
C127006030 9161622105 4957274233 C127016002 9161622105 4957274233 18-11-19 23:25:57 45 40 16
C127002014 9857389736 4957274233 C127012010 9857389736 4957274233 18-11-19 23:26:03 43 39 16
C127006031 9853338800 4957274233 C127016003 9853338800 4957274233 18-11-19 23:27:33 43 39 16
C127002010 9295299409 4957274215 C127012011 9295299409 4957274215 18-11-19 23:26:07 131 130 16
C127016001 4995039897 9297923339 C127004008 4995039897 9297923339 18-11-19 23:27:48 48 11 16
C127009023 9151948580 4994000400 C127021009 9151948580 4994000400 18-11-19 23:28:38 44 40 16
C127006030 9859823654 4957274233 C127016005 9859823654 4957274233 18-11-19 23:29:17 51 46 16
C127002021 4957596212 4957274215 C127012012 4957596212 4957274215 18-11-19 23:26:07 242 237 16
C127010007 9257256514 4994000400 C127021010 9257256514 4994000400 18-11-19 23:29:53 41 37 16
C127010021 4957517890 4994000001 C127021007 4957517890 4994000001 18-11-19 23:26:18 271 267 16
C127000022 4955631883 4957274233 C127012013 4955631883 4957274233 18-11-19 23:30:33 52 48 16
C127009025 9852667066 4994000400 C127021008 9852667066 4994000400 18-11-19 23:28:13 219 215 16
C127006031 9859237988 4957274233 C127016004 9859237988 4957274233 18-11-19 23:28:50 182 180 16
C127010003 9031772125 4994000400 C127021011 9031772125 4994000400 18-11-19 23:30:05 131 129 16
C127006031 4952521025 4999689849 C127016006 4952521025 4999689849 18-11-19 23:32:40 5 3 16
C127002009 9261069588 4957274233 C127012014 9261069588 4957274233 18-11-19 23:30:41 149 148 16
C127010015 9637777128 4994009938 C127021012 9637777128 4994009938 18-11-19 23:33:00 36 34 16
C127003029 9267470989 4957274233 C127012015 9267470989 4957274233 18-11-19 23:31:28 157 153 16
C127007030 9099398829 4957274233 C127019029 9099398829 4957274233 18-11-19 23:33:47 46 41 16
C127016031 4999689919 9852717440 C127004007 4999689919 9852717440 18-11-19 23:33:38 64 56 16
C127000002 9262332078 4957274233 C127012018 9262332078 4957274233 18-11-19 23:34:40 47 45 16
C127000024 9253515377 4957274233 C127012017 9253515377 4957274233 18-11-19 23:33:36 117 116 16
C127006030 9778016354 4957274233 C127016008 9778016354 4957274233 18-11-19 23:35:10 40 38 16
C127006029 9104397786 4957274215 C127016009 9104397786 4957274215 18-11-19 23:35:14 45 42 16
C127007031 9036693033 4999689881 C127019028 9036693033 4999689881 18-11-19 23:30:22 347 342 16
C127003021 4957940770 4957274233 C127012019 4957940770 4957274233 18-11-19 23:35:33 52 48 16
C127009015 9031772125 4994000400 C127021014 9031772125 4994000400 18-11-19 23:36:08 21 17 16
C127009029 9197778482 4994009903 C127021015 9197778482 4994009903 18-11-19 23:36:25 45 43 16
C127000001 4957534209 4957274233 C127012021 4957534209 4957274233 18-11-19 23:37:21 37 36 16
C127000014 4957596212 4957274215 C127012020 4957596212 4957274215 18-11-19 23:36:21 128 127 16
C127007030 9096796499 4957274243 C127019031 9096796499 4957274243 18-11-19 23:38:45 44 42 16
C127007030 9254908009 4995047809 C127019001 9254908009 4995047809 18-11-19 23:39:41 6 0 17
C127007031 9037767908 4957274233 C127019030 9037767908 4957274233 18-11-19 23:38:09 119 116 16
C127006031 9246913515 4996580100 C127016007 9246913515 4996580100 18-11-19 23:35:04 349 345 16
C127006030 9168794302 4957274233 C127016010 9168794302 4957274233 18-11-19 23:40:08 53 49 16
C127009011 9637777128 4994009938 C127021013 9637777128 4994009938 18-11-19 23:34:02 419 414 16
C127003002 4957517293 4957274233 C127012022 4957517293 4957274233 18-11-19 23:39:46 106 105 16
C127007031 9032782456 4957274233 C127019002 9032782456 4957274233 18-11-19 23:40:55 38 36 16
C127006031 9168442078 4957274233 C127016011 9168442078 4957274233 18-11-19 23:41:17 49 45 16
C127003027 4957946687 4957274233 C127012023 4957946687 4957274233 18-11-19 23:39:51 151 150 16
C127007031 9031813137 4957274233 C127019003 9031813137 4957274233 18-11-19 23:42:13 47 43 16
C127006030 9778898757 4957274233 C127016012 9778898757 4957274233 18-11-19 23:41:21 118 117 16
C127010017 9252049480 4994000400 C127021017 9252049480 4994000400 18-11-19 23:43:42 15 10 16
C127006031 9169388178 4957274233 C127016013 9169388178 4957274233 18-11-19 23:43:28 47 43 16
C127006031 9671132696 4957274233 C127016014 9671132696 4957274233 18-11-19 23:44:43 42 38 16
C127006031 4952521025 4999689849 C127016015 4952521025 4999689849 18-11-19 23:45:40 5 3 16
C127009005 9889884141 4956004248 C127021019 9889884141 4956004248 18-11-19 23:46:36 14 0 41
C127010001 9104741359 4994009903 C127021018 9104741359 4994009903 18-11-19 23:45:58 55 51 16
C127009021 9889884141 4956004248 C127021020 9889884141 4956004248 18-11-19 23:46:51 3 0 16
C127007030 9104078997 4957274233 C127019005 9104078997 4957274233 18-11-19 23:46:31 35 34 16
C127003007 9253091163 4957274242 C127012024 9253091163 4957274242 18-11-19 23:45:48 113 109 16
C127010009 9889884141 4956004248 C127021021 9889884141 4956004248 18-11-19 23:47:19 62 52 16
C127007030 9099398829 4957274233 C127019006 9099398829 4957274233 18-11-19 23:49:32 37 32 16
C127021031 4999689933 9257616256 C127009031 4999689933 9257616256 18-11-19 23:50:08 7 0 17
C127007030 9031464858 4957274233 C127019007 9031464858 4957274233 18-11-19 23:50:21 47 46 16
C127007029 9055702105 4957274233 C127019008 9055702105 4957274233 18-11-19 23:50:38 42 38 16
C127016030 4996580100 9246913515 C127004006 4996580100 9246913515 18-11-19 23:42:23 564 549 16
C127006031 9852336488 4957274233 C127016017 9852336488 4957274233 18-11-19 23:51:34 46 43 16
