C127006031 4952521025 4999689849 C127016010 4952521025 4999689849 19-11-19 02:53:40 5 3 16
C127008026 89541151317 4959842113 C127020018 89541151317 4959842113 19-11-19 02:53:35 32 0 16
C127008013 89541151317 4959842113 C127020019 89541151317 4959842113 19-11-19 02:54:50 294 287 16
C127009011 9295720025 4956004212 C127021017 9295720025 4956004212 19-11-19 03:01:34 66 55 16
C127006031 4952521025 4999689849 C127016011 4952521025 4999689849 19-11-19 03:06:40 5 3 16
C127007031 9035951737 4957274215 C127019009 9035951737 4957274215 19-11-19 03:06:48 28 24 16
C127001020 4957592129 4957274233 C127012022 4957592129 4957274233 19-11-19 03:12:58 45 41 16
C127010017 9686018405 4994000400 C127021018 9686018405 4994000400 19-11-19 03:02:26 782 781 16
C127016010 4959818408 9246921511 C127004018 4959818408 9246921511 19-11-19 03:15:23 68 18 16
C127006031 4952521025 4999689849 C127016012 4952521025 4999689849 19-11-19 03:19:40 5 3 16
C127000030 4954162483 4957274233 C127012023 4954162483 4957274233 19-11-19 03:21:15 86 84 16
C127016008 4999689519 9148577179 C127004015 4999689519 9148577179 19-11-19 03:21:48 236 221 16
C127016009 4959818408 9246921511 C127004017 4959818408 9246921511 19-11-19 03:19:08 398 364 16
C127007031 9652340155 4957274233 C127019010 9652340155 4957274233 19-11-19 03:16:42 547 542 16
C127007030 9038754346 4957274233 C127019011 9038754346 4957274233 19-11-19 03:21:22 589 584 16
C127006031 4952521025 4999689849 C127016013 4952521025 4999689849 19-11-19 03:32:40 5 3 16
C127007031 9652340155 4957274233 C127019012 9652340155 4957274233 19-11-19 03:35:34 215 212 16
C127006031 9145261317 4957274208 C127016014 9145261317 4957274208 19-11-19 03:43:17 7 0 21
C127006031 9145261317 4957274208 C127016015 9145261317 4957274208 19-11-19 03:43:52 7 0 21
C127006031 4952521025 4999689849 C127016017 4952521025 4999689849 19-11-19 03:45:40 5 3 16
C127006031 9145261317 4957390970 C127016018 9145261317 4957390970 19-11-19 03:47:41 37 36 16
C127006031 9246903240 4996580100 C127016019 9246903240 4996580100 19-11-19 03:48:58 98 93 16
C127006031 9246903240 4996580100 C127016020 9246903240 4996580100 19-11-19 03:52:04 55 51 16
