C127006028 4952521025 4999689849 C127016009 4952521025 4999689849 19-11-19 08:53:40 5 2 16
C127001004 4997952582 4957274233 C127012029 4997952582 4957274233 19-11-19 08:48:50 296 293 16
C127006029 9169628142 4957274233 C127016002 9169628142 4957274233 19-11-19 08:51:22 165 159 16
C127006029 9166756139 4996585960 C127016012 9166756139 4996585960 19-11-19 08:54:10 4 0 21
C127007031 9663561862 4959818484 C127019012 9663561862 4959818484 19-11-19 08:54:05 11 9 16
C127021028 4959842101 9104444011 C127009028 4959842101 9104444011 19-11-19 08:52:08 130 117 16
C127006025 9175712171 4996585960 C127016013 9175712171 4996585960 19-11-19 08:54:13 6 0 21
C127006028 9152536769 4996585960 C127016011 9152536769 4996585960 19-11-19 08:54:06 21 4 16
C127006026 4951484952 4999689041 C127016010 4951484952 4999689041 19-11-19 08:53:42 51 35 16
C127010005 8555302232 4956004400 C127021027 8555302232 4956004400 19-11-19 08:52:02 154 146 16
C127016024 4999689423 9834231976 C127004003 4999689423 9834231976 19-11-19 08:52:48 109 95 16
C127006030 9857665066 4999689191 C127016001 9857665066 4999689191 19-11-19 08:51:18 203 198 16
C127006029 9175712171 4996585960 C127016014 9175712171 4996585960 19-11-19 08:54:28 17 14 16
C127006027 9282798517 4959842134 C127016007 9282798517 4959842134 19-11-19 08:53:10 98 95 16
C127010013 9092945157 4956004248 C127021030 9092945157 4956004248 19-11-19 08:54:00 50 39 16
C127003005 4115420911 4999689423 C127012005 4115420911 4999689423 19-11-19 08:54:44 10 6 16
C127003013 77272735494 4959818484 C127012004 77272735494 4959818484 19-11-19 08:54:09 49 47 16
C127006031 9652766425 4957394772 C127016008 9652766425 4957394772 19-11-19 08:53:32 100 89 16
C127021028 4999689933 9690183141 C127009030 4999689933 9690183141 19-11-19 08:54:28 66 49 16
C127021031 4999689933 9645189974 C127009031 4999689933 9645189974 19-11-19 08:54:07 87 75 16
C127016020 4959830918 9265686323 C127004030 4959830918 9265686323 19-11-19 08:55:28 8 0 16
C127021030 4959818501 9099500623 C127009028 4959818501 9099500623 19-11-19 08:55:33 26 0 16
C127016019 4996585858 9020993777 C127004029 4996585858 9020993777 19-11-19 08:55:53 8 0 16
C127006030 4959256833 4999689518 C127016015 4959256833 4999689518 19-11-19 08:55:06 56 50 16
C127016028 4956004404 4957872997 C127004007 4956004404 4957872997 19-11-19 08:49:35 390 389 16
C127006031 9100045328 4996585960 C127016017 9100045328 4996585960 19-11-19 08:55:47 20 4 16
C127007031 9067755330 4957274258 C127019013 9067755330 4957274258 19-11-19 08:55:14 56 39 16
C127016022 4999689423 9180819889 C127004001 4999689423 9180819889 19-11-19 08:54:33 107 91 16
C127016017 4996585858 9020993777 C127004028 4996585858 9020993777 19-11-19 08:56:18 7 0 16
C127006031 9100045328 4996585960 C127016018 9100045328 4996585960 19-11-19 08:56:12 20 16 16
C127021031 4957396201 9265292113 C127009031 4957396201 9265292113 19-11-19 08:56:13 21 0 16
C127012031 4999689174 4997909094 C127000031 4999689174 4997909094 19-11-19 08:55:15 87 86 16
C127006031 9265292113 4957396201 C127016019 9265292113 4957396201 19-11-19 08:56:51 10 8 16
C127007030 9056651425 4959818484 C127019014 9056651425 4959818484 19-11-19 08:56:05 58 55 16
C127007029 9267023957 4957839794 C127019015 9267023957 4957839794 19-11-19 08:56:07 71 64 16
C127008017 84996813560 4959818400 C127020028 84996813560 4959818400 19-11-19 08:57:22 6 0 17
C127021031 4999689668 9055991674 C127009031 4999689668 9055991674 19-11-19 08:56:43 52 29 16
C127021028 4957396201 9055991009 C127009028 4957396201 9055991009 19-11-19 08:57:28 36 15 16
C127021029 4956004213 4959961195 C127009029 4956004213 4959961195 19-11-19 08:52:43 324 316 16
C127006029 9166756139 4996585960 C127016023 9166756139 4996585960 19-11-19 08:58:08 4 0 21
C127006030 9152539417 4996585960 C127016022 9152539417 4996585960 19-11-19 08:57:55 25 11 16
C127021030 4956004215 4991730635 C127009030 4956004215 4991730635 19-11-19 08:56:48 105 83 16
C127007030 9056651425 4959818484 C127019018 9056651425 4959818484 19-11-19 08:57:49 47 43 16
C127016021 4999689900 4964619445 C127004031 4999689900 4964619445 19-11-19 08:54:53 236 227 16
C127006031 9156095888 4999689229 C127016020 9156095888 4999689229 19-11-19 08:57:28 86 76 16
C127007029 3412949856 4959818484 C127019019 3412949856 4959818484 19-11-19 08:58:10 47 45 16
C127021028 4999689933 9104310234 C127009029 4999689933 9104310234 19-11-19 08:58:28 45 26 16
C127021029 4999689933 9055991828 C127009031 4999689933 9055991828 19-11-19 08:58:08 66 59 16
C127016014 4996585858 9020993777 C127004026 4996585858 9020993777 19-11-19 08:58:53 39 29 16
C127010029 9773940562 4995599881 C127021001 9773940562 4995599881 19-11-19 08:58:38 57 44 16
C127008004 84932345333 4959818484 C127020031 84932345333 4959818484 19-11-19 08:58:43 54 49 16
C127007031 4986560527 4957869737 C127019017 4986560527 4957869737 19-11-19 08:56:14 205 196 16
C127008006 89260482458 4959818424 C127020030 89260482458 4959818424 19-11-19 08:57:58 108 103 16
C127016015 4959818501 4991781997 C127004027 4959818501 4991781997 19-11-19 08:56:20 220 215 16
C127009019 9269001880 4994000400 C127021031 9269001880 4994000400 19-11-19 08:57:57 128 127 16
C127008018 89263533223 4959818501 C127020029 89263533223 4959818501 19-11-19 08:57:45 143 137 16
C127009003 9990031153 4956004211 C127021002 9990031153 4956004211 19-11-19 08:59:22 50 40 16
C127016011 4959842101 4953463385 C127004023 4959842101 4953463385 19-11-19 08:59:40 52 49 16
C127006030 9282798517 4959842134 C127016025 9282798517 4959842134 19-11-19 08:59:23 81 76 16
C127006028 9152536769 4996585960 C127016028 9152536769 4996585960 19-11-19 09:00:19 31 15 16
C127006029 9156095888 4999689229 C127016026 9156095888 4999689229 19-11-19 08:59:43 71 61 16
C127001007 4956786486 4957274233 C127012008 4956786486 4957274233 19-11-19 08:59:31 93 91 16
C127016013 4999689423 4852593594 C127004025 4999689423 4852593594 19-11-19 08:59:08 125 121 16
C127002014 4993248113 4999689424 C127012011 4993248113 4999689424 19-11-19 09:01:02 15 13 16
C127003022 4991986290 4957274233 C127012030 4991986290 4957274233 19-11-19 08:50:10 668 665 16
C127021030 4952874025 9036884724 C127009031 4952874025 9036884724 19-11-19 08:59:58 91 80 16
C127006030 9652766425 4957394772 C127016029 9652766425 4957394772 19-11-19 09:01:04 39 32 16
C127007031 9689849410 4999689423 C127019020 9689849410 4999689423 19-11-19 09:01:20 26 24 16
C127021029 4956004400 9057365161 C127009029 4956004400 9057365161 19-11-19 09:01:13 50 40 16
C127016009 4959842134 8127407889 C127004021 4959842134 8127407889 19-11-19 09:00:08 119 114 16
C127007030 9269323876 4996582580 C127019021 9269323876 4996582580 19-11-19 09:01:29 40 0 16
C127007029 4957832837 4999689423 C127019022 4957832837 4999689423 19-11-19 09:01:42 29 28 16
C127001002 4955644265 4957274233 C127012007 4955644265 4957274233 19-11-19 08:55:37 394 388 16
C127016010 4999689174 4955540179 C127004022 4999689174 4955540179 19-11-19 09:00:07 127 117 16
C127016005 4996585858 9607471871 C127004017 4996585858 9607471871 19-11-19 09:02:13 3 0 31
C127016004 4996585858 9607471871 C127004015 4996585858 9607471871 19-11-19 09:02:18 3 0 31
C127002025 9582400360 4959818484 C127012010 9582400360 4959818484 19-11-19 09:01:01 82 80 16
C127010025 9998749441 4956004213 C127021006 9998749441 4956004213 19-11-19 09:02:36 1 0 16
C127003004 4115420911 4999689423 C127012006 4115420911 4999689423 19-11-19 08:55:09 449 448 16
C127016029 4996585858 9607471871 C127004014 4996585858 9607471871 19-11-19 09:02:38 3 0 31
C127006026 9166756139 4996585960 C127016003 9166756139 4996585960 19-11-19 09:02:22 21 17 16
C127016028 4996585858 9607471871 C127004013 4996585858 9607471871 19-11-19 09:02:47 3 0 31
C127010027 9397777875 4994000400 C127021003 9397777875 4994000400 19-11-19 08:59:50 184 181 16
C127006027 9156095888 4999689229 C127016002 9156095888 4999689229 19-11-19 09:02:12 46 40 16
C127016027 4959830918 9778102219 C127004006 4959830918 9778102219 19-11-19 08:49:58 780 767 16
C127006031 9859080603 4999676189 C127016024 9859080603 4999676189 19-11-19 08:59:01 240 232 16
C127007030 4957832837 4999689423 C127019024 4957832837 4999689423 19-11-19 09:02:33 32 28 16
C127009013 4992710434 4995599925 C127021007 4992710434 4995599925 19-11-19 09:02:48 18 9 16
C127010031 9264839843 4956004213 C127021004 9264839843 4956004213 19-11-19 09:01:44 82 75 16
C127006029 4951270581 4999689423 C127016030 4951270581 4999689423 19-11-19 09:01:16 110 108 16
C127021030 4999689933 9035823212 C127009031 4999689933 9035823212 19-11-19 09:01:53 79 69 16
C127021029 4999689933 9260727309 C127009029 4999689933 9260727309 19-11-19 09:02:13 60 47 16
C127021025 4999689933 9858555547 C127009025 4999689933 9858555547 19-11-19 09:03:03 11 0 17
C127007030 9630512711 4996584521 C127019025 9630512711 4996584521 19-11-19 09:03:08 6 0 21
C127021027 4999689933 9055991828 C127009027 4999689933 9055991828 19-11-19 09:02:43 32 24 16
C127010011 9999804051 4956004242 C127021005 9999804051 4956004242 19-11-19 09:02:13 63 0 16
C127016007 4952329635 9251944904 C127004019 4952329635 9251944904 19-11-19 09:00:53 149 115 16
C127003014 4997952582 4957274233 C127012009 4997952582 4957274233 19-11-19 09:00:13 190 185 16
C127006030 9282798517 4959842134 C127016001 9282798517 4959842134 19-11-19 09:02:05 82 79 16
C127006028 4954076556 4999689101 C127016031 4954076556 4999689101 19-11-19 09:01:19 132 126 16
C127012030 4999689423 4959637125 C127000030 4999689423 4959637125 19-11-19 09:02:28 64 54 16
C127021026 4999689933 9153474849 C127009026 4999689933 9153474849 19-11-19 09:02:48 49 35 16
C127021028 4999689933 9169827778 C127009028 4999689933 9169827778 19-11-19 09:02:28 70 60 16
C127007029 9824617891 4959818484 C127019026 9824617891 4959818484 19-11-19 09:03:11 43 41 16
C127008007 84932345333 4959818484 C127020001 84932345333 4959818484 19-11-19 09:03:16 51 49 16
C127016027 4999689423 9228901219 C127004012 4999689423 9228901219 19-11-19 09:03:31 47 0 16
C127007030 8352240650 4959842133 C127019027 8352240650 4959842133 19-11-19 09:03:45 39 0 16
C127016026 4995047894 9141419457 C127004011 4995047894 9141419457 19-11-19 09:03:33 51 39 16
C127002010 4953348189 4996585960 C127012012 4953348189 4996585960 19-11-19 09:03:53 32 19 16
C127021030 4999689933 9055991828 C127009031 4999689933 9055991828 19-11-19 09:03:23 65 58 16
C127021029 4999689933 9858555547 C127009029 4999689933 9858555547 19-11-19 09:03:39 50 41 16
C127016025 4996585858 9607498556 C127004010 4996585858 9607498556 19-11-19 09:03:38 51 0 16
C127007029 9038440621 4999689423 C127019028 9038440621 4999689423 19-11-19 09:04:11 32 30 16
C127006031 9220210281 4959818484 C127016005 9220210281 4959818484 19-11-19 09:03:58 47 47 16
C127006029 8432060138 4957274209 C127016009 8432060138 4957274209 19-11-19 09:04:19 41 0 16
C127021031 4959842101 9104444011 C127009030 4959842101 9104444011 19-11-19 09:00:48 262 249 16
C127009001 9999804051 4956004242 C127021008 9999804051 4956004242 19-11-19 09:03:38 95 0 16
C127006031 4951200307 4996583055 C127016010 4951200307 4996583055 19-11-19 09:05:09 5 0 21
C127021027 4957396201 9295580617 C127009027 4957396201 9295580617 19-11-19 09:04:03 72 58 16
C127008003 88002229612 4959818484 C127020003 88002229612 4959818484 19-11-19 09:04:30 49 46 16
C127007028 9268892940 4999689423 C127019029 9268892940 4999689423 19-11-19 09:04:14 69 65 16
C127010007 9265742116 4956004211 C127021009 9265742116 4956004211 19-11-19 09:04:03 81 71 16
C127006026 9652766425 4957394772 C127016004 9652766425 4957394772 19-11-19 09:02:54 155 149 16
C127021028 4956004400 4957772345 C127009028 4956004400 4957772345 19-11-19 09:03:53 96 92 16
C127007028 9092945240 4996584521 C127019002 9092945240 4996584521 19-11-19 09:05:29 5 0 21
C127007030 4993710566 4996582440 C127019030 4993710566 4996582440 19-11-19 09:04:43 56 38 16
C127007029 8352240650 4959842134 C127019031 8352240650 4959842134 19-11-19 09:04:51 57 55 16
C127016023 4999689174 4956965283 C127004008 4999689174 4956965283 19-11-19 09:05:25 39 0 16
C127007027 4956637220 4959842134 C127019001 4956637220 4959842134 19-11-19 09:05:16 51 49 16
C127006031 9265287106 4957863655 C127016011 9265287106 4957863655 19-11-19 09:05:24 48 44 16
C127007031 4957839056 4996582440 C127019023 4957839056 4996582440 19-11-19 09:02:12 241 226 16
C127016024 4999689423 9131028932 C127004009 4999689423 9131028932 19-11-19 09:04:53 89 69 16
C127002021 9289227087 4957270901 C127012013 9289227087 4957270901 19-11-19 09:04:02 146 145 16
C127009023 9257245798 4956004213 C127021010 9257245798 4956004213 19-11-19 09:05:57 31 26 16
C127016022 4999689423 9206844015 C127004007 4999689423 9206844015 19-11-19 09:05:38 53 0 16
C127016021 4996580102 9184911673 C127004006 4996580102 9184911673 19-11-19 09:05:43 56 39 16
C127006031 4952521025 4999689849 C127016014 4952521025 4999689849 19-11-19 09:06:39 6 2 16
C127012031 4957274210 4957774146 C127000031 4957274210 4957774146 19-11-19 09:00:45 360 358 16
C127016012 4999689423 9378437660 C127004024 4999689423 9378437660 19-11-19 08:59:22 460 444 16
C127016006 4999689423 9149364788 C127004018 4999689423 9149364788 19-11-19 09:01:23 362 332 16
C127006030 9255023291 4957274233 C127016007 9255023291 4957274233 19-11-19 09:04:10 204 203 16
C127007031 9055049706 4999689090 C127019003 9055049706 4999689090 19-11-19 09:06:39 60 0 16
C127008005 83472462813 4959842133 C127020002 83472462813 4959842133 19-11-19 09:03:31 250 220 16
C127016020 4996585858 9151753202 C127004005 4996585858 9151753202 19-11-19 09:05:58 125 109 16
C127000022 9261944312 4957274233 C127012014 9261944312 4957274233 19-11-19 09:06:05 130 127 16
C127016008 4999689423 9620044240 C127004020 4999689423 9620044240 19-11-19 09:00:43 453 439 16
C127002009 4959381482 4996585960 C127012015 4959381482 4996585960 19-11-19 09:07:50 29 11 16
C127021031 4999689933 9031776611 C127009031 4999689933 9031776611 19-11-19 09:07:48 35 24 16
C127021030 4999689933 9031340231 C127009030 4999689933 9031340231 19-11-19 09:08:13 11 0 16
C127012030 4959818484 4959565555 C127000030 4959818484 4959565555 19-11-19 09:04:25 244 241 16
C127007031 9013586241 4996580090 C127019004 9013586241 4996580090 19-11-19 09:07:57 47 40 16
C127010021 4994263507 4956004253 C127021012 4994263507 4956004253 19-11-19 09:07:00 106 103 16
C127008008 84932345333 4959818484 C127020004 84932345333 4959818484 19-11-19 09:06:51 121 119 16
C127006030 9291170747 4957396201 C127016017 9291170747 4957396201 19-11-19 09:08:46 9 7 16
C127016018 4999689423 9278607106 C127004003 4999689423 9278607106 19-11-19 09:08:38 35 7 16
C127006031 9246903240 4996580100 C127016015 9246903240 4996580100 19-11-19 09:08:36 44 42 16
C127000002 4955996338 4996580103 C127012018 4955996338 4996580103 19-11-19 09:08:53 36 0 16
C127006029 9651612625 4957396201 C127016013 9651612625 4957396201 19-11-19 09:06:04 211 209 16
C127016019 4959818525 10905302804916 C127004004 4959818525 10905302804916 19-11-19 09:06:27 191 180 16
C127021028 4956004400 4957772345 C127009028 4956004400 4957772345 19-11-19 09:09:16 28 24 16
C127021030 4956004213 4992627944 C127009030 4956004213 4992627944 19-11-19 09:09:01 50 44 16
C127003021 4959381482 4996585960 C127012020 4959381482 4996585960 19-11-19 09:09:35 22 5 16
C127021031 4956004213 4957872829 C127009031 4956004213 4957872829 19-11-19 09:08:53 64 58 16
C127008030 88616730344 4959842134 C127020006 88616730344 4959842134 19-11-19 09:07:28 153 148 16
C127021031 4996491422 4959611141 C127009031 4996491422 4959611141 19-11-19 09:10:02 11 3 16
C127010003 4996491422 4959611141 C127021014 4996491422 4959611141 19-11-19 09:10:02 11 3 16
C127007030 9111748272 4959842134 C127019006 9111748272 4959842134 19-11-19 09:09:00 74 73 16
C127021029 4999689933 9031776611 C127009029 4999689933 9031776611 19-11-19 09:09:01 77 54 16
C127021027 4999689933 9855444631 C127009027 4999689933 9855444631 19-11-19 09:09:33 46 0 16
C127000001 4955996338 4996580102 C127012021 4955996338 4996580102 19-11-19 09:09:36 46 40 16
C127006028 9854150750 4996585960 C127016023 9854150750 4996585960 19-11-19 09:10:19 19 16 16
C127016015 4996585858 9067592424 C127004001 4996585858 9067592424 19-11-19 09:09:23 75 55 16
C127016014 4999689423 9056799080 C127004031 4999689423 9056799080 19-11-19 09:10:18 30 14 16
C127012031 4999689668 4956290533 C127000031 4999689668 4956290533 19-11-19 09:09:30 78 71 16
C127016017 4959818501 4955610274 C127004002 4959818501 4955610274 19-11-19 09:09:04 105 100 16
C127007028 9637812672 4996584156 C127019009 9637812672 4996584156 19-11-19 09:10:44 5 0 21
C127006029 8122090850 4999689519 C127016022 8122090850 4999689519 19-11-19 09:10:07 56 50 16
C127000014 4955996338 4996580103 C127012022 4955996338 4996580103 19-11-19 09:10:30 37 0 16
C127006026 9166862036 4957863658 C127016025 9166862036 4957863658 19-11-19 09:10:38 40 28 16
C127021031 4959842101 9646219668 C127009031 4959842101 9646219668 19-11-19 09:10:13 67 53 16
C127007031 9623837636 4959818488 C127019005 9623837636 4959818488 19-11-19 09:08:47 156 153 16
C127007030 9056651425 4959818484 C127019008 9056651425 4959818484 19-11-19 09:10:42 46 44 16
C127008025 88616730344 4959842133 C127020007 88616730344 4959842133 19-11-19 09:11:11 21 0 16
C127007029 4959676000 4959818484 C127019007 4959676000 4959818484 19-11-19 09:09:55 102 99 16
C127003027 9913991084 4957863673 C127012024 9913991084 4957863673 19-11-19 09:11:33 5 0 21
C127003029 4955622801 4957274233 C127012017 4955622801 4957274233 19-11-19 09:08:29 194 190 16
C127003007 9913991084 4957863673 C127012025 9913991084 4957863673 19-11-19 09:11:46 1 0 16
C127000024 8312792590 4957863658 C127012019 8312792590 4957863658 19-11-19 09:09:15 153 143 16
C127006029 4957887930 4999689210 C127016026 4957887930 4999689210 19-11-19 09:11:21 31 27 16
C127008002 88616730344 4959842133 C127020008 88616730344 4959842133 19-11-19 09:11:43 9 0 16
C127021031 4999689933 9262321166 C127009031 4999689933 9262321166 19-11-19 09:11:44 13 8 16
C127006028 9162841300 4957396201 C127016027 9162841300 4957396201 19-11-19 09:11:43 18 17 16
C127006027 9255023291 4957274233 C127016024 9255023291 4957274233 19-11-19 09:10:19 104 100 16
C127008031 89263533223 4959818501 C127020005 89263533223 4959818501 19-11-19 09:06:52 313 304 16
C127006029 3833830805 4959842101 C127016028 3833830805 4959842101 19-11-19 09:12:07 19 14 16
C127006029 9152539718 4996585960 C127016029 9152539718 4996585960 19-11-19 09:12:51 17 13 16
C127008001 88616730344 4959842134 C127020009 88616730344 4959842134 19-11-19 09:12:11 58 56 16
C127006028 9152528663 4996585960 C127016030 9152528663 4996585960 19-11-19 09:13:04 5 0 21
C127009015 9852334727 4994009930 C127021017 9852334727 4994009930 19-11-19 09:11:56 76 75 16
C127016009 4959842101 4953463385 C127004026 4959842101 4953463385 19-11-19 09:11:54 81 72 16
C127007030 9250005390 4999689424 C127019011 9250005390 4999689424 19-11-19 09:13:01 14 12 16
C127007031 905302804916 4959818525 C127019010 905302804916 4959818525 19-11-19 09:12:48 29 0 16
C127006029 9152528663 4996585960 C127016031 9152528663 4996585960 19-11-19 09:13:18 18 11 16
C127021031 4952874025 9099519316 C127009031 4952874025 9099519316 19-11-19 09:13:19 22 6 16
C127007030 9060652101 4996585803 C127019013 9060652101 4996585803 19-11-19 09:13:39 5 0 21
C127007031 905302804916 4959818525 C127019012 905302804916 4959818525 19-11-19 09:13:24 33 3 16
C127021030 4959842157 9169140051 C127009030 4959842157 9169140051 19-11-19 09:13:33 25 9 16
C127021031 4999689933 9688569049 C127009031 4999689933 9688569049 19-11-19 09:13:43 17 7 16
C127006031 9227711162 4995047507 C127016021 9227711162 4995047507 19-11-19 09:09:22 286 279 16
C127012031 4957396201 4957413232 C127000031 4957396201 4957413232 19-11-19 09:11:49 147 133 16
C127012030 4999689668 4954000468 C127000030 4999689668 4954000468 19-11-19 09:14:00 23 0 16
C127010001 9843330547 4956004202 C127021021 9843330547 4956004202 19-11-19 09:14:08 17 15 16
C127006028 9375210770 4959842133 C127016001 9375210770 4959842133 19-11-19 09:13:36 50 0 16
C127021029 4957396201 9055990947 C127009029 4957396201 9055990947 19-11-19 09:13:56 31 19 16
C127008027 83812535297 4959818484 C127020010 83812535297 4959818484 19-11-19 09:14:26 3 2 41
C127009009 9269283557 4994000400 C127021011 9269283557 4994000400 19-11-19 09:06:35 475 472 16
C127016011 4996585858 8007771872 C127004028 4996585858 8007771872 19-11-19 09:11:27 186 185 16
C127009021 9843330547 4956004204 C127021022 9843330547 4956004204 19-11-19 09:14:08 28 19 16
C127006031 9150042112 4957396201 C127016002 9150042112 4957396201 19-11-19 09:14:12 29 28 16
C127009017 9019090935 4956004229 C127021013 9019090935 4956004229 19-11-19 09:10:01 282 276 16
C127016010 4959818501 4986027294 C127004027 4959818501 4986027294 19-11-19 09:11:40 185 184 16
C127007031 4999236697 4999689423 C127019015 4999236697 4999689423 19-11-19 09:14:44 8 5 16
C127016008 4999689423 9834231976 C127004025 4999689423 9834231976 19-11-19 09:12:43 132 120 16
C127006028 9150743797 4996585960 C127016009 9150743797 4996585960 19-11-19 09:14:35 21 16 16
C127009005 4965703489 4956004211 C127021020 4965703489 4956004211 19-11-19 09:13:54 69 60 16
C127021030 4959842157 9104211212 C127009030 4959842157 9104211212 19-11-19 09:14:10 57 0 16
C127016001 4999689423 9133390320 C127004020 4999689423 9133390320 19-11-19 09:14:37 43 5 16
C127007031 4999236697 4999689423 C127019017 4999236697 4999689423 19-11-19 09:15:12 9 8 16
C127006031 4951397976 4957390940 C127016010 4951397976 4957390940 19-11-19 09:15:18 4 0 21
C127010023 4996529025 4956004253 C127021026 4996529025 4956004253 19-11-19 09:15:19 5 1 16
C127021029 4957396201 9060648266 C127009029 4957396201 9060648266 19-11-19 09:14:27 65 43 16
C127021027 4957274256 9163126833 C127009027 4957274256 9163126833 19-11-19 09:15:03 35 7 16
C127012031 4999689668 4954000416 C127000031 4999689668 4954000416 19-11-19 09:15:19 20 8 16
C127016004 4957839794 9175715577 C127004021 4957839794 9175715577 19-11-19 09:14:32 70 57 16
C127009011 4814275540 4956004253 C127021019 4814275540 4956004253 19-11-19 09:13:32 132 131 16
C127010005 4951364080 4995599985 C127021001 4951364080 4995599985 19-11-19 09:15:23 22 0 31
C127009007 9999804051 4956004242 C127021025 9999804051 4956004242 19-11-19 09:15:00 47 0 16
C127021030 4959842157 9037405836 C127009030 4959842157 9037405836 19-11-19 09:15:19 31 15 16
C127016007 4957863650 4959571957 C127004024 4957863650 4959571957 19-11-19 09:13:15 157 156 16
C127007031 4999236697 4999689423 C127019018 4999236697 4999689423 19-11-19 09:15:43 13 8 16
C127016013 4999689423 9833035384 C127004030 4999689423 9833035384 19-11-19 09:10:38 322 309 16
C127006028 9162841300 4957396201 C127016014 9162841300 4957396201 19-11-19 09:15:54 14 11 16
C127021031 4952874025 4952323885 C127009031 4952874025 4952323885 19-11-19 09:14:08 127 125 16
C127007031 4957832837 4999689423 C127019021 4957832837 4999689423 19-11-19 09:16:20 5 3 16
C127010019 9169250339 4994000400 C127021023 9169250339 4994000400 19-11-19 09:14:09 137 134 16
C127016027 4957390933 9166320913 C127004014 4957390933 9166320913 19-11-19 09:16:27 2 0 16
C127007027 4957832837 4999689423 C127019023 4957832837 4999689423 19-11-19 09:16:30 5 4 16
C127007031 4999236697 4999689423 C127019022 4999236697 4999689423 19-11-19 09:16:26 12 10 16
C127012031 4999689668 4954000468 C127000031 4999689668 4954000468 19-11-19 09:16:00 39 0 16
C127007027 4952367276 4999689191 C127019025 4952367276 4999689191 19-11-19 09:16:50 1 0 16
C127007031 4957832837 4999689423 C127019024 4957832837 4999689423 19-11-19 09:16:44 10 8 16
C127010015 8127757495 4956004253 C127021015 8127757495 4956004253 19-11-19 09:10:55 360 357 16
C127021031 4995599910 4955422020 C127009031 4995599910 4955422020 19-11-19 09:16:48 16 14 16
C127016006 4957274242 4959804608 C127004023 4957274242 4959804608 19-11-19 09:14:05 185 176 16
C127016024 4996580090 9166320913 C127004011 4996580090 9166320913 19-11-19 09:16:46 27 0 16
C127016029 4999689423 8002003000 C127004017 4999689423 8002003000 19-11-19 09:15:28 106 103 16
C127007030 4993710564 4996582440 C127019014 4993710564 4996582440 19-11-19 09:13:54 202 193 16
C127006031 8432039636 4959818484 C127016011 8432039636 4959818484 19-11-19 09:15:42 95 93 16
C127016026 4959818484 4957846347 C127004013 4959818484 4957846347 19-11-19 09:16:35 47 38 16
C127016025 4999689423 9245044470 C127004012 4999689423 9245044470 19-11-19 09:16:38 52 30 16
C127006028 9162841300 4957396201 C127016015 9162841300 4957396201 19-11-19 09:16:21 75 73 16
C127007028 9266450796 4999689210 C127019020 9266450796 4999689210 19-11-19 09:15:56 100 96 16
C127016023 4999689668 4954000476 C127004010 4999689668 4954000476 19-11-19 09:16:59 39 0 16
C127008015 84956428646 4999689423 C127020012 84956428646 4999689423 19-11-19 09:17:07 33 33 16
C127016021 4957390967 4951270575 C127004008 4957390967 4951270575 19-11-19 09:17:23 18 13 16
C127010013 4965522407 4995599959 C127021002 4965522407 4995599959 19-11-19 09:16:49 55 53 16
C127021027 4999689933 9262321166 C127009027 4999689933 9262321166 19-11-19 09:17:43 6 0 17
C127016005 4959818424 3012260444 C127004022 4959818424 3012260444 19-11-19 09:14:17 215 205 16
C127021029 4957274233 9175257878 C127009029 4957274233 9175257878 19-11-19 09:17:03 52 0 16
C127006028 9152531580 4996585960 C127016018 9152531580 4996585960 19-11-19 09:17:38 21 4 16
C127003002 9289227087 4957270901 C127012023 9289227087 4957270901 19-11-19 09:11:05 424 421 16
C127016031 4999689423 9266970007 C127004019 4999689423 9266970007 19-11-19 09:14:58 192 171 16
C127021030 4956004400 4957772345 C127009030 4956004400 4957772345 19-11-19 09:17:00 74 71 16
C127006031 9057504262 4957869757 C127016017 9057504262 4957869757 19-11-19 09:17:20 67 64 16
C127016022 4999689423 4134292223 C127004009 4999689423 4134292223 19-11-19 09:17:18 76 69 16
C127010029 4951364080 4995599985 C127021003 4951364080 4995599985 19-11-19 09:18:18 22 0 31
C127021029 4995599910 9266065206 C127009029 4995599910 9266065206 19-11-19 09:18:08 33 26 16
C127006029 9992244590 4957396201 C127016003 9992244590 4957396201 19-11-19 09:14:31 254 252 16
C127016010 4999689229 4966626061 C127004002 4999689229 4966626061 19-11-19 09:18:48 3 0 17
C127016014 4999689423 9131028932 C127004005 4999689423 9131028932 19-11-19 09:18:01 54 40 16
C127008023 88123350282 4959818484 C127020013 88123350282 4959818484 19-11-19 09:17:59 57 53 16
C127021027 4952874025 9036884724 C127009027 4952874025 9036884724 19-11-19 09:17:51 65 54 16
C127010017 4956418568 4995599909 C127021018 4956418568 4995599909 19-11-19 09:13:23 338 322 16
C127001015 3432030611 4959818484 C127012001 3432030611 4959818484 19-11-19 09:18:11 56 54 16
C127016013 4996585858 9141589399 C127004004 4996585858 9141589399 19-11-19 09:18:33 34 23 16
C127006031 9269174124 4957396201 C127016024 9269174124 4957396201 19-11-19 09:18:32 37 31 16
C127016009 4959818484 4952873433 C127004001 4959818484 4952873433 19-11-19 09:18:55 16 10 16
C127021030 4957274233 9267931313 C127009030 4957274233 9267931313 19-11-19 09:18:23 48 0 16
C127006027 9227020466 4959818484 C127016021 9227020466 4959818484 19-11-19 09:17:45 87 84 16
C127016008 4957274233 9156330595 C127004031 4957274233 9156330595 19-11-19 09:19:13 1 0 31
C127007031 4957832837 4999689423 C127019026 4957832837 4999689423 19-11-19 09:17:01 135 133 16
C127016012 4957274280 4995585828 C127004029 4957274280 4995585828 19-11-19 09:11:08 500 498 16
C127000004 8125771952 4959842134 C127012030 8125771952 4959842134 19-11-19 09:18:03 92 88 16
C127009019 4852695276 4995599959 C127021004 4852695276 4995599959 19-11-19 09:18:39 57 53 16
C127008024 83812535297 4959818484 C127020011 83812535297 4959818484 19-11-19 09:14:50 290 285 16
C127006026 9221423154 4959818484 C127016023 9221423154 4959818484 19-11-19 09:17:49 112 108 16
C127021028 4956004245 4959932020 C127009028 4956004245 4959932020 19-11-19 09:14:31 311 305 16
C127010009 4994029165 4956004245 C127021024 4994029165 4956004245 19-11-19 09:14:26 316 305 16
C127016006 4999689423 9035912595 C127004028 4999689423 9035912595 19-11-19 09:19:22 22 0 16
C127006029 4952521025 4999689849 C127016026 4952521025 4999689849 19-11-19 09:19:40 5 2 16
C127016004 4999689229 4955904212 C127004026 4999689229 4955904212 19-11-19 09:19:27 22 14 16
C127021029 4957274233 9690372881 C127009029 4957274233 9690372881 19-11-19 09:19:42 9 0 16
C127021026 4995599985 9104396748 C127009026 4995599985 9104396748 19-11-19 09:15:29 270 253 16
C127007031 9039718564 4996583141 C127019027 9039718564 4996583141 19-11-19 09:19:56 3 0 21
C127016003 4959830918 9258203362 C127004025 4959830918 9258203362 19-11-19 09:19:58 7 0 16
C127006027 4996813614 4996580504 C127016031 4996813614 4996580504 19-11-19 09:20:03 6 0 21
C127012025 4959818484 4952873433 C127000030 4959818484 4952873433 19-11-19 09:19:29 42 35 16
C127016005 4999689423 9231357654 C127004027 4999689423 9231357654 19-11-19 09:19:23 51 0 16
C127007031 4996813614 4996580504 C127019028 4996813614 4996580504 19-11-19 09:20:11 3 0 21
C127016011 4996580669 4956932472 C127004003 4996580669 4956932472 19-11-19 09:18:46 96 88 16
C127020012 4999689668 84954000477 C127008015 4999689668 84954000477 19-11-19 09:19:58 29 0 16
C127016031 4957274233 4953807005 C127004022 4957274233 4953807005 19-11-19 09:20:20 8 0 16
C127000011 4994315716 4957274233 C127012027 4994315716 4957274233 19-11-19 09:16:01 273 271 16
C127021030 4956004400 9057365161 C127009030 4956004400 9057365161 19-11-19 09:19:39 55 33 16
C127016019 4957274242 4997886566 C127004007 4957274242 4997886566 19-11-19 09:17:30 194 184 16
C127016026 4957274233 4953807005 C127004021 4957274233 4953807005 19-11-19 09:20:40 7 0 16
C127021031 4995599910 4952761626 C127009031 4995599910 4952761626 19-11-19 09:17:33 197 195 16
C127009003 4997858191 4956004404 C127021005 4997858191 4956004404 19-11-19 09:20:19 33 26 16
C127016001 4996585858 9885392828 C127004023 4996585858 9885392828 19-11-19 09:20:13 40 1 16
C127006029 9375210770 4959842133 C127016027 9375210770 4959842133 19-11-19 09:19:53 63 0 16
C127016007 4999689423 9228901219 C127004030 4999689423 9228901219 19-11-19 09:19:14 107 97 16
C127016024 4999689668 4954000405 C127004020 4999689668 4954000405 19-11-19 09:20:45 17 12 16
C127012025 4959818484 4952873433 C127000028 4959818484 4952873433 19-11-19 09:20:29 41 35 16
C127016030 4999689423 9378437660 C127004018 4999689423 9378437660 19-11-19 09:15:26 345 336 16
C127010025 4965738632 4956004400 C127021006 4965738632 4956004400 19-11-19 09:20:26 47 40 16
C127021029 4995047866 9150597978 C127009029 4995047866 9150597978 19-11-19 09:20:28 51 34 16
C127012029 4956004404 4957872994 C127000029 4956004404 4957872994 19-11-19 09:05:31 951 949 16
C127007031 4996851196 4999689848 C127019029 4996851196 4999689848 19-11-19 09:21:22 12 10 16
C127012030 4959818435 4997541090 C127000030 4959818435 4997541090 19-11-19 09:20:13 84 62 16
C127016023 4996585858 9885392828 C127004019 4996585858 9885392828 19-11-19 09:21:18 24 0 16
C127016028 4959842134 8127407889 C127004015 4959842134 8127407889 19-11-19 09:15:43 367 362 16
C127006027 9148516349 4996580010 C127016003 9148516349 4996580010 19-11-19 09:20:24 90 0 16
C127006026 9779851184 4999689423 C127016004 9779851184 4999689423 19-11-19 09:20:28 94 89 16
C127006031 9269174124 4957396201 C127016025 9269174124 4957396201 19-11-19 09:19:28 158 153 16
C127008015 84952800281 4959818484 C127020014 84952800281 4959818484 19-11-19 09:21:18 48 40 16
C127021031 4999689933 9855310247 C127009031 4999689933 9855310247 19-11-19 09:21:03 67 52 16
C127021030 4999689933 9688569049 C127009030 4999689933 9688569049 19-11-19 09:20:42 89 80 16
C127000009 3912493373 4957274280 C127012003 3912493373 4957274280 19-11-19 09:21:25 52 49 16
C127007028 4955442112 4957396201 C127019001 4955442112 4957396201 19-11-19 09:21:48 34 31 16
C127008014 84922458014 4959818484 C127020017 84922458014 4959818484 19-11-19 09:21:50 40 37 16
C127007028 9684022161 4999689020 C127019004 9684022161 4999689020 19-11-19 09:22:25 6 0 18
C127021029 4957274233 9859937001 C127009029 4957274233 9859937001 19-11-19 09:21:23 70 60 16
C127016015 4999689423 9604817888 C127004006 4999689423 9604817888 19-11-19 09:17:43 296 269 16
C127006029 8003335182 4957869738 C127016007 8003335182 4957869738 19-11-19 09:22:34 5 0 21
C127007027 9257338997 4995044065 C127019002 9257338997 4995044065 19-11-19 09:22:01 42 40 16
C127007026 4232532424 4959818484 C127019003 4232532424 4959818484 19-11-19 09:22:06 43 41 16
C127016022 4999689423 9879885260 C127004018 4999689423 9879885260 19-11-19 09:22:26 37 0 16
C127021031 4999676447 9260224969 C127009031 4999676447 9260224969 19-11-19 09:22:28 43 0 31
C127000027 4991986290 4957274233 C127012026 4991986290 4957274233 19-11-19 09:15:18 473 472 16
C127021029 4999689933 9264500122 C127009029 4999689933 9264500122 19-11-19 09:22:58 14 0 17
C127021028 4999676447 9260224969 C127009028 4999676447 9260224969 19-11-19 09:21:33 100 60 16
C127006025 9296971427 4957390933 C127016005 9296971427 4957390933 19-11-19 09:20:54 143 139 16
C127016021 4999689423 9139411137 C127004017 4999689423 9139411137 19-11-19 09:22:43 37 1 16
C127021031 4999676447 9260224969 C127009031 4999676447 9260224969 19-11-19 09:23:15 6 0 16
C127007027 9035239800 4999689848 C127019006 9035239800 4999689848 19-11-19 09:23:13 20 15 16
C127021031 4957274233 9850503459 C127009031 4957274233 9850503459 19-11-19 09:23:26 10 0 16
C127008029 89267849284 4959842134 C127020015 89267849284 4959842134 19-11-19 09:21:37 123 117 16
C127007028 9859992346 4999689097 C127019005 9859992346 4999689097 19-11-19 09:22:43 68 58 16
C127001029 4956259595 4959842134 C127012004 4956259595 4959842134 19-11-19 09:22:56 57 55 16
C127021029 4999689933 9262321166 C127009029 4999689933 9262321166 19-11-19 09:23:43 10 0 17
C127021028 4957274233 9850503459 C127009028 4957274233 9850503459 19-11-19 09:23:47 9 0 16
C127006029 9537627221 4996580103 C127016008 9537627221 4996580103 19-11-19 09:22:46 72 0 16
C127007026 9268892940 4999689423 C127019008 9268892940 4999689423 19-11-19 09:23:49 9 7 16
C127006028 9998286330 4999689423 C127016029 9998286330 4999689423 19-11-19 09:20:02 240 238 16
C127007031 4996851196 4999689848 C127019030 4996851196 4999689848 19-11-19 09:21:43 140 136 16
C127007025 9036684570 4996580103 C127019009 9036684570 4996580103 19-11-19 09:23:50 24 0 16
C127021029 4957274233 9653394243 C127009029 4957274233 9653394243 19-11-19 09:24:08 10 0 16
C127007030 9641670187 4957839794 C127019031 9641670187 4957839794 19-11-19 09:21:46 152 145 16
C127010027 9067000050 4956004400 C127021007 9067000050 4956004400 19-11-19 09:22:10 137 128 16
C127007027 9056010171 4957274224 C127019007 9056010171 4957274224 19-11-19 09:23:45 47 43 16
C127007031 9251305929 4999689848 C127019010 9251305929 4999689848 19-11-19 09:24:15 17 16 16
C127010031 9081853011 4952874026 C127021009 9081853011 4952874026 19-11-19 09:24:04 38 36 16
C127016019 4996585858 9001971993 C127004015 4996585858 9001971993 19-11-19 09:23:28 76 63 16
C127006030 9282798517 4959842134 C127016020 9282798517 4959842134 19-11-19 09:09:10 937 934 16
C127009025 9109134522 4956004295 C127021010 9109134522 4956004295 19-11-19 09:24:12 37 29 16
C127021026 4999689933 9067219767 C127009026 4999689933 9067219767 19-11-19 09:23:47 63 45 16
C127021028 4999689933 9037234595 C127009028 4999689933 9037234595 19-11-19 09:24:16 34 14 16
C127021028 4957274233 9776447665 C127009028 4957274233 9776447665 19-11-19 09:24:53 4 0 16
C127021031 4995047507 9153615948 C127009031 4995047507 9153615948 19-11-19 09:23:38 83 52 16
C127006031 9210585482 4999689423 C127016006 9210585482 4999689423 19-11-19 09:22:07 174 170 16
C127007028 9856638457 4999689966 C127019013 9856638457 4999689966 19-11-19 09:25:00 4 0 21
C127007029 9859201146 4957274233 C127019019 9859201146 4957274233 19-11-19 09:15:52 559 558 16
C127021029 4995047883 9262946939 C127009029 4995047883 9262946939 19-11-19 09:24:49 26 17 16
C127006029 9998286330 4999689423 C127016010 9998286330 4999689423 19-11-19 09:24:16 64 62 16
C127010011 9055991643 4995044065 C127021011 9055991643 4995044065 19-11-19 09:24:35 49 46 31
C127002005 4132639244 4996580100 C127012002 4132639244 4996580100 19-11-19 09:21:17 256 252 16
C127009013 9262647222 4956004213 C127021008 9262647222 4956004213 19-11-19 09:23:38 118 110 16
C127006030 8127777988 4959818424 C127016011 8127777988 4959818424 19-11-19 09:24:53 44 42 16
C127006028 8312621764 4959818484 C127016012 8312621764 4959818484 19-11-19 09:24:57 42 41 16
C127007026 9616107321 4957274293 C127019018 9616107321 4957274293 19-11-19 09:25:41 3 0 21
C127007025 9253912170 4996585702 C127019019 9253912170 4996585702 19-11-19 09:25:44 3 0 21
C127021026 4956004400 4957772345 C127009026 4956004400 4957772345 19-11-19 09:25:30 23 20 16
C127007031 9251305929 4999689848 C127019011 9251305929 4999689848 19-11-19 09:24:41 80 78 16
C127021028 4999676447 9260224969 C127009028 4999676447 9260224969 19-11-19 09:25:18 44 4 16
C127006030 4952251940 4959842134 C127016019 4952251940 4959842134 19-11-19 09:25:39 24 22 16
C127003001 3432030310 4959818484 C127012006 3432030310 4959818484 19-11-19 09:25:24 51 47 16
C127007029 9164761804 4999689191 C127019014 9164761804 4999689191 19-11-19 09:25:18 65 60 16
C127016012 4999689423 9017855040 C127004012 4999689423 9017855040 19-11-19 09:25:53 35 0 16
C127021030 4999689933 9063784174 C127009030 4999689933 9063784174 19-11-19 09:22:44 225 216 16
C127021027 4999689933 9168292663 C127009027 4999689933 9168292663 19-11-19 09:23:03 206 187 16
C127016011 4996580300 8462129946 C127004011 4996580300 8462129946 19-11-19 09:26:23 6 3 16
C127001011 4995049849 4957394775 C127012007 4995049849 4957394775 19-11-19 09:26:22 7 0 21
C127007025 4993710566 4996582440 C127019021 4993710566 4996582440 19-11-19 09:25:57 33 22 16
C127003025 4995049849 4957394775 C127012008 4995049849 4957394775 19-11-19 09:26:30 4 0 21
C127007028 9065559301 4957274224 C127019015 9065559301 4957274224 19-11-19 09:25:23 77 74 16
C127007026 9856638457 4999689668 C127019020 9856638457 4999689668 19-11-19 09:25:45 66 66 16
C127016010 4996580300 8462129946 C127004010 4996580300 8462129946 19-11-19 09:26:48 6 3 16
C127008026 89165206120 4959818501 C127020018 89165206120 4959818501 19-11-19 09:25:52 74 70 16
C127007030 9653289538 4999689608 C127019012 9653289538 4999689608 19-11-19 09:24:49 144 135 16
C127016017 4999689608 4957989608 C127004013 4999689608 4957989608 19-11-19 09:24:55 138 135 16
C127007028 9671367355 4996584156 C127019024 9671367355 4996584156 19-11-19 09:27:09 5 0 21
C127021031 4957274233 9260427168 C127009031 4957274233 9260427168 19-11-19 09:25:13 126 116 16
C127021030 4999689933 9162870563 C127009030 4999689933 9162870563 19-11-19 09:26:53 26 18 16
C127021027 4999689933 9263321297 C127009027 4999689933 9263321297 19-11-19 09:27:11 9 0 16
C127009001 4999590097 4956004253 C127021012 4999590097 4956004253 19-11-19 09:24:54 150 147 16
C127000017 4955479806 4959818484 C127012009 4955479806 4959818484 19-11-19 09:26:48 46 43 16
C127007031 9191875520 4959818484 C127019022 9191875520 4959818484 19-11-19 09:26:58 39 37 16
C127010021 4956602441 4995599910 C127021014 4956602441 4995599910 19-11-19 09:26:54 44 43 16
C127021026 4956004400 4957772345 C127009026 4956004400 4957772345 19-11-19 09:26:18 85 81 16
C127007029 4959676000 4959818484 C127019023 4959676000 4959818484 19-11-19 09:27:08 42 40 16
C127006029 9998286330 4999689423 C127016014 9998286330 4999689423 19-11-19 09:25:29 141 137 16
C127008013 88123350282 4959818484 C127020019 88123350282 4959818484 19-11-19 09:27:04 46 42 16
C127016007 4999689423 9268263019 C127004008 4999689423 9268263019 19-11-19 09:27:18 33 26 16
C127021026 4957274242 4994005604 C127009026 4957274242 4994005604 19-11-19 09:27:49 5 5 16
C127006025 9832934297 4999689423 C127016022 9832934297 4999689423 19-11-19 09:27:00 55 52 16
C127016008 4996585858 9232554685 C127004009 4996585858 9232554685 19-11-19 09:26:58 58 0 16
C127010007 9055991643 4995044065 C127021013 9055991643 4995044065 19-11-19 09:25:36 143 142 16
C127006026 9035037861 4957396201 C127016015 9035037861 4957396201 19-11-19 09:25:37 147 144 16
C127006022 9200771663 4959842133 C127016025 9200771663 4959842133 19-11-19 09:27:27 38 0 16
C127012030 4959818484 4955105626 C127000030 4959818484 4955105626 19-11-19 09:26:40 91 75 16
C127006028 9608674548 4957394772 C127016021 9608674548 4957394772 19-11-19 09:26:54 79 74 16
C127021023 4956004400 4957772345 C127009023 4956004400 4957772345 19-11-19 09:26:23 111 108 16
C127006021 9156095888 4999689229 C127016026 9156095888 4999689229 19-11-19 09:27:37 51 43 16
C127016006 4999689423 9268263019 C127004007 4999689423 9268263019 19-11-19 09:28:10 22 13 16
C127007031 4992710434 4999689849 C127019026 4992710434 4999689849 19-11-19 09:28:25 11 9 16
C127016018 4999689203 4957487748 C127004014 4999689203 4957487748 19-11-19 09:24:38 239 237 16
C127021026 4995599910 9685201558 C127009026 4995599910 9685201558 19-11-19 09:27:59 42 28 16
C127021028 4999689933 9104246082 C127009028 4999689933 9104246082 19-11-19 09:26:03 166 120 16
C127021025 4999689933 9015816248 C127009025 4999689933 9015816248 19-11-19 09:25:43 186 177 16
C127021029 4995047870 9680106464 C127009029 4995047870 9680106464 19-11-19 09:25:16 213 202 16
C127021027 4999689933 9063784174 C127009027 4999689933 9063784174 19-11-19 09:27:43 78 71 16
C127021022 4999689933 9998115579 C127009022 4999689933 9998115579 19-11-19 09:28:04 57 0 16
C127000003 4732602056 4999689102 C127012005 4732602056 4999689102 19-11-19 09:24:20 286 274 16
C127008022 84932345333 4959818484 C127020020 84932345333 4959818484 19-11-19 09:28:16 50 48 16
C127006030 3833830805 4959842101 C127016020 3833830805 4959842101 19-11-19 09:26:04 186 182 16
C127006029 4957307374 4959818484 C127016027 4957307374 4959818484 19-11-19 09:28:27 45 44 16
C127016031 4959830918 9323021932 C127004002 4959830918 9323021932 19-11-19 09:29:12 13 0 16
C127016005 4999689423 9610028662 C127004006 4999689423 9610028662 19-11-19 09:28:34 52 28 16
C127016003 4959818424 9021693130 C127004004 4959818424 9021693130 19-11-19 09:28:58 31 0 16
C127021021 4957396201 9252114252 C127009021 4957396201 9252114252 19-11-19 09:28:13 78 67 16
C127021024 4995599910 9851332438 C127009024 4995599910 9851332438 19-11-19 09:25:48 225 214 16
C127001006 4955479806 4959818484 C127012010 4955479806 4959818484 19-11-19 09:28:35 60 57 16
C127021026 4956004400 4957772345 C127009026 4956004400 4957772345 19-11-19 09:29:13 37 34 16
C127016001 4999689423 9136136043 C127004003 4999689423 9136136043 19-11-19 09:29:03 48 2 16
C127007030 9251305929 4999689848 C127019025 9251305929 4999689848 19-11-19 09:27:25 147 145 16
C127021031 4999689933 9162870563 C127009031 4999689933 9162870563 19-11-19 09:27:27 149 91 16
C127021023 4999689933 9032001906 C127009023 4999689933 9032001906 19-11-19 09:28:36 80 50 16
C127021027 4956004351 9194119383 C127009027 4956004351 9194119383 19-11-19 09:29:11 48 32 16
C127010003 9067395553 4956004351 C127021015 9067395553 4956004351 19-11-19 09:28:51 69 32 16
C127012031 4999689423 4952588170 C127000031 4999689423 4952588170 19-11-19 09:17:09 776 774 16
C127021029 4995599910 9685201558 C127009029 4995599910 9685201558 19-11-19 09:29:03 71 59 16
C127021025 4999689933 9262321166 C127009025 4999689933 9262321166 19-11-19 09:29:43 33 4 16
C127006030 8452669574 4952329633 C127016029 8452669574 4952329633 19-11-19 09:29:15 61 46 16
C127006029 4952298400 4959818484 C127016030 4952298400 4959818484 19-11-19 09:29:33 43 38 16
C127006026 9584973574 4996588094 C127016031 9584973574 4996588094 19-11-19 09:30:15 4 0 21
C127006023 4952251940 4959842134 C127016024 4952251940 4959842134 19-11-19 09:27:27 173 172 16
C127020011 4957390936 84993227478 C127008014 4957390936 84993227478 19-11-19 09:30:07 20 4 102
C127006024 9855228654 4957274233 C127016023 9855228654 4957274233 19-11-19 09:27:07 205 203 16
C127016027 4999689423 9017855040 C127004001 4999689423 9017855040 19-11-19 09:29:58 44 0 16
C127008011 84956428646 4999689423 C127020021 84956428646 4999689423 19-11-19 09:29:45 60 52 16
C127006027 4957862894 4959842134 C127016009 4957862894 4959842134 19-11-19 09:23:56 421 419 16
C127016023 4999689423 9116558777 C127004028 4999689423 9116558777 19-11-19 09:31:03 2 0 34
C127002017 4955830906 4999689668 C127012012 4955830906 4999689668 19-11-19 09:29:12 119 116 16
C127021028 4995599846 9032662183 C127009028 4995599846 9032662183 19-11-19 09:29:08 133 121 16
C127021026 4999689933 9998115579 C127009026 4999689933 9998115579 19-11-19 09:31:02 30 0 17
C127021027 4999689933 9063784174 C127009027 4999689933 9063784174 19-11-19 09:30:43 50 42 16
C127021029 4995047850 9150658012 C127009029 4995047850 9150658012 19-11-19 09:30:22 77 0 16
C127008010 84956428646 4999689423 C127020022 84956428646 4999689423 19-11-19 09:31:03 37 34 16
C127016021 4999689423 9257940445 C127004026 4999689423 9257940445 19-11-19 09:31:13 34 23 16
C127016026 4999689423 9131028932 C127004031 4999689423 9131028932 19-11-19 09:30:38 73 63 16
C127006030 9375210770 4959842133 C127016001 9375210770 4959842133 19-11-19 09:30:44 67 0 16
C127016004 4957863644 4957257272 C127004005 4957863644 4957257272 19-11-19 09:28:45 188 184 16
C127008009 88312160284 4999689849 C127020024 88312160284 4999689849 19-11-19 09:31:47 9 8 16
C127003023 4997342220 4999689100 C127012013 4997342220 4999689100 19-11-19 09:29:22 154 139 16
C127016020 4959842141 4956637418 C127004025 4959842141 4956637418 19-11-19 09:31:49 12 10 16
C127007030 9630809090 4957839794 C127019028 9630809090 4957839794 19-11-19 09:30:21 101 94 16
C127006029 4993227478 4957390936 C127016003 4993227478 4957390936 19-11-19 09:30:49 73 53 16
C127007031 4993710566 4996582440 C127019027 4993710566 4996582440 19-11-19 09:29:45 149 138 16
C127008021 84922458014 4959818484 C127020023 84922458014 4959818484 19-11-19 09:31:34 45 41 16
C127007027 9607528641 4999689519 C127019017 9607528641 4999689519 19-11-19 09:25:36 406 404 16
C127021031 4957869754 9163765719 C127009031 4957869754 9163765719 19-11-19 09:29:58 153 144 16
C127006025 8005555158 4996584856 C127016009 8005555158 4996584856 19-11-19 09:32:32 4 0 21
C127021025 4999689933 9035672607 C127009025 4999689933 9035672607 19-11-19 09:32:03 34 23 16
C127021029 4999689933 9265441787 C127009029 4999689933 9265441787 19-11-19 09:31:44 53 43 16
C127021026 4995599991 4997238024 C127009026 4995599991 4997238024 19-11-19 09:31:53 45 28 16
C127003011 4956219097 4999689191 C127012011 4956219097 4999689191 19-11-19 09:29:06 217 215 16
C127006027 9161199152 4995047804 C127016005 9161199152 4995047804 19-11-19 09:31:12 92 79 16
C127006025 4952521025 4999689849 C127016010 4952521025 4999689849 19-11-19 09:32:40 5 2 16
C127012031 4996580016 4951338650 C127000031 4996580016 4951338650 19-11-19 09:31:34 74 69 16
C127009015 9263470954 4956004213 C127021017 9263470954 4956004213 19-11-19 09:31:05 106 89 16
C127021023 4995599846 9259094610 C127009023 4995599846 9259094610 19-11-19 09:32:10 48 0 17
C127008020 84952800281 4959818484 C127020025 84952800281 4959818484 19-11-19 09:32:06 52 45 16
C127006026 9163586921 4957274224 C127016006 9163586921 4957274224 19-11-19 09:31:25 95 91 16
C127007030 9773311313 4959818484 C127019030 9773311313 4959818484 19-11-19 09:32:11 50 49 16
C127010001 9081853011 4952874026 C127021018 9081853011 4952874026 19-11-19 09:31:51 70 68 16
C127007029 9164904202 4999689423 C127019029 9164904202 4999689423 19-11-19 09:31:48 74 73 16
C127006029 9035260454 4957390933 C127016008 9035260454 4957390933 19-11-19 09:32:32 32 31 16
C127021022 4956004400 4957772345 C127009022 4956004400 4957772345 19-11-19 09:32:12 53 50 16
C127009017 9999804051 4956004242 C127021020 9999804051 4956004242 19-11-19 09:32:08 57 0 16
C127006028 9099876827 4957390933 C127016028 9099876827 4957390933 19-11-19 09:28:47 259 254 16
C127016015 4999689423 9052034884 C127004020 4999689423 9052034884 19-11-19 09:33:01 6 0 16
C127007031 9051253059 4957274224 C127019031 9051253059 4957274224 19-11-19 09:32:16 57 54 16
C127020009 4957396201 84997317183 C127008012 4957396201 84997317183 19-11-19 09:31:43 92 51 16
C127002019 4712222290 4959818484 C127012014 4712222290 4959818484 19-11-19 09:31:32 104 103 16
C127009009 9017013575 4956004400 C127021019 9017013575 4956004400 19-11-19 09:32:05 80 72 16
C127021025 4956004295 9278465008 C127009025 4956004295 9278465008 19-11-19 09:33:12 13 0 16
C127016018 4957863688 9324892761 C127004022 4957863688 9324892761 19-11-19 09:32:40 48 39 16
C127009005 4956701926 4956004295 C127021021 4956701926 4956004295 19-11-19 09:32:12 76 70 16
C127021024 4995599910 4956579108 C127009024 4995599910 4956579108 19-11-19 09:32:08 88 86 16
C127021028 4995047866 9251722751 C127009028 4995047866 9251722751 19-11-19 09:31:46 115 99 16
C127007028 4993710566 4996582440 C127019001 4993710566 4996582440 19-11-19 09:32:35 71 60 16
C127006031 9153432730 4957274233 C127016013 9153432730 4957274233 19-11-19 09:25:03 529 524 16
C127021031 4995599991 4993568001 C127009031 4995599991 4993568001 19-11-19 09:32:48 65 60 16
C127006030 4952251940 4959842134 C127016007 4952251940 4959842134 19-11-19 09:32:24 90 86 16
C127008012 81079296299427 4959818415 C127020027 81079296299427 4959818415 19-11-19 09:33:49 6 0 21
C127007030 4955442112 4957396201 C127019003 4955442112 4957396201 19-11-19 09:33:12 44 43 16
C127021023 4995599846 9267885718 C127009023 4995599846 9267885718 19-11-19 09:33:19 40 28 16
C127007028 9299758428 4996580012 C127019006 9299758428 4996580012 19-11-19 09:33:54 5 0 21
C127016019 4999689423 9517971973 C127004023 4999689423 9517971973 19-11-19 09:31:52 130 119 16
C127021030 4995047861 9104221572 C127009030 4995047861 9104221572 19-11-19 09:27:28 394 381 16
C127021027 4956004400 4957772345 C127009027 4956004400 4957772345 19-11-19 09:31:48 136 133 16
C127021028 4952874025 9687810248 C127009028 4952874025 9687810248 19-11-19 09:33:42 22 10 16
C127007030 9299758428 4996580012 C127019007 9299758428 4996580012 19-11-19 09:34:01 3 0 21
C127008019 84957888665 4959818520 C127020026 84957888665 4959818520 19-11-19 09:32:29 99 87 16
C127007030 9067188767 4996580012 C127019008 9067188767 4996580012 19-11-19 09:34:06 3 0 21
C127020008 4959818504 84952326861 C127008011 4959818504 84952326861 19-11-19 09:34:08 2 0 16
C127006030 9998818726 4996580012 C127016015 9998818726 4996580012 19-11-19 09:34:11 3 0 21
C127008017 84996813566 4959818400 C127020028 84996813566 4959818400 19-11-19 09:34:09 6 0 17
C127007031 8312969903 4959818484 C127019004 8312969903 4959818484 19-11-19 09:33:33 50 48 16
C127016024 4999689423 4995508888 C127004029 4999689423 4995508888 19-11-19 09:31:00 203 200 16
C127021030 4957396201 9683636322 C127009030 4957396201 9683636322 19-11-19 09:34:03 23 0 16
C127016012 4999689423 9052034884 C127004018 4999689423 9052034884 19-11-19 09:33:28 60 45 16
C127009011 79646800603 4956004400 C127021025 79646800603 4956004400 19-11-19 09:33:35 57 49 16
C127016022 4999689423 9116558777 C127004027 4999689423 9116558777 19-11-19 09:31:09 203 171 16
C127006031 9169827778 4996581466 C127016013 9169827778 4996581466 19-11-19 09:34:08 25 0 18
C127003020 4955830906 4999689668 C127012015 4955830906 4999689668 19-11-19 09:33:40 56 53 16
C127000019 4956219097 4999689191 C127012017 4956219097 4999689191 19-11-19 09:34:04 33 31 16
C127012031 4959818484 4959957705 C127000031 4959818484 4959957705 19-11-19 09:33:12 89 85 16
C127007029 9251305929 4999689848 C127019005 9251305929 4999689848 19-11-19 09:33:43 61 59 16
C127021023 4999689933 9265441787 C127009023 4999689933 9265441787 19-11-19 09:34:42 10 0 17
C127007031 4999290282 4957390940 C127019009 4999290282 4957390940 19-11-19 09:34:49 4 0 21
C127016014 4999689423 9082635333 C127004019 4999689423 9082635333 19-11-19 09:33:27 87 73 16
C127009007 3433510966 4956004400 C127021002 3433510966 4956004400 19-11-19 09:34:09 46 38 16
C127012031 4959842141 4956637418 C127000031 4959842141 4956637418 19-11-19 09:34:50 9 8 16
C127021021 4957274233 9169827778 C127009021 4957274233 9169827778 19-11-19 09:34:43 17 0 16
C127021026 4956004400 4957772345 C127009026 4956004400 4957772345 19-11-19 09:33:12 109 107 16
C127010019 4992710434 4995599925 C127021003 4992710434 4995599925 19-11-19 09:34:49 14 9 16
C127021031 4956004400 9154050110 C127009031 4956004400 9154050110 19-11-19 09:34:01 68 55 16
C127008011 84996535259 4959818516 C127020029 84996535259 4959818516 19-11-19 09:35:10 5 0 21
C127007028 9096706912 4959842134 C127019013 9096706912 4959842134 19-11-19 09:35:01 14 12 16
C127021029 4999689933 9264500122 C127009029 4999689933 9264500122 19-11-19 09:33:03 133 126 16
C127021020 4999689933 9037686629 C127009022 4999689933 9037686629 19-11-19 09:33:23 113 95 16
C127021027 4957274233 9167109161 C127009027 4957274233 9167109161 19-11-19 09:34:36 46 31 16
C127007028 3412320031 4959818484 C127019015 3412320031 4959818484 19-11-19 09:35:20 4 4 16
C127010005 8123348853 4956004253 C127021001 8123348853 4956004253 19-11-19 09:33:45 103 100 16
C127007029 9646496107 4957396201 C127019011 9646496107 4957396201 19-11-19 09:34:52 40 39 16
C127016009 4999689423 4957953625 C127004014 4999689423 4957953625 19-11-19 09:34:40 58 52 16
C127007024 9264100849 4999689423 C127019018 9264100849 4999689423 19-11-19 09:35:23 18 16 16
C127016008 4999689423 9504538389 C127004013 4999689423 9504538389 19-11-19 09:35:09 35 3 16
C127001013 3496334848 4959818484 C127012018 3496334848 4959818484 19-11-19 09:34:24 84 82 16
C127021019 4999689933 9258759601 C127009020 4999689933 9258759601 19-11-19 09:34:43 66 50 16
C127021026 4999689933 9060642442 C127009026 4999689933 9060642442 19-11-19 09:35:08 41 0 16
C127021027 4999689933 9265441787 C127009027 4999689933 9265441787 19-11-19 09:35:42 10 0 17
C127007026 9056651425 4959818484 C127019014 9056651425 4959818484 19-11-19 09:35:07 46 43 16
C127021025 4999689933 9166504759 C127009025 4999689933 9166504759 19-11-19 09:34:37 76 68 16
C127007031 9251305929 4999689848 C127019012 9251305929 4999689848 19-11-19 09:34:53 61 56 16
C127021028 4999689933 9254464376 C127009028 4999689933 9254464376 19-11-19 09:34:18 96 87 16
C127021028 4957274233 9035609910 C127009028 4957274233 9035609910 19-11-19 09:35:59 2 0 1
C127016017 4999689423 9504383023 C127004021 4999689423 9504383023 19-11-19 09:32:58 188 173 16
C127021029 4959842134 9250057840 C127009029 4959842134 9250057840 19-11-19 09:35:28 39 0 16
C127006028 4951398760 4996588887 C127016021 4951398760 4996588887 19-11-19 09:36:03 6 0 21
C127006028 4951398760 4996588887 C127016023 4951398760 4996588887 19-11-19 09:36:11 3 0 21
C127021028 4957274233 9035609910 C127009028 4957274233 9035609910 19-11-19 09:36:04 12 0 16
C127020007 4959818484 84996138740 C127008010 4959818484 84996138740 19-11-19 09:35:35 42 0 16
C127006028 4951398760 4996588887 C127016024 4951398760 4996588887 19-11-19 09:36:15 4 0 21
C127006027 9504538389 4999689423 C127016022 9504538389 4999689423 19-11-19 09:36:07 13 11 16
C127021029 4957274233 9067331237 C127009029 4957274233 9067331237 19-11-19 09:36:13 9 0 16
C127007023 9038009060 4957274224 C127019021 9038009060 4957274224 19-11-19 09:35:41 41 39 16
C127007031 4951398760 4996588887 C127019023 4951398760 4996588887 19-11-19 09:36:21 3 0 21
C127007029 3412320031 4959818484 C127019019 3412320031 4959818484 19-11-19 09:35:38 48 47 16
C127008004 84242772191 4959818484 C127020030 84242772191 4959818484 19-11-19 09:35:44 46 42 16
C127007030 9268892940 4999689423 C127019010 9268892940 4999689423 19-11-19 09:34:50 102 100 16
C127016007 4959818504 4952326861 C127004012 4959818504 4952326861 19-11-19 09:35:34 60 43 16
C127007025 9096706912 4959842134 C127019017 9096706912 4959842134 19-11-19 09:35:20 75 72 16
C127002013 4959381482 4996585960 C127012019 4959381482 4996585960 19-11-19 09:36:22 17 14 16
C127016005 4999689423 9020993777 C127004010 4999689423 9020993777 19-11-19 09:36:25 17 0 16
C127016010 4959818484 4994901198 C127004015 4959818484 4994901198 19-11-19 09:34:14 152 151 16
C127016006 4999689423 9111328818 C127004011 4999689423 9111328818 19-11-19 09:35:40 66 52 16
C127012031 4999689200 4957945328 C127000031 4999689200 4957945328 19-11-19 09:36:13 35 0 16
C127007022 4993710563 4996582440 C127019022 4993710563 4996582440 19-11-19 09:35:41 75 64 16
C127007031 9096706912 4959842133 C127019024 9096706912 4959842133 19-11-19 09:36:41 21 0 31
C127021029 4952874025 9036884724 C127009029 4952874025 9036884724 19-11-19 09:36:31 34 19 16
C127002001 4955622801 4957274233 C127012028 4955622801 4957274233 19-11-19 09:17:07 1203 1202 16
C127006029 9153258001 4957863678 C127016020 9153258001 4957863678 19-11-19 09:34:59 134 126 16
C127012030 4995047877 4959950421 C127000030 4995047877 4959950421 19-11-19 09:29:11 492 482 16
C127006029 4956486771 4957863671 C127016026 4956486771 4957863671 19-11-19 09:37:24 3 0 21
C127003017 4964149173 4999689100 C127012020 4964149173 4999689100 19-11-19 09:36:24 73 63 16
C127021027 4995599991 4953547511 C127009027 4995599991 4953547511 19-11-19 09:36:53 47 37 16
C127021025 4957274233 9165622892 C127009025 4957274233 9165622892 19-11-19 09:37:36 5 0 18
C127016003 4957834209 4957806243 C127004008 4957834209 4957806243 19-11-19 09:37:25 17 15 16
C127021029 4957274242 9645293447 C127009029 4957274242 9645293447 19-11-19 09:37:08 35 22 16
C127016025 4999689174 9252007401 C127004030 4999689174 9252007401 19-11-19 09:30:58 406 397 16
C127007026 9658203259 4959818516 C127019028 9658203259 4959818516 19-11-19 09:37:39 5 0 21
C127021029 4957274233 9165622892 C127009029 4957274233 9165622892 19-11-19 09:37:48 4 0 18
C127021026 4999689933 9258425522 C127009026 4999689933 9258425522 19-11-19 09:37:03 53 39 16
C127021028 4999689933 9535062378 C127009028 4999689933 9535062378 19-11-19 09:36:43 74 63 16
C127002024 4954291221 4996585828 C127012023 4954291221 4996585828 19-11-19 09:37:53 4 0 21
C127006030 9162074568 4957396201 C127016018 9162074568 4957396201 19-11-19 09:34:25 216 213 16
C127021031 4957274233 9169827778 C127009031 4957274233 9169827778 19-11-19 09:35:12 170 154 16
C127007030 3412320031 4959818484 C127019025 3412320031 4959818484 19-11-19 09:36:55 76 73 16
C127020006 4957834209 84957806243 C127008009 4957834209 84957806243 19-11-19 09:38:03 15 11 16
C127006029 4952329600 4959818505 C127016027 4952329600 4959818505 19-11-19 09:37:34 51 45 16
C127012029 4959818484 4956190555 C127000029 4959818484 4956190555 19-11-19 09:36:14 131 125 16
C127016030 4952329635 9657075656 C127004005 4952329635 9657075656 19-11-19 09:38:23 3 0 20
C127016004 4999689423 4952313645 C127004009 4999689423 4952313645 19-11-19 09:36:29 117 115 16
C127016031 4999689423 9859994587 C127004006 4999689423 9859994587 19-11-19 09:38:21 10 2 16
C127006030 9169401914 4996587692 C127016028 9169401914 4996587692 19-11-19 09:38:27 5 0 21
C127021031 4957274242 4994005604 C127009028 4957274242 4994005604 19-11-19 09:38:12 22 21 16
C127006029 9779851184 4999689423 C127016030 9779851184 4999689423 19-11-19 09:38:29 8 4 16
C127008009 84212300119 4959818484 C127020031 84212300119 4959818484 19-11-19 09:38:25 13 11 16
C127021030 4959842180 9261014885 C127009030 4959842180 9261014885 19-11-19 09:34:34 244 233 16
C127021029 4995599991 4997462011 C127009029 4995599991 4997462011 19-11-19 09:37:55 46 43 16
C127007029 9257338997 4995044065 C127019026 9257338997 4995044065 19-11-19 09:37:00 114 112 16
C127012031 4999689849 4996740173 C127000031 4999689849 4996740173 19-11-19 09:38:21 36 0 16
C127002030 9913992837 4957396206 C127012025 9913992837 4957396206 19-11-19 09:38:40 17 0 16
C127021028 4996580016 9037968396 C127009031 4996580016 9037968396 19-11-19 09:38:02 57 45 16
C127001018 4953604232 4999689100 C127012022 4953604232 4999689100 19-11-19 09:37:52 71 64 16
C127021024 4995599801 4957373777 C127009024 4995599801 4957373777 19-11-19 09:34:41 276 274 16
C127021031 4956004400 4957772345 C127009030 4956004400 4957772345 19-11-19 09:38:46 44 41 16
C127012027 4959842134 4957821708 C127000028 4959842134 4957821708 19-11-19 09:36:43 174 171 16
C127001020 3912680568 4959842133 C127012024 3912680568 4959842133 19-11-19 09:38:26 74 0 16
C127016001 4999689423 9031947255 C127004007 4999689423 9031947255 19-11-19 09:38:09 91 73 16
C127006028 4912777687 4959818484 C127016004 4912777687 4959818484 19-11-19 09:39:16 26 24 16
C127007025 9630512547 4996583258 C127019001 9630512547 4996583258 19-11-19 09:39:41 7 0 28
C127016028 4999689668 4954000468 C127004003 4999689668 4954000468 19-11-19 09:38:46 64 59 16
C127007029 9268618600 4999689423 C127019031 9268618600 4999689423 19-11-19 09:39:41 10 9 16
C127021028 4999689668 9055991718 C127009028 4999689668 9055991718 19-11-19 09:39:26 30 0 16
C127016023 4952329635 9657075656 C127004029 4952329635 9657075656 19-11-19 09:39:53 4 0 20
C127008007 84932345333 4959818484 C127020003 84932345333 4959818484 19-11-19 09:39:12 47 43 16
C127006027 9584973522 4957390940 C127016006 9584973522 4957390940 19-11-19 09:39:57 2 0 21
C127021030 4995599991 4953915910 C127009029 4995599991 4953915910 19-11-19 09:38:58 64 60 16
C127003015 4992023921 4957274233 C127012021 4992023921 4957274233 19-11-19 09:37:18 167 163 16
C127006031 9011889023 4957274233 C127016019 9011889023 4957274233 19-11-19 09:34:48 317 316 16
C127008005 89646162481 4959818484 C127020006 89646162481 4959818484 19-11-19 09:39:58 7 5 16
C127006027 9060330276 4957394772 C127016007 9060330276 4957394772 19-11-19 09:40:01 6 1 16
C127007024 9268618600 4999689423 C127019005 9268618600 4999689423 19-11-19 09:40:03 6 4 16
C127008003 84242772191 4959818484 C127020004 84242772191 4959818484 19-11-19 09:39:22 52 51 16
C127006030 9779851184 4999689423 C127016031 9779851184 4999689423 19-11-19 09:38:45 93 90 16
C127020031 4999689423 84995000005 C127008006 4999689423 84995000005 19-11-19 09:39:30 48 48 16
C127016026 4996580800 9250052157 C127004001 4996580800 9250052157 19-11-19 09:39:17 62 50 16
C127016011 4999689423 9510219824 C127004017 4999689423 9510219824 19-11-19 09:33:33 409 399 16
C127016024 4959818424 3832237259 C127004030 4959818424 3832237259 19-11-19 09:39:33 50 0 16
C127007029 4999411322 4957834209 C127019003 4999411322 4957834209 19-11-19 09:39:59 30 18 16
C127012030 4959842134 4952740101 C127000030 4959842134 4952740101 19-11-19 09:40:15 15 14 16
C127001014 4959520862 4999689101 C127012029 4959520862 4999689101 19-11-19 09:39:22 71 67 16
C127010017 4950122201 4956004267 C127021007 4950122201 4956004267 19-11-19 09:39:29 65 63 16
C127006028 9055583301 4996582558 C127016005 9055583301 4996582558 19-11-19 09:39:55 39 26 16
C127012031 4959818501 4952329600 C127000031 4959818501 4952329600 19-11-19 09:39:16 80 54 16
C127016002 4957390933 9165503022 C127004024 4957390933 9165503022 19-11-19 09:20:03 1244 1231 16
C127007030 9055991014 4957396201 C127019030 9055991014 4957396201 19-11-19 09:39:35 76 73 16
C127016022 4996582585 9035306903 C127004028 4996582585 9035306903 19-11-19 09:40:08 44 0 16
C127007031 9097897800 4959818488 C127019027 9097897800 4959818488 19-11-19 09:37:07 227 226 16
C127008030 84959884140 4959842101 C127020007 84959884140 4959842101 19-11-19 09:39:59 63 55 16
C127009019 9013586241 4952874035 C127021008 9013586241 4952874035 19-11-19 09:40:00 65 26 16
C127008018 84956428646 4999689423 C127020002 84956428646 4999689423 19-11-19 09:39:00 126 124 16
C127012027 4999689423 4995000005 C127000029 4999689423 4995000005 19-11-19 09:40:25 43 42 16
C127007025 9035239800 4999689848 C127019004 9035239800 4999689848 19-11-19 09:40:02 72 70 16
C127016025 4959818484 4957805100 C127004031 4959818484 4957805100 19-11-19 09:39:22 119 117 16
C127021028 4957396201 9162074568 C127009028 4957396201 9162074568 19-11-19 09:40:36 54 42 16
C127007024 4992721679 4959818484 C127019006 4992721679 4959818484 19-11-19 09:40:29 62 58 16
C127000010 3912680568 4959842133 C127012030 3912680568 4959842133 19-11-19 09:40:37 55 0 16
C127021031 4956004400 1077172488252 C127009030 4956004400 1077172488252 19-11-19 09:39:49 107 94 16
C127007029 9030338679 4957274224 C127019007 9030338679 4957274224 19-11-19 09:40:48 50 47 16
C127010009 9067395553 4956004351 C127021009 9067395553 4956004351 19-11-19 09:41:26 15 7 16
C127007023 9268618600 4999689424 C127019008 9268618600 4999689424 19-11-19 09:40:49 52 48 16
C127021031 4957274242 4955617956 C127009030 4957274242 4955617956 19-11-19 09:41:41 1 0 17
C127007031 9683636322 4957396201 C127019009 9683636322 4957396201 19-11-19 09:41:30 14 11 16
C127016027 4999689423 9086501801 C127004002 4999689423 9086501801 19-11-19 09:39:08 158 141 16
C127021029 4957274242 9199469082 C127009031 4957274242 9199469082 19-11-19 09:39:17 153 138 16
C127021024 4999689933 9032001906 C127009024 4999689933 9032001906 19-11-19 09:41:03 56 37 16
C127001028 8412454526 4959842134 C127012026 8412454526 4959842134 19-11-19 09:38:57 182 179 16
C127021026 4999689933 9162870563 C127009026 4999689933 9162870563 19-11-19 09:40:44 75 68 16
C127012030 4999689423 4959894269 C127000030 4999689423 4959894269 19-11-19 09:41:33 32 30 16
C127016021 4959842134 4732909069 C127004027 4959842134 4732909069 19-11-19 09:41:23 46 32 16
C127006028 9152532144 4996585960 C127016010 9152532144 4996585960 19-11-19 09:42:07 2 0 16
C127021030 4995599991 4953922903 C127009029 4995599991 4953922903 19-11-19 09:40:22 111 104 16
C127010013 4952720297 4994009901 C127021005 4952720297 4994009901 19-11-19 09:38:44 209 207 16
C127007027 9269921221 4999689707 C127019002 9269921221 4999689707 19-11-19 09:32:39 587 586 16
C127012030 4999689423 4959894269 C127000030 4999689423 4959894269 19-11-19 09:42:10 17 15 16
C127021028 4957274256 9037993553 C127009028 4957274256 9037993553 19-11-19 09:42:04 23 5 16
C127016029 4999689423 9999205181 C127004004 4999689423 9999205181 19-11-19 09:38:23 249 225 16
C127006028 8122447015 4996582018 C127016011 8122447015 4996582018 19-11-19 09:42:17 17 16 16
C127007030 9637167839 4996589678 C127019011 9637167839 4996589678 19-11-19 09:42:31 3 0 21
C127001008 3912681717 4959842133 C127012002 3912681717 4959842133 19-11-19 09:41:40 55 0 16
C127007031 9684555503 4999676189 C127019010 9684555503 4999676189 19-11-19 09:42:10 27 14 16
C127007030 9637167839 4996589678 C127019012 9637167839 4996589678 19-11-19 09:42:36 3 0 21
C127003006 4732602056 4999689102 C127012003 4732602056 4999689102 19-11-19 09:41:56 45 35 16
C127016020 4999689423 9213739638 C127004026 4999689423 9213739638 19-11-19 09:41:32 71 61 16
C127006028 9017314083 4996589678 C127016012 9017314083 4996589678 19-11-19 09:42:41 3 0 21
C127021030 4995047883 9251722751 C127009029 4995047883 9251722751 19-11-19 09:42:16 31 3 16
C127021028 4957274242 4955617956 C127009028 4957274242 4955617956 19-11-19 09:42:49 1 0 17
C127021024 4956004400 4957772345 C127009024 4956004400 4957772345 19-11-19 09:42:18 32 29 16
C127016019 4999689150 9167727025 C127004025 4999689150 9167727025 19-11-19 09:42:33 23 0 16
C127016018 4959842141 4956637418 C127004024 4959842141 4956637418 19-11-19 09:42:38 18 16 16
C127021026 4999689933 9169268521 C127009026 4999689933 9169268521 19-11-19 09:42:08 52 43 16
C127021031 4999689933 9775705844 C127009030 4999689933 9775705844 19-11-19 09:41:43 78 62 16
C127002015 4999739372 4996582585 C127012001 4999739372 4996582585 19-11-19 09:41:30 92 73 16
C127021025 4995599910 4956579108 C127009025 4995599910 4956579108 19-11-19 09:40:58 129 127 16
C127000023 4956443572 4959842112 C127012004 4956443572 4959842112 19-11-19 09:42:50 29 0 16
C127008006 84959824558 4959818484 C127020008 84959824558 4959818484 19-11-19 09:41:44 95 91 16
C127021031 4957274242 4959374081 C127009030 4957274242 4959374081 19-11-19 09:43:02 18 0 21
C127003024 4732602056 4999689102 C127012006 4732602056 4999689102 19-11-19 09:43:24 9 0 16
C127001022 9250680259 4957274233 C127012005 9250680259 4957274233 19-11-19 09:43:16 19 17 16
C127021030 4996585868 9152032522 C127009029 4996585868 9152032522 19-11-19 09:42:48 48 35 16
C127007028 9104386935 4999689911 C127019020 9104386935 4999689911 19-11-19 09:35:39 478 465 16
C127021031 4957274242 4959374081 C127009030 4957274242 4959374081 19-11-19 09:43:21 18 0 21
C127012027 4999689668 4954000534 C127000028 4999689668 4954000534 19-11-19 09:43:18 25 0 16
C127012031 4959818484 4957377373 C127000031 4959818484 4957377373 19-11-19 09:40:50 176 174 16
C127021023 4999689933 9854112858 C127009023 4999689933 9854112858 19-11-19 09:42:23 83 75 16
C127021029 4999689933 9653540207 C127009031 4999689933 9653540207 19-11-19 09:41:58 108 96 16
C127007031 4999290282 4996589566 C127019013 4999290282 4996589566 19-11-19 09:43:47 6 0 21
C127016011 4999689423 9213093059 C127004019 4999689423 9213093059 19-11-19 09:43:18 51 0 19
C127007026 9035756678 4957274233 C127019029 9035756678 4957274233 19-11-19 09:37:55 376 373 16
C127012027 4959818484 4957017468 C127000028 4959818484 4957017468 19-11-19 09:44:13 1 0 17
C127012029 4959842141 4956637418 C127000029 4959842141 4956637418 19-11-19 09:43:10 65 64 16
C127000025 8612004661 4959818484 C127012007 8612004661 4959818484 19-11-19 09:43:33 47 44 16
C127020030 4959818484 84957017468 C127008005 4959818484 84957017468 19-11-19 09:44:19 5 0 17
C127007031 9653540207 4996581466 C127019014 9653540207 4996581466 19-11-19 09:44:00 25 0 31
C127008010 84212300119 4959818484 C127020001 84212300119 4959818484 19-11-19 09:38:51 334 332 16
C127021025 4957274242 9055991860 C127009025 4957274242 9055991860 19-11-19 09:44:25 1 0 16
C127006026 4952298400 4959818484 C127016019 4952298400 4959818484 19-11-19 09:43:56 33 32 16
C127007028 4951501576 4957839794 C127019018 4951501576 4957839794 19-11-19 09:44:24 8 0 19
C127016002 4959830918 9282050613 C127004012 4959830918 9282050613 19-11-19 09:44:37 2 0 16
C127012031 4999689668 4954000493 C127000031 4999689668 4954000493 19-11-19 09:44:09 31 0 16
C127012030 4959818484 4959560033 C127000030 4959818484 4959560033 19-11-19 09:43:09 93 90 16
C127021028 4995599910 4956579108 C127009028 4995599910 4956579108 19-11-19 09:43:25 81 80 16
C127016015 4999689423 9510219824 C127004022 4999689423 9510219824 19-11-19 09:42:53 113 103 16
C127007030 9251881162 4999676189 C127019015 9251881162 4999676189 19-11-19 09:44:07 41 25 16
C127016012 4999689423 9654214777 C127004020 4999689423 9654214777 19-11-19 09:43:18 91 60 16
C127001026 4959158109 4999676189 C127012011 4959158109 4999676189 19-11-19 09:44:45 6 0 17
C127016004 4999689423 9213093059 C127004013 4999689423 9213093059 19-11-19 09:44:14 41 0 16
C127021026 4957274242 9296712357 C127009026 4957274242 9296712357 19-11-19 09:44:23 33 0 31
C127021027 4957274233 9257824377 C127009027 4957274233 9257824377 19-11-19 09:37:43 433 419 16
C127007031 9637167839 4959883333 C127019019 9637167839 4959883333 19-11-19 09:44:56 3 0 21
C127006031 9779851184 4999689423 C127016008 9779851184 4999689423 19-11-19 09:40:35 266 263 16
C127007031 9637167839 4959883333 C127019020 9637167839 4959883333 19-11-19 09:45:01 3 0 21
C127021030 4999689933 9629485636 C127009030 4999689933 9629485636 19-11-19 09:44:17 48 31 16
C127021031 4999689933 9653134304 C127009031 4999689933 9653134304 19-11-19 09:43:53 73 61 16
C127002028 4992371802 4999689518 C127012010 4992371802 4999689518 19-11-19 09:43:56 74 67 16
C127008005 89017314083 4959883333 C127020009 89017314083 4959883333 19-11-19 09:45:05 10 0 21
C127016007 4999689900 4992595867 C127004017 4999689900 4992595867 19-11-19 09:43:40 99 41 16
C127009003 3832119367 4995599998 C127021010 3832119367 4995599998 19-11-19 09:44:28 52 44 16
C127016005 4999689423 9517971973 C127004014 4999689423 9517971973 19-11-19 09:44:11 70 60 16
C127016006 4999689423 9805718003 C127004015 4999689423 9805718003 19-11-19 09:43:49 97 0 16
C127021027 4957274242 9055991817 C127009027 4957274242 9055991817 19-11-19 09:44:58 30 15 16
C127007031 9658203165 4996582213 C127019021 9658203165 4996582213 19-11-19 09:45:22 7 0 21
C127016031 4999689423 9187792487 C127004010 4999689423 9187792487 19-11-19 09:44:46 47 28 16
C127021026 4957274242 9296712357 C127009026 4957274242 9296712357 19-11-19 09:45:03 32 20 16
C127016029 4999689423 9141292487 C127004008 4999689423 9141292487 19-11-19 09:45:18 18 6 16
C127012031 4999689900 4992590108 C127000031 4999689900 4992590108 19-11-19 09:45:35 1 0 17
C127016027 4999689900 4992590108 C127004006 4999689900 4992590108 19-11-19 09:45:42 2 0 17
C127021023 4995047872 9032326567 C127009023 4995047872 9032326567 19-11-19 09:45:03 42 0 16
C127006031 4952521025 4999689849 C127016020 4952521025 4999689849 19-11-19 09:45:40 5 2 16
C127010025 4993720170 4952874035 C127021011 4993720170 4952874035 19-11-19 09:45:19 30 0 16
C127021027 4957274233 9255079716 C127009027 4957274233 9255079716 19-11-19 09:45:53 2 0 16
C127021031 4957274213 9266118293 C127009031 4957274213 9266118293 19-11-19 09:45:08 48 36 16
C127016001 4995047859 9645511071 C127004011 4995047859 9645511071 19-11-19 09:44:38 81 71 16
C127021030 4995047809 9854805024 C127009030 4995047809 9854805024 19-11-19 09:45:16 43 3 16
C127016026 4957274233 9051178866 C127004005 4957274233 9051178866 19-11-19 09:46:01 3 0 20
C127021028 4959842157 9859761692 C127009028 4959842157 9859761692 19-11-19 09:44:48 77 61 16
C127001027 4986578178 4959842101 C127012008 4986578178 4959842101 19-11-19 09:43:45 141 138 16
C127021029 4995047899 9037193408 C127009029 4995047899 9037193408 19-11-19 09:44:21 109 99 16
C127016024 4957274233 9051178866 C127004003 4957274233 9051178866 19-11-19 09:46:07 4 0 20
C127007028 9637167839 4959818484 C127019024 9637167839 4959818484 19-11-19 09:46:05 8 5 16
C127016028 4999689423 9141292487 C127004007 4999689423 9141292487 19-11-19 09:45:42 31 14 16
C127006027 4952251940 4959842134 C127016018 4952251940 4959842134 19-11-19 09:43:36 165 163 16
C127007028 4957877877 4999689901 C127019025 4957877877 4999689901 19-11-19 09:46:21 5 3 16
C127010031 8215129709 4956004297 C127021013 8215129709 4956004297 19-11-19 09:46:04 25 0 16
C127021024 4996580016 9037968396 C127009024 4996580016 9037968396 19-11-19 09:44:54 96 85 16
C127008025 84952800281 4959818484 C127020011 84952800281 4959818484 19-11-19 09:45:44 48 41 16
C127021028 4957274233 9166077872 C127009028 4957274233 9166077872 19-11-19 09:46:40 2 0 16
C127016017 4999689174 8129384915 C127004023 4999689174 8129384915 19-11-19 09:42:46 236 220 16
C127016025 4999689210 4991690805 C127004004 4999689210 4991690805 19-11-19 09:46:05 44 37 16
C127021027 4996580016 9250877031 C127009027 4996580016 9250877031 19-11-19 09:46:44 6 1 16
C127016020 4959818424 9688900001 C127004030 4959818424 9688900001 19-11-19 09:46:48 3 0 16
C127021028 4999689933 9265441787 C127009028 4999689933 9265441787 19-11-19 09:46:42 14 0 17
C127007028 9252449417 4999689020 C127019027 9252449417 4999689020 19-11-19 09:46:39 18 0 16
C127007027 4952367276 4999689191 C127019026 4952367276 4999689191 19-11-19 09:46:25 34 31 16
C127021020 4957274242 9199469082 C127009021 4957274242 9199469082 19-11-19 09:45:19 116 107 16
C127010007 9031306303 4995599881 C127021023 9031306303 4995599881 19-11-19 09:47:02 16 6 16
C127021028 4957274242 9055991860 C127009028 4957274242 9055991860 19-11-19 09:46:59 20 0 16
C127006027 4991102197 4996580012 C127016025 4991102197 4996580012 19-11-19 09:47:16 3 0 21
C127007026 4957835967 4996582409 C127019028 4957835967 4996582409 19-11-19 09:46:49 33 20 16
C127000015 4957447950 4957274258 C127012015 4957447950 4957274258 19-11-19 09:46:52 37 0 16
C127020010 4999689423 84957660166 C127008013 4999689423 84957660166 19-11-19 09:31:00 989 986 16
C127016021 4999689423 9639777797 C127004031 4999689423 9639777797 19-11-19 09:46:32 62 0 16
C127016030 4957390933 9031702042 C127004009 4957390933 9031702042 19-11-19 09:44:47 168 146 16
C127021031 4957274233 9167696667 C127009031 4957274233 9167696667 19-11-19 09:46:27 77 0 16
C127007026 9066007722 4999689423 C127019031 9066007722 4999689423 19-11-19 09:47:41 7 5 16
C127002006 4959158109 4999676189 C127012013 4959158109 4999676189 19-11-19 09:45:37 134 115 16
C127007030 4951392613 4957396201 C127019023 4951392613 4957396201 19-11-19 09:45:53 119 115 16
C127021028 4957396201 9296217260 C127009028 4957396201 9296217260 19-11-19 09:47:32 24 0 16
C127012029 4957394780 4991401070 C127000029 4957394780 4991401070 19-11-19 09:47:35 21 0 16
C127016023 4959818484 4952237070 C127004002 4959818484 4952237070 19-11-19 09:46:24 94 93 16
C127021030 4956004400 9154945876 C127009030 4956004400 9154945876 19-11-19 09:46:33 86 71 16
C127010027 4957907353 4956004400 C127021012 4957907353 4956004400 19-11-19 09:45:56 123 115 16
C127016010 4957390933 9153872336 C127004018 4957390933 9153872336 19-11-19 09:43:33 268 253 16
C127006031 9047800398 4996585858 C127016024 9047800398 4996585858 19-11-19 09:47:11 52 50 16
C127006025 4952873082 4996582782 C127016028 4952873082 4996582782 19-11-19 09:47:52 16 7 16
C127021026 4995047880 9032326567 C127009026 4995047880 9032326567 19-11-19 09:46:49 83 49 16
C127010011 4814275524 4956004253 C127021014 4814275524 4956004253 19-11-19 09:46:16 122 120 16
C127007029 9060452192 4999689668 C127019017 9060452192 4999689668 19-11-19 09:44:24 236 235 16
C127006024 9168111571 4996582558 C127016029 9168111571 4996582558 19-11-19 09:47:58 24 16 16
C127021031 4957274233 9686621087 C127009031 4957274233 9686621087 19-11-19 09:48:09 20 0 16
C127007030 9066007722 4999689423 C127019001 9066007722 4999689423 19-11-19 09:47:59 33 31 16
C127006027 4112351639 4999689710 C127016026 4112351639 4999689710 19-11-19 09:47:26 68 0 16
C127016019 4957274221 9055393311 C127004029 4957274221 9055393311 19-11-19 09:47:38 56 41 16
C127021029 4956004400 4957772345 C127009029 4956004400 4957772345 19-11-19 09:46:33 123 119 16
C127008013 84952601461 4959818484 C127020012 84952601461 4959818484 19-11-19 09:48:00 43 42 16
C127006030 4959747922 4999689102 C127016009 4959747922 4999689102 19-11-19 09:41:25 442 435 16
C127012031 4999689900 4992590108 C127000031 4999689900 4992590108 19-11-19 09:46:43 124 97 16
C127016018 4999689423 9200004948 C127004028 4999689423 9200004948 19-11-19 09:47:53 57 46 16
C127007027 4951501576 4957863678 C127019030 4951501576 4957863678 19-11-19 09:47:06 111 104 16
C127021030 4957274242 9161667060 C127009030 4957274242 9161667060 19-11-19 09:48:28 36 0 16
C127016017 4959818520 9055713039 C127004027 4959818520 9055713039 19-11-19 09:48:37 36 20 16
C127012029 4995047825 4957810808 C127000029 4995047825 4957810808 19-11-19 09:48:05 72 72 16
C127021028 4999689933 9055991828 C127009028 4999689933 9055991828 19-11-19 09:48:29 51 45 16
C127021031 4999689933 9150580041 C127009031 4999689933 9150580041 19-11-19 09:48:49 31 22 16
C127008002 88123350282 4959818484 C127020013 88123350282 4959818484 19-11-19 09:48:36 46 42 16
C127016015 4999689423 9021744372 C127004026 4999689423 9021744372 19-11-19 09:48:49 33 0 16
C127021025 4957274233 9653540207 C127009025 4957274233 9653540207 19-11-19 09:44:36 287 271 16
C127006031 4953566566 4996585960 C127016030 4953566566 4996585960 19-11-19 09:48:41 45 42 16
C127001001 8469322104 4959818484 C127012018 8469322104 4959818484 19-11-19 09:48:48 41 37 16
C127003003 4953838127 4957274262 C127012012 4953838127 4957274262 19-11-19 09:44:47 285 275 16
C127007029 9066007722 4999689423 C127019003 9066007722 4999689423 19-11-19 09:49:41 1 0 16
C127007030 8462545646 4959818484 C127019002 8462545646 4959818484 19-11-19 09:49:24 22 18 16
C127010015 9265801523 4994009938 C127021004 9265801523 4994009938 19-11-19 09:36:44 783 779 16
C127021029 4957274233 9671460242 C127009029 4957274233 9671460242 19-11-19 09:48:53 56 40 16
C127006030 9103839363 4957274221 C127016031 9103839363 4957274221 19-11-19 09:49:11 40 39 16
C127016006 4959830918 9323021932 C127004018 4959830918 9323021932 19-11-19 09:49:48 6 0 16
C127012027 4959818484 4957809777 C127000028 4959818484 4957809777 19-11-19 09:48:08 108 106 16
C127016009 4999689423 9086472005 C127004022 4999689423 9086472005 19-11-19 09:49:35 22 0 16
C127006026 9151791354 4957396201 C127016027 9151791354 4957396201 19-11-19 09:47:27 151 148 16
C127007027 9663401947 4999675813 C127019006 9663401947 4999675813 19-11-19 09:50:00 4 0 21
C127008031 - 4959818484 C127020014 - 4959818484 19-11-19 09:49:36 35 33 16
C127002008 3412570966 4959818484 C127012017 3412570966 4959818484 19-11-19 09:48:29 105 102 16
C127009017 9036884724 4952874025 C127021030 9036884724 4952874025 19-11-19 09:49:16 59 55 16
C127009013 9299493035 4956004213 C127021015 9299493035 4956004213 19-11-19 09:46:20 236 232 16
C127016008 4999689423 9184646239 C127004020 4999689423 9184646239 19-11-19 09:49:37 42 27 16
C127021030 4957274233 9263467207 C127009027 4957274233 9263467207 19-11-19 09:50:16 8 0 16
C127006031 9584973557 4999689024 C127016002 9584973557 4999689024 19-11-19 09:50:21 3 0 21
C127007031 9778585079 4959818424 C127019022 9778585079 4959818424 19-11-19 09:45:32 293 292 16
C127009015 4957907353 4956004400 C127021026 4957907353 4956004400 19-11-19 09:48:41 105 97 16
C127006027 9035658256 4999689668 C127016001 9035658256 4999689668 19-11-19 09:49:16 70 68 16
C127016022 4999689423 9889881811 C127004001 4999689423 9889881811 19-11-19 09:46:29 246 238 16
C127010001 9685520645 4995599909 C127021027 9685520645 4995599909 19-11-19 09:49:01 97 93 16
C127021028 4999689933 9063784174 C127009030 4999689933 9063784174 19-11-19 09:49:43 66 54 16
C127021029 4999689933 9853658126 C127009029 4999689933 9853658126 19-11-19 09:50:06 43 4 16
C127010003 9854112858 4994009936 C127021024 9854112858 4994009936 19-11-19 09:47:10 221 220 16
C127021025 4995599968 4952217424 C127009028 4995599968 4952217424 19-11-19 09:50:13 44 42 16
C127016005 4999689423 9086600505 C127004017 4999689423 9086600505 19-11-19 09:50:29 38 23 16
C127016012 4999689423 9834231976 C127004025 4999689423 9834231976 19-11-19 09:49:08 120 113 16
C127007031 9853658126 4999689933 C127019007 9853658126 4999689933 19-11-19 09:50:55 15 12 16
C127021031 4956004400 9027636971 C127009031 4956004400 9027636971 19-11-19 09:49:25 106 93 16
C127016007 4996580300 8152215454 C127004019 4996580300 8152215454 19-11-19 09:49:42 101 97 16
C127012030 4999675945 4992463100 C127000030 4999675945 4992463100 19-11-19 09:47:34 231 225 16
C127006026 9998115579 4999689933 C127016012 9998115579 4999689933 19-11-19 09:51:14 13 12 16
C127006030 4112351639 4999689710 C127016008 4112351639 4999689710 19-11-19 09:51:08 22 0 16
C127012031 4959818484 4957597216 C127000031 4959818484 4957597216 19-11-19 09:50:23 68 64 16
C127010029 9686410649 4994009901 C127021006 9686410649 4994009901 19-11-19 09:39:20 732 729 16
C127007030 4952870049 4959818484 C127019004 4952870049 4959818484 19-11-19 09:49:57 102 98 16
C127021028 4999689933 9166713822 C127009029 4999689933 9166713822 19-11-19 09:50:59 46 32 16
C127006027 8352237173 4959842112 C127016009 8352237173 4959842112 19-11-19 09:51:08 37 0 16
C127021030 4999689933 9169827778 C127009027 4999689933 9169827778 19-11-19 09:50:39 67 57 16
C127021025 4959842157 9255006404 C127009025 4959842157 9255006404 19-11-19 09:51:08 39 20 16
C127016031 4959830918 9258203362 C127004012 4959830918 9258203362 19-11-19 09:51:33 15 0 16
C127008001 84996812860 4959818400 C127020015 84996812860 4959818400 19-11-19 09:51:41 7 0 17
C127007027 4952601461 4959818484 C127019008 4952601461 4959818484 19-11-19 09:51:03 46 45 16
C127006025 9220045689 4999689423 C127016015 9220045689 4999689423 19-11-19 09:51:20 34 31 16
C127006026 9055174449 4952329635 C127016018 9055174449 4952329635 19-11-19 09:51:45 13 6 16
C127021027 4957274242 9032326567 C127009026 4957274242 9032326567 19-11-19 09:50:39 79 63 16
C127016029 4957274291 4950217270 C127004010 4957274291 4950217270 19-11-19 09:51:41 18 0 16
C127012029 4959818484 4957373955 C127000029 4959818484 4957373955 19-11-19 09:51:20 40 37 16
C127016028 4999689423 9025166950 C127004009 4999689423 9025166950 19-11-19 09:51:43 23 0 16
C127009001 4814275612 4956004253 C127021017 4814275612 4956004253 19-11-19 09:46:28 343 340 16
C127006030 9047800398 4996585858 C127016017 9047800398 4996585858 19-11-19 09:51:33 38 36 16
C127021029 4957274213 9854112858 C127009030 4957274213 9854112858 19-11-19 09:50:54 78 67 16
C127021023 4957274233 9685742579 C127009023 4957274233 9685742579 19-11-19 09:51:43 29 11 16
C127016004 4999689423 9833035384 C127004015 4999689423 9833035384 19-11-19 09:50:41 93 80 16
C127020029 4959818484 84995831728 C127008004 4959818484 84995831728 19-11-19 09:50:45 89 88 16
C127016010 4999689423 9220033006 C127004023 4999689423 9220033006 19-11-19 09:49:24 171 157 16
C127007029 8462545646 4959818484 C127019005 8462545646 4959818484 19-11-19 09:50:00 137 136 16
C127016011 4957839794 9168606563 C127004024 4957839794 9168606563 19-11-19 09:49:13 189 161 16
C127016026 4999689423 9515458757 C127004007 4999689423 9515458757 19-11-19 09:52:06 24 16 16
C127016002 4952329635 3844272101 C127004014 4952329635 3844272101 19-11-19 09:50:42 111 104 16
C127021030 4995047812 9032157411 C127009029 4995047812 9032157411 19-11-19 09:51:50 44 34 16
C127021031 4999689933 9265441787 C127009031 4999689933 9265441787 19-11-19 09:51:41 54 47 16
C127021025 4999689933 9035672607 C127009025 4999689933 9035672607 19-11-19 09:51:58 37 24 16
C127006026 8482650327 4996580300 C127016020 8482650327 4996580300 19-11-19 09:52:11 27 17 16
C127021029 4999689933 9063784174 C127009030 4999689933 9063784174 19-11-19 09:52:23 16 0 16
C127008027 89220045689 4999689423 C127020017 89220045689 4999689423 19-11-19 09:52:04 35 32 16
C127021021 4957396201 9265902975 C127009022 4957396201 9265902975 19-11-19 09:45:17 443 432 16
C127020028 4995047865 84992027404 C127008003 4995047865 84992027404 19-11-19 09:51:07 95 80 16
C127021027 4999689933 9853658126 C127009026 4999689933 9853658126 19-11-19 09:52:02 41 33 16
C127021024 4999689933 9063784174 C127009024 4999689933 9063784174 19-11-19 09:51:43 60 50 16
C127006027 9998115579 4999689933 C127016019 9998115579 4999689933 19-11-19 09:52:06 40 38 16
C127007026 9859761692 4959842157 C127019010 9859761692 4959842157 19-11-19 09:51:35 71 59 16
C127010019 9296547098 4956004211 C127021005 9296547098 4956004211 19-11-19 09:52:46 1 0 16
C127021026 4957396201 9151791578 C127009028 4957396201 9151791578 19-11-19 09:51:00 108 93 16
C127016001 4999689423 9833978797 C127004013 4999689423 9833978797 19-11-19 09:50:57 111 103 16
C127021028 4956004400 4957772345 C127009027 4956004400 4957772345 19-11-19 09:51:53 62 60 16
C127002016 4957447950 4957274258 C127012019 4957447950 4957274258 19-11-19 09:50:04 173 160 16
C127016024 4999689423 9035912595 C127004005 4999689423 9035912595 19-11-19 09:52:47 12 0 17
C127010021 4733003550 4956004400 C127021018 4733003550 4956004400 19-11-19 09:46:31 389 382 16
C127000026 4953348189 4996585960 C127012022 4953348189 4996585960 19-11-19 09:52:07 55 47 16
C127006031 9162310097 4999676189 C127016006 9162310097 4999676189 19-11-19 09:50:58 133 121 16
C127002018 77273955619 4959818484 C127012024 77273955619 4959818484 19-11-19 09:52:27 47 44 16
C127007025 9066007722 4999689423 C127019014 9066007722 4999689423 19-11-19 09:52:46 29 28 16
C127007025 9616106597 4996583055 C127019017 9616106597 4996583055 19-11-19 09:53:15 4 0 21
C127016022 4999689423 9638365248 C127004003 4999689423 9638365248 19-11-19 09:53:14 6 0 16
C127009019 8005558734 4995599862 C127021008 8005558734 4995599862 19-11-19 09:53:20 3 0 21
C127003019 77273955619 4959818484 C127012027 77273955619 4959818484 19-11-19 09:53:23 3 0 17
C127007025 9658203251 4996584211 C127019018 9658203251 4996584211 19-11-19 09:53:30 4 0 21
C127021027 4956004333 9851360485 C127009027 4956004333 9851360485 19-11-19 09:53:29 6 0 16
