C127007031 9035331976 4957274233 C127019004 9035331976 4957274233 18-11-19 21:53:31 8 6 16
C127007028 9032002246 4957274215 C127019003 9032002246 4957274215 18-11-19 21:52:32 69 64 16
C127006029 9772891627 4957274215 C127016005 9772891627 4957274215 18-11-19 21:52:57 45 40 16
C127006027 4952521025 4999689849 C127016007 4952521025 4999689849 18-11-19 21:53:40 5 3 16
C127006031 9032154910 4957863655 C127016004 9032154910 4957863655 18-11-19 21:52:38 85 81 16
C127009011 9154250162 4994000400 C127021010 9154250162 4994000400 18-11-19 21:53:45 38 36 16
C127000027 9267164405 4957274215 C127012020 9267164405 4957274215 18-11-19 21:50:56 209 203 16
C127000011 9254480573 4957274242 C127012024 9254480573 4957274242 18-11-19 21:51:57 153 148 16
C127007031 9035331976 4957274233 C127019005 9035331976 4957274233 18-11-19 21:54:02 51 47 16
C127002001 4955633894 4957274233 C127012028 4955633894 4957274233 18-11-19 21:53:54 71 68 16
C127010003 9252676705 4994000400 C127021011 9252676705 4994000400 18-11-19 21:54:25 41 39 16
C127000004 9999753600 4957274233 C127012027 9999753600 4957274233 18-11-19 21:53:32 129 128 16
C127010019 9255697274 4994000400 C127021012 9255697274 4994000400 18-11-19 21:55:04 41 38 16
C127006031 9154579487 4957274233 C127016008 9154579487 4957274233 18-11-19 21:55:15 51 49 16
C127002005 4957531105 4957274233 C127012026 4957531105 4957274233 18-11-19 21:53:25 161 159 16
C127007031 9652096211 4957274233 C127019006 9652096211 4957274233 18-11-19 21:55:16 59 53 16
C127007030 9266355955 4999689081 C127019007 9266355955 4999689081 18-11-19 21:55:30 46 0 16
C127001015 4957512255 4957274233 C127012030 4957512255 4957274233 18-11-19 21:55:33 43 39 16
C127006031 9153324058 4996585960 C127016010 9153324058 4996585960 18-11-19 21:56:11 23 20 16
C127000009 9250216511 4957274233 C127012031 9250216511 4957274233 18-11-19 21:56:07 51 46 16
C127006028 9175895187 4957274233 C127016006 9175895187 4957274233 18-11-19 21:53:33 213 209 16
C127010015 9660561775 4994000400 C127021013 9660561775 4994000400 18-11-19 21:55:21 146 140 16
C127001029 4993084421 4957274233 C127012015 4993084421 4957274233 18-11-19 21:49:56 480 479 16
C127000003 4954297044 4995043107 C127012001 4954297044 4995043107 18-11-19 21:57:29 46 0 16
C127021030 4957396201 9268890465 C127009030 4957396201 9268890465 18-11-19 21:58:13 28 0 16
C127006031 9858428300 4957274233 C127016012 9858428300 4957274233 18-11-19 21:57:58 52 48 16
C127003001 9257333277 4957274233 C127012002 9257333277 4957274233 18-11-19 21:58:02 52 47 16
C127003011 4957531838 4957274233 C127012029 4957531838 4957274233 18-11-19 21:54:06 314 313 16
C127007031 9037834754 4957274215 C127019009 9037834754 4957274215 18-11-19 21:58:45 42 40 16
C127006031 9163002124 4957274233 C127016013 9163002124 4957274233 18-11-19 21:58:54 51 48 16
C127006029 9162443300 4957274233 C127016009 9162443300 4957274233 18-11-19 21:55:57 233 228 16
C127001011 4957531010 4957274233 C127012003 4957531010 4957274233 18-11-19 21:59:11 45 44 16
C127003025 9651037867 4957274215 C127012004 9651037867 4957274215 18-11-19 21:59:23 43 39 16
C127000017 4957515667 4957274233 C127012005 4957515667 4957274233 18-11-19 21:59:37 51 46 16
C127006031 9857657639 4957274233 C127016014 9857657639 4957274233 18-11-19 21:59:50 48 46 16
C127001006 9299639076 4957274233 C127012006 9299639076 4957274233 18-11-19 21:59:56 45 44 16
C127006029 9169559595 4957274233 C127016015 9169559595 4957274233 18-11-19 21:59:54 50 47 16
C127006028 9773372554 4957274233 C127016017 9773372554 4957274233 18-11-19 21:59:57 49 44 16
C127007027 9260700024 4999689191 C127019012 9260700024 4999689191 18-11-19 22:00:10 44 42 16
C127007030 9610022020 4957274233 C127019010 9610022020 4957274233 18-11-19 21:59:09 105 102 16
C127006026 9775628838 4957274233 C127016018 9775628838 4957274233 18-11-19 22:00:29 40 37 16
C127007026 9031948994 4957274233 C127019013 9031948994 4957274233 18-11-19 22:00:26 48 47 16
C127002017 4957599641 4957274233 C127012007 4957599641 4957274233 18-11-19 22:00:34 51 48 16
C127003023 9253766302 4957274233 C127012008 9253766302 4957274233 18-11-19 22:00:45 42 40 16
C127006027 9164830255 4957274215 C127016011 9164830255 4957274215 18-11-19 21:56:15 336 334 16
C127010001 9778850027 4994000400 C127021014 9778850027 4994000400 18-11-19 21:59:56 133 131 16
C127009015 9037704967 4994009903 C127021017 9037704967 4994009903 18-11-19 22:01:34 45 42 16
C127007029 9057616918 4957274233 C127019030 9057616918 4957274233 18-11-19 21:49:32 778 773 16
C127006031 9252656132 4957274233 C127016019 9252656132 4957274233 18-11-19 22:02:13 32 28 16
C127021029 4957396201 9268890465 C127009029 4957396201 9268890465 18-11-19 22:00:27 145 138 16
C127021030 4995599881 9039614038 C127009030 4995599881 9039614038 18-11-19 21:59:25 219 208 16
C127006029 9163229401 4957274233 C127016020 9163229401 4957274233 18-11-19 22:02:21 48 42 16
C127007031 9653752200 4957274233 C127019011 9653752200 4957274233 18-11-19 21:59:43 214 210 16
C127007028 9032310606 4957274215 C127019008 9032310606 4957274215 18-11-19 21:56:11 443 442 16
C127007029 9680147476 4957274215 C127019015 9680147476 4957274215 18-11-19 22:03:11 37 36 16
C127000028 9267201848 4957274233 C127012010 9267201848 4957274233 18-11-19 22:02:09 117 114 16
C127010017 4957546726 4994000400 C127021018 4957546726 4994000400 18-11-19 22:03:22 54 50 16
C127002019 4957534585 4957274233 C127012013 4957534585 4957274233 18-11-19 22:03:27 54 49 16
C127006031 9779909252 4957274233 C127016021 9779909252 4957274233 18-11-19 22:04:09 45 42 16
C127003020 4955651243 4957274233 C127012014 4955651243 4957274233 18-11-19 22:04:20 49 47 16
C127009005 9265558585 4994000400 C127021019 9265558585 4994000400 18-11-19 22:05:15 33 31 16
C127006031 9153541418 4957274233 C127016022 9153541418 4957274233 18-11-19 22:05:01 47 46 16
C127000019 9251208458 4957274233 C127012015 9251208458 4957274233 18-11-19 22:05:15 46 45 16
C127009003 9267474016 4994000400 C127021015 9267474016 4994000400 18-11-19 22:00:05 358 356 16
C127007026 9032782456 4957274233 C127019021 9032782456 4957274233 18-11-19 22:05:19 48 45 16
C127001013 9257886994 4957274215 C127012009 9257886994 4957274215 18-11-19 22:01:46 262 261 16
C127002013 4955658747 4957274233 C127012017 4955658747 4957274233 18-11-19 22:05:26 47 46 16
C127006029 9652769548 4957274233 C127016023 9652769548 4957274233 18-11-19 22:05:40 43 41 16
C127006028 9853172227 4957274233 C127016024 9853172227 4957274233 18-11-19 22:05:43 53 49 16
C127006027 9104253439 4957274233 C127016025 9104253439 4957274233 18-11-19 22:05:48 49 45 16
C127006031 4952521025 4999689849 C127016026 4952521025 4999689849 18-11-19 22:06:40 4 3 16
C127007026 9037653862 4957274233 C127019022 9037653862 4957274233 18-11-19 22:06:14 45 42 16
C127006030 9162215010 4957274215 C127016003 9162215010 4957274215 18-11-19 21:52:14 890 887 16
C127007025 9060369620 4957274233 C127019023 9060369620 4957274233 18-11-19 22:06:24 45 42 16
C127007023 9254959282 4957274233 C127019025 9254959282 4957274233 18-11-19 22:06:48 25 24 16
C127007024 9251235453 4957274233 C127019024 9251235453 4957274233 18-11-19 22:06:41 36 35 16
C127003017 9263665872 4957274215 C127012020 9263665872 4957274215 18-11-19 22:06:40 41 40 16
C127003015 4992676788 4957863655 C127012018 4992676788 4957863655 18-11-19 22:06:23 61 59 16
C127006031 9853360000 4957274233 C127016027 9853360000 4957274233 18-11-19 22:06:49 47 44 16
C127007029 9032081328 4957274215 C127019018 9032081328 4957274215 18-11-19 22:04:52 172 167 16
C127007029 9254959282 4957274233 C127019028 9254959282 4957274233 18-11-19 22:07:50 0 0 16
C127009021 9263000393 4956004211 C127021021 9263000393 4956004211 18-11-19 22:06:55 58 0 16
C127007026 9663367886 4957274233 C127019026 9663367886 4957274233 18-11-19 22:07:09 51 48 16
C127006030 9853172227 4957274233 C127016028 9853172227 4957274233 18-11-19 22:07:07 62 61 16
C127006029 9857734302 4957274215 C127016031 9857734302 4957274215 18-11-19 22:08:18 1 0 16
C127001018 4955651129 4957274233 C127012023 4955651129 4957274233 18-11-19 22:07:37 51 50 16
C127002024 4957597857 4957274233 C127012022 4957597857 4957274233 18-11-19 22:07:32 58 53 16
C127001020 79161429403 4957270901 C127012019 79161429403 4957270901 18-11-19 22:06:28 122 118 16
C127010009 9057931777 4994009903 C127021022 9057931777 4994009903 18-11-19 22:07:56 37 36 16
C127007025 9670442987 4957274233 C127019027 9670442987 4957274233 18-11-19 22:07:27 80 75 16
C127007028 9645917447 4957274233 C127019019 9645917447 4957274233 18-11-19 22:05:00 228 227 16
C127007029 9254959282 4957274233 C127019029 9254959282 4957274233 18-11-19 22:08:09 44 41 16
C127006030 9853172227 4957274233 C127016030 9853172227 4957274233 18-11-19 22:08:17 44 43 16
C127006031 9161542227 4957274233 C127016029 9161542227 4957274233 18-11-19 22:07:37 92 87 16
C127010023 9629089594 4994000400 C127021023 9629089594 4994000400 18-11-19 22:08:23 51 47 16
C127007030 9672449685 4957274233 C127019014 9672449685 4957274233 18-11-19 22:01:24 480 477 16
C127000030 4957531838 4957274233 C127012012 4957531838 4957274233 18-11-19 22:03:25 363 361 16
C127009007 9267584588 4994009938 C127021024 9267584588 4994009938 18-11-19 22:08:52 43 38 16
C127007027 9670587777 4957274233 C127019020 9670587777 4957274233 18-11-19 22:05:17 272 270 16
C127010005 9253743302 4994000400 C127021020 9253743302 4994000400 18-11-19 22:06:48 182 180 16
C127002030 9267570645 4957274215 C127012024 9267570645 4957274215 18-11-19 22:09:42 41 36 16
C127006029 9161388771 4957274233 C127016001 9161388771 4957274233 18-11-19 22:08:52 94 93 16
C127006030 9857734302 4957274215 C127016002 9857734302 4957274215 18-11-19 22:09:08 87 83 16
C127001028 4957541252 4957274233 C127012025 4957541252 4957274233 18-11-19 22:09:48 48 44 16
C127003009 4955610909 4957274233 C127012026 4955610909 4957274233 18-11-19 22:09:53 52 48 16
C127006031 9853492421 4957274233 C127016003 9853492421 4957274233 18-11-19 22:10:01 45 44 16
C127001014 4991939555 4957274233 C127012011 4991939555 4957274233 18-11-19 22:03:10 459 457 16
C127006029 9015476169 4957274242 C127016005 9015476169 4957274242 18-11-19 22:10:28 37 33 16
C127000010 4957533295 4957274233 C127012027 4957533295 4957274233 18-11-19 22:10:43 39 35 16
C127002015 4999076057 4957274233 C127012021 4999076057 4957274233 18-11-19 22:07:07 257 255 16
C127010013 9257730312 4994000400 C127021025 9257730312 4994000400 18-11-19 22:10:53 44 41 16
C127009027 9299748512 4994000400 C127021027 9299748512 4994000400 18-11-19 22:12:06 40 36 16
C127006028 9778721527 4957274233 C127016004 9778721527 4957274233 18-11-19 22:10:20 154 152 16
C127007030 9035048206 4957274233 C127019030 9035048206 4957274233 18-11-19 22:12:17 43 38 16
C127006031 9150827065 4957274233 C127016006 9150827065 4957274233 18-11-19 22:12:10 50 48 16
C127001008 9295390079 4957274215 C127012029 9295390079 4957274215 18-11-19 22:12:38 40 38 16
C127006029 9154004715 4957274233 C127016008 9154004715 4957274233 18-11-19 22:12:47 45 40 16
C127003024 4955621837 4957274233 C127012030 4955621837 4957274233 18-11-19 22:12:44 51 48 16
C127003006 9264603781 4957274233 C127012031 9264603781 4957274233 18-11-19 22:13:29 32 29 16
C127000023 4957595034 4957274233 C127012001 4957595034 4957274233 18-11-19 22:13:31 41 40 16
C127007030 9651517149 4957274233 C127019031 9651517149 4957274233 18-11-19 22:13:21 58 57 16
C127010029 9055352524 4994000400 C127021028 9055352524 4994000400 18-11-19 22:12:39 101 98 16
C127009019 4957946763 4994009903 C127021026 4957946763 4994009903 18-11-19 22:10:56 220 219 16
C127006030 9067243355 4957274233 C127016007 9067243355 4957274233 18-11-19 22:12:28 134 130 16
C127006028 9151447435 4957274233 C127016009 9151447435 4957274233 18-11-19 22:12:56 119 118 16
C127007031 9663430343 4957274233 C127019017 9663430343 4957274233 18-11-19 22:03:54 700 697 16
C127007029 9035010296 4957274233 C127019001 9035010296 4957274233 18-11-19 22:13:41 117 116 16
C127001022 9266696000 4957274215 C127012028 9266696000 4957274215 18-11-19 22:12:05 224 222 16
C127021031 4957274224 9266008055 C127009031 4957274224 9266008055 18-11-19 21:57:23 1127 1078 16
C127016003 4959830918 9266082455 C127004010 4959830918 9266082455 18-11-19 22:16:09 4 0 16
C127010027 9264955147 4994000400 C127021029 9264955147 4994000400 18-11-19 22:13:54 162 159 16
C127007030 9602728888 4957274233 C127019002 9602728888 4957274233 18-11-19 22:15:11 94 93 16
C127007031 9687019666 4957274215 C127019003 9687019666 4957274215 18-11-19 22:16:21 41 40 16
C127010011 9241398818 4994000400 C127021031 9241398818 4994000400 18-11-19 22:16:37 37 35 16
C127000025 9261354530 4957274233 C127012002 9261354530 4957274233 18-11-19 22:15:26 112 111 16
C127001027 4955090876 4957274233 C127012004 4955090876 4957274233 18-11-19 22:16:54 43 40 16
C127003018 4955624762 4957274233 C127012005 4955624762 4957274233 18-11-19 22:16:57 51 46 16
C127001030 9262254477 4957274233 C127012003 9262254477 4957274233 18-11-19 22:16:50 86 84 16
C127006031 9775415584 4995044065 C127016010 9775415584 4995044065 18-11-19 22:16:38 99 95 16
C127006028 9859216923 4957274233 C127016013 9859216923 4957274233 18-11-19 22:17:44 47 44 16
C127007030 9055038320 4957274233 C127019004 9055038320 4957274233 18-11-19 22:16:49 105 103 16
C127006029 9153179438 4957863655 C127016012 9153179438 4957863655 18-11-19 22:17:05 100 98 16
C127007031 9636019018 4957274233 C127019005 9636019018 4957274233 18-11-19 22:18:06 46 45 16
C127009017 9777144373 4994000400 C127021001 9777144373 4994000400 18-11-19 22:17:31 118 117 16
C127002028 4957530319 4957274233 C127012006 4957530319 4957274233 18-11-19 22:17:01 150 149 16
C127021031 4957274256 9264581369 C127009031 4957274256 9264581369 18-11-19 22:19:03 29 14 16
C127006031 4952521025 4999689849 C127016014 4952521025 4999689849 18-11-19 22:19:40 5 3 16
C127001026 9263743942 4957274233 C127012007 9263743942 4957274233 18-11-19 22:19:04 44 41 16
C127010031 9055102173 4994000400 C127021002 9055102173 4994000400 18-11-19 22:18:16 103 97 16
C127010025 4957521859 4994000400 C127021003 4957521859 4994000400 18-11-19 22:19:00 89 88 16
C127003003 9202678787 4957274233 C127012008 9202678787 4957274233 18-11-19 22:19:30 61 60 16
C127002006 9263290139 4957274233 C127012011 9263290139 4957274233 18-11-19 22:20:16 38 37 16
C127001021 4957525012 4957274233 C127012009 4957525012 4957274233 18-11-19 22:19:30 98 96 16
C127009013 9060957858 4994000400 C127021030 9060957858 4994000400 18-11-19 22:16:08 322 318 16
C127000015 4955627183 4957274233 C127012012 4955627183 4957274233 18-11-19 22:20:55 41 39 16
C127002002 9261668231 4957274233 C127012014 9261668231 4957274233 18-11-19 22:21:23 25 21 16
C127009009 9263221735 4994009903 C127021004 9263221735 4994009903 18-11-19 22:19:50 119 118 16
C127006031 9151491082 4957274233 C127016015 9151491082 4957274233 18-11-19 22:20:05 133 131 16
C127001001 4957547993 4957274215 C127012013 4957547993 4957274215 18-11-19 22:21:01 83 82 16
C127006029 9772614238 4957274233 C127016017 9772614238 4957274233 18-11-19 22:22:02 44 39 16
C127006028 9165328432 4957274233 C127016018 9165328432 4957274233 18-11-19 22:22:15 41 39 16
C127006027 9160693793 4957274215 C127016019 9160693793 4957274215 18-11-19 22:22:17 47 45 16
C127021031 4957274256 9168141756 C127009031 4957274256 9168141756 18-11-19 22:22:43 22 15 16
C127002008 4955622631 4957274233 C127012010 4955622631 4957274233 18-11-19 22:19:51 239 238 16
C127006031 9639753046 4957863655 C127016020 9639753046 4957863655 18-11-19 22:23:15 65 62 16
C127009001 9637644448 4994009903 C127021006 9637644448 4994009903 18-11-19 22:24:10 49 47 16
C127007028 9030013022 4957274233 C127019009 9030013022 4957274233 18-11-19 22:24:32 50 45 16
C127002016 4955641514 4957274233 C127012018 4955641514 4957274233 18-11-19 22:24:55 46 44 16
C127007028 9037920911 4957274233 C127019012 9037920911 4957274233 18-11-19 22:25:49 1 0 16
C127021031 4957863648 9104642860 C127009031 4957863648 9104642860 18-11-19 22:25:13 46 7 16
C127006029 9166421054 4957274233 C127016022 9166421054 4957274233 18-11-19 22:25:15 45 43 16
C127000013 9998257270 4957274233 C127012017 9998257270 4957274233 18-11-19 22:23:41 170 169 16
C127007031 9063726438 4957274233 C127019006 9063726438 4957274233 18-11-19 22:22:18 254 251 16
C127006031 9161927474 4957274233 C127016021 9161927474 4957274233 18-11-19 22:25:06 105 104 16
C127010021 9066011519 4994000400 C127021009 9066011519 4994000400 18-11-19 22:26:17 40 39 16
C127007029 9017007320 4999689409 C127019008 9017007320 4999689409 18-11-19 22:24:24 153 150 16
C127021031 4995043143 9104642860 C127009031 4995043143 9104642860 18-11-19 22:26:19 41 4 16
C127006029 9269887125 4957274215 C127016023 9269887125 4957274215 18-11-19 22:26:17 44 39 16
C127009025 9654434788 4994009903 C127021005 9654434788 4994009903 18-11-19 22:24:08 182 180 16
C127009023 9687806810 4956004248 C127021008 9687806810 4956004248 18-11-19 22:25:58 84 73 16
C127007031 9037920911 4957274233 C127019013 9037920911 4957274233 18-11-19 22:26:38 45 41 16
C127007026 9689996628 4957274233 C127019011 9689996628 4957274233 18-11-19 22:24:49 162 159 16
C127006030 9859509198 4957274233 C127016011 9859509198 4957274233 18-11-19 22:16:43 649 645 16
C127007030 9037380366 4957274233 C127019007 9037380366 4957274233 18-11-19 22:23:44 237 234 16
C127007031 9175927065 4999689933 C127019014 9175927065 4999689933 18-11-19 22:28:22 17 12 16
C127000026 4955640261 4957274233 C127012019 4955640261 4957274233 18-11-19 22:26:46 116 110 16
C127006031 9164305669 4957274233 C127016024 9164305669 4957274233 18-11-19 22:28:26 44 43 16
C127006029 9169628142 4957274233 C127016026 9169628142 4957274233 18-11-19 22:28:35 46 44 16
C127007031 9175927065 4999689933 C127019015 9175927065 4999689933 18-11-19 22:29:15 14 12 16
C127006027 9260808028 4957274233 C127016028 9260808028 4957274233 18-11-19 22:28:55 48 46 16
C127010007 9150611695 4994000400 C127021007 9150611695 4994000400 18-11-19 22:25:12 291 288 16
C127000029 9199981137 4957274215 C127012020 9199981137 4957274215 18-11-19 22:29:17 47 42 16
C127007027 9647703314 4957274233 C127019010 9647703314 4957274233 18-11-19 22:24:39 333 330 16
C127002018 9261668231 4957274233 C127012015 9261668231 4957274233 18-11-19 22:22:20 473 471 16
C127001025 4957513338 4957274233 C127012021 4957513338 4957274233 18-11-19 22:29:53 50 46 16
C127003019 9264947037 4957274233 C127012022 9264947037 4957274233 18-11-19 22:30:12 41 36 16
C127006025 9687532076 4957274233 C127016002 9687532076 4957274233 18-11-19 22:30:17 45 40 16
C127010003 9161014091 4994009903 C127021011 9161014091 4994009903 18-11-19 22:30:31 38 37 16
C127000005 4955637656 4995047899 C127012023 4955637656 4995047899 18-11-19 22:31:03 9 0 17
C127006028 9013882141 4957274233 C127016027 9013882141 4957274233 18-11-19 22:28:39 171 168 16
C127006026 9852241743 4957274233 C127016031 9852241743 4957274233 18-11-19 22:29:43 112 108 16
C127006031 9772614238 4957274233 C127016029 9772614238 4957274233 18-11-19 22:29:28 147 143 16
C127006027 9166794787 4957274215 C127016001 9166794787 4957274215 18-11-19 22:30:04 134 131 16
C127006029 9167358486 4957274233 C127016030 9167358486 4957274233 18-11-19 22:29:36 175 174 16
C127003012 9254629156 4957274233 C127012024 9254629156 4957274233 18-11-19 22:31:57 45 40 16
C127006029 4952521025 4999689849 C127016006 4952521025 4999689849 18-11-19 22:32:40 5 3 16
C127006030 9104228162 4957274233 C127016025 9104228162 4957274233 18-11-19 22:28:34 254 253 16
C127006031 9166974400 4957274215 C127016004 9166974400 4957274215 18-11-19 22:32:10 40 38 16
C127003008 4957545138 4957274233 C127012025 4957545138 4957274233 18-11-19 22:32:40 36 35 16
C127010015 9152492479 4994000400 C127021013 9152492479 4994000400 18-11-19 22:32:29 50 47 16
C127006030 9779905563 4995044065 C127016008 9779905563 4995044065 18-11-19 22:33:31 35 30 16
C127001010 9268979388 4957274233 C127012026 9268979388 4957274233 18-11-19 22:33:35 37 35 16
C127007031 9253038623 4957274233 C127019017 9253038623 4957274233 18-11-19 22:31:56 139 138 16
C127007030 9057146246 4957274233 C127019018 9057146246 4957274233 18-11-19 22:33:41 53 52 16
C127006030 9772607835 4957274233 C127016009 9772607835 4957274233 18-11-19 22:34:21 52 51 16
C127009011 9265801523 4994009938 C127021010 9265801523 4994009938 18-11-19 22:30:12 304 303 16
C127006028 9772614238 4957274233 C127016005 9772614238 4957274233 18-11-19 22:32:18 185 181 16
C127006031 9852060617 4957274233 C127016007 9852060617 4957274233 18-11-19 22:33:29 131 128 16
C127002031 9265730085 4957274233 C127012029 9265730085 4957274233 18-11-19 22:34:59 43 40 16
C127000008 4957532831 4957274233 C127012030 4957532831 4957274233 18-11-19 22:35:21 57 56 16
C127000012 9257418074 4957274233 C127012031 9257418074 4957274233 18-11-19 22:35:43 42 38 16
C127006029 9104312093 4957274233 C127016010 9104312093 4957274233 18-11-19 22:34:39 110 107 16
C127006030 9161895582 4957274233 C127016012 9161895582 4957274233 18-11-19 22:36:03 45 41 16
C127009015 9257369029 4956004211 C127021015 9257369029 4956004211 18-11-19 22:34:34 134 128 16
C127007031 9057602986 4957274233 C127019020 9057602986 4957274233 18-11-19 22:36:14 47 44 16
C127009029 9137397879 4994000400 C127021017 9137397879 4994000400 18-11-19 22:36:38 46 42 16
C127000020 9996670832 4957274233 C127012001 9996670832 4957274233 18-11-19 22:36:08 84 80 16
C127006030 9773764849 4957274233 C127016013 9773764849 4957274233 18-11-19 22:37:07 48 43 16
C127007029 9859308946 4999689531 C127019019 9859308946 4999689531 18-11-19 22:33:52 243 238 16
C127010017 9167028352 4994000400 C127021018 9167028352 4994000400 18-11-19 22:37:39 48 47 16
C127001019 9858850187 4957274233 C127012027 9858850187 4957274233 18-11-19 22:33:44 343 340 16
C127007031 9060934115 4957274215 C127019021 9060934115 4957274215 18-11-19 22:38:57 40 35 16
C127006031 9161776196 4957274233 C127016011 9161776196 4957274233 18-11-19 22:35:55 227 225 16
C127001024 9265309155 4957274233 C127012002 9265309155 4957274233 18-11-19 22:39:13 49 45 16
C127007031 9169833135 4957274233 C127019023 9169833135 4957274233 18-11-19 22:39:52 47 42 16
C127006030 9773764849 4957274233 C127016015 9773764849 4957274233 18-11-19 22:38:19 163 160 16
C127003031 9168812529 4957274233 C127012004 9168812529 4957274233 18-11-19 22:40:46 43 42 16
C127002007 4957524355 4957274233 C127012005 4957524355 4957274233 18-11-19 22:41:18 49 45 16
C127007030 9035105588 4957274233 C127019022 9035105588 4957274233 18-11-19 22:39:25 176 174 16
C127001009 9295818646 4957274233 C127012003 9295818646 4957274233 18-11-19 22:40:34 112 109 16
C127007031 9035914304 4957274233 C127019024 9035914304 4957274233 18-11-19 22:41:50 42 40 16
C127006031 9814619315 4957274233 C127016017 9814619315 4957274233 18-11-19 22:40:19 157 154 16
C127006027 9169645673 4957274233 C127016020 9169645673 4957274233 18-11-19 22:42:33 42 38 16
C127010001 9250117476 4994000400 C127021014 9250117476 4994000400 18-11-19 22:33:12 619 614 16
C127006030 9265308066 4957274233 C127016018 9265308066 4957274233 18-11-19 22:41:38 116 112 16
C127006028 9250812188 4957863655 C127016019 9250812188 4957863655 18-11-19 22:42:09 85 81 16
C127009005 9256196477 4994000400 C127021019 9256196477 4994000400 18-11-19 22:43:02 55 50 16
C127002020 4957947189 4957274233 C127012006 4957947189 4957274233 18-11-19 22:43:59 25 22 16
C127009021 9167444819 4994000400 C127021021 9167444819 4994000400 18-11-19 22:43:40 51 49 16
C127006027 9151925333 4957274233 C127016023 9151925333 4957274233 18-11-19 22:43:31 81 80 16
C127010009 9163330118 4994000400 C127021022 9163330118 4994000400 18-11-19 22:44:13 54 50 16
C127006029 9154520212 4957274233 C127016014 9154520212 4957274233 18-11-19 22:37:40 465 463 16
C127006030 9151497925 4957274233 C127016024 9151497925 4957274233 18-11-19 22:44:07 83 81 16
C127006031 9854114592 4957274233 C127016022 9854114592 4957274233 18-11-19 22:43:22 133 128 16
C127006031 4952521025 4999689849 C127016028 4952521025 4999689849 18-11-19 22:45:40 5 3 16
C127010023 9660802920 4994000400 C127021023 9660802920 4994000400 18-11-19 22:45:09 38 35 16
C127006027 9152941010 4995047853 C127016026 9152941010 4995047853 18-11-19 22:45:11 51 0 16
C127006024 9773622412 4957274233 C127016027 9773622412 4957274233 18-11-19 22:45:24 45 42 16
C127000007 4957533974 4957274233 C127012008 4957533974 4957274233 18-11-19 22:45:37 51 47 16
C127002026 9152219770 4957274233 C127012007 9152219770 4957274233 18-11-19 22:44:05 144 142 16
C127006028 9814619315 4957274233 C127016025 9814619315 4957274233 18-11-19 22:44:09 156 153 16
C127002023 9377821505 4957274233 C127012009 9377821505 4957274233 18-11-19 22:46:03 52 48 16
C127007029 9032000140 4957274233 C127019027 9032000140 4957274233 18-11-19 22:46:16 43 42 16
C127010019 9857462522 4994000400 C127021012 9857462522 4994000400 18-11-19 22:31:55 920 919 16
C127006026 9299503000 4957863655 C127016021 9299503000 4957863655 18-11-19 22:42:41 281 279 16
C127001016 9253133513 4957274233 C127012028 9253133513 4957274233 18-11-19 22:33:58 804 800 16
C127007028 9039736553 4957274233 C127019028 9039736553 4957274233 18-11-19 22:46:38 46 42 16
C127007031 9653287516 4957274233 C127019025 9653287516 4957274233 18-11-19 22:44:36 204 203 16
C127007029 9032365028 4957274233 C127019029 9032365028 4957274233 18-11-19 22:47:26 49 48 16
C127006030 9167131049 4957274233 C127016030 9167131049 4957274233 18-11-19 22:47:45 38 36 16
C127007030 9263739965 4957274233 C127019026 9263739965 4957274233 18-11-19 22:44:51 218 212 16
C127006031 9151925333 4957274233 C127016029 9151925333 4957274233 18-11-19 22:45:57 241 236 16
C127007031 9037073391 4957274233 C127019031 9037073391 4957274233 18-11-19 22:49:23 40 37 16
C127007030 9645174140 4957274233 C127019001 9645174140 4957274233 18-11-19 22:49:26 39 38 16
C127007028 9636315432 4957274233 C127019030 9636315432 4957274233 18-11-19 22:47:40 153 151 16
C127009007 9686348379 4994000400 C127021024 9686348379 4994000400 18-11-19 22:50:16 14 8 16
C127001023 9299640687 4957274215 C127012010 9299640687 4957274215 18-11-19 22:48:34 133 130 16
C127007031 9645174140 4957274233 C127019002 9645174140 4957274233 18-11-19 22:50:11 39 38 16
C127001017 4955633137 4957274215 C127012012 4955633137 4957274215 18-11-19 22:51:51 52 51 16
C127007030 9636077922 4957274233 C127019004 9636077922 4957274233 18-11-19 22:52:42 35 30 16
C127006031 9199913059 4957274233 C127016031 9199913059 4957274233 18-11-19 22:52:32 45 40 16
C127006025 9774985392 4957274233 C127016003 9774985392 4957274233 18-11-19 22:31:25 1316 1314 16
