C127007030 4996812836 4996580471 C127019010 4996812836 4996580471 18-11-19 18:53:36 3 0 21
C127021019 4995047883 9104053033 C127009024 4995047883 9104053033 18-11-19 18:53:37 4 0 17
C127006030 4952521025 4999689849 C127016019 4952521025 4999689849 18-11-19 18:53:41 3 2 16
C127007031 9039795254 4999689078 C127019007 9039795254 4999689078 18-11-19 18:52:54 56 46 16
C127006031 9645513337 4957863655 C127016013 9645513337 4957863655 18-11-19 18:49:12 282 279 16
C127009019 9036733774 4994009938 C127021020 9036733774 4994009938 18-11-19 18:44:55 544 542 16
C127006030 9167911322 4996585960 C127016020 9167911322 4996585960 18-11-19 18:53:49 24 13 16
C127010013 9164144788 4994009901 C127021023 9164144788 4994009901 18-11-19 18:49:51 268 267 16
C127006029 9262483233 4957274202 C127016023 9262483233 4957274202 18-11-19 18:54:26 5 4 16
C127021024 4995047872 9169148384 C127009025 4995047872 9169148384 18-11-19 18:53:34 59 0 16
C127016014 4999689423 9175882810 C127004018 4999689423 9175882810 18-11-19 18:54:22 14 0 16
C127006029 9851074951 4996585960 C127016025 9851074951 4996585960 18-11-19 18:54:34 5 0 21
C127006028 9100026122 4996585960 C127016024 9100026122 4996585960 18-11-19 18:54:28 18 12 16
C127021027 4957835786 9165259200 C127009027 4957835786 9165259200 18-11-19 18:50:57 232 214 16
C127006030 9163560967 4957396201 C127016022 9163560967 4957396201 18-11-19 18:54:20 38 36 16
C127008003 89277528583 4959818484 C127020031 89277528583 4959818484 18-11-19 18:55:01 5 4 16
C127016013 4995047872 9873917300 C127004017 4995047872 9873917300 18-11-19 18:55:08 2 0 31
C127006029 9857946359 4996585960 C127016027 9857946359 4996585960 18-11-19 18:55:11 3 0 21
C127006030 9152532570 4996585960 C127016026 9152532570 4996585960 18-11-19 18:55:01 14 10 16
C127016012 4995047872 9873917300 C127004015 4995047872 9873917300 18-11-19 18:55:18 2 0 31
C127010031 9300749970 4994000400 C127021025 9300749970 4994000400 18-11-19 18:52:57 153 152 16
C127006031 9629877711 4957863655 C127016021 9629877711 4957863655 18-11-19 18:53:56 95 94 16
C127021026 4957835702 9264472773 C127009026 4957835702 9264472773 18-11-19 18:53:30 130 104 16
C127006030 9857946359 4996585960 C127016028 9857946359 4996585960 18-11-19 18:55:23 18 14 16
C127001021 4953347165 4996582585 C127012020 4953347165 4996582585 18-11-19 18:48:13 461 444 16
C127006030 9152539148 4996585960 C127016030 9152539148 4996585960 18-11-19 18:56:00 4 0 21
C127006030 9152539148 4996585960 C127016031 9152539148 4996585960 18-11-19 18:56:12 2 0 21
C127006031 9152531744 4996585960 C127016029 9152531744 4996585960 18-11-19 18:55:52 23 11 16
C127007031 9090824138 4996589741 C127019011 9090824138 4996589741 18-11-19 18:56:12 4 0 21
C127021031 4999689933 9262321166 C127009031 4999689933 9262321166 18-11-19 18:52:33 226 218 16
C127021030 4999689933 9175071134 C127009030 4999689933 9175071134 18-11-19 18:52:53 206 182 16
C127006031 9152539148 4996585960 C127016002 9152539148 4996585960 18-11-19 18:56:21 3 0 21
C127021025 4995599910 9255077309 C127009025 4995599910 9255077309 18-11-19 18:55:58 27 20 16
C127021027 4957869751 9778947807 C127009027 4957869751 9778947807 18-11-19 18:55:28 57 38 31
C127006030 9152539148 4996585960 C127016004 9152539148 4996585960 18-11-19 18:56:29 5 0 21
C127021028 4995047831 9032535904 C127009028 4995047831 9032535904 18-11-19 18:50:48 346 325 16
C127006029 9154830328 4996585960 C127016001 9154830328 4996585960 18-11-19 18:56:14 22 11 16
C127006029 9152528659 4996585960 C127016006 9152528659 4996585960 18-11-19 18:56:42 2 0 21
C127006029 9152539148 4996585960 C127016007 9152539148 4996585960 18-11-19 18:56:46 3 0 21
C127016011 4999689423 9624456113 C127004014 4999689423 9624456113 18-11-19 18:55:53 56 43 16
C127021031 4957835785 9778947807 C127009031 4957835785 9778947807 18-11-19 18:56:38 16 7 16
C127006029 9152528659 4996585960 C127016008 9152528659 4996585960 18-11-19 18:56:52 7 0 21
C127006028 9152539148 4996585960 C127016009 9152539148 4996585960 18-11-19 18:56:57 7 0 21
C127006030 9851074951 4996585960 C127016005 9851074951 4996585960 18-11-19 18:56:36 30 14 16
C127006030 9637167876 4957863652 C127016011 9637167876 4957863652 18-11-19 18:57:08 2 0 21
C127000015 4991521577 4996585960 C127012022 4991521577 4996585960 18-11-19 18:57:08 6 0 21
C127010017 9851689402 4994009901 C127021021 9851689402 4994009901 18-11-19 18:47:47 568 563 16
C127006030 9152539148 4996585960 C127016012 9152539148 4996585960 18-11-19 18:57:12 3 0 21
C127006028 9637167876 4957863652 C127016013 9637167876 4957863652 18-11-19 18:57:12 7 0 21
C127007031 9261658002 4999689078 C127019012 9261658002 4999689078 18-11-19 18:56:42 41 29 16
C127001001 9017496095 4957863652 C127012023 9017496095 4957863652 18-11-19 18:57:20 4 0 21
C127006029 9152528659 4996585960 C127016010 9152528659 4996585960 18-11-19 18:57:06 22 11 16
C127006030 9152539148 4996585960 C127016014 9152539148 4996585960 18-11-19 18:57:25 4 0 21
C127010025 4957088960 4994000400 C127021027 4957088960 4994000400 18-11-19 18:57:16 21 20 16
C127021026 4999689090 9647252045 C127009026 4999689090 9647252045 18-11-19 18:55:54 104 77 16
C127000007 4991521577 4996585960 C127012024 4991521577 4996585960 18-11-19 18:57:45 4 0 21
C127021019 4956004240 4951081648 C127009024 4956004240 4951081648 18-11-19 18:53:47 244 228 16
C127006030 9152539148 4996585960 C127016015 9152539148 4996585960 18-11-19 18:57:37 17 10 16
C127021028 4995047507 9653900909 C127009028 4995047507 9653900909 18-11-19 18:57:43 21 0 17
C127007031 9166024581 4999689090 C127019013 9166024581 4999689090 18-11-19 18:57:48 20 10 16
C127009011 9268432424 4994000400 C127021022 9268432424 4994000400 18-11-19 18:49:26 525 519 16
C127021030 4995047809 9254908009 C127009030 4995047809 9254908009 18-11-19 18:57:33 39 27 16
C127021031 4957869733 9253385469 C127009031 4957869733 9253385469 18-11-19 18:57:08 69 51 16
C127007030 9151125682 4999689078 C127019014 9151125682 4999689078 18-11-19 18:57:58 34 23 16
C127006030 9152531534 4996585960 C127016017 9152531534 4996585960 18-11-19 18:58:20 16 12 16
C127006030 9152529257 4996585960 C127016018 9152529257 4996585960 18-11-19 18:58:46 3 0 21
C127021030 4995047507 9160837777 C127009030 4995047507 9160837777 18-11-19 18:58:38 11 0 16
C127002006 4991649519 4999689102 C127012021 4991649519 4999689102 18-11-19 18:54:04 286 274 16
C127006028 9661704308 4996581861 C127016020 9661704308 4996581861 18-11-19 18:58:48 5 0 21
C127002016 351214468400 4959818484 C127012025 351214468400 4959818484 18-11-19 18:58:10 44 42 16
C127002031 4991521577 4996585960 C127012026 4991521577 4996585960 18-11-19 18:58:39 16 10 16
C127008008 84996813160 4959818484 C127020001 84996813160 4959818484 18-11-19 18:58:51 6 5 16
C127006028 9152529257 4996585960 C127016022 9152529257 4996585960 18-11-19 18:58:55 16 10 16
C127006026 9152528600 4996585960 C127016024 9152528600 4996585960 18-11-19 18:59:06 6 0 21
C127006028 9999091695 4995047809 C127016025 9999091695 4995047809 18-11-19 18:59:20 6 0 17
C127006029 9778757917 4999689078 C127016019 9778757917 4999689078 18-11-19 18:58:47 50 45 16
C127006026 9152528600 4996585960 C127016026 9152528600 4996585960 18-11-19 18:59:20 18 12 16
C127006030 9150097151 4957863655 C127016021 9150097151 4957863655 18-11-19 18:58:53 47 44 16
C127006027 9178620190 4959818484 C127016023 9178620190 4959818484 18-11-19 18:59:06 43 42 16
C127016010 4999689423 9663820444 C127004013 4999689423 9663820444 18-11-19 18:59:28 26 0 16
C127008030 84994005609 4996581057 C127020002 84994005609 4996581057 18-11-19 18:59:57 7 0 21
C127006030 4994005609 4996581057 C127016027 4994005609 4996581057 18-11-19 19:00:12 7 0 21
C127006030 4994005609 4996581057 C127016029 4994005609 4996581057 18-11-19 19:00:20 2 0 21
C127006029 9153609691 4995043142 C127016028 9153609691 4995043142 18-11-19 19:00:19 7 0 17
C127007031 4994263727 4996581057 C127019015 4994263727 4996581057 18-11-19 19:00:24 5 0 21
C127006031 9165007580 4957274233 C127016003 9165007580 4957274233 18-11-19 18:56:25 249 247 16
C127006030 9169138972 4996585960 C127016030 9169138972 4996585960 18-11-19 19:00:29 18 14 16
C127021027 4995047507 9150570000 C127009027 4995047507 9150570000 18-11-19 19:00:33 43 22 16
C127021025 4995044060 9100132090 C127009025 4995044060 9100132090 18-11-19 19:01:13 10 0 17
C127006031 9152539291 4996585960 C127016031 9152539291 4996585960 18-11-19 19:01:08 20 12 16
C127006030 9169126693 4996585960 C127016001 9169126693 4996585960 18-11-19 19:01:22 7 0 21
C127006030 9169126693 4996585960 C127016003 9169126693 4996585960 18-11-19 19:01:38 6 0 21
C127006030 9152531986 4996585960 C127016004 9152531986 4996585960 18-11-19 19:01:46 3 0 21
C127006031 9152528663 4996585960 C127016002 9152528663 4996585960 18-11-19 19:01:35 15 10 16
C127012031 4999689100 4991644730 C127000031 4999689100 4991644730 18-11-19 19:00:24 91 0 19
C127006030 9152528714 4996585960 C127016006 9152528714 4996585960 18-11-19 19:01:58 3 0 21
C127006029 9152531986 4996585960 C127016007 9152531986 4996585960 18-11-19 19:01:58 5 0 21
C127006028 9778908643 4957274233 C127016008 9778908643 4957274233 18-11-19 19:02:00 5 3 16
C127006031 9169126693 4996585960 C127016005 9169126693 4996585960 18-11-19 19:01:52 19 12 16
C127006030 9152531986 4996585960 C127016010 9152531986 4996585960 18-11-19 19:02:10 3 0 21
C127021030 4999689100 9057173400 C127009030 4999689100 9057173400 18-11-19 18:59:21 180 170 16
C127021026 4995047812 9261203699 C127009026 4995047812 9261203699 18-11-19 19:01:12 78 69 16
C127006029 9154917344 4996585960 C127016013 9154917344 4996585960 18-11-19 19:02:30 4 0 21
C127006031 9152531986 4996585960 C127016011 9152531986 4996585960 18-11-19 19:02:19 16 10 16
C127020022 4959818484 84955809930 C127008025 4959818484 84955809930 18-11-19 19:02:13 24 0 16
C127006029 9154917344 4996585960 C127016015 9154917344 4996585960 18-11-19 19:02:45 4 0 21
C127021028 4956004240 8007005127 C127009028 4956004240 8007005127 18-11-19 18:59:52 181 178 16
C127002002 4953393788 4996585960 C127012027 4953393788 4996585960 18-11-19 19:02:36 17 10 16
C127001016 4953398333 4996585960 C127012028 4953398333 4996585960 18-11-19 19:02:54 17 9 16
C127016009 4999689100 4991644730 C127004012 4999689100 4991644730 18-11-19 19:01:59 80 0 16
C127016008 4957390933 9251001555 C127004011 4957390933 9251001555 18-11-19 19:02:43 42 0 16
C127021031 4995041578 9773367122 C127009031 4995041578 9773367122 18-11-19 18:58:22 313 304 16
C127021025 4957869756 9252786379 C127009025 4957869756 9252786379 18-11-19 19:02:21 75 49 16
C127006028 9152529244 4996585960 C127016018 9152529244 4996585960 18-11-19 19:03:33 19 10 16
C127006026 9152532657 4996585960 C127016021 9152532657 4996585960 18-11-19 19:04:02 7 0 21
C127006028 9152528714 4996585960 C127016019 9152528714 4996585960 18-11-19 19:03:56 23 11 16
C127006026 9152532657 4996585960 C127016022 9152532657 4996585960 18-11-19 19:04:14 5 0 21
C127008025 84996813618 4959818484 C127020003 84996813618 4959818484 18-11-19 19:04:17 10 5 16
C127006026 9152821069 4996585960 C127016024 9152821069 4996585960 18-11-19 19:04:25 4 0 21
C127006026 9152821069 4996585960 C127016025 9152821069 4996585960 18-11-19 19:04:36 3 0 21
C127006031 9153739677 4999689423 C127016014 9153739677 4999689423 18-11-19 19:02:42 120 117 16
C127002018 4954277522 4996585960 C127012030 4954277522 4996585960 18-11-19 19:04:39 4 0 21
C127021031 4957869734 9778189466 C127009031 4957869734 9778189466 18-11-19 19:03:57 48 28 127
C127006026 9152531720 4996585960 C127016026 9152531720 4996585960 18-11-19 19:04:41 4 0 21
C127006028 9152532657 4996585960 C127016023 9152532657 4996585960 18-11-19 19:04:23 24 12 16
C127006028 9152531720 4996585960 C127016028 9152531720 4996585960 18-11-19 19:04:51 3 0 21
C127001003 4954277522 4996585960 C127012001 4954277522 4996585960 18-11-19 19:04:54 5 0 21
C127009009 9264247750 4956004211 C127021004 9264247750 4956004211 18-11-19 19:03:17 104 94 16
C127006028 9152531720 4996585960 C127016029 9152531720 4996585960 18-11-19 19:04:59 5 0 21
C127006031 9152821069 4996585960 C127016027 9152821069 4996585960 18-11-19 19:04:46 25 12 16
C127021030 4957274256 9100086650 C127009030 4957274256 9100086650 18-11-19 19:04:54 18 9 16
C127006028 9152531720 4996585960 C127016030 9152531720 4996585960 18-11-19 19:05:08 5 0 21
C127003012 4954277522 4996585960 C127012002 4954277522 4996585960 18-11-19 19:05:10 4 0 21
C127002022 4954277522 4996585960 C127012003 4954277522 4996585960 18-11-19 19:05:24 5 0 21
C127006031 9152531720 4996585960 C127016001 9152531720 4996585960 18-11-19 19:05:18 15 9 16
C127021028 4957835785 9258784164 C127009028 4957835785 9258784164 18-11-19 19:04:55 43 0 16
C127003008 9251191512 4957274233 C127012029 9251191512 4957274233 18-11-19 19:02:58 164 161 16
C127006029 9778908643 4957274233 C127016017 9778908643 4957274233 18-11-19 19:03:00 165 163 16
C127021027 4995047882 9859714230 C127009027 4995047882 9859714230 18-11-19 19:01:28 260 238 16
C127002011 4954277522 4996585960 C127012004 4954277522 4996585960 18-11-19 19:05:38 17 10 16
C127001019 4991649519 4999689102 C127012005 4991649519 4999689102 18-11-19 19:05:52 7 0 16
C127016006 4957390933 9096482888 C127004009 4957390933 9096482888 18-11-19 19:05:38 27 0 16
C127016005 4957390933 9859310890 C127004008 4957390933 9859310890 18-11-19 19:05:38 36 19 16
C127002027 4954192108 4957863655 C127012031 4954192108 4957863655 18-11-19 19:04:41 97 95 16
C127003026 4992463100 4999675945 C127012017 4992463100 4999675945 18-11-19 18:45:51 1234 1225 16
C127021031 4995047886 9773367122 C127009031 4995047886 9773367122 18-11-19 19:04:48 106 95 16
C127016007 4995047886 9324892761 C127004010 4995047886 9324892761 18-11-19 19:05:08 89 66 16
C127021028 4956004240 9663742453 C127009028 4956004240 9663742453 18-11-19 19:05:53 50 36 16
C127006029 4952521025 4999689849 C127016003 4952521025 4999689849 18-11-19 19:06:41 4 3 16
C127010021 9637606323 4994009901 C127021002 9637606323 4994009901 18-11-19 19:02:10 280 278 16
C127006027 9169720580 4957863655 C127016020 9169720580 4957863655 18-11-19 19:03:57 180 175 16
C127021027 4999689933 9254637392 C127009027 4999689933 9254637392 18-11-19 19:06:06 53 42 16
C127021030 4999689933 9775705844 C127009030 4999689933 9775705844 18-11-19 19:05:48 71 62 16
C127006031 9778908643 4957274233 C127016002 9778908643 4957274233 18-11-19 19:06:05 71 69 16
C127002009 4991649519 4999689102 C127012006 4991649519 4999689102 18-11-19 19:06:32 90 81 16
C127007029 9151125682 4999689078 C127019019 9151125682 4999689078 18-11-19 19:07:48 41 32 16
C127010015 9259020864 4994000400 C127021006 9259020864 4994000400 18-11-19 19:06:07 143 138 16
C127006029 9859714230 4995047882 C127016006 9859714230 4995047882 18-11-19 19:08:52 1 0 16
C127007029 9693498740 4996584227 C127019020 9693498740 4996584227 18-11-19 19:09:02 7 0 21
C127009003 4957088960 4994000400 C127021001 4957088960 4994000400 18-11-19 18:57:50 699 697 16
C127006028 9858498946 4996585960 C127016008 9858498946 4996585960 18-11-19 19:09:28 19 11 16
C127010009 9259020864 4994000400 C127021008 9259020864 4994000400 18-11-19 19:08:41 82 81 16
C127007030 9647049659 4957274215 C127019018 9647049659 4957274215 18-11-19 19:06:54 191 188 16
C127009013 9150775394 4994000400 C127021005 9150775394 4994000400 18-11-19 19:03:31 399 398 16
C127000020 4954258265 4957274215 C127012007 4954258265 4957274215 18-11-19 19:06:33 220 219 16
C127009023 9854107717 4995599881 C127021007 9854107717 4995599881 18-11-19 19:07:49 145 134 16
C127006028 9152539385 4996585960 C127016009 9152539385 4996585960 18-11-19 19:09:59 18 10 16
C127006031 9883202083 4999689423 C127016005 9883202083 4999689423 18-11-19 19:08:04 137 134 16
C127006031 4957348142 4996585778 C127016010 4957348142 4996585778 18-11-19 19:10:22 4 0 21
C127007030 9035028046 4957274233 C127019022 9035028046 4957274233 18-11-19 19:10:24 2 0 16
C127006031 4957348142 4996585778 C127016011 4957348142 4996585778 18-11-19 19:10:27 7 0 21
C127007030 4957348142 4996585778 C127019023 4957348142 4996585778 18-11-19 19:10:36 3 0 21
C127007029 9256053905 4996582558 C127019021 9256053905 4996582558 18-11-19 19:09:19 82 61 16
C127006031 4957348142 4996585778 C127016013 4957348142 4996585778 18-11-19 19:10:40 4 0 21
C127016004 4996580000 9672787470 C127004007 4996580000 9672787470 18-11-19 19:07:03 221 210 16
C127007030 4957348142 4996585778 C127019024 4957348142 4996585778 18-11-19 19:10:45 3 0 21
C127021031 4957869735 9035553347 C127009031 4957869735 9035553347 18-11-19 19:07:23 206 194 16
C127008002 84957348142 4996585778 C127020004 84957348142 4996585778 18-11-19 19:10:49 2 0 127
C127006030 9096872956 4957274233 C127016012 9096872956 4957274233 18-11-19 19:02:22 509 504 16
C127021030 4957869735 9164064875 C127009030 4957869735 9164064875 18-11-19 19:07:58 182 159 16
C127003031 4953344997 4996585960 C127012012 4953344997 4996585960 18-11-19 19:10:48 15 10 16
C127021026 4999689933 9876751532 C127009026 4999689933 9876751532 18-11-19 19:10:48 59 49 16
C127021027 4999689933 9646310133 C127009027 4999689933 9646310133 18-11-19 19:10:25 82 69 16
C127006029 9168808250 4957274233 C127016007 9168808250 4957274233 18-11-19 19:09:16 169 168 16
C127006029 9152528988 4996585960 C127016017 9152528988 4996585960 18-11-19 19:12:08 4 0 21
C127006030 9152531363 4996585960 C127016015 9152531363 4996585960 18-11-19 19:12:07 15 9 16
C127006029 9152528988 4996585960 C127016018 9152528988 4996585960 18-11-19 19:12:20 4 0 21
C127007031 9507030644 4957270901 C127019017 9507030644 4957270901 18-11-19 19:05:58 396 393 16
C127021029 4995047873 9067192227 C127009029 4995047873 9067192227 18-11-19 18:47:19 1518 1498 16
C127009015 9262740756 4994000400 C127021010 9262740756 4994000400 18-11-19 19:11:15 90 88 16
C127016002 4957274262 9031679589 C127004005 4957274262 9031679589 18-11-19 19:10:58 110 99 16
C127010023 9167749305 4994009901 C127021003 9167749305 4994009901 18-11-19 19:02:33 616 613 16
C127006030 9152528988 4996585960 C127016019 9152528988 4996585960 18-11-19 19:12:32 20 11 16
C127009007 4950110956 4956004335 C127021013 4950110956 4956004335 18-11-19 19:12:50 4 0 21
C127001009 4953398333 4996585960 C127012013 4953398333 4996585960 18-11-19 19:12:58 1 0 16
C127009001 9268853002 4956004211 C127021012 9268853002 4956004211 18-11-19 19:12:10 68 63 16
C127021031 4995002567 9259236603 C127009031 4995002567 9259236603 18-11-19 19:11:58 85 75 16
C127008001 84957414841 4959842122 C127020005 84957414841 4959842122 18-11-19 19:13:12 25 3 16
C127021030 4957396201 9055990969 C127009030 4957396201 9055990969 18-11-19 19:13:23 39 26 16
C127008020 84957414841 4959842122 C127020006 84957414841 4959842122 18-11-19 19:13:49 29 12 16
C127002026 4953367787 4996585960 C127012014 4953367787 4996585960 18-11-19 19:14:16 3 0 21
C127006026 9775741737 4957274233 C127016031 9775741737 4957274233 18-11-19 19:05:11 554 553 16
C127006029 9152531960 4996585960 C127016021 9152531960 4996585960 18-11-19 19:14:05 20 3 16
C127006029 9152531960 4996585960 C127016024 9152531960 4996585960 18-11-19 19:14:29 19 10 16
C127006026 9778947807 4957869751 C127016025 9778947807 4957869751 18-11-19 19:14:43 9 0 17
C127006029 9851658490 4996585960 C127016026 9851658490 4996585960 18-11-19 19:15:12 17 10 16
C127021031 4957274256 9257552222 C127009031 4957274256 9257552222 18-11-19 19:15:16 15 8 16
C127006031 9163610809 4957863655 C127016014 9163610809 4957863655 18-11-19 19:11:20 268 266 16
C127006029 9778947807 4957869751 C127016027 9778947807 4957869751 18-11-19 19:15:48 9 0 17
C127006027 9883202083 4999689423 C127016023 9883202083 4999689423 18-11-19 19:14:25 93 91 16
C127001023 4954267280 4957274215 C127012008 4954267280 4957274215 18-11-19 19:06:50 566 564 16
C127007031 9202376445 4999689045 C127019025 9202376445 4999689045 18-11-19 19:13:45 152 120 16
C127006028 9153775754 4957863655 C127016022 9153775754 4957863655 18-11-19 19:14:23 115 112 16
C127016001 4959830918 9266082455 C127004004 4959830918 9266082455 18-11-19 19:14:31 110 104 16
C127001017 4954258265 4957274215 C127012011 4954258265 4957274215 18-11-19 19:10:35 347 346 16
C127006029 9154917344 4996585960 C127016029 9154917344 4996585960 18-11-19 19:16:52 5 0 21
C127003010 9777077133 4957863655 C127012015 9777077133 4957863655 18-11-19 19:15:11 110 107 16
C127006028 9778947807 4957869751 C127016030 9778947807 4957869751 18-11-19 19:16:54 8 0 17
C127006031 4956600660 4996585960 C127016028 4956600660 4996585960 18-11-19 19:16:43 20 14 16
C127003005 4956372649 4996585960 C127012017 4956372649 4996585960 18-11-19 19:16:57 7 0 21
C127016030 4996580000 9260723513 C127004003 4996580000 9260723513 18-11-19 19:17:06 11 7 16
C127009021 9150775394 4994000400 C127021009 9150775394 4994000400 18-11-19 19:10:17 429 424 16
C127006031 9152529132 4996585960 C127016031 9152529132 4996585960 18-11-19 19:17:04 24 11 16
C127021031 4999689933 9299913771 C127009031 4999689933 9299913771 18-11-19 19:16:03 93 85 16
C127021030 4999689933 9653393144 C127009030 4999689933 9653393144 18-11-19 19:16:23 73 63 16
C127011008 4959671270 7302850 C127023002 4959671270 7302850 18-11-19 19:13:03 301 298 16
C127006027 9859154164 4996585960 C127016005 9859154164 4996585960 18-11-19 19:18:17 3 0 21
C127006027 9859154164 4996585960 C127016006 9859154164 4996585960 18-11-19 19:18:28 6 0 21
C127006028 9187917811 4996585960 C127016004 9187917811 4996585960 18-11-19 19:18:13 22 14 16
C127021031 4999689933 9779041207 C127009031 4999689933 9779041207 18-11-19 19:17:48 52 45 16
C127021030 4999689933 9165108240 C127009030 4999689933 9165108240 18-11-19 19:18:08 33 19 16
C127010003 9854107717 4995599881 C127021014 9854107717 4995599881 18-11-19 19:18:18 35 27 16
C127006027 9154917344 4996585960 C127016008 9154917344 4996585960 18-11-19 19:18:50 4 0 21
C127001026 9995825897 4957274233 C127012010 9995825897 4957274233 18-11-19 19:09:13 581 578 16
C127006029 9067281032 4957863655 C127016001 9067281032 4957863655 18-11-19 19:17:16 111 110 16
C127006027 9154917344 4996585960 C127016009 9154917344 4996585960 18-11-19 19:19:04 5 0 21
C127006028 9859154164 4996585960 C127016007 9859154164 4996585960 18-11-19 19:18:45 26 14 16
C127006028 9778947807 4957869751 C127016011 9778947807 4957869751 18-11-19 19:19:17 10 0 17
C127021031 4999689933 9779041207 C127009031 4999689933 9779041207 18-11-19 19:18:43 44 27 127
C127021026 4999689933 9165108240 C127009026 4999689933 9165108240 18-11-19 19:19:12 16 3 16
C127010005 9854107717 4995599881 C127021015 9854107717 4995599881 18-11-19 19:19:16 18 14 16
C127021027 4957835785 9166504759 C127009027 4957835785 9166504759 18-11-19 19:18:58 44 28 16
C127006027 4952521025 4999689849 C127016013 4952521025 4999689849 18-11-19 19:19:40 4 2 16
C127006028 9152539177 4996585960 C127016012 9152539177 4996585960 18-11-19 19:19:36 11 8 16
C127021028 4999689100 9057173400 C127009028 4999689100 9057173400 18-11-19 19:10:18 572 555 16
C127000018 4991649519 4999689102 C127012009 4991649519 4999689102 18-11-19 19:08:33 677 664 16
C127021031 4957832674 9154935005 C127009031 4957832674 9154935005 18-11-19 19:19:48 16 0 16
C127006028 9778947807 4957869751 C127016014 9778947807 4957869751 18-11-19 19:20:00 7 0 17
C127021029 4957863661 9032286790 C127009029 4957863661 9032286790 18-11-19 19:18:38 94 70 16
C127016003 4999675945 4992463100 C127004006 4999675945 4992463100 18-11-19 19:10:56 556 549 16
C127021030 4957396201 9055990969 C127009030 4957396201 9055990969 18-11-19 19:18:47 85 72 16
C127006029 9859941128 4957863655 C127016010 9859941128 4957863655 18-11-19 19:19:10 71 69 16
C127006028 9162454538 4996585960 C127016017 9162454538 4996585960 18-11-19 19:20:38 6 0 21
C127006029 9152532662 4996585960 C127016015 9152532662 4996585960 18-11-19 19:20:36 13 10 16
C127009005 9031047431 4994000400 C127021011 9031047431 4994000400 18-11-19 19:11:41 554 553 16
C127006029 9154917344 4996585960 C127016019 9154917344 4996585960 18-11-19 19:20:52 4 0 21
C127010027 9628600476 4956004348 C127021017 9628600476 4956004348 18-11-19 19:20:56 3 0 21
C127006027 9169496916 4996585960 C127016021 9169496916 4996585960 18-11-19 19:20:57 7 0 21
C127006029 9154917344 4996585960 C127016022 9154917344 4996585960 18-11-19 19:21:04 5 0 21
C127006028 9162454538 4996585960 C127016018 9162454538 4996585960 18-11-19 19:20:50 20 13 16
C127006028 9154917344 4996585960 C127016024 9154917344 4996585960 18-11-19 19:21:17 7 0 21
C127006029 9152531735 4996585960 C127016023 9152531735 4996585960 18-11-19 19:21:17 15 10 16
C127007029 9267678509 4999689531 C127019028 9267678509 4999689531 18-11-19 19:19:01 151 147 16
C127007027 9687286223 4996584575 C127019030 9687286223 4996584575 18-11-19 19:21:32 3 0 21
C127006029 9166640734 4996585960 C127016025 9166640734 4996585960 18-11-19 19:21:36 3 0 21
C127021031 4995044062 9267069509 C127009031 4995044062 9267069509 18-11-19 19:20:13 90 0 16
C127007029 9261104415 4996584575 C127019031 9261104415 4996584575 18-11-19 19:21:37 7 0 21
C127012031 4959818484 4997297013 C127000031 4959818484 4997297013 18-11-19 19:20:59 46 37 16
C127007030 9652616775 4999689526 C127019026 9652616775 4999689526 18-11-19 19:15:14 393 390 16
C127006031 9776055289 4995044065 C127016002 9776055289 4995044065 18-11-19 19:17:57 236 231 16
C127001012 4956372649 4996585960 C127012019 4956372649 4996585960 18-11-19 19:21:34 25 13 16
C127006031 9169496916 4996585960 C127016026 9169496916 4996585960 18-11-19 19:21:59 26 17 16
C127021029 4999689933 9653540207 C127009029 4999689933 9653540207 18-11-19 19:21:35 64 52 16
C127021031 4999689933 9160757975 C127009031 4999689933 9160757975 18-11-19 19:21:58 41 22 16
C127002004 4954290066 4996585960 C127012020 4954290066 4996585960 18-11-19 19:22:45 16 9 16
C127006028 9154917344 4996585960 C127016030 9154917344 4996585960 18-11-19 19:23:10 4 0 21
C127021028 4995047899 9250659473 C127009028 4995047899 9250659473 18-11-19 19:22:18 59 48 16
C127006029 9166640734 4996585960 C127016028 9166640734 4996585960 18-11-19 19:23:01 20 13 16
C127006029 9778947807 4957869751 C127016031 9778947807 4957869751 18-11-19 19:23:34 8 0 17
C127021027 4995047876 9151536878 C127009027 4995047876 9151536878 18-11-19 19:22:33 73 60 16
C127006029 9152956607 4996585960 C127016003 9152956607 4996585960 18-11-19 19:23:45 4 0 21
C127006027 9154917344 4996585960 C127016002 9154917344 4996585960 18-11-19 19:23:40 18 12 16
C127006029 9152956607 4996585960 C127016004 9152956607 4996585960 18-11-19 19:23:55 4 0 21
C127021031 4995599910 9255077309 C127009031 4995599910 9255077309 18-11-19 19:23:33 33 25 16
C127016029 4957274262 9208814961 C127004002 4957274262 9208814961 18-11-19 19:21:13 183 166 16
C127006029 9152956607 4996585960 C127016005 9152956607 4996585960 18-11-19 19:24:06 16 13 16
C127006031 9850845012 4957274233 C127016027 9850845012 4957274233 18-11-19 19:22:26 134 133 16
C127021029 4995041563 9035136868 C127009029 4995041563 9035136868 18-11-19 19:23:53 49 31 16
C127016028 4959830918 9323021932 C127004001 4959830918 9323021932 18-11-19 19:25:18 2 0 16
C127010001 9777992858 4995599881 C127021018 9777992858 4995599881 18-11-19 19:25:04 30 22 16
C127006031 9169126504 4996585960 C127016007 9169126504 4996585960 18-11-19 19:25:24 20 9 16
C127021031 4995039897 9032326767 C127009031 4995039897 9032326767 18-11-19 19:25:26 31 20 16
C127006029 9096798174 4957863655 C127016006 9096798174 4957863655 18-11-19 19:24:24 96 92 16
C127021027 4957863675 9255843356 C127009027 4957863675 9255843356 18-11-19 19:25:53 7 0 16
C127000006 4999661794 4957274232 C127012021 4999661794 4957274232 18-11-19 19:26:04 8 5 16
C127016027 4957274262 9037898917 C127004031 4957274262 9037898917 18-11-19 19:25:23 50 39 16
C127021029 4957396201 9055990959 C127009029 4957396201 9055990959 18-11-19 19:25:38 38 22 16
C127007028 9151080196 4999689974 C127019029 9151080196 4999689974 18-11-19 19:19:51 386 380 16
C127006028 9262056735 4957863655 C127016001 9262056735 4957863655 18-11-19 19:23:36 182 181 16
C127021028 4995044062 9629262635 C127009028 4995044062 9629262635 18-11-19 19:25:53 50 7 16
C127016026 4959818484 4992573012 C127004030 4959818484 4992573012 18-11-19 19:25:44 70 57 16
C127007031 9686620445 4957274215 C127019027 9686620445 4957274215 18-11-19 19:16:26 629 628 16
C127006026 9152539417 4996585960 C127016012 9152539417 4996585960 18-11-19 19:26:59 4 0 21
C127006027 9152532625 4996585960 C127016011 9152532625 4996585960 18-11-19 19:26:47 17 10 16
C127007031 9629262635 4995044062 C127019001 9629262635 4995044062 18-11-19 19:27:00 7 0 17
C127006029 9099898782 4999689078 C127016009 9099898782 4999689078 18-11-19 19:26:32 35 26 16
C127016025 4957390933 9165416883 C127004029 4957390933 9165416883 18-11-19 19:26:53 23 1 16
C127001004 4953395767 4996585960 C127012024 4953395767 4996585960 18-11-19 19:27:10 16 10 16
C127007031 9606566063 4996580880 C127019003 9606566063 4996580880 18-11-19 19:27:43 9 0 28
C127010011 9998477950 4956004211 C127021019 9998477950 4956004211 18-11-19 19:27:21 41 38 16
C127006028 9266833068 4957863655 C127016010 9266833068 4957863655 18-11-19 19:26:44 83 80 16
C127016024 4957274262 9166196483 C127004028 4957274262 9166196483 18-11-19 19:27:38 31 18 16
C127007030 9647252045 4999689090 C127019002 9647252045 4999689090 18-11-19 19:27:03 69 0 16
C127006028 9088310699 4999689933 C127016014 9088310699 4999689933 18-11-19 19:28:42 9 4 16
C127006031 9153873037 4957390933 C127016008 9153873037 4957390933 18-11-19 19:26:09 182 181 16
C127006030 9015461666 4957274233 C127016020 9015461666 4957274233 18-11-19 19:13:05 973 971 16
C127007031 9646310133 4995044065 C127019004 9646310133 4995044065 18-11-19 19:29:30 5 3 16
C127007030 9616200234 4996588565 C127019005 9616200234 4996588565 18-11-19 19:29:33 6 0 21
C127006031 9854150750 4996585960 C127016017 9854150750 4996585960 18-11-19 19:29:54 24 16 16
C127021029 4957396201 9199904806 C127009029 4957396201 9199904806 18-11-19 19:28:28 116 104 16
C127016023 4957274262 9264514518 C127004027 4957274262 9264514518 18-11-19 19:29:53 59 47 16
C127021026 4999689933 9261046637 C127009026 4999689933 9261046637 18-11-19 19:29:58 54 42 16
C127021027 4999689933 9265365571 C127009027 4999689933 9265365571 18-11-19 19:29:43 69 65 16
C127006028 9379514209 4957863655 C127016015 9379514209 4957863655 18-11-19 19:29:08 110 106 41
C127003028 4954290066 4996585960 C127012025 4954290066 4996585960 18-11-19 19:30:55 12 8 16
C127016022 4996580000 9099605472 C127004026 4996580000 9099605472 18-11-19 19:31:11 5 0 16
C127006028 9267031234 4999689054 C127016020 9267031234 4999689054 18-11-19 19:31:31 8 0 21
C127007030 9166024581 4999689090 C127019007 9166024581 4999689090 18-11-19 19:31:24 16 5 16
C127007029 9267031234 4999689054 C127019008 9267031234 4999689054 18-11-19 19:31:40 2 0 21
C127007030 9267031234 4999689054 C127019009 9267031234 4999689054 18-11-19 19:31:43 6 0 21
C127021029 4957869752 9032053859 C127009029 4957869752 9032053859 18-11-19 19:31:13 38 0 16
C127006031 9154235834 4957863655 C127016018 9154235834 4957863655 18-11-19 19:30:42 69 63 16
C127006028 9267031234 4999689054 C127016022 9267031234 4999689054 18-11-19 19:31:51 3 0 21
C127007030 9267031234 4999689054 C127019010 9267031234 4999689054 18-11-19 19:31:55 4 0 21
C127008018 89267031234 4999689054 C127020007 89267031234 4999689054 18-11-19 19:32:00 1 0 16
C127006027 4952521025 4999689849 C127016025 4952521025 4999689849 18-11-19 19:32:40 4 2 16
C127016021 4957274262 9161777043 C127004025 4957274262 9161777043 18-11-19 19:31:43 70 61 16
C127021029 4957863675 9296394514 C127009029 4957863675 9296394514 18-11-19 19:32:48 6 0 16
C127006031 9262056735 4957863655 C127016023 9262056735 4957863655 18-11-19 19:32:01 77 75 16
C127006030 9379514209 4957863655 C127016019 9379514209 4957863655 18-11-19 19:31:20 149 147 16
C127006028 9261751871 4957863655 C127016024 9261751871 4957863655 18-11-19 19:32:36 74 68 16
C127002014 4953398844 4996585960 C127012026 4953398844 4996585960 18-11-19 19:33:58 16 11 16
C127007031 9646310133 4995044065 C127019006 9646310133 4995044065 18-11-19 19:30:20 239 237 16
C127006031 9954151559 4957863655 C127016026 9954151559 4957863655 18-11-19 19:33:51 54 53 16
C127010019 4952254044 4996585960 C127021022 4952254044 4996585960 18-11-19 19:34:28 23 15 16
C127021029 4995041557 9629262635 C127009029 4995041557 9629262635 18-11-19 19:34:28 65 55 16
C127016019 4959830918 9266082455 C127004023 4959830918 9266082455 18-11-19 19:35:08 25 19 16
C127002012 4999783692 4999676189 C127012027 4999783692 4999676189 18-11-19 19:34:48 54 39 16
C127006031 9262056735 4957863655 C127016029 9262056735 4957863655 18-11-19 19:35:09 60 57 16
C127006028 9856150991 4957863655 C127016028 9856150991 4957863655 18-11-19 19:34:15 115 112 16
C127016020 4957390933 9854809830 C127004024 4957390933 9854809830 18-11-19 19:34:58 82 59 16
C127006031 9150743797 4996585960 C127016001 9150743797 4996585960 18-11-19 19:36:21 3 0 21
C127021029 4957396201 9150042112 C127009029 4957396201 9150042112 18-11-19 19:36:02 22 0 16
C127000003 4953349565 4996585960 C127012028 4953349565 4996585960 18-11-19 19:36:20 17 11 16
C127006028 9150743797 4996585960 C127016003 9150743797 4996585960 18-11-19 19:36:34 5 0 21
C127006026 9684767894 4957863655 C127016031 9684767894 4957863655 18-11-19 19:35:45 69 66 16
C127021029 4957396201 9057270853 C127009029 4957396201 9057270853 18-11-19 19:36:36 24 0 16
C127021026 4999689933 9253119585 C127009026 4999689933 9253119585 18-11-19 19:36:23 40 19 16
C127021027 4999689933 9773956614 C127009027 4999689933 9773956614 18-11-19 19:36:03 61 51 16
C127006026 9854150188 4996585960 C127016005 9854150188 4996585960 18-11-19 19:37:03 6 0 21
C127010007 9153221824 4994009901 C127021021 9153221824 4994009901 18-11-19 19:32:22 290 285 16
C127003022 4953369358 4957274233 C127012029 4953369358 4957274233 18-11-19 19:36:44 32 30 16
C127006028 9150743797 4996585960 C127016004 9150743797 4996585960 18-11-19 19:36:52 26 14 16
C127021031 4999689455 9175773934 C127009031 4999689455 9175773934 18-11-19 19:26:13 667 658 16
C127000021 4959492634 4957274215 C127012018 4959492634 4957274215 18-11-19 19:17:31 1193 1192 16
C127016018 4996580000 9099605472 C127004022 4996580000 9099605472 18-11-19 19:37:13 17 0 16
C127021029 4957869759 9295607491 C127009029 4957869759 9295607491 18-11-19 19:37:10 36 18 16
C127006028 9854150188 4996585960 C127016006 9854150188 4996585960 18-11-19 19:37:29 18 10 16
C127006028 9057270853 4957396201 C127016007 9057270853 4957396201 18-11-19 19:37:50 6 4 16
C127016017 4999689150 4996387749 C127004021 4999689150 4996387749 18-11-19 19:37:15 71 50 16
C127009017 9057434642 4994009901 C127021023 9057434642 4994009901 18-11-19 19:35:57 160 158 16
C127006027 9015460361 4957274215 C127016030 9015460361 4957274215 18-11-19 19:35:26 195 194 16
C127021029 4995047896 9035262826 C127009029 4995047896 9035262826 18-11-19 19:38:13 40 26 16
C127003013 9688399084 4957274233 C127012022 9688399084 4957274233 18-11-19 19:26:11 766 765 16
C127021029 4957274200 9032326767 C127009029 4957274200 9032326767 18-11-19 19:39:07 6 0 16
C127001002 4959381482 4996585960 C127012030 4959381482 4996585960 18-11-19 19:39:05 17 9 16
C127007028 9057843236 4996582440 C127019014 9057843236 4996582440 18-11-19 19:39:48 12 0 16
C127006030 996558020855 4957270901 C127016027 996558020855 4957270901 18-11-19 19:33:59 371 368 16
C127007028 9057843236 4996582440 C127019015 9057843236 4996582440 18-11-19 19:40:10 3 0 16
C127016015 4959830918 9266082455 C127004020 4959830918 9266082455 18-11-19 19:40:23 3 0 16
C127010031 9268853002 4956004211 C127021026 9268853002 4956004211 18-11-19 19:39:32 56 43 16
C127007030 9296108170 4995044065 C127019012 9296108170 4995044065 18-11-19 19:36:45 230 228 16
C127006030 9152528581 4996585960 C127016008 9152528581 4996585960 18-11-19 19:40:36 15 11 16
C127007029 9601950010 4957274233 C127019013 9601950010 4957274233 18-11-19 19:39:24 98 96 16
C127007028 9057843236 4996582440 C127019017 9057843236 4996582440 18-11-19 19:40:22 40 26 16
C127006030 9778947807 4957869751 C127016009 9778947807 4957869751 18-11-19 19:41:03 7 0 17
C127021027 4957396201 9150100544 C127009027 4957396201 9150100544 18-11-19 19:37:18 234 223 16
C127006029 9268575693 4957863655 C127016013 9268575693 4957863655 18-11-19 19:27:18 838 834 16
C127006031 9776055289 4995044065 C127016002 9776055289 4995044065 18-11-19 19:36:29 303 300 16
C127009019 9057434642 4994009901 C127021024 9057434642 4994009901 18-11-19 19:38:52 165 160 16
C127021029 4957396201 9687598423 C127009029 4957396201 9687598423 18-11-19 19:41:38 21 0 16
C127006031 9167579169 4996585960 C127016011 9167579169 4996585960 18-11-19 19:42:07 16 9 16
C127007031 9035940813 4957274233 C127019011 9035940813 4957274233 18-11-19 19:34:57 457 452 16
C127016014 4999689045 4957568564 C127004019 4999689045 4957568564 18-11-19 19:42:19 47 0 16
C127006031 9167592124 4996585960 C127016012 9167592124 4996585960 18-11-19 19:42:55 15 11 16
C127021026 4995047865 9032326767 C127009027 4995047865 9032326767 18-11-19 19:42:48 38 9 16
C127007030 9096881809 4999676189 C127019018 9096881809 4999676189 18-11-19 19:42:19 69 46 16
C127006031 9262803024 4957863678 C127016013 9262803024 4957863678 18-11-19 19:43:41 25 19 16
C127021031 4957835785 9091628222 C127009031 4957835785 9091628222 18-11-19 19:37:38 394 374 16
C127006030 9104103363 4996585960 C127016014 9104103363 4996585960 18-11-19 19:43:55 20 3 16
C127021029 4957396201 9687598423 C127009029 4957396201 9687598423 18-11-19 19:42:15 123 106 16
C127021031 4995047886 9167532346 C127009031 4995047886 9167532346 18-11-19 19:44:13 7 0 16
C127006030 9191080107 4996585960 C127016017 9191080107 4996585960 18-11-19 19:44:27 4 0 21
C127006029 9152539417 4996585960 C127016018 9152539417 4996585960 18-11-19 19:44:28 6 0 21
C127021026 4957835786 9175422853 C127009027 4957835786 9175422853 18-11-19 19:43:57 40 0 16
C127006031 9104103363 4996585960 C127016015 9104103363 4996585960 18-11-19 19:44:21 19 12 16
C127006031 9152539417 4996585960 C127016020 9152539417 4996585960 18-11-19 19:44:42 2 0 21
C127006030 9191080107 4996585960 C127016019 9191080107 4996585960 18-11-19 19:44:37 20 10 16
C127006031 9152539417 4996585960 C127016021 9152539417 4996585960 18-11-19 19:44:55 4 0 21
C127007030 9037557172 4959818484 C127019020 9037557172 4959818484 18-11-19 19:44:43 29 25 16
C127006030 9154911805 4996585960 C127016023 9154911805 4996585960 18-11-19 19:45:11 4 0 21
C127006031 9152539417 4996585960 C127016022 9152539417 4996585960 18-11-19 19:45:04 14 10 16
C127007031 9646310133 4995044065 C127019019 9646310133 4995044065 18-11-19 19:44:35 48 46 16
C127006031 4952521025 4999689849 C127016024 4952521025 4999689849 18-11-19 19:45:40 5 3 16
C127009011 9851777057 4994000400 C127021002 9851777057 4994000400 18-11-19 19:44:42 64 62 16
C127006031 9154911805 4996585960 C127016025 9154911805 4996585960 18-11-19 19:46:07 7 0 21
C127003004 4999661794 4957274233 C127012023 4999661794 4957274233 18-11-19 19:26:52 1168 1163 16
C127021028 4957869736 9153609691 C127009028 4957869736 9153609691 18-11-19 19:28:43 1057 1041 16
C127001007 4992462631 4996585960 C127012001 4992462631 4996585960 18-11-19 19:46:03 18 12 16
C127007029 9688566277 4996585960 C127019023 9688566277 4996585960 18-11-19 19:46:48 6 1 16
C127007029 9166661861 4999689423 C127019024 9166661861 4999689423 18-11-19 19:46:56 6 5 16
C127010013 9268208206 4994000400 C127021025 9268208206 4994000400 18-11-19 19:39:25 480 478 16
C127021031 4957396201 9055990969 C127009031 4957396201 9055990969 18-11-19 19:46:43 56 39 16
C127007031 9646310133 4995044065 C127019022 9646310133 4995044065 18-11-19 19:45:33 128 124 16
C127006031 9154911805 4996585960 C127016026 9154911805 4996585960 18-11-19 19:47:36 16 11 16
C127000026 9265404531 4957274233 C127012031 9265404531 4957274233 18-11-19 19:44:37 231 230 16
C127021031 4995047872 9653279680 C127009031 4995047872 9653279680 18-11-19 19:48:28 20 0 16
C127006031 9153324058 4996585960 C127016027 9153324058 4996585960 18-11-19 19:48:50 15 10 16
C127010017 9269082428 4994009901 C127021027 9269082428 4994009901 18-11-19 19:41:44 447 444 16
C127001031 9777226518 4957863655 C127012004 9777226518 4957863655 18-11-19 19:48:36 86 84 16
C127009025 9851777057 4994000400 C127021003 9851777057 4994000400 18-11-19 19:45:51 289 288 16
C127008019 84996813530 4959818484 C127020008 84996813530 4959818484 18-11-19 19:50:34 7 6 16
C127006030 9518865005 4996585960 C127016029 9518865005 4996585960 18-11-19 19:50:34 18 11 16
C127021029 4957274242 9166029430 C127009029 4957274242 9166029430 18-11-19 19:50:43 13 0 16
C127021030 4995047872 9663326747 C127009030 4995047872 9663326747 18-11-19 19:21:12 1793 1774 16
C127006031 9262339727 4957863655 C127016028 9262339727 4957863655 18-11-19 19:49:53 74 71 16
C127007029 9605029046 4999689423 C127019026 9605029046 4999689423 18-11-19 19:49:54 78 77 16
C127001005 9265790606 4957274215 C127012006 9265790606 4957274215 18-11-19 19:50:14 59 56 16
C127002025 4992677932 4957863655 C127012003 4992677932 4957863655 18-11-19 19:47:55 218 216 16
C127016013 4996580016 8007000611 C127004018 4996580016 8007000611 18-11-19 19:50:15 79 75 16
C127000027 4954382810 4996585960 C127012008 4954382810 4996585960 18-11-19 19:51:51 3 0 21
C127006031 9858982096 4996585960 C127016031 9858982096 4996585960 18-11-19 19:51:49 22 13 16
C127009009 9850559966 4994000400 C127021004 9850559966 4994000400 18-11-19 19:49:55 147 145 16
C127002010 4954382810 4996585960 C127012009 4954382810 4996585960 18-11-19 19:52:07 20 9 16
C127006028 9261783472 4957396201 C127016010 9261783472 4957396201 18-11-19 19:41:04 691 688 16
C127000009 4957794149 4957274233 C127012002 4957794149 4957274233 18-11-19 19:46:49 369 366 16
C127016012 4996580016 8007000611 C127004017 4996580016 8007000611 18-11-19 19:51:52 73 69 16
C127007029 78007008000 4996580016 C127019027 78007008000 4996580016 18-11-19 19:51:48 92 0 19
C127006027 9160131991 4996585960 C127016004 9160131991 4996585960 18-11-19 19:53:06 21 10 16
C127006031 9771684133 4957274233 C127016001 9771684133 4957274233 18-11-19 19:52:15 75 73 16
C127003014 4997240390 4957863655 C127012007 4997240390 4957863655 18-11-19 19:51:28 125 120 16
