C127006029 4952521025 4999689849 C127016009 4952521025 4999689849 18-11-19 20:53:41 3 2 16
C127016013 4995043108 9531691293 C127004020 4995043108 9531691293 18-11-19 20:52:28 82 0 16
C127016012 4996580000 9263013263 C127004019 4996580000 9263013263 18-11-19 20:53:23 29 0 16
C127006029 9100045328 4996585960 C127016010 9100045328 4996585960 18-11-19 20:53:52 19 10 16
C127006030 9777264377 4957274233 C127016008 9777264377 4957274233 18-11-19 20:50:28 246 242 16
C127021031 4957869753 9853429103 C127009031 4957869753 9853429103 18-11-19 20:47:53 422 406 16
C127007031 9067124363 4999689078 C127019024 9067124363 4999689078 18-11-19 20:54:20 36 26 16
C127021030 4956004215 9104563449 C127009030 4956004215 9104563449 18-11-19 20:54:22 37 16 16
C127006030 9854150236 4996585960 C127016012 9854150236 4996585960 18-11-19 20:54:38 22 15 16
C127016011 4996580000 9779882343 C127004018 4996580000 9779882343 18-11-19 20:54:33 28 16 16
C127012031 4957390933 4954610101 C127000031 4957390933 4954610101 18-11-19 20:52:59 146 144 16
C127001018 9995825897 4957274233 C127012013 9995825897 4957274233 18-11-19 20:51:28 252 248 16
C127021031 4995599991 9165189791 C127009031 4995599991 9165189791 18-11-19 20:55:08 48 26 16
C127010021 9261484536 4994000400 C127021009 9261484536 4994000400 18-11-19 20:55:22 40 35 16
C127006030 9166756139 4996585960 C127016013 9166756139 4996585960 18-11-19 20:55:41 49 45 16
C127006029 9017007320 4999689409 C127016014 9017007320 4999689409 18-11-19 20:56:23 14 10 16
C127021030 4956004400 9671868624 C127009030 4956004400 9671868624 18-11-19 20:55:38 68 56 16
C127016010 4995044062 9206544017 C127004017 4995044062 9206544017 18-11-19 20:56:58 5 0 31
C127016009 4995047866 9206544017 C127004015 4995047866 9206544017 18-11-19 20:57:33 5 0 31
C127021030 4995047850 9199936785 C127009030 4995047850 9199936785 18-11-19 20:58:08 7 0 16
C127009001 9261484536 4994000400 C127021010 9261484536 4994000400 18-11-19 20:56:13 136 132 16
C127021031 4957396201 9295676679 C127009031 4957396201 9295676679 18-11-19 20:57:08 94 81 16
C127002030 9998257270 4957274233 C127012012 9998257270 4957274233 18-11-19 20:49:12 577 572 16
C127006029 9017007320 4999689409 C127016017 9017007320 4999689409 18-11-19 20:56:58 121 120 16
C127006031 9858048281 4995044065 C127016029 9858048281 4995044065 18-11-19 20:43:03 958 954 16
C127021031 4957274256 9161685157 C127009031 4957274256 9161685157 18-11-19 20:58:48 16 8 16
C127006027 9858929511 4957274233 C127016019 9858929511 4957274233 18-11-19 20:57:08 124 120 16
C127006030 9671837810 4957863655 C127016015 9671837810 4957863655 18-11-19 20:56:47 149 144 16
C127007030 9854565607 4999689455 C127019026 9854565607 4999689455 18-11-19 20:59:21 6 0 17
C127009023 9165189791 4995599991 C127021011 9165189791 4995599991 18-11-19 20:57:03 151 147 16
C127006031 9169131152 4996585960 C127016021 9169131152 4996585960 18-11-19 20:59:14 27 9 16
C127010003 9647774442 4994000400 C127021012 9647774442 4994000400 18-11-19 20:58:43 71 68 16
C127006026 9163391665 4957274215 C127016020 9163391665 4957274215 18-11-19 20:58:40 82 80 16
C127007031 9660892297 4957274233 C127019025 9660892297 4957274233 18-11-19 20:56:39 209 206 16
C127006029 9169131152 4996585960 C127016024 9169131152 4996585960 18-11-19 20:59:50 21 4 16
C127006031 9163180557 4957274233 C127016023 9163180557 4957274233 18-11-19 20:59:44 35 32 16
C127010015 9858581998 4994000400 C127021006 9858581998 4994000400 18-11-19 20:47:46 756 755 16
C127009003 4991611369 4956004220 C127021008 4991611369 4956004220 18-11-19 20:51:06 574 551 16
C127006027 9169131152 4996585960 C127016027 9169131152 4996585960 18-11-19 21:00:20 20 3 16
C127001028 4954512741 4957863669 C127012027 4954512741 4957863669 18-11-19 21:00:59 5 0 21
C127006023 9169131152 4996585960 C127016002 9169131152 4996585960 18-11-19 21:00:50 19 3 16
C127006024 9689530763 4957274233 C127016001 9689530763 4957274233 18-11-19 21:00:49 27 26 16
C127009013 9261174787 4994000400 C127021007 9261174787 4994000400 18-11-19 20:50:40 643 641 16
C127000010 9266881104 4957274233 C127012014 9266881104 4957274233 18-11-19 20:58:26 187 185 16
C127006031 9163391665 4957274215 C127016028 9163391665 4957274215 18-11-19 21:00:29 65 64 16
C127006024 9169131152 4996585960 C127016004 9169131152 4996585960 18-11-19 21:01:19 21 3 16
C127001008 9252510261 4957274233 C127012015 9252510261 4957274233 18-11-19 20:59:05 163 161 16
C127003024 4957597805 4957274215 C127012028 4957597805 4957274215 18-11-19 21:01:50 11 9 16
C127001022 4957514049 4957274233 C127012019 4957514049 4957274233 18-11-19 20:59:43 141 139 16
C127000023 9262659357 4957274245 C127012002 9262659357 4957274245 18-11-19 21:02:07 7 0 21
C127001027 9262659357 4957274245 C127012004 9262659357 4957274245 18-11-19 21:02:17 5 0 16
C127010019 9859704866 4994000400 C127021022 9859704866 4994000400 18-11-19 21:01:37 54 49 16
C127009005 9779678215 4994009938 C127021017 9779678215 4994009938 18-11-19 21:00:32 123 118 16
C127003006 4957513315 4957274242 C127012026 4957513315 4957274242 18-11-19 21:00:58 97 96 16
C127006024 9169131152 4996585960 C127016007 9169131152 4996585960 18-11-19 21:02:24 14 9 16
C127003003 9651037867 4957274215 C127012025 9651037867 4957274215 18-11-19 21:00:50 111 110 16
C127006030 9858929511 4957274233 C127016022 9858929511 4957274233 18-11-19 20:59:20 202 201 16
C127006027 9167625876 4957274233 C127016030 9167625876 4957274233 18-11-19 21:00:46 122 121 16
C127009015 9252204759 4994000400 C127021020 9252204759 4994000400 18-11-19 21:01:02 109 105 16
C127006024 9268141413 4957274233 C127016010 9268141413 4957274233 18-11-19 21:02:39 28 25 16
C127021030 4995043189 9199936785 C127009030 4995043189 9199936785 18-11-19 20:58:33 278 272 16
C127001030 9262659357 4957274233 C127012007 9262659357 4957274233 18-11-19 21:02:47 34 33 16
C127009021 9265228079 4994000400 C127021018 9265228079 4994000400 18-11-19 21:00:41 160 159 16
C127000025 9267005088 4957274233 C127012003 9267005088 4957274233 18-11-19 21:02:14 77 75 16
C127002028 9275130098 4957274233 C127012018 9275130098 4957274233 18-11-19 20:59:23 266 262 16
C127003018 9262551499 4957274233 C127012017 9262551499 4957274233 18-11-19 20:59:10 282 280 16
C127010023 9779504110 4994000400 C127021014 9779504110 4994000400 18-11-19 20:59:59 237 236 31
C127021029 4957396201 9152663049 C127009029 4957396201 9152663049 18-11-19 20:58:58 323 315 16
C127003019 4955640760 4957274233 C127012022 4955640760 4957274233 18-11-19 21:00:08 262 261 16
C127006022 9856690142 4957274242 C127016003 9856690142 4957274242 18-11-19 21:01:06 226 225 16
C127006009 9169628142 4957274233 C127016028 9169628142 4957274233 18-11-19 21:04:48 6 4 16
C127010009 9647774442 4994000400 C127021015 9647774442 4994000400 18-11-19 21:00:00 300 298 16
C127010027 9251220705 4994000400 C127021024 9251220705 4994000400 18-11-19 21:02:12 174 171 16
C127007024 9035789867 4957274233 C127019003 9035789867 4957274233 18-11-19 21:03:42 88 86 16
C127001021 9269399098 4957274243 C127012022 9269399098 4957274243 18-11-19 21:04:49 22 20 16
C127006013 4959256833 4999689518 C127016022 4959256833 4999689518 18-11-19 21:04:30 46 41 16
C127002008 9997179704 4957274233 C127012020 9997179704 4957274233 18-11-19 20:59:48 334 331 16
C127002006 4955651337 4957274233 C127012028 4955651337 4957274233 18-11-19 21:05:25 2 1 16
C127000012 4985680960 4957274233 C127012018 4985680960 4957274233 18-11-19 21:04:44 48 45 16
C127000007 9269399098 4957274243 C127012027 9269399098 4957274243 18-11-19 21:05:18 14 10 16
C127016026 4957302850 4959813969 C127004031 4957302850 4959813969 18-11-19 20:26:09 2366 2364 16
C127010005 9852907499 4994000400 C127021025 9852907499 4994000400 18-11-19 21:02:43 177 173 16
C127000015 4955640760 4957274233 C127012025 4955640760 4957274233 18-11-19 21:04:55 47 45 16
C127007018 9035124444 4957274233 C127019009 9035124444 4957274233 18-11-19 21:05:01 42 41 16
C127002031 9257251832 4957274233 C127012003 9257251832 4957274233 18-11-19 21:05:39 9 7 16
C127001001 9264165387 4957274233 C127012026 9264165387 4957274233 18-11-19 21:05:17 44 43 16
C127006009 9152009738 4957274233 C127016002 9152009738 4957274233 18-11-19 21:05:31 38 37 16
C127006013 9031921599 4957274233 C127016001 9031921599 4957274233 18-11-19 21:05:25 47 45 16
C127002016 4957546155 4957274233 C127012002 4957546155 4957274233 18-11-19 21:05:38 37 36 16
C127006031 9100090052 4957274233 C127016006 9100090052 4957274233 18-11-19 21:02:15 240 238 16
C127002002 4955651337 4957274233 C127012004 4955651337 4957274233 18-11-19 21:05:40 38 36 16
C127002018 4955808212 4957274243 C127012018 4955808212 4957274243 18-11-19 21:06:07 12 8 16
C127006022 9856690142 4957274242 C127016030 9856690142 4957274242 18-11-19 21:04:56 85 84 16
C127007028 9099398829 4957274233 C127019030 9099398829 4957274233 18-11-19 21:02:22 239 237 16
C127000013 4955651313 4957274215 C127012030 4955651313 4957274215 18-11-19 21:02:00 262 260 16
C127009025 9267218875 4994009903 C127021003 9267218875 4994009903 18-11-19 21:04:23 121 117 16
C127006015 9859704866 4957274233 C127016020 9859704866 4957274233 18-11-19 21:04:03 142 140 16
C127006008 9778819488 4957274233 C127016003 9778819488 4957274233 18-11-19 21:05:47 40 35 16
C127006024 9268141413 4957274233 C127016013 9268141413 4957274233 18-11-19 21:03:14 193 190 16
C127007027 9636315432 4957274233 C127019031 9636315432 4957274233 18-11-19 21:02:55 216 214 16
C127000029 4957593046 4957274233 C127012021 4957593046 4957274233 18-11-19 20:59:58 395 393 16
C127006006 9684227244 4957274233 C127016010 9684227244 4957274233 18-11-19 21:05:59 43 41 16
C127006022 4952521025 4999689849 C127016022 4952521025 4999689849 18-11-19 21:06:40 5 3 16
C127001025 9267005088 4957274233 C127012012 9267005088 4957274233 18-11-19 21:03:44 181 178 16
C127010025 4957590271 4994000400 C127021006 4957590271 4994000400 18-11-19 21:06:15 31 29 16
C127007017 9657085860 4957274233 C127019012 9657085860 4957274233 18-11-19 21:06:20 31 30 16
C127009027 9779504110 4994000400 C127021001 9779504110 4994000400 18-11-19 21:04:05 170 168 31
C127007018 9055752669 4957274215 C127019011 9055752669 4957274215 18-11-19 21:06:19 40 39 16
C127000005 9265228079 4957274233 C127012009 9265228079 4957274233 18-11-19 21:03:30 210 208 16
C127006028 9777263453 4957274233 C127016018 9777263453 4957274233 18-11-19 20:56:58 602 598 31
C127003012 9998313370 4957274233 C127012022 9998313370 4957274233 18-11-19 21:06:19 43 42 16
C127010029 4957526100 4994000400 C127021005 4957526100 4994000400 18-11-19 21:06:14 52 50 16
C127007027 9035489988 4957274233 C127019015 9035489988 4957274233 18-11-19 21:06:39 29 27 16
C127001016 4957545363 4957274233 C127012007 4957545363 4957274233 18-11-19 21:06:00 68 66 16
C127003008 9258210241 4957274233 C127012026 9258210241 4957274233 18-11-19 21:06:24 45 42 16
C127002022 4955621952 4957274233 C127012025 4955621952 4957274233 18-11-19 21:06:20 49 47 16
C127007028 4953630542 4957274240 C127019013 4953630542 4957274240 18-11-19 21:06:28 45 43 16
C127007015 9099398829 4957274233 C127019014 9099398829 4957274233 18-11-19 21:06:30 49 47 16
C127021031 4999689933 9299913771 C127009031 4999689933 9299913771 18-11-19 21:00:13 431 422 16
C127021028 4999689933 9653393144 C127009028 4999689933 9653393144 18-11-19 21:00:33 411 394 16
C127006027 9167625876 4957274233 C127016012 9167625876 4957274233 18-11-19 21:02:53 276 273 16
C127006022 9169136021 4957274215 C127016026 9169136021 4957274215 18-11-19 21:06:45 44 43 16
C127001019 4955651424 4957274233 C127012028 4955651424 4957274233 18-11-19 21:06:46 43 42 16
C127006020 9778673637 4957274233 C127016009 9778673637 4957274233 18-11-19 21:02:35 295 293 16
C127006031 9268141413 4957274233 C127016013 9268141413 4957274233 18-11-19 21:06:32 61 57 16
C127002027 4955808212 4957274233 C127012030 4955808212 4957274233 18-11-19 21:06:51 43 42 16
C127009017 9779504110 4994000400 C127021008 9779504110 4994000400 18-11-19 21:07:08 27 24 16
C127006029 9854591367 4957274233 C127016025 9854591367 4957274233 18-11-19 21:00:14 445 442 16
C127006015 9169628142 4957274233 C127016028 9169628142 4957274233 18-11-19 21:06:47 53 48 16
C127007018 9653325091 4957274233 C127019017 9653325091 4957274233 18-11-19 21:06:59 45 44 16
C127010021 9035789867 4994000400 C127021009 9035789867 4994000400 18-11-19 21:07:11 34 33 16
C127010007 9166370462 4994000400 C127021023 9166370462 4994000400 18-11-19 21:01:45 360 358 16
C127007027 9031173388 4957274233 C127019020 9031173388 4957274233 18-11-19 21:07:10 38 36 16
C127006028 9646303488 4957274233 C127016030 9646303488 4957274233 18-11-19 21:07:05 45 44 16
C127000008 9252764036 4957274233 C127012029 9252764036 4957274233 18-11-19 21:01:54 357 354 16
C127009009 9252377017 4994000400 C127021007 9252377017 4994000400 18-11-19 21:07:00 51 49 16
C127009001 9687030380 4994009901 C127021010 9687030380 4994009901 18-11-19 21:07:20 34 32 16
C127007014 9660709404 4957274233 C127019019 9660709404 4957274233 18-11-19 21:07:02 52 48 16
C127003031 9299879243 4957274243 C127012007 9299879243 4957274243 18-11-19 21:07:29 26 24 16
C127006008 9152329621 4957274233 C127016003 9152329621 4957274233 18-11-19 21:07:14 47 44 16
C127006006 9258292970 4957274233 C127016006 9258292970 4957274233 18-11-19 21:07:20 41 40 16
C127000020 9255194184 4957274233 C127012004 9255194184 4957274233 18-11-19 21:07:26 40 39 16
C127001024 9264947037 4957274233 C127012015 9264947037 4957274233 18-11-19 21:04:34 213 211 16
C127006017 9151233035 4957274233 C127016017 9151233035 4957274233 18-11-19 21:03:31 280 278 16
C127001009 9257251832 4957274233 C127012009 9257251832 4957274233 18-11-19 21:07:35 44 42 16
C127016007 4959842122 4957480999 C127004014 4959842122 4957480999 18-11-19 21:05:29 170 168 16
C127002007 4957534181 4957274233 C127012024 4957534181 4957274233 18-11-19 21:00:17 483 480 16
C127002020 9253042976 4957274215 C127012031 9253042976 4957274215 18-11-19 21:02:02 379 377 16
C127021031 4957396201 9055990939 C127009031 4957396201 9055990939 18-11-19 21:08:00 22 0 16
C127002026 9295488206 4957274233 C127012012 9295488206 4957274233 18-11-19 21:07:44 47 44 16
C127006029 9154792987 4957274233 C127016012 9154792987 4957274233 18-11-19 21:07:51 41 40 16
C127007027 9660709404 4957274233 C127019022 9660709404 4957274233 18-11-19 21:08:07 25 20 16
C127006028 9167625876 4957274233 C127016013 9167625876 4957274233 18-11-19 21:07:56 47 46 16
C127002023 9267038112 4957274233 C127012014 9267038112 4957274233 18-11-19 21:04:29 257 255 16
C127007031 9037406999 4957274233 C127019027 9037406999 4957274233 18-11-19 21:00:32 495 494 16
C127007028 9035251121 4957274215 C127019021 9035251121 4957274215 18-11-19 21:08:00 47 45 16
C127001023 9252764036 4957274233 C127012018 9252764036 4957274233 18-11-19 21:07:58 56 53 16
C127006026 9150673767 4957274233 C127016029 9150673767 4957274233 18-11-19 21:00:40 494 492 16
C127003026 9265228079 4957274233 C127012002 9265228079 4957274233 18-11-19 21:07:08 107 106 16
C127010013 9779678215 4994000400 C127021002 9779678215 4994000400 18-11-19 21:04:11 288 287 16
C127009023 9262874546 4994000400 C127021011 9262874546 4994000400 18-11-19 21:08:14 48 47 16
C127010011 9169757187 4994000400 C127021019 9169757187 4994000400 18-11-19 21:00:52 503 498 41
C127001017 9264947037 4957274233 C127012021 9264947037 4957274233 18-11-19 21:08:15 62 60 16
C127006029 9858181148 4957274233 C127016018 9858181148 4957274233 18-11-19 21:08:38 43 39 16
C127006027 9267210675 4957274233 C127016009 9267210675 4957274233 18-11-19 21:07:31 114 113 16
C127003030 9268331974 4957274233 C127012010 9268331974 4957274233 18-11-19 21:03:33 353 349 16
C127006028 9163180557 4957274233 C127016022 9163180557 4957274233 18-11-19 21:08:48 47 43 16
C127006009 9151957777 4957274215 C127016002 9151957777 4957274215 18-11-19 21:07:13 142 140 16
C127007031 9684007941 4957274215 C127019023 9684007941 4957274215 18-11-19 21:08:52 43 39 16
C127007028 9036167334 4957274233 C127019024 9036167334 4957274233 18-11-19 21:08:57 41 40 16
C127007020 9037753100 4957274233 C127019007 9037753100 4957274233 18-11-19 21:04:33 306 305 16
C127002011 4955651313 4957274215 C127012027 4955651313 4957274215 18-11-19 21:06:28 193 192 16
C127002029 4957947189 4957274233 C127012019 4957947189 4957274233 18-11-19 21:04:46 295 292 16
C127000018 4957593370 4957274233 C127012026 4957593370 4957274233 18-11-19 21:08:56 47 46 16
C127003010 9253042976 4957274215 C127012022 9253042976 4957274215 18-11-19 21:08:27 76 71 16
C127003028 4985684342 4957274233 C127012002 4985684342 4957274233 18-11-19 21:09:33 17 13 16
C127002004 9267038112 4957274233 C127012029 9267038112 4957274233 18-11-19 21:09:15 39 37 16
C127006020 9859704866 4957274233 C127016026 9859704866 4957274233 18-11-19 21:09:11 46 41 16
C127006007 9167575231 4957274233 C127016004 9167575231 4957274233 18-11-19 21:05:55 244 242 16
C127001004 9268331974 4957274233 C127012031 9268331974 4957274233 18-11-19 21:09:32 27 25 16
C127006019 9167131049 4957274233 C127016014 9167131049 4957274233 18-11-19 21:03:19 402 401 16
C127000006 9030085201 4957274233 C127012030 9030085201 4957274233 18-11-19 21:09:24 38 35 16
C127001012 9295080280 4957274233 C127012028 9295080280 4957274233 18-11-19 21:09:07 55 53 41
C127007026 9035914304 4957274233 C127019001 9035914304 4957274233 18-11-19 21:03:00 427 425 16
C127010003 9036172868 4994000400 C127021012 9036172868 4994000400 18-11-19 21:08:23 105 101 16
C127016006 4996580000 9263013263 C127004013 4996580000 9263013263 18-11-19 21:09:53 21 13 16
C127010015 9096637557 4994009901 C127021014 9096637557 4994009901 18-11-19 21:08:57 84 80 16
C127002012 4957944320 4957274243 C127012007 4957944320 4957274243 18-11-19 21:09:55 28 26 16
C127010019 9067088083 4994000400 C127021018 9067088083 4994000400 18-11-19 21:09:37 46 41 16
C127001003 4957515933 4999689774 C127012020 4957515933 4999689774 18-11-19 21:06:10 254 252 16
C127007031 9037753100 4957274233 C127019025 9037753100 4957274233 18-11-19 21:09:45 45 43 16
C127002014 4957546039 4957274233 C127012004 4957546039 4957274233 18-11-19 21:09:55 40 39 16
C127006018 9017007320 4999689409 C127016015 9017007320 4999689409 18-11-19 21:03:23 438 434 16
C127006025 9032870310 4957274233 C127016031 9032870310 4957274233 18-11-19 21:00:49 596 595 16
C127021031 4957396201 9295430807 C127009031 4957396201 9295430807 18-11-19 21:10:13 32 20 16
C127006029 9261189638 4957274233 C127016028 9261189638 4957274233 18-11-19 21:10:14 35 34 16
C127006026 9857744496 4957274233 C127016025 9857744496 4957274233 18-11-19 21:09:08 102 98 16
C127007023 9031953401 4957274233 C127019004 9031953401 4957274233 18-11-19 21:03:47 424 422 16
C127009015 9775890783 4994009901 C127021020 9775890783 4994009901 18-11-19 21:10:40 13 11 16
C127000021 9263618128 4957274233 C127012012 9263618128 4957274233 18-11-19 21:10:15 44 42 16
C127002003 4957541434 4957274233 C127012023 4957541434 4957274233 18-11-19 21:00:14 646 646 16
C127003022 9032458288 4957274233 C127012010 9032458288 4957274233 18-11-19 21:10:14 46 45 16
C127007030 9175957654 4957274233 C127019028 9175957654 4957274233 18-11-19 21:00:51 619 618 16
C127006027 9169297754 4957274233 C127016030 9169297754 4957274233 18-11-19 21:10:29 44 41 16
C127006020 9150775394 4957274233 C127016002 9150775394 4957274233 18-11-19 21:10:34 39 36 16
C127007031 9017007320 4999689409 C127019001 9017007320 4999689409 18-11-19 21:10:50 23 21 16
C127009005 9017914717 4994000400 C127021019 9017914717 4994000400 18-11-19 21:10:24 51 48 16
C127007020 9268312355 4957274233 C127019031 9268312355 4957274233 18-11-19 21:10:29 47 46 16
C127003013 9037315746 4957274233 C127012014 9037315746 4957274233 18-11-19 21:10:27 51 48 16
C127007028 9685534936 4957274242 C127019026 9685534936 4957274242 18-11-19 21:09:56 83 82 16
C127006028 9262573127 4957274215 C127016029 9262573127 4957274215 18-11-19 21:10:26 53 52 16
C127006024 9850127626 4957274233 C127016020 9850127626 4957274233 18-11-19 21:06:35 287 285 16
C127006019 9199916185 4957274233 C127016003 9199916185 4957274233 18-11-19 21:10:39 45 43 16
C127003004 9264501257 4957274233 C127012018 9264501257 4957274233 18-11-19 21:10:51 44 38 16
C127001002 4957944320 4957274233 C127012015 4957944320 4957274233 18-11-19 21:10:46 52 47 16
C127006023 9850676700 4957274233 C127016005 9850676700 4957274233 18-11-19 21:01:35 604 602 16
C127007023 9104078997 4957274233 C127019003 9104078997 4957274233 18-11-19 21:11:05 41 39 16
C127009003 9265228079 4994000400 C127021015 9265228079 4994000400 18-11-19 21:09:00 166 164 16
C127007018 9269560320 4957274233 C127019004 9269560320 4957274233 18-11-19 21:11:08 39 37 16
C127003005 4957591278 4957274233 C127012024 4957591278 4957274233 18-11-19 21:08:36 198 197 16
C127007021 9263788080 4999689924 C127019006 9263788080 4999689924 18-11-19 21:04:21 456 453 16
C127006031 9777712494 4999689338 C127016010 9777712494 4999689338 18-11-19 21:07:37 263 258 16
C127006027 9161206003 4957274233 C127016007 9161206003 4957274233 18-11-19 21:11:35 30 28 16
C127007029 9067621613 4957274233 C127019029 9067621613 4957274233 18-11-19 21:02:02 603 602 16
C127007027 9653202879 4999689928 C127019027 9653202879 4999689928 18-11-19 21:10:04 131 128 16
C127001031 9264912368 4957274233 C127012021 9264912368 4957274233 18-11-19 21:11:19 56 53 16
C127001005 9299340191 4957274215 C127012022 9299340191 4957274215 18-11-19 21:11:43 34 33 16
C127001007 9267470989 4957274233 C127012019 9267470989 4957274233 18-11-19 21:11:11 67 66 16
C127002025 9263510210 4957274233 C127012023 9263510210 4957274233 18-11-19 21:11:43 42 40 16
C127007022 9636590950 4957274215 C127019005 9636590950 4957274215 18-11-19 21:03:49 523 520 16
C127007030 9652435200 4957274233 C127019009 9652435200 4957274233 18-11-19 21:11:45 48 46 16
C127002010 9652071481 4957274233 C127012027 9652071481 4957274233 18-11-19 21:11:57 38 35 16
C127002009 9254480573 4957274242 C127012003 9254480573 4957274242 18-11-19 21:07:18 319 317 16
C127007025 9164039845 4957274233 C127019002 9164039845 4957274233 18-11-19 21:03:19 560 557 16
C127007026 9645526662 4957274215 C127019030 9645526662 4957274215 18-11-19 21:10:14 147 145 16
C127007029 9035489988 4957274233 C127019012 9035489988 4957274233 18-11-19 21:12:12 30 25 16
C127007028 9629120005 4957274233 C127019011 9629120005 4957274233 18-11-19 21:11:59 44 41 16
C127010017 9654434788 4994009903 C127021004 9654434788 4994009903 18-11-19 21:04:36 494 493 16
C127003014 4957521651 4957274233 C127012029 4957521651 4957274233 18-11-19 21:12:11 43 42 16
C127006026 9775890783 4957274233 C127016009 9775890783 4957274233 18-11-19 21:11:40 86 84 16
C127002021 4957532624 4957274233 C127012031 4957532624 4957274233 18-11-19 21:12:22 47 45 16
C127000022 9269399098 4957274233 C127012004 9269399098 4957274233 18-11-19 21:12:24 47 44 16
C127000024 9266077098 4957274233 C127012001 9266077098 4957274233 18-11-19 21:02:04 669 666 16
C127001029 4955632486 4957274233 C127012030 4955632486 4957274233 18-11-19 21:12:19 57 54 16
C127000002 4957542868 4957274233 C127012007 4957542868 4957274233 18-11-19 21:12:32 54 53 16
C127006021 9168681817 4957274233 C127016008 9168681817 4957274233 18-11-19 21:02:33 655 652 16
C127006027 9166659362 4957274233 C127016012 9166659362 4957274233 18-11-19 21:12:42 46 41 16
C127009029 9264021700 4994000400 C127021024 9264021700 4994000400 18-11-19 21:13:30 0 0 16
C127007030 9162509520 4957274233 C127019013 9162509520 4957274233 18-11-19 21:12:40 54 52 16
C127006014 9262134291 4957274233 C127016021 9262134291 4957274233 18-11-19 21:04:06 571 570 16
C127006031 9857292157 4957274215 C127016010 9857292157 4957274215 18-11-19 21:12:32 69 64 16
C127007028 9636590950 4957274233 C127019015 9636590950 4957274233 18-11-19 21:13:04 38 35 16
C127003029 4957597805 4957274233 C127012006 4957597805 4957274233 18-11-19 21:02:22 690 689 16
C127006025 9778673637 4957274233 C127016014 9778673637 4957274233 18-11-19 21:13:13 43 39 16
C127003021 4955651572 4957274233 C127012015 4955651572 4957274233 18-11-19 21:13:10 48 46 16
C127006026 9852045776 4957274233 C127016013 9852045776 4957274233 18-11-19 21:13:13 48 47 16
C127000027 9265228079 4957274233 C127012026 9265228079 4957274233 18-11-19 21:11:53 129 125 16
C127003027 4957514049 4957274233 C127012005 4957514049 4957274233 18-11-19 21:02:20 703 701 16
C127007031 9017007320 4999689409 C127019007 9017007320 4999689409 18-11-19 21:11:32 162 159 16
C127007027 9055089154 4957274233 C127019017 9055089154 4957274233 18-11-19 21:13:30 52 50 16
C127006027 9778031820 4957274215 C127016015 9778031820 4957274215 18-11-19 21:13:38 45 41 16
C127009021 9267584588 4994009938 C127021022 9267584588 4994009938 18-11-19 21:11:36 167 166 16
C127010023 9853501413 4994009901 C127021023 9853501413 4994009901 18-11-19 21:12:53 91 90 16
C127003002 4957511172 4957274233 C127012011 4957511172 4957274233 18-11-19 21:03:39 646 645 16
C127006023 9852537412 4957863661 C127016025 9852537412 4957863661 18-11-19 21:14:19 7 0 17
C127000014 9254320352 4957274233 C127012018 9254320352 4957274233 18-11-19 21:13:46 54 48 16
C127000011 4957947189 4957274233 C127012021 4957947189 4957274233 18-11-19 21:14:14 26 23 16
C127006025 9852045776 4957274233 C127016022 9852045776 4957274233 18-11-19 21:14:17 27 25 16
C127010009 9264021700 4994000400 C127021025 9264021700 4994000400 18-11-19 21:14:09 40 37 16
C127003007 4957513315 4957274233 C127012013 4957513315 4957274233 18-11-19 21:04:08 641 637 16
C127006024 9154052255 4957274215 C127016021 9154052255 4957274215 18-11-19 21:14:17 36 36 16
C127006031 9154520212 4957274233 C127016018 9154520212 4957274233 18-11-19 21:14:02 52 48 16
C127010027 9161815568 4994000400 C127021028 9161815568 4994000400 18-11-19 21:14:13 41 40 16
C127006026 9166687036 4957274215 C127016020 9166687036 4957274215 18-11-19 21:14:13 42 40 16
C127007029 9067313713 4957274233 C127019014 9067313713 4957274233 18-11-19 21:12:53 123 119 16
C127009007 9257430833 4994000400 C127021013 9257430833 4994000400 18-11-19 20:59:26 932 931 16
C127002005 9265467447 4957274233 C127012010 9265467447 4957274233 18-11-19 21:12:40 140 139 16
C127006029 9777873799 4957274215 C127016004 9777873799 4957274215 18-11-19 21:11:09 232 229 16
C127000004 4957511172 4957274243 C127012024 4957511172 4957274243 18-11-19 21:14:55 8 6 16
C127006013 9778372804 4957274215 C127016001 9778372804 4957274215 18-11-19 21:07:06 483 482 16
C127002001 9690123555 4957274233 C127012026 9690123555 4957274233 18-11-19 21:14:58 12 10 16
C127007031 9037731787 4957274215 C127019019 9037731787 4957274215 18-11-19 21:14:20 55 53 16
C127006027 9262134291 4957274233 C127016026 9262134291 4957274233 18-11-19 21:14:41 35 34 16
C127009025 9169535636 4994000400 C127021031 9169535636 4994000400 18-11-19 21:14:37 40 35 16
C127003011 4957536129 4957274233 C127012022 4957536129 4957274233 18-11-19 21:14:50 39 37 16
C127001015 9255313103 4957274233 C127012023 9255313103 4957274233 18-11-19 21:14:51 45 44 16
C127000009 4957528034 4957274233 C127012028 4957528034 4957274233 18-11-19 21:12:06 215 214 16
C127009019 9252204759 4994000400 C127021027 9252204759 4994000400 18-11-19 21:03:07 759 754 16
C127007028 9037753100 4957274233 C127019022 9037753100 4957274233 18-11-19 21:15:12 35 30 41
C127010031 9652500547 4994009903 C127021026 9652500547 4994009903 18-11-19 21:03:03 766 762 16
C127006029 9775264284 4957274233 C127016029 9775264284 4957274233 18-11-19 21:15:10 40 38 16
C127007029 9683377857 4957274233 C127019021 9683377857 4957274233 18-11-19 21:15:08 44 41 16
C127007030 9017007320 4999689409 C127019020 9017007320 4999689409 18-11-19 21:14:26 87 86 16
C127000003 4957528547 4957274233 C127012009 4957528547 4957274233 18-11-19 21:09:58 358 354 16
C127006031 9852537412 4957274233 C127016028 9852537412 4957274233 18-11-19 21:15:05 53 52 16
C127010025 9267584588 4994000400 C127021001 9267584588 4994000400 18-11-19 21:15:22 39 34 16
C127003001 9263119052 4957274233 C127012027 9263119052 4957274233 18-11-19 21:15:00 63 61 16
C127001011 9260238532 4957274233 C127012031 9260238532 4957274233 18-11-19 21:15:17 53 48 16
C127007024 9031411480 4957274233 C127019010 9031411480 4957274233 18-11-19 21:06:04 607 604 16
C127003025 9265635767 4957274233 C127012014 9265635767 4957274233 18-11-19 21:13:01 193 192 16
C127000017 4957511172 4957274233 C127012001 4957511172 4957274233 18-11-19 21:15:26 49 48 16
C127001006 9256030490 4957274233 C127012003 9256030490 4957274233 18-11-19 21:15:28 47 43 16
C127006027 9856690142 4957274242 C127016030 9856690142 4957274242 18-11-19 21:15:48 33 31 16
C127007026 9037753100 4957274233 C127019025 9037753100 4957274233 18-11-19 21:15:47 37 35 16
C127009027 9251220705 4994000400 C127021002 9251220705 4994000400 18-11-19 21:15:49 36 35 16
C127007027 9057576997 4957274233 C127019024 9057576997 4957274233 18-11-19 21:15:41 44 43 16
C127007031 9036745368 4957274233 C127019023 9036745368 4957274233 18-11-19 21:15:37 50 45 16
C127006029 9031253322 4957274233 C127016001 9031253322 4957274233 18-11-19 21:15:56 44 43 16
C127010029 9328435717 4994000400 C127021003 9328435717 4994000400 18-11-19 21:16:01 41 35 16
C127009017 9251220705 4994000400 C127021004 9251220705 4994000400 18-11-19 21:16:32 12 7 16
C127006026 9778372804 4957274215 C127016031 9778372804 4957274215 18-11-19 21:15:50 59 57 16
C127007030 9651517149 4957274233 C127019026 9651517149 4957274233 18-11-19 21:15:53 56 52 16
C127006030 9998190251 4957274233 C127016011 9998190251 4957274233 18-11-19 21:02:47 852 847 16
C127002017 4955651571 4957274233 C127012005 4955651571 4957274233 18-11-19 21:16:18 41 39 16
C127007029 9629795303 4957274233 C127019027 9629795303 4957274233 18-11-19 21:16:12 47 46 16
C127006012 9167070478 4957274233 C127016023 9167070478 4957274233 18-11-19 21:04:33 754 752 16
C127006016 9150567956 4957274233 C127016019 9150567956 4957274233 18-11-19 21:03:32 816 814 16
C127007031 9031102211 4957274233 C127019028 9031102211 4957274233 18-11-19 21:16:46 22 21 16
C127003023 9268257379 4957274215 C127012029 9268257379 4957274215 18-11-19 21:15:05 125 123 16
C127009009 9251220705 4994000400 C127021007 9251220705 4994000400 18-11-19 21:16:47 23 18 16
C127001013 9175575569 4957274233 C127012006 9175575569 4957274233 18-11-19 21:16:19 52 49 16
C127010007 9164580549 4994009903 C127021006 9164580549 4994009903 18-11-19 21:16:44 35 32 16
C127009001 9169714805 4994000400 C127021008 9169714805 4994000400 18-11-19 21:17:02 39 38 16
C127000028 4955404970 4957274234 C127012009 4955404970 4957274234 18-11-19 21:17:27 15 10 16
C127007030 9039640765 4957274233 C127019029 9039640765 4957274233 18-11-19 21:16:54 48 45 16
C127006029 9151045455 4957274215 C127016004 9151045455 4957274215 18-11-19 21:17:18 26 22 16
C127007031 9166714273 4957274233 C127019030 9166714273 4957274233 18-11-19 21:17:11 44 43 16
C127007017 9653327570 4957274233 C127019018 9653327570 4957274233 18-11-19 21:07:01 656 654 16
C127001014 9267217397 4957274233 C127012012 9267217397 4957274233 18-11-19 21:12:52 307 305 16
C127000030 9265882794 4957274233 C127012007 9265882794 4957274233 18-11-19 21:17:14 47 45 16
C127006011 9131689372 4957274233 C127016024 9131689372 4957274233 18-11-19 21:04:35 808 807 16
C127006030 9031064554 4957274233 C127016003 9031064554 4957274233 18-11-19 21:17:15 49 47 16
C127009023 9267607966 4994000400 C127021010 9267607966 4994000400 18-11-19 21:17:35 32 30 16
C127010021 9778850027 4994000400 C127021005 9778850027 4994000400 18-11-19 21:16:42 85 82 16
C127007019 9636685519 4957274233 C127019008 9636685519 4957274233 18-11-19 21:04:51 797 796 16
C127002019 9250069737 4957274233 C127012017 9250069737 4957274233 18-11-19 21:04:35 814 812 16
C127021031 4957274256 9036151896 C127009031 4957274256 9036151896 18-11-19 21:17:53 19 9 16
C127003020 4954225329 4957274233 C127012010 4954225329 4957274233 18-11-19 21:17:39 45 42 16
C127000019 9265228079 4957274233 C127012004 9265228079 4957274233 18-11-19 21:15:52 156 154 16
C127010003 9262236481 4994000400 C127021012 9262236481 4994000400 18-11-19 21:17:55 38 36 16
C127002013 4957513315 4957274233 C127012030 4957513315 4957274233 18-11-19 21:15:16 203 201 16
C127006029 9152777122 4957274233 C127016007 9152777122 4957274233 18-11-19 21:18:14 25 22 16
C127006022 9100090052 4957274233 C127016017 9100090052 4957274233 18-11-19 21:08:21 621 620 16
C127007031 9652698617 4957274233 C127019031 9652698617 4957274233 18-11-19 21:17:59 44 41 16
C127007030 9096784113 4957274233 C127019001 9096784113 4957274233 18-11-19 21:18:02 42 40 16
C127006027 9858048281 4995044065 C127016008 9858048281 4995044065 18-11-19 21:18:17 30 29 16
C127003015 4957545363 4957274233 C127012011 4957545363 4957274233 18-11-19 21:17:59 49 48 16
C127010019 9852206302 4994000400 C127021014 9852206302 4994000400 18-11-19 21:18:02 49 48 16
C127006010 9166125069 4957274233 C127016027 9166125069 4957274233 18-11-19 21:04:41 853 852 16
C127001020 9998002202 4957274233 C127012012 9998002202 4957274233 18-11-19 21:18:03 51 47 16
C127006030 9163032209 4957274233 C127016005 9163032209 4957274233 18-11-19 21:18:06 51 50 16
C127006026 9859243196 4957274233 C127016009 9859243196 4957274233 18-11-19 21:18:17 42 39 16
C127007028 9637758048 4957274233 C127019003 9637758048 4957274233 18-11-19 21:18:21 39 38 16
C127010015 9161059086 4994000400 C127021013 9161059086 4994000400 18-11-19 21:17:58 73 72 16
C127006029 9777516036 4957274233 C127016012 9777516036 4957274233 18-11-19 21:18:48 42 39 16
C127003017 9990119531 4957274233 C127012013 9990119531 4957274233 18-11-19 21:18:24 69 66 16
C127002015 9261208203 4957274233 C127012014 9261208203 4957274233 18-11-19 21:18:50 45 43 16
C127007031 9056137853 4957274233 C127019005 9056137853 4957274233 18-11-19 21:18:52 43 38 16
C127006027 9165867730 4957274233 C127016013 9165867730 4957274233 18-11-19 21:18:58 40 36 16
C127002024 9299344145 4957274233 C127012015 9299344145 4957274233 18-11-19 21:18:52 48 48 16
C127000031 9690123555 4957274233 C127012017 9690123555 4957274233 18-11-19 21:19:05 37 35 16
C127006027 4952521025 4999689849 C127016017 4952521025 4999689849 18-11-19 21:19:40 5 3 16
C127009005 9161059086 4994000400 C127021018 9161059086 4994000400 18-11-19 21:19:24 21 19 16
C127001018 9257033441 4957274242 C127012018 9257033441 4957274242 18-11-19 21:19:16 32 31 16
C127002030 9251331894 4957274233 C127012021 9251331894 4957274233 18-11-19 21:19:17 52 47 16
C127006030 9165944909 4957274233 C127016014 9165944909 4957274233 18-11-19 21:19:34 37 36 16
C127010001 9693473198 4994000400 C127021021 9693473198 4994000400 18-11-19 21:01:31 1122 1118 16
C127007027 9067573144 4957274215 C127019004 9067573144 4957274215 18-11-19 21:18:41 95 89 16
C127001028 4955625053 4957274233 C127012022 4955625053 4957274233 18-11-19 21:19:34 44 41 16
C127006024 9852555886 4957274233 C127016011 9852555886 4957274233 18-11-19 21:18:38 106 102 16
C127021028 4995041557 9913005634 C127009030 4995041557 9913005634 18-11-19 21:19:43 44 31 16
C127021031 4957396201 9037176720 C127009031 4957396201 9037176720 18-11-19 21:19:28 60 45 16
C127007030 9637758048 4957274233 C127019006 9637758048 4957274233 18-11-19 21:19:23 68 66 16
C127007026 9031102211 4957274233 C127019009 9031102211 4957274233 18-11-19 21:19:43 51 47 16
C127007025 9062260009 4957274233 C127019010 9062260009 4957274233 18-11-19 21:19:58 41 37 16
C127006026 9689530763 4957274233 C127016020 9689530763 4957274233 18-11-19 21:20:24 25 22 16
C127003009 4955651313 4957274215 C127012019 4955651313 4957274215 18-11-19 21:14:05 409 407 16
C127006030 9167034732 4957274215 C127016019 9167034732 4957274215 18-11-19 21:20:15 40 38 16
C127006028 9151154612 4957274233 C127016006 9151154612 4957274233 18-11-19 21:11:21 575 569 16
C127007026 9852289348 4957274233 C127019014 9852289348 4957274233 18-11-19 21:20:42 22 19 31
C127006026 9855508877 4957274233 C127016025 9855508877 4957274233 18-11-19 21:21:08 0 0 16
C127007030 9094280410 4957274233 C127019013 9094280410 4957274233 18-11-19 21:20:34 43 40 16
C127000010 4955626141 4957274233 C127012023 4955626141 4957274233 18-11-19 21:21:04 16 13 16
C127006024 9687534101 4957863655 C127016021 9687534101 4957863655 18-11-19 21:20:30 50 47 16
C127009003 9175913989 4994000400 C127021019 9175913989 4994000400 18-11-19 21:20:45 39 37 16
C127007029 9653327570 4957274233 C127019002 9653327570 4957274233 18-11-19 21:18:13 199 197 16
C127007028 9263013263 4996580000 C127019008 9263013263 4996580000 18-11-19 21:19:41 112 111 16
C127006023 9197757705 4957274233 C127016022 9197757705 4957274233 18-11-19 21:20:48 46 42 16
C127007028 9670279493 4957274240 C127019018 9670279493 4957274240 18-11-19 21:21:36 4 3 16
C127009015 9265228079 4994000400 C127021015 9265228079 4994000400 18-11-19 21:18:33 190 186 16
C127006028 9778065363 4957274233 C127016024 9778065363 4957274233 18-11-19 21:21:01 43 42 16
C127006030 9265784109 4957274233 C127016023 9265784109 4957274233 18-11-19 21:21:00 46 44 16
C127006026 9161054575 4957274233 C127016026 9161054575 4957274233 18-11-19 21:21:09 40 37 16
C127012031 4959818532 4999519503 C127000031 4959818532 4999519503 18-11-19 21:19:46 131 130 16
C127007031 9037636985 4959818532 C127019007 9037636985 4959818532 18-11-19 21:19:41 136 130 16
C127007027 9035004605 4957274215 C127019012 9035004605 4957274215 18-11-19 21:20:28 90 88 16
C127010017 9031772125 4994000400 C127021020 9031772125 4994000400 18-11-19 21:21:18 44 40 16
C127007030 9636077922 4957274233 C127019015 9636077922 4957274233 18-11-19 21:21:24 40 37 16
C127006024 9777414134 4957274233 C127016027 9777414134 4957274233 18-11-19 21:21:27 51 46 16
C127006022 9165830242 4957274233 C127016028 9165830242 4957274233 18-11-19 21:21:34 46 45 16
C127010005 9158621479 4994000400 C127021029 9158621479 4994000400 18-11-19 21:14:27 474 469 16
C127001022 9192122227 4957274233 C127012027 9192122227 4957274233 18-11-19 21:21:48 40 37 16
C127007024 9191033486 4957274233 C127019011 9191033486 4957274233 18-11-19 21:20:01 162 161 16
C127007031 9852289348 4957274233 C127019020 9852289348 4957274233 18-11-19 21:22:01 47 46 16
C127007028 9099993923 4957274215 C127019019 9099993923 4957274215 18-11-19 21:21:50 64 62 16
C127006028 9857899520 4957274233 C127016001 9857899520 4957274233 18-11-19 21:22:23 44 40 16
C127001008 4957535057 4957274233 C127012024 4957535057 4957274233 18-11-19 21:21:26 112 111 16
C127003024 9265228079 4957274233 C127012026 9265228079 4957274233 18-11-19 21:21:47 93 91 16
C127006023 9778586068 4957274233 C127016029 9778586068 4957274233 18-11-19 21:21:35 108 106 16
C127009029 9268295092 4994000400 C127021021 9268295092 4994000400 18-11-19 21:23:03 32 28 16
C127006026 9169888846 4957274233 C127016003 9169888846 4957274233 18-11-19 21:22:55 40 39 16
C127006024 9854275385 4957274233 C127016004 9854275385 4957274233 18-11-19 21:23:01 37 36 16
C127007030 9035004605 4957274215 C127019021 9035004605 4957274215 18-11-19 21:22:07 93 88 16
C127007028 9296209874 4957274233 C127019023 9296209874 4957274233 18-11-19 21:22:55 50 48 16
C127003006 9161944978 4957274233 C127012030 9161944978 4957274233 18-11-19 21:23:13 40 36 16
C127006029 9154520212 4957274233 C127016015 9154520212 4957274233 18-11-19 21:19:38 257 254 16
C127000023 9299511030 4957274233 C127012028 9299511030 4957274233 18-11-19 21:22:34 82 79 16
C127007027 9035104748 4957274233 C127019024 9035104748 4957274233 18-11-19 21:23:12 56 54 16
C127009021 9645908922 4994000400 C127021022 9645908922 4994000400 18-11-19 21:23:17 51 50 16
C127007029 9032089029 4957274233 C127019017 9032089029 4957274233 18-11-19 21:21:34 155 154 16
C127000025 9623697399 4957274243 C127012003 9623697399 4957274243 18-11-19 21:23:57 14 9 16
C127006028 9104330852 4957274233 C127016005 9104330852 4957274233 18-11-19 21:23:18 58 54 16
C127006026 9858217040 4957274233 C127016006 9858217040 4957274233 18-11-19 21:23:41 41 40 16
C127007030 9036144770 4957274233 C127019026 9036144770 4957274233 18-11-19 21:23:40 49 47 16
C127006031 9160447609 4957274215 C127016002 9160447609 4957274215 18-11-19 21:16:12 501 496 16
C127001030 9037667018 4957274233 C127012001 9037667018 4957274233 18-11-19 21:23:49 45 42 16
C127010023 9264771839 4994000400 C127021023 9264771839 4994000400 18-11-19 21:23:43 59 55 16
C127006029 9776115602 4957274233 C127016008 9776115602 4957274233 18-11-19 21:24:06 39 38 16
C127001027 4957541348 4957274233 C127012029 4957541348 4957274233 18-11-19 21:22:59 107 105 16
C127010009 9776507914 4994000400 C127021024 9776507914 4994000400 18-11-19 21:24:15 35 34 16
C127007031 9191033486 4957274233 C127019022 9191033486 4957274233 18-11-19 21:22:52 124 120 16
C127007029 9035004605 4957274233 C127019027 9035004605 4957274233 18-11-19 21:24:14 45 44 16
C127003018 9260615199 4957274233 C127012005 9260615199 4957274233 18-11-19 21:24:15 48 46 16
C127006023 9851787581 4957274233 C127016009 9851787581 4957274233 18-11-19 21:24:17 54 49 16
C127007028 9670279493 4957274233 C127019028 9670279493 4957274233 18-11-19 21:24:25 48 46 16
C127007030 9037430617 4957274215 C127019029 9037430617 4957274215 18-11-19 21:24:30 45 43 16
C127006021 9175519495 4957274233 C127016030 9175519495 4957274233 18-11-19 21:21:37 229 224 16
C127021031 4957835701 9031268870 C127009031 4957835701 9031268870 18-11-19 21:24:53 40 0 16
C127006028 9162319919 4995047876 C127016013 9162319919 4995047876 18-11-19 21:25:30 7 0 17
C127002028 9299511030 4957274233 C127012004 9299511030 4957274233 18-11-19 21:24:02 97 93 16
C127009007 9688999919 4994000400 C127021026 9688999919 4994000400 18-11-19 21:24:57 43 39 16
C127006031 9163200772 4957274233 C127016011 9163200772 4957274233 18-11-19 21:25:05 41 39 16
C127001026 9998257270 4957274233 C127012025 9998257270 4957274233 18-11-19 21:08:43 1024 1020 16
C127006031 9162319919 4995047876 C127016014 9162319919 4995047876 18-11-19 21:25:48 7 0 17
C127003003 4957528034 4957274233 C127012031 4957528034 4957274233 18-11-19 21:23:34 147 144 16
C127010013 9269099161 4994000400 C127021009 9269099161 4994000400 18-11-19 21:17:02 545 540 16
C127007031 9057897393 4957274233 C127019031 9057897393 4957274233 18-11-19 21:25:01 67 62 16
C127010027 9257123094 4994009903 C127021025 9257123094 4994009903 18-11-19 21:24:27 115 112 16
C127009019 9269462445 4994000400 C127021028 9269462445 4994000400 18-11-19 21:25:13 70 68 16
C127001021 9295544832 4957274233 C127012007 9295544832 4957274233 18-11-19 21:25:49 43 40 16
C127010031 9150806141 4994000400 C127021029 9150806141 4994000400 18-11-19 21:25:55 41 39 16
C127006029 9166089698 4957274215 C127016012 9166089698 4957274215 18-11-19 21:25:23 76 74 16
C127007030 9610022020 4957274233 C127019001 9610022020 4957274233 18-11-19 21:25:22 87 85 16
C127002008 9262154432 4957274233 C127012009 9262154432 4957274233 18-11-19 21:26:09 49 48 16
C127002006 9256159515 4957274233 C127012010 9256159515 4957274233 18-11-19 21:26:09 54 51 16
C127006028 9859642331 4957274233 C127016017 9859642331 4957274233 18-11-19 21:26:26 39 38 16
C127006026 9670156609 4957274233 C127016019 9670156609 4957274233 18-11-19 21:26:28 39 38 16
C127009027 4959122866 4994000400 C127021002 4959122866 4994000400 18-11-19 21:26:14 59 57 16
C127006025 9856485657 4957274233 C127016010 9856485657 4957274233 18-11-19 21:18:19 537 534 16
C127006023 9851427540 4957274233 C127016020 9851427540 4957274233 18-11-19 21:26:35 43 41 16
C127006030 9850127626 4957274233 C127016031 9850127626 4957274233 18-11-19 21:21:53 330 326 16
C127000015 4954279389 4957274215 C127012013 4954279389 4957274215 18-11-19 21:26:29 57 54 16
C127010029 9037531966 4994009938 C127021003 9037531966 4994009938 18-11-19 21:27:09 41 40 16
C127001001 9263999669 4957274233 C127012015 9263999669 4957274233 18-11-19 21:27:13 37 33 16
C127009013 9169757187 4994000400 C127021017 9169757187 4994000400 18-11-19 21:09:19 1116 1113 16
C127009017 9296710756 4956004211 C127021004 9296710756 4956004211 18-11-19 21:27:16 40 37 16
C127006031 9162319919 4957274202 C127016015 9162319919 4957274202 18-11-19 21:26:12 106 104 16
C127006022 9164599077 4957274243 C127016027 9164599077 4957274243 18-11-19 21:27:48 10 6 16
C127006029 9164949929 4957274233 C127016021 9164949929 4957274233 18-11-19 21:27:09 50 47 16
C127007029 9032388238 4957274233 C127019002 9032388238 4957274233 18-11-19 21:25:25 161 159 41
C127006028 9175481081 4957274233 C127016022 9175481081 4957274233 18-11-19 21:27:24 43 40 16
C127006026 9164922267 4957274233 C127016024 9164922267 4957274233 18-11-19 21:27:36 41 40 16
C127010011 9684681414 4994000400 C127021011 9684681414 4994000400 18-11-19 21:17:43 637 633 16
C127006025 9264620950 4957274233 C127016025 9264620950 4957274233 18-11-19 21:27:36 44 43 16
C127006021 9152777122 4957274233 C127016028 9152777122 4957274233 18-11-19 21:27:51 41 35 16
C127010025 9268645821 4994009903 C127021001 9268645821 4994009903 18-11-19 21:26:05 149 147 16
C127002002 4957591278 4957274233 C127012018 4957591278 4957274233 18-11-19 21:27:26 70 64 16
C127009009 9991105624 4994000400 C127021005 9991105624 4994000400 18-11-19 21:28:18 22 19 111
C127006024 4965470755 4957863655 C127016007 4965470755 4957863655 18-11-19 21:23:52 295 290 16
C127002018 9267692819 4957274233 C127012019 9267692819 4957274233 18-11-19 21:28:08 40 39 16
C127021031 4995041571 9060862826 C127009031 4995041571 9060862826 18-11-19 21:25:53 178 162 16
C127000013 9258784860 4957274233 C127012021 9258784860 4957274233 18-11-19 21:28:09 48 47 16
C127010007 9853308030 4994009938 C127021006 9853308030 4994009938 18-11-19 21:28:20 40 38 16
C127009025 9636503755 4994000400 C127021027 9636503755 4994000400 18-11-19 21:25:01 241 240 16
C127007031 9164599077 4999689774 C127019003 9164599077 4999689774 18-11-19 21:28:04 74 71 16
C127009001 9991105624 4994000400 C127021007 9991105624 4994000400 18-11-19 21:28:45 39 39 16
C127009023 9260620410 4994000400 C127021008 9260620410 4994000400 18-11-19 21:28:45 41 39 16
C127002016 9268285599 4957274233 C127012017 9268285599 4957274233 18-11-19 21:27:21 133 132 16
C127006029 9168004683 4957274233 C127016030 9168004683 4957274233 18-11-19 21:28:41 53 49 16
C127000026 4957515933 4999689774 C127012020 4957515933 4999689774 18-11-19 21:11:16 1099 1098 16
C127000029 9263024234 4957274233 C127012022 9263024234 4957274233 18-11-19 21:28:35 68 66 16
C127001025 9992574001 4957274233 C127012023 9992574001 4957274233 18-11-19 21:29:37 8 3 16
C127006030 9670156609 4957274233 C127016023 9670156609 4957274233 18-11-19 21:27:35 150 148 16
C127007030 9032388238 4957274233 C127019004 9032388238 4957274233 18-11-19 21:28:09 118 115 16
C127006026 9778008573 4957274233 C127016001 9778008573 4957274233 18-11-19 21:29:15 59 57 16
C127006028 9652954572 4957274233 C127016031 9652954572 4957274233 18-11-19 21:29:14 64 63 16
C127010021 9096429154 4994000400 C127021009 9096429154 4994000400 18-11-19 21:29:48 40 36 16
C127003019 4954951403 4957274233 C127012006 4954951403 4957274233 18-11-19 21:25:14 317 314 16
C127006025 9850441049 4957274233 C127016003 9850441049 4957274233 18-11-19 21:30:00 45 43 16
C127000005 9992574001 4957274233 C127012024 9992574001 4957274233 18-11-19 21:30:05 49 47 16
C127007027 9687809722 4957274233 C127019030 9687809722 4957274233 18-11-19 21:24:55 360 358 16
C127006030 9168641368 4957274233 C127016004 9168641368 4957274233 18-11-19 21:30:23 43 39 16
C127006028 9168181158 4957274233 C127016005 9168181158 4957274233 18-11-19 21:30:26 40 38 16
C127007030 9057756972 4957274233 C127019006 9057756972 4957274233 18-11-19 21:30:27 45 40 16
C127003012 4957519885 4957274233 C127012025 4957519885 4957274233 18-11-19 21:30:49 38 35 16
C127006031 9997799441 4957274233 C127016029 9997799441 4957274233 18-11-19 21:28:23 197 193 16
C127006026 9162073250 4957274233 C127016006 9162073250 4957274233 18-11-19 21:30:57 48 43 16
C127006031 9164599077 4957274243 C127016010 9164599077 4957274243 18-11-19 21:31:50 7 5 16
C127003008 4985681636 4957274233 C127012027 4985681636 4957274233 18-11-19 21:31:07 50 45 16
C127006030 9163391665 4957274215 C127016007 9163391665 4957274215 18-11-19 21:31:22 37 36 16
C127001010 4957541434 4957274233 C127012002 4957541434 4957274233 18-11-19 21:12:23 1184 1182 16
C127006028 9853477757 4957274215 C127016008 9853477757 4957274215 18-11-19 21:31:23 44 40 16
C127007026 9030067227 4957274233 C127019025 9030067227 4957274233 18-11-19 21:23:39 515 513 16
C127006027 9067260596 4957274233 C127016018 9067260596 4957274233 18-11-19 21:19:54 753 750 16
C127001019 4955632376 4957274233 C127012029 4955632376 4957274233 18-11-19 21:31:43 45 41 16
C127001016 9295544832 4957274233 C127012026 9295544832 4957274233 18-11-19 21:31:05 84 82 16
C127009011 9685089634 4994000400 C127021030 9685089634 4994000400 18-11-19 21:03:39 1738 1735 16
C127006027 4952521025 4999689849 C127016014 4952521025 4999689849 18-11-19 21:32:40 4 2 16
C127010003 9268645821 4994009903 C127021010 9268645821 4994009903 18-11-19 21:31:20 94 92 16
C127010019 9257430833 4994000400 C127021011 9257430833 4994000400 18-11-19 21:32:01 65 64 16
C127002031 4954444577 4957274215 C127012014 4954444577 4957274215 18-11-19 21:27:05 361 359 16
C127000008 9295544832 4957274233 C127012031 9295544832 4957274233 18-11-19 21:32:35 44 43 16
C127006030 9252008619 4957274233 C127016012 9252008619 4957274233 18-11-19 21:32:39 42 41 16
C127006028 9168247939 4957274233 C127016013 9168247939 4957274233 18-11-19 21:32:39 46 44 16
C127020020 4959818532 84999519503 C127008023 4959818532 84999519503 18-11-19 21:33:24 1 0 102
C127000012 9260229000 4957274233 C127012011 9260229000 4957274233 18-11-19 21:26:16 429 428 16
C127006023 9164168599 4957274233 C127016026 9164168599 4957274233 18-11-19 21:27:38 348 344 16
C127010015 4957538840 4994000400 C127021012 4957538840 4994000400 18-11-19 21:32:36 53 52 16
C127007030 9164599077 4999689774 C127019008 9164599077 4999689774 18-11-19 21:32:04 86 83 16
C127006027 9257694801 4957274215 C127016015 9257694801 4957274215 18-11-19 21:32:52 39 38 16
C127006025 9165396489 4957274233 C127016009 9165396489 4957274233 18-11-19 21:31:37 116 111 16
C127010001 9268645821 4994009903 C127021014 9268645821 4994009903 18-11-19 21:32:59 40 37 16
C127000020 4957596179 4957274233 C127012002 4957596179 4957274233 18-11-19 21:32:58 42 40 16
C127006026 9851124668 4957274215 C127016017 9851124668 4957274215 18-11-19 21:33:11 34 33 16
C127001024 9296182839 4957274233 C127012003 9296182839 4957274233 18-11-19 21:33:06 41 40 16
C127007031 9057891876 4957274215 C127019005 9057891876 4957274215 18-11-19 21:30:21 218 217 16
C127001009 9268796937 4957274233 C127012004 9268796937 4957274233 18-11-19 21:33:11 50 49 16
C127003031 9998489670 4957274233 C127012001 9998489670 4957274233 18-11-19 21:32:42 89 84 16
C127002007 9169639329 4957274215 C127012005 9169639329 4957274215 18-11-19 21:33:31 41 40 16
C127016005 4999689078 9772880100 C127004012 4999689078 9772880100 18-11-19 21:31:35 171 159 16
C127006028 9267755634 4957274233 C127016019 9267755634 4957274233 18-11-19 21:33:55 34 32 16
C127002020 4985681556 4957274233 C127012006 4985681556 4957274233 18-11-19 21:33:49 43 40 16
C127007031 9267218875 4999689933 C127019009 9267218875 4999689933 18-11-19 21:34:17 17 12 16
C127008029 89857608366 4959818532 C127020015 89857608366 4959818532 18-11-19 21:33:13 86 68 16
C127007029 9263194248 4999689696 C127019007 9263194248 4999689696 18-11-19 21:31:06 214 198 16
C127016004 4959818532 4999519503 C127004011 4959818532 4999519503 18-11-19 21:33:29 71 70 16
C127009003 9778228732 4994000400 C127021015 9778228732 4994000400 18-11-19 21:33:27 75 71 16
C127006027 9772668690 4957274233 C127016020 9772668690 4957274233 18-11-19 21:33:58 52 48 16
C127006030 9165396489 4957274233 C127016018 9165396489 4957274233 18-11-19 21:33:40 77 75 16
C127006025 9267550774 4957274233 C127016022 9267550774 4957274233 18-11-19 21:34:27 47 42 16
C127009015 9263257640 4994009903 C127021017 9263257640 4994009903 18-11-19 21:34:35 44 42 16
C127006030 9165048327 4957274233 C127016023 9165048327 4957274233 18-11-19 21:35:03 47 43 16
C127002026 9251523456 4957274233 C127012007 9251523456 4957274233 18-11-19 21:35:15 38 36 16
C127006028 9859353239 4957274233 C127016024 9859353239 4957274233 18-11-19 21:35:13 40 37 16
C127010017 9261780061 4994009903 C127021018 9261780061 4994009903 18-11-19 21:35:30 39 37 16
C127009005 9269190501 4994000400 C127021013 9269190501 4994000400 18-11-19 21:32:38 221 220 16
C127000007 4992463100 4999675945 C127012012 4992463100 4999675945 18-11-19 21:26:22 599 590 16
C127007030 9032305461 4957274233 C127019011 9032305461 4957274233 18-11-19 21:35:42 49 44 16
C127006030 9100090052 4957274233 C127016025 9100090052 4957274233 18-11-19 21:35:52 40 38 16
C127002023 4955646201 4957274242 C127012009 4955646201 4957274242 18-11-19 21:36:05 31 31 16
C127006027 9857492149 4957274215 C127016026 9857492149 4957274215 18-11-19 21:35:53 43 39 16
C127010005 9773595753 4994000400 C127021019 9773595753 4994000400 18-11-19 21:35:57 44 40 16
C127009021 9015239226 4994000400 C127021021 9015239226 4994000400 18-11-19 21:36:03 39 37 16
C127007029 9645677214 4957274233 C127019012 9645677214 4957274233 18-11-19 21:36:05 38 36 16
C127006029 9037669045 4957274233 C127016002 9037669045 4957274233 18-11-19 21:29:55 412 410 16
C127001023 9260496249 4957274243 C127012010 9260496249 4957274243 18-11-19 21:36:31 17 16 16
C127009029 9175394668 4994000400 C127021020 9175394668 4994000400 18-11-19 21:36:01 48 47 16
C127006028 9856457562 4957274233 C127016027 9856457562 4957274233 18-11-19 21:36:22 48 43 16
C127002027 9998349504 4957274215 C127012030 9998349504 4957274215 18-11-19 21:32:00 317 315 16
C127006027 9263700170 4957274233 C127016029 9263700170 4957274233 18-11-19 21:36:42 37 36 16
C127007030 9601950010 4957274233 C127019013 9601950010 4957274233 18-11-19 21:36:42 49 44 16
C127001017 9268544927 4957274233 C127012012 9268544927 4957274233 18-11-19 21:37:07 46 41 16
C127006031 9267917431 4957274233 C127016011 9267917431 4957274233 18-11-19 21:32:30 348 346 16
C127006027 9151013294 4957274233 C127016001 9151013294 4957274233 18-11-19 21:37:42 42 37 16
C127006026 9990957686 4957274233 C127016021 9990957686 4957274233 18-11-19 21:34:23 242 238 16
C127003030 9255079819 4957274233 C127012013 9255079819 4957274233 18-11-19 21:37:51 44 43 16
C127002022 4954951403 4957274233 C127012028 4954951403 4957274233 18-11-19 21:31:33 433 429 16
C127006029 9251419050 4957863655 C127016030 9251419050 4957863655 18-11-19 21:36:56 111 110 16
C127021030 4957396201 9057270853 C127009030 4957396201 9057270853 18-11-19 21:38:32 18 10 16
C127010009 9162039039 4994000400 C127021023 9162039039 4994000400 18-11-19 21:38:41 26 25 16
C127002029 9266617484 4957274233 C127012015 9266617484 4957274233 18-11-19 21:38:31 39 38 16
C127006028 9175656077 4957274215 C127016031 9175656077 4957274215 18-11-19 21:37:31 103 97 16
C127002011 9267073141 4957274233 C127012014 9267073141 4957274233 18-11-19 21:38:18 60 56 16
C127010023 9165166728 4994000400 C127021022 9165166728 4994000400 18-11-19 21:38:11 68 67 16
C127007030 4952367276 4999689191 C127019015 4952367276 4999689191 18-11-19 21:38:53 36 32 16
C127006030 9164422833 4957274233 C127016028 9164422833 4957274233 18-11-19 21:36:34 177 174 16
C127000018 9268211274 4957274233 C127012017 9268211274 4957274233 18-11-19 21:38:47 47 42 16
C127006029 9104411594 4957274233 C127016006 9104411594 4957274233 18-11-19 21:38:51 47 46 16
C127006026 9169164020 4957274233 C127016007 9169164020 4957274233 18-11-19 21:39:09 43 40 16
C127009007 9162039039 4994000400 C127021024 9162039039 4994000400 18-11-19 21:39:27 32 27 16
C127008014 84959885187 4999689058 C127020017 84959885187 4999689058 18-11-19 21:34:08 356 344 16
C127006028 9858453576 4957274233 C127016008 9858453576 4957274233 18-11-19 21:39:22 48 43 16
C127003026 9260496249 4957274233 C127012011 9260496249 4957274233 18-11-19 21:36:59 212 209 16
C127003010 9686103939 4957274233 C127012018 9686103939 4957274233 18-11-19 21:39:45 47 45 16
C127006030 9166291879 4957274233 C127016009 9166291879 4957274233 18-11-19 21:40:04 44 41 16
C127010013 9165166728 4994000400 C127021025 9165166728 4994000400 18-11-19 21:40:16 35 34 16
C127002004 4955630123 4957274242 C127012020 4955630123 4957274242 18-11-19 21:40:37 31 28 16
C127006025 9085724021 4957274233 C127016002 9085724021 4957274233 18-11-19 21:37:49 206 203 16
C127003028 9299789095 4957274240 C127012019 9299789095 4957274240 18-11-19 21:40:30 46 44 16
C127009019 9819375074 4994000400 C127021027 9819375074 4994000400 18-11-19 21:40:28 48 46 16
C127006029 9653132504 4957274242 C127016010 9653132504 4957274242 18-11-19 21:40:44 32 29 16
C127012031 4999689423 4959247500 C127000031 4999689423 4959247500 18-11-19 21:36:24 299 296 16
C127007029 9099217200 4957274233 C127019014 9099217200 4957274233 18-11-19 21:37:12 252 247 16
C127006031 9303350720 4957274215 C127016004 9303350720 4957274215 18-11-19 21:38:36 176 170 16
C127007028 9099738833 4957274233 C127019018 9099738833 4957274233 18-11-19 21:40:39 54 51 16
C127006030 9152162329 4957274233 C127016011 9152162329 4957274233 18-11-19 21:40:57 47 44 16
C127007027 9057237688 4957274233 C127019019 9057237688 4957274233 18-11-19 21:40:59 48 45 16
C127006027 9777528375 4957274233 C127016005 9777528375 4957274233 18-11-19 21:38:46 183 182 16
C127007031 9686058969 4957274233 C127019010 9686058969 4957274233 18-11-19 21:35:39 373 370 16
C127007029 9032089029 4957274233 C127019020 9032089029 4957274233 18-11-19 21:41:43 34 30 16
C127021031 4957869733 9253628468 C127009031 4957869733 9253628468 18-11-19 21:32:58 587 574 16
C127009027 9262203760 4994000400 C127021029 9262203760 4994000400 18-11-19 21:42:15 53 51 16
C127006031 9858628489 4957274233 C127016013 9858628489 4957274233 18-11-19 21:42:23 45 41 16
C127010029 9779504110 4994000400 C127021030 9779504110 4994000400 18-11-19 21:42:59 24 21 16
C127006030 9161341818 4957274233 C127016014 9161341818 4957274233 18-11-19 21:42:38 46 42 16
C127010027 9255796381 4994000400 C127021026 9255796381 4994000400 18-11-19 21:40:25 191 189 16
C127009013 4957591164 4994000400 C127021031 4957591164 4994000400 18-11-19 21:43:04 52 49 16
C127007030 9036129435 4957274233 C127019017 9036129435 4957274233 18-11-19 21:40:13 229 226 16
C127006028 9263700170 4957274233 C127016012 9263700170 4957274233 18-11-19 21:41:06 178 172 16
C127006031 9166238977 4957274233 C127016015 9166238977 4957274233 18-11-19 21:43:36 45 44 16
C127007031 9153463176 4999689150 C127019021 9153463176 4999689150 18-11-19 21:43:38 47 32 16
C127010011 9779504110 4994000400 C127021002 9779504110 4994000400 18-11-19 21:44:14 26 23 16
C127009017 9253944925 4994000400 C127021001 9253944925 4994000400 18-11-19 21:44:01 41 40 16
C127007029 9258609444 4999689338 C127019022 9258609444 4999689338 18-11-19 21:43:59 46 43 16
C127000006 4957542572 4957274243 C127012022 4957542572 4957274243 18-11-19 21:44:41 22 16 16
C127001004 4957522530 4957274233 C127012021 4957522530 4957274233 18-11-19 21:44:22 48 46 16
C127001012 9267188386 4957274215 C127012023 9267188386 4957274215 18-11-19 21:44:48 41 38 16
C127006031 9151045455 4957274215 C127016017 9151045455 4957274215 18-11-19 21:44:23 75 71 16
C127010031 9032870317 4994000400 C127021028 9032870317 4994000400 18-11-19 21:41:39 240 237 16
C127006031 4952521025 4999689849 C127016019 4952521025 4999689849 18-11-19 21:45:40 4 2 16
C127007031 9614554867 4957274233 C127019023 9614554867 4957274233 18-11-19 21:44:26 85 84 16
C127007030 9663179881 4957274233 C127019024 9663179881 4957274233 18-11-19 21:45:36 50 49 16
C127000021 4957543214 4957274233 C127012027 4957543214 4957274233 18-11-19 21:45:38 49 47 16
C127007029 9263788080 4999689924 C127019025 9263788080 4999689924 18-11-19 21:45:44 44 41 16
C127010025 9262647475 4994000400 C127021003 9262647475 4994000400 18-11-19 21:45:50 38 36 16
C127021031 4957274256 9036151896 C127009031 4957274256 9036151896 18-11-19 21:45:23 66 53 16
C127007028 9260700024 4999689191 C127019026 9260700024 4999689191 18-11-19 21:45:46 60 59 16
C127002012 9263082865 4957274233 C127012024 9263082865 4957274233 18-11-19 21:44:51 128 127 16
C127009009 9151935017 4994000400 C127021004 9151935017 4994000400 18-11-19 21:46:39 37 34 16
C127006024 9999706770 4999689165 C127016003 9999706770 4999689165 18-11-19 21:38:01 555 554 16
C127001003 9639940250 4957274233 C127012025 9639940250 4957274233 18-11-19 21:44:55 144 142 16
C127003022 9258780921 4957274215 C127012029 9258780921 4957274215 18-11-19 21:46:43 46 42 16
C127003013 9623693876 4957274243 C127012030 9623693876 4957274243 18-11-19 21:46:50 43 41 16
C127007031 9039745372 4957274233 C127019027 9039745372 4957274233 18-11-19 21:46:53 47 43 16
C127009025 9778162141 4994000400 C127021006 9778162141 4994000400 18-11-19 21:47:06 45 44 16
C127006028 9858234763 4957274233 C127016022 9858234763 4957274233 18-11-19 21:47:34 26 23 16
C127002003 4957542572 4957274233 C127012028 4957542572 4957274233 18-11-19 21:45:39 149 147 16
C127006029 9778113362 4957274233 C127016021 9778113362 4957274233 18-11-19 21:47:31 39 38 16
C127003004 9257399369 4957274233 C127012001 9257399369 4957274233 18-11-19 21:47:03 71 68 16
C127006031 9163502255 4957274233 C127016020 9163502255 4957274233 18-11-19 21:47:29 46 43 16
C127009001 9779402098 4994009903 C127021007 9779402098 4994009903 18-11-19 21:47:22 54 49 16
C127001002 9152459409 4957274215 C127012002 9152459409 4957274215 18-11-19 21:47:09 68 65 16
C127010007 9262001291 4994000400 C127021005 9262001291 4994000400 18-11-19 21:46:52 90 88 16
C127012031 4999689423 4959247500 C127000031 4999689423 4959247500 18-11-19 21:45:09 194 190 16
C127001031 4957593154 4957274233 C127012004 4957593154 4957274233 18-11-19 21:47:48 41 37 16
C127006030 9150016612 4957274233 C127016018 9150016612 4957274233 18-11-19 21:44:30 240 238 16
C127001005 9623693876 4957274243 C127012005 9623693876 4957274243 18-11-19 21:47:51 42 41 16
C127003005 4955090873 4957274233 C127012003 4955090873 4957274233 18-11-19 21:47:16 85 84 16
C127001007 4957543214 4957274233 C127012006 4957543214 4957274233 18-11-19 21:48:03 51 47 16
C127002025 9999706770 4957274233 C127012007 9999706770 4957274233 18-11-19 21:48:15 41 39 16
C127006029 9037464348 4957274243 C127016025 9037464348 4957274243 18-11-19 21:48:51 8 7 16
C127003014 4957944789 4957274233 C127012011 4957944789 4957274233 18-11-19 21:48:39 24 21 16
C127002014 4957531838 4957274233 C127012026 4957531838 4957274233 18-11-19 21:44:57 255 250 16
C127002010 9859906373 4957274233 C127012009 9859906373 4957274233 18-11-19 21:48:37 41 39 16
C127006030 9265975321 4957274233 C127016024 9265975321 4957274233 18-11-19 21:48:47 40 39 16
C127006031 9691019101 4957863655 C127016023 9691019101 4957863655 18-11-19 21:48:25 68 66 16
C127009023 9671818041 4994000400 C127021008 9671818041 4994000400 18-11-19 21:48:48 55 52 16
C127007031 9057760225 4957274233 C127019028 9057760225 4957274233 18-11-19 21:48:59 48 45 16
C127002021 9623693876 4957274233 C127012012 9623693876 4957274233 18-11-19 21:49:08 44 43 16
C127006027 9037464348 4957274233 C127016028 9037464348 4957274233 18-11-19 21:49:11 43 37 16
C127006029 9166188278 4957274233 C127016027 9166188278 4957274233 18-11-19 21:49:09 46 43 16
C127000022 4955651731 4957274233 C127012013 4955651731 4957274233 18-11-19 21:49:37 26 21 16
C127002009 9268409018 4957274233 C127012010 9268409018 4957274233 18-11-19 21:48:38 111 109 16
C127003029 4955651731 4957274233 C127012018 4955651731 4957274233 18-11-19 21:50:29 7 4 16
C127000024 9255186979 4957274233 C127012014 9255186979 4957274233 18-11-19 21:49:50 47 45 16
C127010021 9653748377 4994000400 C127021009 9653748377 4994000400 18-11-19 21:50:00 39 37 16
C127006031 9154501606 4957274233 C127016029 9154501606 4957274233 18-11-19 21:49:59 49 47 16
C127006029 9030161608 4957274233 C127016031 9030161608 4957274233 18-11-19 21:50:06 46 40 16
C127007030 9685699595 4999689150 C127019029 9685699595 4999689150 18-11-19 21:49:28 87 70 16
C127006027 9858234763 4957274242 C127016001 9858234763 4957274242 18-11-19 21:50:25 31 29 16
C127006030 9162215010 4957274215 C127016030 9162215010 4957274215 18-11-19 21:50:04 72 69 16
C127007031 9060372436 4957274215 C127019031 9060372436 4957274215 18-11-19 21:51:15 8 6 16
C127006028 9163666166 4957274233 C127016026 9163666166 4957274233 18-11-19 21:48:54 156 153 16
C127000002 4957944789 4957274233 C127012017 4957944789 4957274233 18-11-19 21:50:13 82 78 16
C127003021 4955632361 4957274233 C127012019 4955632361 4957274233 18-11-19 21:50:53 47 43 16
C127000014 4955651731 4957274233 C127012023 4955651731 4957274233 18-11-19 21:51:45 8 6 16
C127000001 4994929436 4957274233 C127012008 4994929436 4957274233 18-11-19 20:38:53 4381 4377 16
C127003002 9266198726 4957274233 C127012022 9266198726 4957274233 18-11-19 21:51:28 46 42 16
C127006031 9165925667 4957274242 C127016002 9165925667 4957274242 18-11-19 21:51:43 34 31 16
C127007031 9060372436 4957274233 C127019001 9060372436 4957274233 18-11-19 21:51:47 58 53 16
C127003027 4955622414 4957274233 C127012021 4955622414 4957274233 18-11-19 21:51:07 108 103 16
C127007030 9037530836 4957274233 C127019002 9037530836 4957274233 18-11-19 21:52:21 39 38 16
C127003007 4955651731 4957274233 C127012025 4955651731 4957274233 18-11-19 21:52:28 38 34 16
