C127006030 9160131991 4996585960 C127016029 9160131991 4996585960 19-11-19 06:53:39 3 0 21
C127006029 9152531235 4996585960 C127016030 9152531235 4996585960 19-11-19 06:53:39 3 0 21
C127006028 4952521025 4999689849 C127016031 4952521025 4999689849 19-11-19 06:53:40 5 3 16
C127006030 9152531235 4996585960 C127016001 9152531235 4996585960 19-11-19 06:53:46 3 0 16
C127006031 9152529395 4996585960 C127016028 9152529395 4996585960 19-11-19 06:53:34 19 13 16
C127006029 9160131991 4996585960 C127016003 9160131991 4996585960 19-11-19 06:53:53 6 0 21
C127006031 9854150236 4996585960 C127016004 9854150236 4996585960 19-11-19 06:54:07 5 0 21
C127006029 9152821069 4996585960 C127016005 9152821069 4996585960 19-11-19 06:54:09 3 0 21
C127006028 9160131991 4996585960 C127016006 9160131991 4996585960 19-11-19 06:54:10 4 0 21
C127006027 9152539148 4996585960 C127016007 9152539148 4996585960 19-11-19 06:54:11 3 0 21
C127006030 9152531235 4996585960 C127016002 9152531235 4996585960 19-11-19 06:53:53 26 12 16
C127006030 9854150236 4996585960 C127016009 9854150236 4996585960 19-11-19 06:54:26 3 0 21
C127006031 9152539148 4996585960 C127016008 9152539148 4996585960 19-11-19 06:54:24 23 12 16
C127006030 9160131991 4996585960 C127016010 9160131991 4996585960 19-11-19 06:54:43 6 0 21
C127006031 9160131991 4996585960 C127016011 9160131991 4996585960 19-11-19 06:54:58 23 3 16
C127007031 9175001231 4999689191 C127019020 9175001231 4999689191 19-11-19 06:54:39 59 56 16
C127006030 9167911322 4996585960 C127016013 9167911322 4996585960 19-11-19 06:55:42 7 0 21
C127006031 9160131991 4996585960 C127016012 9160131991 4996585960 19-11-19 06:55:28 25 16 16
C127006031 9167911322 4996585960 C127016014 9167911322 4996585960 19-11-19 06:55:56 24 12 16
C127006031 9854150236 4996585960 C127016018 9854150236 4996585960 19-11-19 06:56:34 5 0 21
C127006029 9169126693 4996585960 C127016017 9169126693 4996585960 19-11-19 06:56:19 27 12 16
C127006031 9854150236 4996585960 C127016019 9854150236 4996585960 19-11-19 06:56:54 5 0 21
C127006030 9151350031 4957274233 C127016015 9151350031 4957274233 19-11-19 06:56:09 62 59 16
C127002015 4953393788 4996585960 C127012029 4953393788 4996585960 19-11-19 06:56:52 19 13 16
C127006030 9851074951 4996585960 C127016021 9851074951 4996585960 19-11-19 06:57:26 3 0 21
C127006031 9854150236 4996585960 C127016020 9854150236 4996585960 19-11-19 06:57:13 32 22 16
C127006030 9152821069 4996585960 C127016022 9152821069 4996585960 19-11-19 06:57:43 27 14 16
C127010023 9689469848 4956004213 C127021023 9689469848 4956004213 19-11-19 06:57:51 44 0 16
C127006031 9152528600 4996585960 C127016023 9152528600 4996585960 19-11-19 06:58:26 24 13 16
C127001008 4954277522 4996585960 C127012030 4954277522 4996585960 19-11-19 06:59:01 3 0 21
C127006031 9152528458 4996585960 C127016026 9152528458 4996585960 19-11-19 06:59:01 3 0 21
C127006028 9851074951 4996585960 C127016027 9851074951 4996585960 19-11-19 06:59:03 6 0 21
C127006029 9152528714 4996585960 C127016025 9152528714 4996585960 19-11-19 06:58:48 25 16 16
C127006031 9152528458 4996585960 C127016028 9152528458 4996585960 19-11-19 06:59:16 3 0 21
C127006029 9851074951 4996585960 C127016029 9851074951 4996585960 19-11-19 06:59:17 7 0 21
C127006031 9169131152 4996585960 C127016030 9169131152 4996585960 19-11-19 06:59:24 5 0 21
C127006029 9152528458 4996585960 C127016031 9152528458 4996585960 19-11-19 06:59:26 3 0 21
C127003006 4954277522 4996585960 C127012001 4954277522 4996585960 19-11-19 06:59:14 23 13 16
C127006029 9169131152 4996585960 C127016002 9169131152 4996585960 19-11-19 06:59:45 4 0 21
C127006029 9851074951 4996585960 C127016003 9851074951 4996585960 19-11-19 06:59:55 4 0 21
C127006028 9169131152 4996585960 C127016004 9169131152 4996585960 19-11-19 06:59:59 5 0 21
C127006031 9152528458 4996585960 C127016001 9152528458 4996585960 19-11-19 06:59:36 31 16 16
C127006029 9152529132 4996585960 C127016006 9152529132 4996585960 19-11-19 07:00:26 3 0 21
C127006029 9152529132 4996585960 C127016007 9152529132 4996585960 19-11-19 07:00:36 3 0 21
C127007031 9659831795 4957274233 C127019021 9659831795 4957274233 19-11-19 06:58:53 113 109 16
C127006029 9152529132 4996585960 C127016008 9152529132 4996585960 19-11-19 07:00:44 5 0 21
C127006028 9152532570 4996585960 C127016009 9152532570 4996585960 19-11-19 07:00:47 7 0 21
C127006029 9152529132 4996585960 C127016010 9152529132 4996585960 19-11-19 07:00:54 5 0 21
C127006031 9169131152 4996585960 C127016005 9169131152 4996585960 19-11-19 07:00:15 45 34 16
C127006029 9152532570 4996585960 C127016012 9152532570 4996585960 19-11-19 07:01:05 4 0 21
C127006028 9152528659 4996585960 C127016013 9152528659 4996585960 19-11-19 07:01:09 5 0 21
C127006029 9152532570 4996585960 C127016014 9152532570 4996585960 19-11-19 07:01:15 4 0 21
C127006031 9152529132 4996585960 C127016011 9152529132 4996585960 19-11-19 07:01:05 17 11 16
C127006029 9152539385 4996585960 C127016017 9152539385 4996585960 19-11-19 07:01:25 4 0 21
C127006028 9152532570 4996585960 C127016018 9152532570 4996585960 19-11-19 07:01:26 3 0 21
C127006029 9152539385 4996585960 C127016019 9152539385 4996585960 19-11-19 07:01:34 4 0 21
C127006028 9152528988 4996585960 C127016020 9152528988 4996585960 19-11-19 07:01:35 4 0 21
C127006027 9152532570 4996585960 C127016021 9152532570 4996585960 19-11-19 07:01:36 3 0 21
C127006029 9152528988 4996585960 C127016022 9152528988 4996585960 19-11-19 07:01:45 3 0 21
C127006028 9152532570 4996585960 C127016023 9152532570 4996585960 19-11-19 07:01:46 3 0 21
C127006031 9152528659 4996585960 C127016015 9152528659 4996585960 19-11-19 07:01:23 27 15 16
C127006031 9152528988 4996585960 C127016026 9152528988 4996585960 19-11-19 07:01:54 4 0 21
C127006029 9152532570 4996585960 C127016027 9152532570 4996585960 19-11-19 07:01:56 3 0 21
C127006028 9152529244 4996585960 C127016028 9152529244 4996585960 19-11-19 07:01:57 7 0 21
C127006031 9152528988 4996585960 C127016029 9152528988 4996585960 19-11-19 07:02:05 4 0 21
C127006029 9152532570 4996585960 C127016030 9152532570 4996585960 19-11-19 07:02:06 3 0 21
C127006031 9152529244 4996585960 C127016031 9152529244 4996585960 19-11-19 07:02:14 3 0 21
C127006027 9152539385 4996585960 C127016025 9152539385 4996585960 19-11-19 07:01:48 31 12 16
C127006029 9152528988 4996585960 C127016001 9152528988 4996585960 19-11-19 07:02:15 4 0 21
C127006028 9152532570 4996585960 C127016002 9152532570 4996585960 19-11-19 07:02:17 2 0 21
C127006029 9152532570 4996585960 C127016004 9152532570 4996585960 19-11-19 07:02:26 3 0 21
C127006028 9152529244 4996585960 C127016005 9152529244 4996585960 19-11-19 07:02:27 7 0 21
C127006029 9152532570 4996585960 C127016006 9152532570 4996585960 19-11-19 07:02:36 3 0 21
C127006031 9152528988 4996585960 C127016003 9152528988 4996585960 19-11-19 07:02:25 17 11 16
C127006028 9152529244 4996585960 C127016007 9152529244 4996585960 19-11-19 07:02:40 4 0 21
C127006029 9152529244 4996585960 C127016009 9152529244 4996585960 19-11-19 07:02:55 4 0 21
C127006028 9169138972 4996585960 C127016010 9169138972 4996585960 19-11-19 07:03:00 4 0 21
C127006031 9152532570 4996585960 C127016008 9152532570 4996585960 19-11-19 07:02:46 22 13 16
C127006029 9152529244 4996585960 C127016011 9152529244 4996585960 19-11-19 07:03:04 5 0 21
C127006029 9152529244 4996585960 C127016013 9152529244 4996585960 19-11-19 07:03:14 5 0 21
C127006031 9169138972 4996585960 C127016012 9169138972 4996585960 19-11-19 07:03:11 19 12 16
C127006029 9152529244 4996585960 C127016014 9152529244 4996585960 19-11-19 07:03:29 26 12 16
C127006030 9151350031 4957274233 C127016024 9151350031 4957274233 19-11-19 06:58:38 338 334 16
C127006031 9851074951 4996585960 C127016015 9851074951 4996585960 19-11-19 07:04:31 3 0 21
C127000023 4991521577 4996585960 C127012002 4991521577 4996585960 19-11-19 07:04:17 27 13 16
C127006030 9154917344 4996585960 C127016018 9154917344 4996585960 19-11-19 07:04:51 3 0 21
C127006031 9152529257 4996585960 C127016017 9152529257 4996585960 19-11-19 07:04:49 18 11 16
C127006029 9154830328 4996585960 C127016020 9154830328 4996585960 19-11-19 07:05:09 6 0 21
C127006031 9154830328 4996585960 C127016021 9154830328 4996585960 19-11-19 07:05:22 2 0 21
C127006029 9851074951 4996585960 C127016022 9851074951 4996585960 19-11-19 07:05:23 5 0 21
C127006031 9858498946 4996585960 C127016023 9858498946 4996585960 19-11-19 07:05:25 4 0 21
C127006030 9154917344 4996585960 C127016019 9154917344 4996585960 19-11-19 07:05:08 26 16 16
C127001022 4953398333 4996585960 C127012003 4953398333 4996585960 19-11-19 07:05:46 3 0 21
C127006030 9154830328 4996585960 C127016025 9154830328 4996585960 19-11-19 07:05:49 5 0 21
C127006031 9858498946 4996585960 C127016024 9858498946 4996585960 19-11-19 07:05:34 25 13 16
C127006030 9152531744 4996585960 C127016026 9152531744 4996585960 19-11-19 07:05:57 2 0 21
C127006030 9851074951 4996585960 C127016028 9851074951 4996585960 19-11-19 07:06:11 3 0 21
C127006029 9152531744 4996585960 C127016029 9152531744 4996585960 19-11-19 07:06:14 5 0 21
C127006031 9154830328 4996585960 C127016027 9154830328 4996585960 19-11-19 07:06:09 16 11 16
C127006031 4952521025 4999689849 C127016030 4952521025 4999689849 19-11-19 07:06:41 4 3 16
C127003024 4957519885 4957274233 C127012031 4957519885 4957274233 19-11-19 06:59:12 467 464 16
C127006030 9152531744 4996585960 C127016031 9152531744 4996585960 19-11-19 07:06:42 25 12 16
C127000025 4953398333 4996585960 C127012004 4953398333 4996585960 19-11-19 07:07:34 19 12 16
C127010019 9689469848 4956004213 C127021024 9689469848 4956004213 19-11-19 07:07:32 51 30 16
C127006031 9851074951 4996585960 C127016001 9851074951 4996585960 19-11-19 07:08:07 26 14 16
C127007031 9096784113 4957274233 C127019022 9096784113 4957274233 19-11-19 07:04:54 222 220 16
C127006031 9152528544 4996585960 C127016002 9152528544 4996585960 19-11-19 07:09:01 23 14 16
C127006031 9851658490 4996585960 C127016003 9851658490 4996585960 19-11-19 07:09:49 30 17 16
C127010009 9264757613 4994000400 C127021022 9264757613 4994000400 19-11-19 06:51:41 1223 1222 16
C127006031 9518865005 4996585960 C127016004 9518865005 4996585960 19-11-19 07:11:59 25 6 16
C127006031 9518865005 4996585960 C127016005 9518865005 4996585960 19-11-19 07:12:31 22 19 16
C127006031 9152532662 4996585960 C127016006 9152532662 4996585960 19-11-19 07:13:17 7 0 21
C127001027 4953344997 4996585960 C127012005 4953344997 4996585960 19-11-19 07:13:02 26 12 16
C127006031 9152532662 4996585960 C127016007 9152532662 4996585960 19-11-19 07:13:33 20 13 16
C127006031 9152531720 4996585960 C127016008 9152531720 4996585960 19-11-19 07:13:54 21 12 16
C127016026 4999689423 4232215514 C127004002 4999689423 4232215514 19-11-19 07:08:37 435 427 16
C127008022 89541151317 4959842113 C127020020 89541151317 4959842113 19-11-19 07:15:56 37 0 16
C127006031 9152531363 4996585960 C127016009 9152531363 4996585960 19-11-19 07:17:16 17 13 16
C127012031 4999689082 4995501502 C127000031 4999689082 4995501502 19-11-19 07:17:39 52 33 16
C127006031 9260657200 4957869758 C127016010 9260657200 4957869758 19-11-19 07:18:29 47 43 16
C127006030 9166640734 4996585960 C127016011 9166640734 4996585960 19-11-19 07:18:59 18 12 16
C127008012 89541151317 4959842113 C127020021 89541151317 4959842113 19-11-19 07:17:36 127 116 16
C127006031 4952521025 4999689849 C127016012 4952521025 4999689849 19-11-19 07:19:40 5 3 16
C127006031 9169496916 4996585960 C127016013 9169496916 4996585960 19-11-19 07:20:15 38 34 16
C127006031 9162454538 4996585960 C127016014 9162454538 4996585960 19-11-19 07:22:52 22 13 16
C127006031 9152531274 4996585960 C127016015 9152531274 4996585960 19-11-19 07:23:44 25 12 16
C127009007 9168603300 4994000400 C127021025 9168603300 4994000400 19-11-19 07:19:51 286 285 16
C127006031 9857946397 4996585960 C127016018 9857946397 4996585960 19-11-19 07:24:20 53 49 16
C127001030 4954290066 4996585960 C127012007 4954290066 4996585960 19-11-19 07:25:20 4 0 21
C127006029 9152532657 4996585960 C127016020 9152532657 4996585960 19-11-19 07:25:27 2 0 21
C127006031 9169126504 4996585960 C127016019 9169126504 4996585960 19-11-19 07:25:16 20 17 16
C127002028 4954290066 4996585960 C127012008 4954290066 4996585960 19-11-19 07:25:37 7 0 21
C127001026 4955891722 4996585960 C127012009 4955891722 4996585960 19-11-19 07:25:51 3 0 21
C127003003 4954290066 4996585960 C127012010 4954290066 4996585960 19-11-19 07:25:57 2 0 21
C127006029 9152532657 4996585960 C127016021 9152532657 4996585960 19-11-19 07:25:35 28 11 16
C127002006 4954290066 4996585960 C127012011 4954290066 4996585960 19-11-19 07:26:20 22 4 16
C127001021 4954290066 4996585960 C127012012 4954290066 4996585960 19-11-19 07:27:02 7 0 21
C127006031 9152531960 4996585960 C127016022 9152531960 4996585960 19-11-19 07:26:50 19 9 16
C127000015 4954290066 4996585960 C127012013 4954290066 4996585960 19-11-19 07:27:23 32 13 16
C127010005 9251250889 4956004211 C127021026 9251250889 4956004211 19-11-19 07:27:58 6 0 16
C127016025 4959818408 10380995288597 C127004001 4959818408 10380995288597 19-11-19 07:19:27 523 503 16
C127006030 9154501606 4957274233 C127016017 9154501606 4957274233 19-11-19 07:24:06 314 312 16
C127002008 4955891722 4996585960 C127012017 4955891722 4996585960 19-11-19 07:29:18 6 0 21
C127001001 4954290066 4996585960 C127012015 4954290066 4996585960 19-11-19 07:29:09 22 3 16
C127002016 4954290066 4996585960 C127012018 4954290066 4996585960 19-11-19 07:29:43 23 3 16
C127000013 4954290066 4996585960 C127012019 4954290066 4996585960 19-11-19 07:30:17 19 3 16
C127000029 4954290066 4996585960 C127012021 4954290066 4996585960 19-11-19 07:30:48 3 0 21
C127003018 4957519885 4957274233 C127012006 4957519885 4957274233 19-11-19 07:23:32 439 439 16
C127006030 9152539718 4996585960 C127016024 9152539718 4996585960 19-11-19 07:30:48 6 0 21
C127000026 4955891722 4996585960 C127012020 4955891722 4996585960 19-11-19 07:30:39 24 5 16
C127009027 79857849823 4956004258 C127021028 79857849823 4956004258 19-11-19 07:30:35 31 0 16
C127010013 9265552909 4956004211 C127021027 9265552909 4956004211 19-11-19 07:29:51 88 76 16
C127006031 9165396489 4957274233 C127016023 9165396489 4957274233 19-11-19 07:29:22 120 114 16
C127006030 9152539718 4996585960 C127016025 9152539718 4996585960 19-11-19 07:31:09 24 5 16
C127001025 4955891722 4996585960 C127012023 4955891722 4996585960 19-11-19 07:31:41 3 0 21
C127002018 4953398844 4996585960 C127012022 4953398844 4996585960 19-11-19 07:31:39 29 11 16
C127002002 9167327072 4957274233 C127012014 9167327072 4957274233 19-11-19 07:28:05 245 243 16
C127006031 4952521025 4999689849 C127016026 4952521025 4999689849 19-11-19 07:32:39 6 3 16
C127006030 9584973544 4957274233 C127016027 9584973544 4957274233 19-11-19 07:32:42 12 7 16
C127000005 4953398844 4996585960 C127012025 4953398844 4996585960 19-11-19 07:32:53 6 0 21
C127003019 4955891722 4996585960 C127012024 4955891722 4996585960 19-11-19 07:32:46 33 30 16
C127006031 9152532625 4996585960 C127016028 9152532625 4996585960 19-11-19 07:33:14 5 0 21
C127003012 4953398844 4996585960 C127012026 4953398844 4996585960 19-11-19 07:33:27 7 0 21
C127006031 9152532625 4996585960 C127016029 9152532625 4996585960 19-11-19 07:33:26 21 14 16
C127006031 9163230405 4957274233 C127016030 9163230405 4957274233 19-11-19 07:33:50 10 7 16
C127003008 4953398844 4996585960 C127012027 4953398844 4996585960 19-11-19 07:34:08 20 13 16
C127006031 9153325850 4996585960 C127016031 9153325850 4996585960 19-11-19 07:34:29 29 10 16
C127006030 9152956607 4996585960 C127016002 9152956607 4996585960 19-11-19 07:36:07 7 0 21
C127006030 9152956607 4996585960 C127016003 9152956607 4996585960 19-11-19 07:36:20 4 0 21
C127006030 9152956607 4996585960 C127016004 9152956607 4996585960 19-11-19 07:36:31 3 0 21
C127006031 9153325850 4996585960 C127016001 9153325850 4996585960 19-11-19 07:36:03 33 13 16
C127001010 4953349565 4996585960 C127012028 4953349565 4996585960 19-11-19 07:36:46 3 0 21
C127006029 9152528581 4996585960 C127016007 9152528581 4996585960 19-11-19 07:36:49 5 0 21
C127006031 9152956607 4996585960 C127016005 9152956607 4996585960 19-11-19 07:36:44 20 15 16
C127006029 9152528581 4996585960 C127016008 9152528581 4996585960 19-11-19 07:37:03 26 15 16
C127006030 9137585529 4959842133 C127016006 9137585529 4959842133 19-11-19 07:36:47 48 0 16
C127006031 9152539291 4996585960 C127016009 9152539291 4996585960 19-11-19 07:38:16 3 0 21
C127006031 9152539291 4996585960 C127016010 9152539291 4996585960 19-11-19 07:38:25 4 0 21
C127002031 4953349565 4996585960 C127012029 4953349565 4996585960 19-11-19 07:38:07 24 9 16
C127006030 9152531735 4996585960 C127016012 9152531735 4996585960 19-11-19 07:38:48 6 0 21
C127006030 9152531735 4996585960 C127016013 9152531735 4996585960 19-11-19 07:39:01 3 0 21
C127006031 9152539291 4996585960 C127016011 9152539291 4996585960 19-11-19 07:38:36 30 15 16
C127006031 9152531735 4996585960 C127016015 9152531735 4996585960 19-11-19 07:39:12 7 0 21
C127006031 9167579169 4996585960 C127016017 9167579169 4996585960 19-11-19 07:39:22 2 0 21
C127006029 9152529298 4996585960 C127016014 9152529298 4996585960 19-11-19 07:39:04 22 3 16
C127006030 9167579169 4996585960 C127016019 9167579169 4996585960 19-11-19 07:39:31 3 0 21
C127006031 9152531735 4996585960 C127016018 9152531735 4996585960 19-11-19 07:39:27 21 14 16
C127006030 9167579169 4996585960 C127016020 9167579169 4996585960 19-11-19 07:39:48 18 11 16
C127006031 9175712827 4996585960 C127016021 9175712827 4996585960 19-11-19 07:40:33 27 17 16
C127016024 4996580100 9206673144 C127004031 4996580100 9206673144 19-11-19 07:40:48 52 0 19
C127016023 4996580100 9206673144 C127004030 4996580100 9206673144 19-11-19 07:41:43 4 0 16
C127006031 9854150188 4996585960 C127016022 9854150188 4996585960 19-11-19 07:41:52 7 0 21
C127000008 4954290066 4996585960 C127012030 4954290066 4996585960 19-11-19 07:41:45 23 12 16
C127006031 9854150188 4996585960 C127016023 9854150188 4996585960 19-11-19 07:42:08 34 17 16
C127016020 4996580100 9206673144 C127004028 4996580100 9206673144 19-11-19 07:42:18 44 0 16
C127006031 9152531430 4996585960 C127016024 9152531430 4996585960 19-11-19 07:42:56 20 3 16
C127006031 9152531430 4996585960 C127016025 9152531430 4996585960 19-11-19 07:43:23 23 3 16
C127016021 4996580100 9246913515 C127004029 4996580100 9246913515 19-11-19 07:41:53 115 97 16
C127006031 9152531430 4996585960 C127016026 9152531430 4996585960 19-11-19 07:43:52 24 12 16
C127006030 9153324058 4996585960 C127016027 9153324058 4996585960 19-11-19 07:44:15 29 17 16
C127006031 9167592124 4996585960 C127016028 9167592124 4996585960 19-11-19 07:44:48 24 15 16
C127006031 4952521025 4999689849 C127016029 4952521025 4999689849 19-11-19 07:45:40 5 2 16
C127000020 4953395767 4996585960 C127012001 4953395767 4996585960 19-11-19 07:45:47 19 12 16
C127006031 9857946359 4996585960 C127016030 9857946359 4996585960 19-11-19 07:46:09 21 14 16
C127008011 89993409529 4999689423 C127020022 89993409529 4999689423 19-11-19 07:46:41 59 58 16
C127006031 3452574658 4959818484 C127016031 3452574658 4959818484 19-11-19 07:46:43 61 57 16
C127006030 9104103363 4996585960 C127016001 9104103363 4996585960 19-11-19 07:47:43 48 35 16
C127001019 4992462631 4996585960 C127012002 4992462631 4996585960 19-11-19 07:49:01 18 14 16
C127006030 9162799602 4996585960 C127016003 9162799602 4996585960 19-11-19 07:50:43 6 0 21
C127006031 9191080107 4996585960 C127016002 9191080107 4996585960 19-11-19 07:49:57 54 42 16
C127000012 9266258058 4957274215 C127012031 9266258058 4957274215 19-11-19 07:44:20 434 432 16
C127006031 9162799602 4996585960 C127016004 9162799602 4996585960 19-11-19 07:51:11 23 15 16
C127006031 9037701767 4957396201 C127016005 9037701767 4957396201 19-11-19 07:51:55 19 17 16
C127008010 89993409529 4999689423 C127020023 89993409529 4999689423 19-11-19 07:47:53 263 259 16
C127006030 9858982096 4996585960 C127016006 9858982096 4996585960 19-11-19 07:52:03 31 11 16
C127007031 9057391187 4996585290 C127019023 9057391187 4996585290 19-11-19 07:53:29 5 0 21
