C127007031 9653327570 4957274233 C127019004 9653327570 4957274233 18-11-19 23:46:19 445 442 16
C127006031 4952521025 4999689849 C127016018 4952521025 4999689849 18-11-19 23:53:41 4 3 16
C127000027 4957531838 4957274233 C127012025 4957531838 4957274233 18-11-19 23:51:44 235 232 16
C127000011 4955103885 4957274233 C127012026 4955103885 4957274233 18-11-19 23:55:19 41 38 16
C127010023 9772715117 4994000400 C127021022 9772715117 4994000400 18-11-19 23:56:16 129 128 16
C127006031 9854435888 4957274233 C127016019 9854435888 4957274233 18-11-19 23:58:02 49 44 16
C127007031 9261480979 4995047809 C127019009 9261480979 4995047809 18-11-19 23:58:58 9 0 17
C127010019 9854102018 4994000400 C127021023 9854102018 4994000400 18-11-19 23:58:41 37 36 16
C127007031 9053102868 4959818484 C127019010 9053102868 4959818484 18-11-19 23:59:41 3 2 16
C127002001 9261480979 4957274233 C127012027 9261480979 4957274233 18-11-19 23:59:30 28 26 16
C127006031 9161583793 4957274215 C127016020 9161583793 4957274215 19-11-19 00:00:04 42 39 16
C127007031 9096871584 4957274233 C127019011 9096871584 4957274233 19-11-19 00:01:04 51 48 16
C127000004 9261480979 4957274233 C127012028 9261480979 4957274233 19-11-19 00:01:38 40 36 16
C127007030 9262601137 4999689919 C127019012 9262601137 4999689919 19-11-19 00:01:22 63 0 16
C127007031 9031440582 4957274215 C127019013 9031440582 4957274215 19-11-19 00:02:15 99 97 16
C127007030 9262601137 4999689919 C127019014 9262601137 4999689919 19-11-19 00:03:41 77 0 16
C127006031 9163433500 4957274235 C127016021 9163433500 4957274235 19-11-19 00:05:27 7 0 21
C127007029 9060673990 4957274233 C127019015 9060673990 4957274233 19-11-19 00:03:52 124 119 16
C127001015 9262182522 4957274233 C127012030 9262182522 4957274233 19-11-19 00:05:48 47 43 16
C127006029 4952521025 4999689849 C127016024 4952521025 4999689849 19-11-19 00:06:40 5 3 16
C127006030 9163433500 4957274233 C127016023 9163433500 4957274233 19-11-19 00:06:30 55 53 16
C127007031 9670127787 4957274233 C127019017 9670127787 4957274233 19-11-19 00:06:46 40 39 16
C127002005 4957531838 4957274233 C127012029 4957531838 4957274233 19-11-19 00:05:33 115 111 16
C127006031 4953630670 4957274234 C127016022 4953630670 4957274234 19-11-19 00:05:38 116 112 16
C127006029 9104725828 4957274233 C127016025 9104725828 4957274233 19-11-19 00:06:57 52 47 16
C127007031 9852717440 4999689919 C127019018 9852717440 4999689919 19-11-19 00:07:51 9 2 16
C127007031 9852717440 4999689919 C127019019 9852717440 4999689919 19-11-19 00:08:13 15 9 16
C127009007 9691727333 4994000400 C127021024 9691727333 4994000400 19-11-19 00:00:46 485 484 16
C127006031 9031064554 4957274233 C127016026 9031064554 4957274233 19-11-19 00:08:11 99 98 16
C127006030 9151013294 4957274233 C127016027 9151013294 4957274233 19-11-19 00:09:35 38 36 16
C127000009 4955644389 4957274215 C127012031 4955644389 4957274215 19-11-19 00:10:50 45 43 16
C127006031 9851228542 4957274233 C127016028 9851228542 4957274233 19-11-19 00:10:44 92 89 16
C127010005 9261371673 4956004211 C127021025 9261371673 4956004211 19-11-19 00:13:58 44 32 16
C127001029 9299156164 4957274233 C127012001 9299156164 4957274233 19-11-19 00:11:34 226 223 16
C127006031 9017795466 4957274215 C127016029 9017795466 4957274215 19-11-19 00:13:06 154 153 16
C127010013 9263344290 4956004211 C127021026 9263344290 4956004211 19-11-19 00:15:12 59 0 16
C127000003 4955650169 4957274233 C127012002 4955650169 4957274233 19-11-19 00:15:34 44 41 16
C127006030 9246913515 4996580010 C127016030 9246913515 4996580010 19-11-19 00:15:14 106 86 16
C127009027 9263344290 4956004211 C127021027 9263344290 4956004211 19-11-19 00:16:18 46 34 16
C127007031 9099066908 4957274233 C127019020 9099066908 4957274233 19-11-19 00:10:54 398 395 16
C127003001 9268606260 4957274233 C127012003 9268606260 4957274233 19-11-19 00:17:33 29 25 16
C127006031 4952521025 4999689849 C127016031 4952521025 4999689849 19-11-19 00:19:40 4 3 16
C127006031 9255180217 4957274233 C127016001 9255180217 4957274233 19-11-19 00:20:03 46 42 16
C127006030 9856690142 4957274242 C127016002 9856690142 4957274242 19-11-19 00:20:32 69 64 16
C127007031 9031988827 4957274233 C127019021 9031988827 4957274233 19-11-19 00:21:58 40 36 16
C127001011 4957942563 4957274233 C127012005 4957942563 4957274233 19-11-19 00:20:08 191 187 16
C127009019 9999041312 4994009901 C127021030 9999041312 4994009901 19-11-19 00:23:06 38 37 16
C127010029 9169614210 4994000400 C127021028 9169614210 4994000400 19-11-19 00:19:41 248 247 16
C127009003 9167710222 4994000400 C127021029 9167710222 4994000400 19-11-19 00:22:06 195 194 16
C127007031 9031988827 4957274233 C127019022 9031988827 4957274233 19-11-19 00:23:35 166 164 16
C127010027 9998394935 4994000400 C127021031 9998394935 4994000400 19-11-19 00:26:50 33 31 16
C127003025 9295544832 4957274233 C127012006 9295544832 4957274233 19-11-19 00:26:38 47 43 16
C127006031 9779851184 4999689423 C127016003 9779851184 4999689423 19-11-19 00:31:28 54 50 16
C127006030 4952521025 4999689849 C127016005 4952521025 4999689849 19-11-19 00:32:40 5 3 16
C127006031 9779851184 4999689423 C127016004 9779851184 4999689423 19-11-19 00:32:28 101 97 16
C127010031 9175795761 4994009901 C127021003 9175795761 4994009901 19-11-19 00:34:48 40 36 16
C127009017 9267294667 4956004211 C127021002 9267294667 4956004211 19-11-19 00:34:40 53 44 16
C127010011 4991953448 4994000400 C127021001 4991953448 4994000400 19-11-19 00:29:11 388 387 16
C127000017 4959301242 4957274233 C127012007 4959301242 4957274233 19-11-19 00:29:30 370 368 16
C127016029 4996580000 9330003993 C127004005 4996580000 9330003993 19-11-19 00:36:43 28 21 16
C127001006 9295121522 4957274233 C127012008 9295121522 4957274233 19-11-19 00:36:46 84 83 16
C127003011 4953352623 4957274233 C127012004 4953352623 4957274233 19-11-19 00:19:32 1161 1156 16
C127016028 4959818408 9644578826 C127004004 4959818408 9644578826 19-11-19 00:38:33 23 0 16
C127002017 4953352623 4957274233 C127012009 4953352623 4957274233 19-11-19 00:40:16 49 48 16
C127007030 9031988827 4957274233 C127019024 9031988827 4957274233 19-11-19 00:41:54 1 0 16
C127010025 9263351654 4994000400 C127021004 9263351654 4994000400 19-11-19 00:42:15 41 39 16
C127007030 9253814544 4957274202 C127019025 9253814544 4957274202 19-11-19 00:42:37 63 58 16
C127006030 4952521025 4999689849 C127016007 4952521025 4999689849 19-11-19 00:45:41 4 3 16
C127009013 9166525567 4994000400 C127021005 9166525567 4994000400 19-11-19 00:46:43 132 128 16
C127006030 9853360000 4957274233 C127016008 9853360000 4957274233 19-11-19 00:48:20 211 209 16
