C127006031 4952521025 4999689849 C127016006 4952521025 4999689849 18-11-19 19:53:41 4 3 16
C127021030 4995047867 9167532346 C127009030 4995047867 9167532346 18-11-19 19:53:08 38 26 16
C127006027 9167584638 4996585960 C127016005 9167584638 4996585960 18-11-19 19:53:29 19 11 16
C127006028 9652120473 4957863655 C127016003 9652120473 4957863655 18-11-19 19:52:55 71 68 16
C127006026 9160954514 4996585960 C127016009 9160954514 4996585960 18-11-19 19:54:01 6 0 21
C127006025 9169269721 4996585960 C127016010 9169269721 4996585960 18-11-19 19:54:04 5 0 21
C127001029 4953154397 4996580058 C127012010 4953154397 4996580058 18-11-19 19:53:36 36 35 16
C127006028 4996813569 4996580471 C127016012 4996813569 4996580471 18-11-19 19:54:10 4 0 21
C127010029 9269035177 4994000400 C127021020 9269035177 4994000400 18-11-19 19:31:43 1352 1351 16
C127006027 9152528797 4996585960 C127016008 9152528797 4996585960 18-11-19 19:53:52 25 11 16
C127007028 4996813569 4996580471 C127019029 4996813569 4996580471 18-11-19 19:54:16 3 0 21
C127006027 9169269721 4996585960 C127016014 9169269721 4996585960 18-11-19 19:54:26 3 0 21
C127021028 4957863648 9253695808 C127009028 4957863648 9253695808 18-11-19 19:53:38 55 43 16
C127016011 4996580016 8007000611 C127004015 4996580016 8007000611 18-11-19 19:53:18 76 72 16
C127007031 9169013473 4999689531 C127019025 9169013473 4999689531 18-11-19 19:49:37 304 299 16
C127006028 9175712447 4996585960 C127016013 9175712447 4996585960 18-11-19 19:54:21 21 12 16
C127010025 9168718262 4994000400 C127021001 9168718262 4994000400 18-11-19 19:43:56 647 646 16
C127006029 9779041207 4957274233 C127016030 9779041207 4957274233 18-11-19 19:50:47 236 231 16
C127006027 9169269721 4996585960 C127016015 9169269721 4996585960 18-11-19 19:54:36 8 0 21
C127006031 9265223653 4957863678 C127016007 9265223653 4957863678 18-11-19 19:53:51 59 53 16
C127006030 9265399649 4957863655 C127016002 9265399649 4957863655 18-11-19 19:52:30 151 149 16
C127006029 9163528491 4996585960 C127016018 9163528491 4996585960 18-11-19 19:54:57 4 0 21
C127002021 4953154397 4996580058 C127012011 4953154397 4996580058 18-11-19 19:54:33 30 26 16
C127016010 4995041578 9115944700 C127004014 4995041578 9115944700 18-11-19 19:54:48 20 0 16
C127006031 9169269721 4996585960 C127016017 9169269721 4996585960 18-11-19 19:54:52 18 11 16
C127007030 9652616775 4999689526 C127019021 9652616775 4999689526 18-11-19 19:45:13 609 605 16
C127006028 9265223653 4957863678 C127016019 9265223653 4957863678 18-11-19 19:54:58 26 17 16
C127010015 9265440227 4956004213 C127021006 9265440227 4956004213 18-11-19 19:53:50 96 91 16
C127007031 9261104415 4996584575 C127019031 9261104415 4996584575 18-11-19 19:55:24 5 0 21
C127006030 9152539403 4996585960 C127016020 9152539403 4996585960 18-11-19 19:55:09 22 12 16
C127007029 78007000611 4996580016 C127019028 78007000611 4996580016 18-11-19 19:53:44 108 29 16
C127009013 9772715117 4994000400 C127021009 9772715117 4994000400 18-11-19 19:55:15 23 21 16
C127001010 4954234855 4957274233 C127012005 4954234855 4957274233 18-11-19 19:49:01 404 403 16
C127000022 4991292759 4996585960 C127012012 4991292759 4996585960 18-11-19 19:55:32 18 12 16
C127021030 4995044069 9037471355 C127009030 4995044069 9037471355 18-11-19 19:55:17 36 25 16
C127006029 9857946361 4996585960 C127016023 9857946361 4996585960 18-11-19 19:56:01 8 0 21
C127009003 9057482568 4956004211 C127021007 9057482568 4956004211 18-11-19 19:54:46 89 80 16
C127006030 9163528491 4996585960 C127016022 9163528491 4996585960 18-11-19 19:55:48 29 10 16
C127006029 9160954514 4996585960 C127016025 9160954514 4996585960 18-11-19 19:56:35 4 0 21
C127006030 9857946361 4996585960 C127016024 9857946361 4996585960 18-11-19 19:56:20 21 12 16
C127006030 9160954514 4996585960 C127016027 9160954514 4996585960 18-11-19 19:56:44 16 10 16
C127006029 9161339141 4999689531 C127016026 9161339141 4999689531 18-11-19 19:56:42 27 27 16
C127021030 4957396201 9152134959 C127009030 4957396201 9152134959 18-11-19 19:56:46 40 23 16
C127000002 4991287752 4996585960 C127012013 4991287752 4996585960 18-11-19 19:57:27 24 10 16
C127021031 4957869734 4958406238 C127009031 4957869734 4958406238 18-11-19 19:49:14 548 538 16
C127008027 84996812898 4959818484 C127020009 84996812898 4959818484 18-11-19 19:58:22 10 5 16
C127010021 4954224546 4994000400 C127021005 4954224546 4994000400 18-11-19 19:51:46 407 404 16
C127007031 9164294412 4999689178 C127019001 9164294412 4999689178 18-11-19 19:57:50 47 41 16
C127021031 4957274256 9255984101 C127009031 4957274256 9255984101 18-11-19 19:58:38 18 8 16
C127006030 9152539718 4996585960 C127016028 9152539718 4996585960 18-11-19 19:59:09 13 7 16
C127007028 9153110504 4999689531 C127019030 9153110504 4999689531 18-11-19 19:54:32 313 312 16
C127006030 9104121423 4996585960 C127016029 9104121423 4996585960 18-11-19 19:59:23 22 10 16
C127021030 4995047865 9998309430 C127009030 4995047865 9998309430 18-11-19 19:58:43 95 80 16
C127021031 4995047861 9166558681 C127009031 4995047861 9166558681 18-11-19 20:00:38 10 0 16
C127006030 9168000513 4996585960 C127016030 9168000513 4996585960 18-11-19 20:00:37 19 12 16
C127002005 4959533994 4996585960 C127012014 4959533994 4996585960 18-11-19 20:00:55 4 0 21
C127016009 4995047865 9034889107 C127004013 4995047865 9034889107 18-11-19 20:01:08 13 0 31
C127006028 9150923570 4996585960 C127016002 9150923570 4996585960 18-11-19 20:01:29 5 0 21
C127001014 4959532894 4996585960 C127012015 4959532894 4996585960 18-11-19 20:01:34 5 0 21
C127006029 9152528872 4996585960 C127016001 9152528872 4996585960 18-11-19 20:01:27 15 10 16
C127003025 4958703063 4996585960 C127012017 4958703063 4996585960 18-11-19 20:01:38 6 0 21
C127003021 4958703063 4996585960 C127012018 4958703063 4996585960 18-11-19 20:01:55 4 0 21
C127007030 9055255633 4996582558 C127019003 9055255633 4996582558 18-11-19 20:01:42 27 13 16
C127006029 9150923570 4996585960 C127016003 9150923570 4996585960 18-11-19 20:01:46 24 11 16
C127000014 4959533994 4996585960 C127012020 4959533994 4996585960 18-11-19 20:02:21 8 0 21
C127003009 4958703063 4996585960 C127012019 4958703063 4996585960 18-11-19 20:02:10 21 12 16
C127006028 9154912962 4996585960 C127016005 9154912962 4996585960 18-11-19 20:02:44 3 0 21
C127000011 4954256192 4996585960 C127012021 4954256192 4996585960 18-11-19 20:02:45 4 0 21
C127006028 9154912962 4996585960 C127016006 9154912962 4996585960 18-11-19 20:02:52 5 0 21
C127021031 4995044060 9269151716 C127009031 4995044060 9269151716 18-11-19 20:01:36 86 0 16
C127006029 4999516865 4996585960 C127016004 4999516865 4996585960 18-11-19 20:02:42 21 11 16
C127003011 4954258000 4996585960 C127012022 4954258000 4996585960 18-11-19 20:03:01 3 0 21
C127006028 9154912962 4996585960 C127016007 9154912962 4996585960 18-11-19 20:03:01 3 0 21
C127006029 9154912962 4996585960 C127016008 9154912962 4996585960 18-11-19 20:03:08 3 0 16
C127001015 4954258101 4996585960 C127012024 4954258101 4996585960 18-11-19 20:03:15 3 0 21
C127006029 9154912962 4996585960 C127016009 9154912962 4996585960 18-11-19 20:03:16 3 0 21
C127021029 4995047882 9032326767 C127009029 4995047882 9032326767 18-11-19 19:50:58 743 722 16
C127006029 9154912962 4996585960 C127016010 9154912962 4996585960 18-11-19 20:03:23 6 0 21
C127000004 4959532894 4996585960 C127012023 4959532894 4996585960 18-11-19 20:03:02 28 8 16
C127006029 9154912962 4996585960 C127016011 9154912962 4996585960 18-11-19 20:03:35 4 0 21
C127016008 4957390933 9688275122 C127004012 4957390933 9688275122 18-11-19 20:03:13 27 0 41
C127002001 4954258192 4996585960 C127012025 4954258192 4996585960 18-11-19 20:03:30 15 11 16
C127008021 84996813615 4959818484 C127020010 84996813615 4959818484 18-11-19 20:03:38 9 5 16
C127016007 4957390933 9688275122 C127004011 4957390933 9688275122 18-11-19 20:03:43 7 0 16
C127003001 4959533994 4996585960 C127012026 4959533994 4996585960 18-11-19 20:03:56 3 0 21
C127006029 9154912962 4996585960 C127016012 9154912962 4996585960 18-11-19 20:03:45 19 11 16
C127016006 4957390933 9688275122 C127004010 4957390933 9688275122 18-11-19 20:04:13 20 1 16
C127006031 9857611017 4957274233 C127016021 9857611017 4957274233 18-11-19 19:55:19 555 552 16
C127021028 4957396201 9151791578 C127009028 4957396201 9151791578 18-11-19 20:04:28 22 0 16
C127003023 4959532894 4996585960 C127012027 4959532894 4996585960 18-11-19 20:04:38 16 10 16
C127006029 4997090213 4996580000 C127016013 4997090213 4996580000 18-11-19 20:04:28 68 64 16
C127006031 9152531580 4996585960 C127016014 9152531580 4996585960 18-11-19 20:05:44 20 10 16
C127006031 4952521025 4999689849 C127016015 4952521025 4999689849 18-11-19 20:06:40 4 2 16
C127020021 4999689090 102 C127008024 4999689090 102 18-11-19 20:06:32 13 4 16
C127009001 9990043952 4956004213 C127021014 9990043952 4956004213 18-11-19 20:05:59 58 48 16
C127007031 9099908933 4995044065 C127019002 9099908933 4995044065 18-11-19 20:00:30 389 387 16
C127002013 4991580392 4957863655 C127012028 4991580392 4957863655 18-11-19 20:04:39 143 140 16
C127006031 9162799602 4996585960 C127016017 9162799602 4996585960 18-11-19 20:06:57 21 9 16
C127021029 4957274200 9854890240 C127009029 4957274200 9854890240 18-11-19 20:04:26 210 193 16
C127007030 9269353093 4996580090 C127019004 9269353093 4996580090 18-11-19 20:04:27 211 200 16
C127007030 79092287907 4996588565 C127019006 79092287907 4996588565 18-11-19 20:08:43 6 0 21
C127008024 81079263229437 4959842187 C127020011 81079263229437 4959842187 18-11-19 20:08:47 8 3 16
C127009023 9772715117 4994000400 C127021010 9772715117 4994000400 18-11-19 19:58:48 627 623 16
C127006031 9160411111 4957274233 C127016018 9160411111 4957274233 18-11-19 20:07:50 92 90 16
C127007031 9672787470 4996580000 C127019005 9672787470 4996580000 18-11-19 20:08:28 72 68 16
C127016005 4999689078 9099898782 C127004009 4999689078 9099898782 18-11-19 20:09:33 26 6 16
C127021028 4957274233 9162241895 C127009028 4957274233 9162241895 18-11-19 20:10:03 3 0 16
C127006028 9104103365 4996585960 C127016021 9104103365 4996585960 18-11-19 20:10:44 5 0 21
C127006028 9167579195 4996585960 C127016022 9167579195 4996585960 18-11-19 20:10:50 4 0 21
C127006029 9152536769 4996585960 C127016020 9152536769 4996585960 18-11-19 20:10:37 19 12 16
C127006027 9104103365 4996585960 C127016023 9104103365 4996585960 18-11-19 20:10:54 5 0 21
C127006028 9104103365 4996585960 C127016025 9104103365 4996585960 18-11-19 20:11:05 4 0 21
C127006028 9104103365 4996585960 C127016026 9104103365 4996585960 18-11-19 20:11:15 4 0 21
C127006029 9167579195 4996585960 C127016024 9167579195 4996585960 18-11-19 20:11:02 17 12 16
C127006029 9104103365 4996585960 C127016027 9104103365 4996585960 18-11-19 20:11:25 12 9 16
C127021031 4995047839 9269151716 C127009031 4995047839 9269151716 18-11-19 20:03:37 494 482 16
C127021030 4995047889 9776146648 C127009030 4995047889 9776146648 18-11-19 20:02:58 543 533 16
C127016004 4996580000 9672787470 C127004008 4996580000 9672787470 18-11-19 20:11:38 26 20 16
C127010003 9251250889 4956004211 C127021017 9251250889 4956004211 18-11-19 20:11:38 56 49 16
C127006029 9161909100 4957274256 C127016028 9161909100 4957274256 18-11-19 20:11:59 36 14 16
C127006029 9152531274 4996585960 C127016029 9152531274 4996585960 18-11-19 20:12:56 8 0 21
C127021029 4957274242 9175773934 C127009029 4957274242 9175773934 18-11-19 20:08:18 288 272 16
C127001011 4997237381 4996585960 C127012030 4997237381 4996585960 18-11-19 20:12:46 22 10 16
C127009007 9165053520 4994000400 C127021013 9165053520 4994000400 18-11-19 20:05:53 448 444 16
C127006029 9152531274 4996585960 C127016030 9152531274 4996585960 18-11-19 20:13:12 22 9 16
C127010023 9773274853 4994000400 C127021012 9773274853 4994000400 18-11-19 20:00:36 786 784 16
C127006031 9151907889 4957274233 C127016019 9151907889 4957274233 18-11-19 20:10:29 198 195 16
C127007031 9643405540 4995000040 C127019007 9643405540 4995000040 18-11-19 20:13:44 5 0 21
C127021030 4995047899 9153609691 C127009030 4995047899 9153609691 18-11-19 20:13:53 10 0 16
C127021031 4957396201 9055990939 C127009031 4957396201 9055990939 18-11-19 20:13:43 32 24 16
C127021031 4957869735 9153609691 C127009031 4957869735 9153609691 18-11-19 20:14:23 36 27 16
C127006029 9169137553 4996585960 C127016002 9169137553 4996585960 18-11-19 20:14:51 13 9 16
C127000017 4953366644 4996585960 C127012031 4953366644 4996585960 18-11-19 20:15:03 23 4 16
C127016003 4957390933 9099866442 C127004007 4957390933 9099866442 18-11-19 20:14:52 48 0 16
C127006031 9295430807 4957396201 C127016001 9295430807 4957396201 18-11-19 20:14:44 62 61 16
C127001006 4953366644 4996585960 C127012001 4953366644 4996585960 18-11-19 20:15:31 22 10 16
C127007031 9165912181 4999689078 C127019008 9165912181 4999689078 18-11-19 20:13:55 122 112 16
C127000019 4954512741 4957863669 C127012002 4954512741 4957863669 18-11-19 20:16:17 6 0 21
C127007029 9251311620 4996585960 C127019011 9251311620 4996585960 18-11-19 20:16:20 24 9 16
C127010009 9262425505 4994000400 C127021008 9262425505 4994000400 18-11-19 19:54:47 1318 1315 16
C127016002 4995047850 4957947944 C127004006 4995047850 4957947944 18-11-19 20:16:29 35 15 16
C127012031 4999675945 4992463100 C127000031 4999675945 4992463100 18-11-19 20:16:44 38 32 16
C127006031 9268877622 4957863655 C127016003 9268877622 4957863655 18-11-19 20:15:48 103 100 16
C127009005 9031306303 4995599881 C127021019 9031306303 4995599881 18-11-19 20:17:22 35 24 16
C127006028 9600708759 4957396201 C127016005 9600708759 4957396201 18-11-19 20:16:01 125 119 16
C127021030 4957869735 9067947944 C127009030 4957869735 9067947944 18-11-19 20:17:23 54 32 16
C127021031 4957396201 9151791578 C127009031 4957396201 9151791578 18-11-19 20:15:33 171 156 16
C127006031 9175712827 4996585960 C127016008 9175712827 4996585960 18-11-19 20:18:41 20 9 16
C127006028 4952521025 4999689849 C127016010 4952521025 4999689849 18-11-19 20:19:40 4 2 16
C127016001 4996580000 9169914616 C127004005 4996580000 9169914616 18-11-19 20:19:13 40 30 16
C127016030 4957390933 9165490596 C127004004 4957390933 9165490596 18-11-19 20:19:23 44 0 16
C127009021 9003333909 4994000400 C127021015 9003333909 4994000400 18-11-19 20:07:53 740 736 16
C127016029 4996580000 9688651191 C127004003 4996580000 9688651191 18-11-19 20:20:03 16 6 16
C127002017 4954204389 4957274233 C127012029 4954204389 4957274233 18-11-19 20:11:31 535 534 16
C127012031 4959818484 4997297013 C127000031 4959818484 4997297013 18-11-19 20:19:59 41 21 16
C127010011 9031306303 4995599881 C127021022 9031306303 4995599881 18-11-19 20:20:26 18 13 16
C127006030 9163502233 4957274233 C127016031 9163502233 4957274233 18-11-19 20:01:19 1182 1179 16
C127006028 9152529298 4996585960 C127016012 9152529298 4996585960 18-11-19 20:21:28 19 12 16
C127007030 9260756040 4995044065 C127019009 9260756040 4995044065 18-11-19 20:14:44 430 427 16
C127006031 9035314488 4957863655 C127016009 9035314488 4957863655 18-11-19 20:19:30 149 147 16
C127009015 9031037206 4994000400 C127021011 9031037206 4994000400 18-11-19 20:00:14 1315 1312 16
C127006028 9175712493 4996585960 C127016014 9175712493 4996585960 18-11-19 20:21:59 17 11 16
C127006030 9652739000 4957863655 C127016011 9652739000 4957863655 18-11-19 20:21:22 78 72 16
C127007030 9643405504 4996588123 C127019012 9643405504 4996588123 18-11-19 20:22:59 5 0 21
C127006026 9772584130 4957274229 C127016007 9772584130 4957274229 18-11-19 20:17:27 350 345 16
C127012031 4959818532 4999519503 C127000031 4959818532 4999519503 18-11-19 20:22:34 63 61 16
C127008028 89152606606 4959818532 C127020012 89152606606 4959818532 18-11-19 20:22:23 75 62 16
C127006031 9857946397 4996585960 C127016015 9857946397 4996585960 18-11-19 20:23:50 24 11 16
C127021029 4957274233 9060892794 C127009029 4957274233 9060892794 18-11-19 20:24:28 3 0 17
C127007030 9168830517 4999689090 C127019013 9168830517 4999689090 18-11-19 20:24:22 16 0 16
C127021031 4957863688 9169376784 C127009031 4957863688 9169376784 18-11-19 20:23:28 71 46 16
C127007031 9099908933 4995044065 C127019010 9099908933 4995044065 18-11-19 20:16:13 513 509 16
C127006025 9296211777 4957863655 C127016013 9296211777 4957863655 18-11-19 20:21:47 199 193 16
C127001013 4992656244 4957863655 C127012004 4992656244 4957863655 18-11-19 20:23:35 107 105 16
C127008017 84996813169 4959818484 C127020013 84996813169 4959818484 18-11-19 20:25:22 11 6 16
C127012030 4957302850 4959813969 C127000030 4957302850 4959813969 18-11-19 20:25:59 0 0 102
C127012031 4996582585 4957794266 C127000031 4996582585 4957794266 18-11-19 20:24:44 93 77 16
C127021030 4995043143 9060892794 C127009030 4995043143 9060892794 18-11-19 20:24:03 142 112 16
C127010001 9261014885 4994009901 C127021021 9261014885 4994009901 18-11-19 20:19:40 436 435 16
C127016028 4999675945 9160066340 C127004002 4999675945 9160066340 18-11-19 20:21:08 357 354 16
C127006027 9168291643 4957274233 C127016006 9168291643 4957274233 18-11-19 20:16:07 688 683 16
C127016027 4996580090 9269353093 C127004001 4996580090 9269353093 18-11-19 20:23:33 269 257 16
C127000028 4954512741 4957863669 C127012005 4954512741 4957863669 18-11-19 20:28:08 6 0 21
C127006029 9850962117 4957274233 C127016004 9850962117 4957274233 18-11-19 20:15:49 749 746 16
C127006031 4996813561 4996580471 C127016017 4996813561 4996580471 18-11-19 20:28:58 6 0 21
C127007031 4996813561 4996580471 C127019014 4996813561 4996580471 18-11-19 20:29:06 2 0 21
C127006031 9169127885 4996585960 C127016018 9169127885 4996585960 18-11-19 20:29:06 13 10 16
C127010019 9162809957 4995599909 C127021023 9162809957 4995599909 18-11-19 20:29:06 35 0 16
C127006031 9152531430 4996585960 C127016019 9152531430 4996585960 18-11-19 20:30:07 22 12 16
C127016025 4957390933 9255148552 C127004030 4957390933 9255148552 18-11-19 20:29:53 41 28 16
C127007030 9260756040 4995044065 C127019017 9260756040 4995044065 18-11-19 20:30:27 13 8 16
C127007030 9166854329 4999689178 C127019018 9166854329 4999689178 18-11-19 20:31:04 31 21 16
C127003020 4955891722 4996585960 C127012006 4955891722 4996585960 18-11-19 20:31:54 15 9 16
C127010007 9162809957 4995599910 C127021024 9162809957 4995599910 18-11-19 20:29:52 145 140 16
C127010027 9859793904 4994000400 C127021020 9859793904 4994000400 18-11-19 20:18:50 824 822 41
C127006031 4952521025 4999689849 C127016020 4952521025 4999689849 18-11-19 20:32:40 4 2 16
C127010005 9267584588 4994009938 C127021018 9267584588 4994009938 18-11-19 20:15:19 1057 1054 16
C127021030 4995047831 9151816108 C127009030 4995047831 9151816108 18-11-19 20:32:53 13 0 17
C127003015 4991286665 4996585960 C127012007 4991286665 4996585960 18-11-19 20:33:30 17 11 16
C127008015 84996813535 4959818484 C127020014 84996813535 4959818484 18-11-19 20:34:26 7 6 16
C127021029 4957396201 9096214443 C127009029 4957396201 9096214443 18-11-19 20:34:43 22 0 16
C127010031 9852316640 4952874032 C127021026 9852316640 4952874032 18-11-19 20:35:27 2 0 16
C127007030 9600550566 4957274215 C127019019 9600550566 4957274215 18-11-19 20:33:56 126 125 16
C127007031 9055425422 4957274233 C127019015 9055425422 4957274233 18-11-19 20:29:39 414 411 16
C127021029 4957396201 9037499255 C127009029 4957396201 9037499255 18-11-19 20:35:18 77 59 16
C127021030 4959818416 4997538888 C127009030 4959818416 4997538888 18-11-19 20:34:23 156 155 16
C127006029 9660911889 4957863655 C127016023 9660911889 4957863655 18-11-19 20:35:00 159 157 16
C127009019 9060693059 4959700123 C127021027 9060693059 4959700123 18-11-19 20:37:40 4 0 21
C127016024 4996580000 9624011656 C127004029 4996580000 9624011656 18-11-19 20:35:28 143 132 16
C127006031 9857744496 4957274233 C127016021 9857744496 4957274233 18-11-19 20:32:53 299 295 16
C127001020 4991321607 4957274233 C127012003 4991321607 4957274233 18-11-19 20:19:07 1184 1183 16
C127003017 4953348189 4996585960 C127012009 4953348189 4996585960 18-11-19 20:39:24 22 13 16
C127007029 9652892867 4996580045 C127019020 9652892867 4996580045 18-11-19 20:34:45 306 295 16
C127021031 4957835785 9296719099 C127009031 4957835785 9296719099 18-11-19 20:27:13 769 762 16
C127006029 9160247123 4995044065 C127016025 9160247123 4995044065 18-11-19 20:37:47 180 175 16
C127016021 4952329635 104989350651413 C127004027 4952329635 104989350651413 18-11-19 20:40:12 51 33 16
C127021031 4957274256 9999949488 C127009031 4957274256 9999949488 18-11-19 20:41:08 44 30 16
C127006031 9150743227 4996585960 C127016027 9150743227 4996585960 18-11-19 20:41:51 15 11 16
C127009011 9777992858 4995599881 C127021029 9777992858 4995599881 18-11-19 20:41:55 41 32 16
C127006031 9152528544 4996585960 C127016028 9152528544 4996585960 18-11-19 20:42:41 9 0 31
C127021031 4995047875 9629634575 C127009031 4995047875 9629634575 18-11-19 20:41:58 56 29 16
C127006029 9152528544 4996585960 C127016030 9152528544 4996585960 18-11-19 20:43:06 24 10 16
C127007031 9643406956 4996585577 C127019021 9643406956 4996585577 18-11-19 20:43:27 10 0 28
C127009027 9152728700 4994000400 C127021028 9152728700 4994000400 18-11-19 20:41:00 186 184 16
C127007031 9643468250 4996582508 C127019022 9643468250 4996582508 18-11-19 20:44:10 4 0 21
C127021030 4995047876 9260785380 C127009030 4995047876 9260785380 18-11-19 20:42:23 132 121 16
C127006029 9859124492 4996585960 C127016031 9859124492 4996585960 18-11-19 20:44:17 21 10 16
C127021029 4957863688 9037263854 C127009031 4957863688 9037263854 18-11-19 20:44:13 25 0 16
C127010013 9175404244 4994000400 C127021031 9175404244 4994000400 18-11-19 20:43:17 106 101 16
C127009025 9261174787 4994000400 C127021002 9261174787 4994000400 18-11-19 20:45:04 25 23 16
C127006027 4952521025 4999689849 C127016003 4952521025 4999689849 18-11-19 20:45:41 3 2 16
C127021031 4995599910 9261562005 C127009031 4995599910 9261562005 18-11-19 20:45:18 36 24 16
C127006030 9854112692 4957274233 C127016022 9854112692 4957274233 18-11-19 20:34:47 668 663 16
C127010017 9258334011 4956004213 C127021001 9258334011 4956004213 18-11-19 20:43:35 152 144 16
C127006028 9851246368 4957863655 C127016001 9851246368 4957863655 18-11-19 20:44:21 114 108 16
C127021030 4957869736 9067777312 C127009030 4957869736 9067777312 18-11-19 20:45:53 26 0 18
C127021031 4957869736 9067777312 C127009031 4957869736 9067777312 18-11-19 20:46:23 6 0 16
C127006030 9175712171 4996585960 C127016004 9175712171 4996585960 18-11-19 20:46:15 19 15 16
C127010029 9031306303 4995599881 C127021004 9031306303 4995599881 18-11-19 20:46:25 12 8 16
C127010025 9690872503 4956004210 C127021005 9690872503 4956004210 18-11-19 20:46:44 2 0 21
C127002015 9998257270 4957274233 C127012010 9998257270 4957274233 18-11-19 20:46:44 5 2 16
C127009009 9661736955 4994000400 C127021003 9661736955 4994000400 18-11-19 20:45:06 144 143 16
C127009017 9994547232 4994000400 C127021025 9994547232 4994000400 18-11-19 20:34:02 811 806 16
C127021031 4957274256 9257471122 C127009031 4957274256 9257471122 18-11-19 20:47:13 24 9 16
C127007031 9066671111 4996582558 C127019023 9066671111 4996582558 18-11-19 20:47:56 51 32 16
C127006028 9203156131 4996580300 C127016006 9203156131 4996580300 18-11-19 20:48:22 38 0 18
C127016023 4999675945 9160066340 C127004028 4999675945 9160066340 18-11-19 20:39:58 549 541 16
C127021030 4957390931 9154576930 C127009030 4957390931 9154576930 18-11-19 20:48:43 61 49 16
C127006030 9775415584 4957274215 C127016005 9775415584 4957274215 18-11-19 20:47:07 158 157 16
C127016018 4957390933 4957397697 C127004024 4957390933 4957397697 18-11-19 20:48:29 95 67 16
C127006029 9163391665 4957274215 C127016002 9163391665 4957274215 18-11-19 20:45:00 317 315 16
C127016019 4999689058 4959885187 C127004025 4999689058 4959885187 18-11-19 20:48:14 141 131 16
C127016017 4996580000 9104262406 C127004023 4996580000 9104262406 18-11-19 20:48:58 120 111 16
C127002024 9995825897 4957274233 C127012011 9995825897 4957274233 18-11-19 20:48:58 133 129 16
C127021028 4995047864 9162241895 C127009028 4995047864 9162241895 18-11-19 20:50:38 45 29 16
C127016015 4957390933 9153873036 C127004022 4957390933 9153873036 18-11-19 20:51:13 28 12 16
C127021029 4999689933 9032239181 C127009029 4999689933 9032239181 18-11-19 20:50:18 91 81 16
C127021030 4999689933 9646310133 C127009030 4999689933 9646310133 18-11-19 20:49:58 111 102 16
C127016020 4952329635 10491707068124 C127004026 4952329635 10491707068124 18-11-19 20:41:37 620 588 16
C127006028 9165444072 4957274233 C127016007 9165444072 4957274233 18-11-19 20:49:23 211 207 16
C127016014 4996580000 9037594902 C127004021 4996580000 9037594902 18-11-19 20:52:03 69 58 16
