C127008031 89263533515 4959818484 C127020002 89263533515 4959818484 18-11-19 17:46:02 45 40 16
C127021029 4956004240 4957254383 C127009029 4956004240 4957254383 18-11-19 17:46:08 46 43 16
C127020027 4957302850 84992669898 C127008030 4957302850 84992669898 18-11-19 17:46:39 17 14 16
C127002024 4954835989 4957396201 C127012014 4954835989 4957396201 18-11-19 17:43:04 239 236 16
C127021026 4957396201 9039777715 C127009027 4957396201 9039777715 18-11-19 17:46:37 31 0 16
C127007030 9637167876 4959883333 C127019029 9637167876 4959883333 18-11-19 17:47:22 3 0 21
C127007029 9692844308 4996584575 C127019030 9692844308 4996584575 18-11-19 17:47:25 2 0 21
C127016030 4959818424 9688900001 C127004017 4959818424 9688900001 18-11-19 17:47:26 4 0 16
C127007030 9637167876 4959883333 C127019031 9637167876 4959883333 18-11-19 17:47:27 4 0 21
C127016028 4995000049 4742424881 C127004014 4995000049 4742424881 18-11-19 17:47:30 2 0 16
C127007029 9261104415 4996584575 C127019001 9261104415 4996584575 18-11-19 17:47:29 5 0 21
C127008030 89017496095 4959883333 C127020003 89017496095 4959883333 18-11-19 17:47:32 7 0 21
C127021030 4999689455 9296743811 C127009030 4999689455 9296743811 18-11-19 17:45:33 126 110 16
C127021028 4959842180 9264472773 C127009028 4959842180 9264472773 18-11-19 17:49:18 78 37 16
C127021027 4996580016 9636669663 C127009027 4996580016 9636669663 18-11-19 17:50:46 7 0 16
C127006022 9101622727 4957274233 C127016019 9101622727 4957274233 18-11-19 17:28:52 1327 1325 16
C127009021 9096820564 4995599991 C127021004 9096820564 4995599991 18-11-19 17:50:41 25 22 16
C127016015 4952329635 4952342764 C127004007 4952329635 4952342764 18-11-19 17:49:44 84 77 16
C127021028 4999689933 9671700102 C127009028 4999689933 9671700102 18-11-19 17:50:43 26 0 18
C127021028 4957274233 9860004960 C127009028 4957274233 9860004960 18-11-19 17:51:12 1 0 16
C127007027 9250896222 4999689933 C127019013 9250896222 4999689933 18-11-19 17:51:04 15 12 16
C127003018 4997402685 4957274233 C127012018 4997402685 4957274233 18-11-19 17:48:00 199 197 16
C127021028 4957274233 9860004960 C127009028 4957274233 9860004960 18-11-19 17:51:25 1 0 16
