C127007028 9168360335 4999689090 C127019010 9168360335 4999689090 18-11-19 17:41:28 32 14 16
C127016004 4959830918 8005555777 C127004011 4959830918 8005555777 18-11-19 16:32:15 4195 4193 16
C127016013 4995000049 4992700962 C127004030 4995000049 4992700962 18-11-19 17:40:44 92 91 16
C127006027 9161339571 4959818484 C127016023 9161339571 4959818484 18-11-19 17:36:09 368 366 16
C127006028 4996813695 4996580471 C127016009 4996813695 4996580471 18-11-19 17:42:12 7 0 21
C127016014 4999689423 4957907277 C127004015 4999689423 4957907277 18-11-19 17:35:54 387 386 16
C127007028 4996813695 4996580471 C127019013 4996813695 4996580471 18-11-19 17:42:21 3 0 21
C127007030 9168600527 4999689123 C127019009 9168600527 4999689123 18-11-19 17:40:52 98 83 16
C127007029 9772708638 4959818484 C127019011 9772708638 4959818484 18-11-19 17:41:52 45 41 16
C127006028 4996812863 4996587845 C127016010 4996812863 4996587845 18-11-19 17:42:38 5 0 21
C127016011 4999689423 9154504542 C127004027 4999689423 9154504542 18-11-19 17:42:00 52 44 16
C127007026 9295916618 4959818484 C127019023 9295916618 4959818484 18-11-19 17:37:07 349 345 16
C127009013 4957907353 4956004400 C127021029 4957907353 4956004400 18-11-19 17:42:46 10 2 16
C127007027 4959813396 4959818484 C127019012 4959813396 4959818484 18-11-19 17:41:55 62 60 16
C127016009 4957274262 9104291909 C127004026 4957274262 9104291909 18-11-19 17:42:43 30 0 16
C127012031 4957274210 4954249969 C127000031 4957274210 4954249969 18-11-19 17:38:34 280 271 16
C127006026 9162500233 4957274233 C127016024 9162500233 4957274233 18-11-19 17:29:35 820 818 16
C127020030 4959818484 84999049072 C127008002 4959818484 84999049072 18-11-19 17:43:34 34 0 16
C127008031 84956493799 4999689150 C127020001 84956493799 4999689150 18-11-19 17:43:17 59 45 16
C127007028 9637167876 4996589678 C127019018 9637167876 4996589678 18-11-19 17:44:21 3 0 21
C127008030 81040311318592 4959818484 C127020031 81040311318592 4959818484 18-11-19 17:41:21 186 183 16
C127007028 9637167876 4996589678 C127019019 9637167876 4996589678 18-11-19 17:44:25 3 0 21
C127007031 9653257585 4957274233 C127019004 9653257585 4957274233 18-11-19 17:32:04 749 746 16
C127006028 9017496095 4996589678 C127016011 9017496095 4996589678 18-11-19 17:44:30 4 0 21
