C127009003 4994005609 4956004332 C127021021 4994005609 4956004332 18-11-19 17:38:52 3 0 21
C127007029 4956605553 4959818484 C127019027 4956605553 4959818484 18-11-19 17:38:12 46 44 16
C127009017 9300749970 4994000400 C127021013 9300749970 4994000400 18-11-19 17:34:04 303 300 16
C127009015 4994005609 4956004332 C127021022 4994005609 4956004332 18-11-19 17:39:02 7 0 21
C127007024 9603119667 4999689423 C127019024 9603119667 4999689423 18-11-19 17:37:29 100 98 16
C127009011 4994005609 4956004332 C127021023 4994005609 4956004332 18-11-19 17:39:10 3 0 21
C127021029 4995047866 9151575110 C127009029 4995047866 9151575110 18-11-19 17:23:33 940 931 16
C127006028 4957348142 4996585778 C127016031 4957348142 4996585778 18-11-19 17:39:11 3 0 21
C127016021 4999689423 9538289593 C127004002 4999689423 9538289593 18-11-19 17:39:03 12 6 16
C127016022 4999676189 4957138955 C127004023 4999676189 4957138955 18-11-19 17:35:19 238 215 16
C127010013 4994263722 4956004332 C127021024 4994263722 4956004332 18-11-19 17:39:14 4 0 21
C127006028 4957348142 4996585778 C127016001 4957348142 4996585778 18-11-19 17:39:15 4 0 21
C127006029 9773761002 4957274233 C127016011 9773761002 4957274233 18-11-19 17:35:35 228 227 16
C127007024 4957348142 4996585778 C127019001 4957348142 4996585778 18-11-19 17:39:20 4 0 21
C127006029 4957348142 4996585778 C127016002 4957348142 4996585778 18-11-19 17:39:25 4 0 21
C127007024 4957348142 4996585778 C127019005 4957348142 4996585778 18-11-19 17:39:30 4 0 21
C127007029 9152171020 4999689191 C127019029 9152171020 4999689191 18-11-19 17:39:07 27 23 16
C127008008 84957348142 4996585778 C127020030 84957348142 4996585778 18-11-19 17:39:34 5 0 21
C127012030 4959818484 4953859606 C127000030 4959818484 4953859606 18-11-19 17:39:14 28 0 16
C127016028 4999675945 4957378495 C127004004 4999675945 4957378495 18-11-19 17:38:22 81 73 16
C127007025 9037482403 4957274233 C127019003 9037482403 4957274233 18-11-19 17:31:58 469 466 16
C127007030 9056216428 4957274233 C127019031 9056216428 4957274233 18-11-19 17:23:16 993 992 16
C127021029 4957869754 9104076442 C127009029 4957869754 9104076442 18-11-19 17:39:43 8 0 16
